
===========================================================================
report_checks -unconstrained
===========================================================================
======================= min_ff_n40C_1v95 Corner ===================================

Startpoint: B[4] (input port clocked by __VIRTUAL_CLK__)
Endpoint: P (output port clocked by __VIRTUAL_CLK__)
Path Group: __VIRTUAL_CLK__
Path Type: max

Fanout         Cap        Slew       Delay        Time   Description
---------------------------------------------------------------------------------------------
                      0.000000    0.000000    0.000000   clock __VIRTUAL_CLK__ (rise edge)
                                  0.000000    0.000000   clock network delay (ideal)
                                  2.000000    2.000000 ^ input external delay
     1    0.003054    0.014824    0.007892    2.007892 ^ B[4] (in)
                                                         B[4] (net)
                      0.014824    0.000000    2.007892 ^ input59/A (sky130_fd_sc_hd__buf_1)
     1    0.015140    0.136336    0.119815    2.127707 ^ input59/X (sky130_fd_sc_hd__buf_1)
                                                         net59 (net)
                      0.136343    0.000839    2.128546 ^ fanout192/A (sky130_fd_sc_hd__buf_2)
     8    0.040753    0.151082    0.176611    2.305157 ^ fanout192/X (sky130_fd_sc_hd__buf_2)
                                                         net192 (net)
                      0.151082    0.000284    2.305441 ^ fanout191/A (sky130_fd_sc_hd__clkbuf_4)
    10    0.047976    0.114234    0.177236    2.482677 ^ fanout191/X (sky130_fd_sc_hd__clkbuf_4)
                                                         net191 (net)
                      0.114248    0.001301    2.483977 ^ fanout190/A (sky130_fd_sc_hd__buf_2)
    10    0.035224    0.131441    0.160574    2.644552 ^ fanout190/X (sky130_fd_sc_hd__buf_2)
                                                         net190 (net)
                      0.131441    0.000366    2.644917 ^ _1018_/A (sky130_fd_sc_hd__inv_2)
     4    0.016907    0.049777    0.048014    2.692931 v _1018_/Y (sky130_fd_sc_hd__inv_2)
                                                         _0079_ (net)
                      0.049777    0.000043    2.692975 v fanout181/A (sky130_fd_sc_hd__buf_2)
    10    0.037666    0.067984    0.129154    2.822128 v fanout181/X (sky130_fd_sc_hd__buf_2)
                                                         net181 (net)
                      0.068018    0.001410    2.823539 v _1274_/A (sky130_fd_sc_hd__nor2_2)
     2    0.019146    0.161239    0.162832    2.986371 ^ _1274_/Y (sky130_fd_sc_hd__nor2_2)
                                                         _0403_ (net)
                      0.161239    0.000233    2.986604 ^ fanout112/A (sky130_fd_sc_hd__buf_6)
    10    0.047614    0.077119    0.115994    3.102598 ^ fanout112/X (sky130_fd_sc_hd__buf_6)
                                                         net112 (net)
                      0.077120    0.000195    3.102793 ^ _1275_/C1 (sky130_fd_sc_hd__a211o_1)
     2    0.006019    0.048321    0.074688    3.177481 ^ _1275_/X (sky130_fd_sc_hd__a211o_1)
                                                         _0404_ (net)
                      0.048321    0.000046    3.177527 ^ _1277_/C (sky130_fd_sc_hd__and3_1)
     2    0.006659    0.061509    0.111794    3.289321 ^ _1277_/X (sky130_fd_sc_hd__and3_1)
                                                         _0406_ (net)
                      0.061509    0.000026    3.289348 ^ _1278_/B (sky130_fd_sc_hd__nor2_1)
     2    0.008046    0.042390    0.041482    3.330829 v _1278_/Y (sky130_fd_sc_hd__nor2_1)
                                                         _0407_ (net)
                      0.042390    0.000053    3.330882 v _1305_/A1 (sky130_fd_sc_hd__a21o_1)
     2    0.014247    0.056094    0.132429    3.463311 v _1305_/X (sky130_fd_sc_hd__a21o_1)
                                                         _0433_ (net)
                      0.056095    0.000351    3.463662 v _1339_/B2 (sky130_fd_sc_hd__a2bb2o_4)
     2    0.010007    0.030996    0.141893    3.605555 v _1339_/X (sky130_fd_sc_hd__a2bb2o_4)
                                                         _0466_ (net)
                      0.030996    0.000126    3.605681 v _1372_/B2 (sky130_fd_sc_hd__a2bb2o_4)
     2    0.011202    0.032067    0.134216    3.739897 v _1372_/X (sky130_fd_sc_hd__a2bb2o_4)
                                                         _0498_ (net)
                      0.032085    0.000187    3.740084 v _1403_/B2 (sky130_fd_sc_hd__a2bb2o_4)
     2    0.010378    0.031350    0.133476    3.873560 v _1403_/X (sky130_fd_sc_hd__a2bb2o_4)
                                                         _0528_ (net)
                      0.031350    0.000132    3.873692 v _1430_/B2 (sky130_fd_sc_hd__a2bb2o_4)
     2    0.008588    0.029741    0.130724    4.004416 v _1430_/X (sky130_fd_sc_hd__a2bb2o_4)
                                                         _0554_ (net)
                      0.029741    0.000107    4.004523 v _1458_/A2 (sky130_fd_sc_hd__a21o_1)
     2    0.005405    0.031449    0.118306    4.122828 v _1458_/X (sky130_fd_sc_hd__a21o_1)
                                                         _0581_ (net)
                      0.031449    0.000045    4.122873 v _1487_/A2 (sky130_fd_sc_hd__a21o_1)
     2    0.009567    0.044191    0.132161    4.255034 v _1487_/X (sky130_fd_sc_hd__a21o_1)
                                                         _0609_ (net)
                      0.044191    0.000075    4.255109 v _1514_/B2 (sky130_fd_sc_hd__a2bb2o_4)
     2    0.008005    0.029249    0.134705    4.389814 v _1514_/X (sky130_fd_sc_hd__a2bb2o_4)
                                                         _0635_ (net)
                      0.029249    0.000071    4.389885 v _1541_/A2 (sky130_fd_sc_hd__a21o_1)
     2    0.007680    0.038254    0.125326    4.515212 v _1541_/X (sky130_fd_sc_hd__a21o_1)
                                                         _0661_ (net)
                      0.038254    0.000102    4.515314 v _1570_/B2 (sky130_fd_sc_hd__a2bb2o_4)
     2    0.005038    0.026289    0.128111    4.643425 v _1570_/X (sky130_fd_sc_hd__a2bb2o_4)
                                                         _0689_ (net)
                      0.026289    0.000044    4.643469 v _1597_/A2 (sky130_fd_sc_hd__a21o_1)
     2    0.006215    0.033780    0.119598    4.763067 v _1597_/X (sky130_fd_sc_hd__a21o_1)
                                                         _0715_ (net)
                      0.033780    0.000046    4.763113 v _1625_/B2 (sky130_fd_sc_hd__a2bb2o_4)
     2    0.010406    0.031336    0.134103    4.897216 v _1625_/X (sky130_fd_sc_hd__a2bb2o_4)
                                                         _0742_ (net)
                      0.031336    0.000304    4.897520 v _1651_/B2 (sky130_fd_sc_hd__a2bb2o_4)
     2    0.006399    0.027832    0.127667    5.025187 v _1651_/X (sky130_fd_sc_hd__a2bb2o_4)
                                                         _0767_ (net)
                      0.027832    0.000083    5.025270 v _1677_/A2 (sky130_fd_sc_hd__a21o_1)
     2    0.005622    0.032056    0.118287    5.143557 v _1677_/X (sky130_fd_sc_hd__a21o_1)
                                                         _0792_ (net)
                      0.032056    0.000041    5.143597 v _1700_/B1 (sky130_fd_sc_hd__a32o_2)
     2    0.013967    0.043351    0.103460    5.247057 v _1700_/X (sky130_fd_sc_hd__a32o_2)
                                                         _0814_ (net)
                      0.043378    0.000402    5.247460 v _1725_/B2 (sky130_fd_sc_hd__a2bb2o_4)
     2    0.007166    0.028495    0.133237    5.380697 v _1725_/X (sky130_fd_sc_hd__a2bb2o_4)
                                                         _0838_ (net)
                      0.028495    0.000031    5.380728 v _1750_/B2 (sky130_fd_sc_hd__a2bb2o_4)
     2    0.005398    0.026877    0.125171    5.505899 v _1750_/X (sky130_fd_sc_hd__a2bb2o_4)
                                                         _0862_ (net)
                      0.026877    0.000032    5.505930 v _1774_/A2 (sky130_fd_sc_hd__a21o_1)
     2    0.009335    0.043445    0.129716    5.635647 v _1774_/X (sky130_fd_sc_hd__a21o_1)
                                                         _0885_ (net)
                      0.043445    0.000074    5.635721 v _1797_/B2 (sky130_fd_sc_hd__a2bb2o_4)
     2    0.011589    0.032497    0.139392    5.775113 v _1797_/X (sky130_fd_sc_hd__a2bb2o_4)
                                                         _0907_ (net)
                      0.032498    0.000190    5.775303 v _1824_/B2 (sky130_fd_sc_hd__a2bb2o_4)
     2    0.005744    0.027231    0.127188    5.902491 v _1824_/X (sky130_fd_sc_hd__a2bb2o_4)
                                                         _0933_ (net)
                      0.027231    0.000065    5.902556 v _1849_/A2 (sky130_fd_sc_hd__a21o_1)
     2    0.011461    0.048328    0.136120    6.038676 v _1849_/X (sky130_fd_sc_hd__a21o_1)
                                                         _0957_ (net)
                      0.048328    0.000186    6.038862 v _1876_/B2 (sky130_fd_sc_hd__a2bb2o_4)
     2    0.010653    0.031586    0.139921    6.178782 v _1876_/X (sky130_fd_sc_hd__a2bb2o_4)
                                                         _0983_ (net)
                      0.031586    0.000133    6.178916 v _1902_/B2 (sky130_fd_sc_hd__a2bb2o_4)
     2    0.010718    0.031630    0.133759    6.312675 v _1902_/X (sky130_fd_sc_hd__a2bb2o_4)
                                                         _1008_ (net)
                      0.031630    0.000161    6.312836 v _1926_/B2 (sky130_fd_sc_hd__a2bb2o_4)
     2    0.011990    0.032932    0.135481    6.448316 v _1926_/X (sky130_fd_sc_hd__a2bb2o_4)
                                                         _0015_ (net)
                      0.032935    0.000331    6.448647 v _1950_/A2 (sky130_fd_sc_hd__a21o_1)
     2    0.008273    0.040115    0.128574    6.577221 v _1950_/X (sky130_fd_sc_hd__a21o_1)
                                                         _0038_ (net)
                      0.040115    0.000111    6.577332 v _1974_/A2 (sky130_fd_sc_hd__a21o_1)
     2    0.014730    0.057387    0.149117    6.726449 v _1974_/X (sky130_fd_sc_hd__a21o_1)
                                                         _0062_ (net)
                      0.057387    0.000131    6.726580 v _1997_/A2 (sky130_fd_sc_hd__a21oi_4)
     3    0.013186    0.107363    0.131974    6.858553 ^ _1997_/Y (sky130_fd_sc_hd__a21oi_4)
                                                         _0086_ (net)
                      0.107363    0.000123    6.858676 ^ _2003_/B (sky130_fd_sc_hd__xor2_1)
     1    0.002815    0.040792    0.042844    6.901520 v _2003_/X (sky130_fd_sc_hd__xor2_1)
                                                         _0093_ (net)
                      0.040792    0.000028    6.901548 v _2004_/C1 (sky130_fd_sc_hd__a221o_1)
     1    0.004505    0.039160    0.102263    7.003811 v _2004_/X (sky130_fd_sc_hd__a221o_1)
                                                         _0094_ (net)
                      0.039160    0.000022    7.003833 v _2017_/A1 (sky130_fd_sc_hd__a211o_4)
     4    0.044404    0.075727    0.251875    7.255709 v _2017_/X (sky130_fd_sc_hd__a211o_4)
                                                         net71 (net)
                      0.075727    0.000350    7.256059 v _2019_/B (sky130_fd_sc_hd__xnor2_2)
     1    0.008271    0.053353    0.106076    7.362134 v _2019_/Y (sky130_fd_sc_hd__xnor2_2)
                                                         _0109_ (net)
                      0.053353    0.000072    7.362206 v _2055_/B (sky130_fd_sc_hd__xnor2_2)
     1    0.027258    0.278205    0.231511    7.593718 ^ _2055_/Y (sky130_fd_sc_hd__xnor2_2)
                                                         net72 (net)
                      0.278232    0.002187    7.595904 ^ output72/A (sky130_fd_sc_hd__buf_6)
     1    0.034075    0.060061    0.107640    7.703545 ^ output72/X (sky130_fd_sc_hd__buf_6)
                                                         P (net)
                      0.060061    0.000250    7.703795 ^ P (out)
                                              7.703795   data arrival time

                      0.000000   10.000000   10.000000   clock __VIRTUAL_CLK__ (rise edge)
                                  0.000000   10.000000   clock network delay (ideal)
                                 -0.250000    9.750000   clock uncertainty
                                  0.000000    9.750000   clock reconvergence pessimism
                                 -2.000000    7.750000   output external delay
                                              7.750000   data required time
---------------------------------------------------------------------------------------------
                                              7.750000   data required time
                                             -7.703795   data arrival time
---------------------------------------------------------------------------------------------
                                              0.046205   slack (MET)




===========================================================================
report_checks --slack_max -0.01
============================================================================
======================= min_ff_n40C_1v95 Corner ===================================

No paths found.


===========================================================================
 report_check_types -max_slew -max_cap -max_fanout -violators
============================================================================
======================= min_ff_n40C_1v95 Corner ===================================



===========================================================================
report_parasitic_annotation -report_unannotated
============================================================================
Found 0 unannotated drivers.
Found 0 partially unannotated drivers.

===========================================================================
max slew violation count 0
max fanout violation count 0
max cap violation count 0
============================================================================

===========================================================================
check_setup -verbose -unconstrained_endpoints -multiple_clock -no_clock -no_input_delay -loops -generated_clocks
===========================================================================
