
===========================================================================
Violator List
============================================================================
[setup in-out] alu_opcode[4] -> P : -14.924401
[setup in-out] alu_opcode[4] -> Z : -14.792058
[setup in-out] alu_opcode[4] -> Result[31] : -14.333374
[setup in-out] alu_opcode[4] -> N : -13.895020
[setup in-out] alu_opcode[4] -> Result[30] : -13.457130
[setup in-out] alu_opcode[4] -> V : -13.135020
[setup in-out] alu_opcode[4] -> C : -12.960259
[setup in-out] alu_opcode[4] -> Result[29] : -12.600703
[setup in-out] alu_opcode[4] -> Result[28] : -12.130786
[setup in-out] alu_opcode[4] -> Result[27] : -11.719408
[setup in-out] alu_opcode[4] -> Result[26] : -11.474946
[setup in-out] alu_opcode[4] -> Result[25] : -10.649544
[setup in-out] alu_opcode[4] -> Result[24] : -10.153339
[setup in-out] alu_opcode[4] -> Result[23] : -9.843385
[setup in-out] alu_opcode[4] -> Result[22] : -9.237983
[setup in-out] alu_opcode[4] -> Result[21] : -8.851522
[setup in-out] alu_opcode[4] -> Result[20] : -8.083264
[setup in-out] alu_opcode[4] -> Result[19] : -7.932419
[setup in-out] alu_opcode[4] -> Result[17] : -7.220299
[setup in-out] alu_opcode[4] -> Result[18] : -7.220123
[setup in-out] alu_opcode[4] -> Result[16] : -6.224970
[setup in-out] alu_opcode[4] -> Result[15] : -5.831291
[setup in-out] alu_opcode[4] -> Result[14] : -5.201247
[setup in-out] alu_opcode[4] -> Result[13] : -4.869639
[setup in-out] alu_opcode[4] -> Result[12] : -4.108346
[setup in-out] alu_opcode[4] -> Result[11] : -3.970714
[setup in-out] alu_opcode[4] -> Result[10] : -3.520796
[setup in-out] alu_opcode[4] -> Result[9] : -3.074253
[setup in-out] alu_opcode[4] -> Result[8] : -2.601285
[setup in-out] alu_opcode[4] -> Result[7] : -2.214915
[setup in-out] alu_opcode[4] -> Result[6] : -1.705905
[setup in-out] alu_opcode[4] -> Result[5] : -1.352370
[setup in-out] B[0] -> Result[2] : -1.244939
[setup in-out] alu_opcode[4] -> Result[3] : -1.039993
[setup in-out] alu_opcode[4] -> Result[4] : -1.019326
[setup in-out] alu_opcode[4] -> Result[1] : -0.619306
