
===========================================================================
report_checks -unconstrained
===========================================================================
======================= max_ss_100C_1v60 Corner ===================================

Startpoint: B[4] (input port clocked by __VIRTUAL_CLK__)
Endpoint: Z (output port clocked by __VIRTUAL_CLK__)
Path Group: __VIRTUAL_CLK__
Path Type: max

Fanout         Cap        Slew       Delay        Time   Description
---------------------------------------------------------------------------------------------
                      0.000000    0.000000    0.000000   clock __VIRTUAL_CLK__ (rise edge)
                                  0.000000    0.000000   clock network delay (ideal)
                                  2.000000    2.000000 ^ input external delay
     1    0.003042    0.033844    0.017111    2.017111 ^ B[4] (in)
                                                         B[4] (net)
                      0.033845    0.000000    2.017111 ^ input59/A (sky130_fd_sc_hd__buf_1)
     1    0.018364    0.353354    0.335034    2.352145 ^ input59/X (sky130_fd_sc_hd__buf_1)
                                                         net59 (net)
                      0.353371    0.002061    2.354206 ^ fanout192/A (sky130_fd_sc_hd__buf_2)
     8    0.046318    0.361617    0.526256    2.880461 ^ fanout192/X (sky130_fd_sc_hd__buf_2)
                                                         net192 (net)
                      0.361622    0.002041    2.882503 ^ fanout191/A (sky130_fd_sc_hd__clkbuf_4)
    10    0.054366    0.267617    0.522460    3.404963 ^ fanout191/X (sky130_fd_sc_hd__clkbuf_4)
                                                         net191 (net)
                      0.267783    0.006136    3.411099 ^ fanout190/A (sky130_fd_sc_hd__buf_2)
    10    0.037217    0.294681    0.447740    3.858838 ^ fanout190/X (sky130_fd_sc_hd__buf_2)
                                                         net190 (net)
                      0.294687    0.001764    3.860602 ^ _1018_/A (sky130_fd_sc_hd__inv_2)
     4    0.019313    0.112425    0.203390    4.063992 v _1018_/Y (sky130_fd_sc_hd__inv_2)
                                                         _0079_ (net)
                      0.112425    0.000502    4.064494 v fanout181/A (sky130_fd_sc_hd__buf_2)
    10    0.041405    0.194296    0.385252    4.449746 v fanout181/X (sky130_fd_sc_hd__buf_2)
                                                         net181 (net)
                      0.194472    0.005268    4.455013 v _1274_/A (sky130_fd_sc_hd__nor2_2)
     2    0.022290    0.417609    0.448328    4.903341 ^ _1274_/Y (sky130_fd_sc_hd__nor2_2)
                                                         _0403_ (net)
                      0.417620    0.001779    4.905120 ^ fanout112/A (sky130_fd_sc_hd__buf_6)
    10    0.053346    0.181482    0.398063    5.303184 ^ fanout112/X (sky130_fd_sc_hd__buf_6)
                                                         net112 (net)
                      0.181502    0.002164    5.305347 ^ _1275_/C1 (sky130_fd_sc_hd__a211o_1)
     2    0.006195    0.110707    0.239197    5.544544 ^ _1275_/X (sky130_fd_sc_hd__a211o_1)
                                                         _0404_ (net)
                      0.110707    0.000214    5.544757 ^ _1277_/C (sky130_fd_sc_hd__and3_1)
     2    0.006934    0.143430    0.369547    5.914304 ^ _1277_/X (sky130_fd_sc_hd__and3_1)
                                                         _0406_ (net)
                      0.143430    0.000245    5.914549 ^ _1278_/B (sky130_fd_sc_hd__nor2_1)
     2    0.008336    0.098805    0.137879    6.052428 v _1278_/Y (sky130_fd_sc_hd__nor2_1)
                                                         _0407_ (net)
                      0.098805    0.000368    6.052796 v _1305_/A1 (sky130_fd_sc_hd__a21o_1)
     2    0.015773    0.158017    0.395528    6.448324 v _1305_/X (sky130_fd_sc_hd__a21o_1)
                                                         _0433_ (net)
                      0.158022    0.001126    6.449450 v _1339_/B2 (sky130_fd_sc_hd__a2bb2o_4)
     2    0.010535    0.072228    0.422790    6.872240 v _1339_/X (sky130_fd_sc_hd__a2bb2o_4)
                                                         _0466_ (net)
                      0.072228    0.000663    6.872903 v _1372_/B2 (sky130_fd_sc_hd__a2bb2o_4)
     2    0.011933    0.075467    0.390263    7.263165 v _1372_/X (sky130_fd_sc_hd__a2bb2o_4)
                                                         _0498_ (net)
                      0.075467    0.000834    7.263999 v _1403_/B2 (sky130_fd_sc_hd__a2bb2o_4)
     2    0.010921    0.073130    0.388446    7.652445 v _1403_/X (sky130_fd_sc_hd__a2bb2o_4)
                                                         _0528_ (net)
                      0.073161    0.000757    7.653202 v _1430_/B2 (sky130_fd_sc_hd__a2bb2o_4)
     2    0.009021    0.069076    0.381508    8.034710 v _1430_/X (sky130_fd_sc_hd__a2bb2o_4)
                                                         _0554_ (net)
                      0.069076    0.000516    8.035226 v _1458_/A2 (sky130_fd_sc_hd__a21o_1)
     2    0.005552    0.082101    0.338733    8.373959 v _1458_/X (sky130_fd_sc_hd__a21o_1)
                                                         _0581_ (net)
                      0.082101    0.000216    8.374174 v _1487_/A2 (sky130_fd_sc_hd__a21o_1)
     2    0.009980    0.116541    0.378519    8.752693 v _1487_/X (sky130_fd_sc_hd__a21o_1)
                                                         _0609_ (net)
                      0.116541    0.000509    8.753202 v _1514_/B2 (sky130_fd_sc_hd__a2bb2o_4)
     2    0.008272    0.067318    0.397893    9.151095 v _1514_/X (sky130_fd_sc_hd__a2bb2o_4)
                                                         _0635_ (net)
                      0.067445    0.000314    9.151410 v _1541_/A2 (sky130_fd_sc_hd__a21o_1)
     2    0.007975    0.100576    0.356438    9.507848 v _1541_/X (sky130_fd_sc_hd__a21o_1)
                                                         _0661_ (net)
                      0.100578    0.000595    9.508443 v _1570_/B2 (sky130_fd_sc_hd__a2bb2o_4)
     2    0.005092    0.058802    0.378643    9.887086 v _1570_/X (sky130_fd_sc_hd__a2bb2o_4)
                                                         _0689_ (net)
                      0.058802    0.000204    9.887290 v _1597_/A2 (sky130_fd_sc_hd__a21o_1)
     2    0.006171    0.086666    0.338723   10.226013 v _1597_/X (sky130_fd_sc_hd__a21o_1)
                                                         _0715_ (net)
                      0.086666    0.000389   10.226402 v _1625_/B2 (sky130_fd_sc_hd__a2bb2o_4)
     2    0.011506    0.074506    0.395098   10.621500 v _1625_/X (sky130_fd_sc_hd__a2bb2o_4)
                                                         _0742_ (net)
                      0.074513    0.001181   10.622682 v _1651_/B2 (sky130_fd_sc_hd__a2bb2o_4)
     2    0.006817    0.064402    0.375130   10.997812 v _1651_/X (sky130_fd_sc_hd__a2bb2o_4)
                                                         _0767_ (net)
                      0.064402    0.000416   10.998227 v _1677_/A2 (sky130_fd_sc_hd__a21o_1)
     2    0.005806    0.083946    0.338545   11.336773 v _1677_/X (sky130_fd_sc_hd__a21o_1)
                                                         _0792_ (net)
                      0.083946    0.000223   11.336996 v _1700_/B1 (sky130_fd_sc_hd__a32o_2)
     2    0.015649    0.125636    0.472899   11.809895 v _1700_/X (sky130_fd_sc_hd__a32o_2)
                                                         _0814_ (net)
                      0.125648    0.001272   11.811167 v _1725_/B2 (sky130_fd_sc_hd__a2bb2o_4)
     2    0.007357    0.065503    0.398900   12.210066 v _1725_/X (sky130_fd_sc_hd__a2bb2o_4)
                                                         _0838_ (net)
                      0.065503    0.000283   12.210349 v _1750_/B2 (sky130_fd_sc_hd__a2bb2o_4)
     2    0.005558    0.060139    0.365623   12.575973 v _1750_/X (sky130_fd_sc_hd__a2bb2o_4)
                                                         _0862_ (net)
                      0.060139    0.000203   12.576175 v _1774_/A2 (sky130_fd_sc_hd__a21o_1)
     2    0.009666    0.113995    0.366184   12.942359 v _1774_/X (sky130_fd_sc_hd__a21o_1)
                                                         _0885_ (net)
                      0.113995    0.000499   12.942858 v _1797_/B2 (sky130_fd_sc_hd__a2bb2o_4)
     2    0.012575    0.076962    0.410290   13.353148 v _1797_/X (sky130_fd_sc_hd__a2bb2o_4)
                                                         _0907_ (net)
                      0.076962    0.000867   13.354014 v _1824_/B2 (sky130_fd_sc_hd__a2bb2o_4)
     2    0.006050    0.061966    0.373034   13.727048 v _1824_/X (sky130_fd_sc_hd__a2bb2o_4)
                                                         _0933_ (net)
                      0.061966    0.000359   13.727407 v _1849_/A2 (sky130_fd_sc_hd__a21o_1)
     2    0.012517    0.137544    0.388662   14.116069 v _1849_/X (sky130_fd_sc_hd__a21o_1)
                                                         _0957_ (net)
                      0.137548    0.000862   14.116930 v _1876_/B2 (sky130_fd_sc_hd__a2bb2o_4)
     2    0.011334    0.074034    0.416480   14.533410 v _1876_/X (sky130_fd_sc_hd__a2bb2o_4)
                                                         _0983_ (net)
                      0.074034    0.000771   14.534182 v _1902_/B2 (sky130_fd_sc_hd__a2bb2o_4)
     2    0.011458    0.074378    0.389524   14.923705 v _1902_/X (sky130_fd_sc_hd__a2bb2o_4)
                                                         _1008_ (net)
                      0.074378    0.000824   14.924530 v _1926_/B2 (sky130_fd_sc_hd__a2bb2o_4)
     2    0.013626    0.079607    0.396478   15.321007 v _1926_/X (sky130_fd_sc_hd__a2bb2o_4)
                                                         _0015_ (net)
                      0.079675    0.001048   15.322055 v _1950_/A2 (sky130_fd_sc_hd__a21o_1)
     2    0.008729    0.106543    0.367804   15.689858 v _1950_/X (sky130_fd_sc_hd__a21o_1)
                                                         _0038_ (net)
                      0.106544    0.000572   15.690431 v _1974_/A2 (sky130_fd_sc_hd__a21o_1)
     2    0.015334    0.154622    0.427548   16.117979 v _1974_/X (sky130_fd_sc_hd__a21o_1)
                                                         _0062_ (net)
                      0.154626    0.000979   16.118958 v _1997_/A2 (sky130_fd_sc_hd__a21oi_4)
     3    0.013446    0.224092    0.324924   16.443882 ^ _1997_/Y (sky130_fd_sc_hd__a21oi_4)
                                                         _0086_ (net)
                      0.224093    0.000666   16.444548 ^ _2003_/B (sky130_fd_sc_hd__xor2_1)
     1    0.002943    0.103515    0.184032   16.628580 v _2003_/X (sky130_fd_sc_hd__xor2_1)
                                                         _0093_ (net)
                      0.103515    0.000201   16.628780 v _2004_/C1 (sky130_fd_sc_hd__a221o_1)
     1    0.004558    0.111036    0.525260   17.154041 v _2004_/X (sky130_fd_sc_hd__a221o_1)
                                                         _0094_ (net)
                      0.111036    0.000217   17.154257 v _2017_/A1 (sky130_fd_sc_hd__a211o_4)
     4    0.050229    0.176222    0.716540   17.870796 v _2017_/X (sky130_fd_sc_hd__a211o_4)
                                                         net71 (net)
                      0.176244    0.002062   17.872860 v _2018_/B (sky130_fd_sc_hd__nor2_1)
     1    0.001920    0.115306    0.164272   18.037132 ^ _2018_/Y (sky130_fd_sc_hd__nor2_1)
                                                         _0108_ (net)
                      0.115306    0.000087   18.037218 ^ _2064_/C (sky130_fd_sc_hd__and4bb_1)
     1    0.035407    0.552879    0.774541   18.811760 ^ _2064_/X (sky130_fd_sc_hd__and4bb_1)
                                                         net106 (net)
                      0.552889    0.003039   18.814798 ^ output106/A (sky130_fd_sc_hd__buf_6)
     1    0.034135    0.126537    0.406100   19.220900 ^ output106/X (sky130_fd_sc_hd__buf_6)
                                                         Z (net)
                      0.126561    0.001702   19.222601 ^ Z (out)
                                             19.222601   data arrival time

                      0.000000   10.000000   10.000000   clock __VIRTUAL_CLK__ (rise edge)
                                  0.000000   10.000000   clock network delay (ideal)
                                 -0.250000    9.750000   clock uncertainty
                                  0.000000    9.750000   clock reconvergence pessimism
                                 -2.000000    7.750000   output external delay
                                              7.750000   data required time
---------------------------------------------------------------------------------------------
                                              7.750000   data required time
                                            -19.222601   data arrival time
---------------------------------------------------------------------------------------------
                                            -11.472601   slack (VIOLATED)




===========================================================================
report_checks --slack_max -0.01
============================================================================
======================= max_ss_100C_1v60 Corner ===================================

Startpoint: B[4] (input port clocked by __VIRTUAL_CLK__)
Endpoint: Z (output port clocked by __VIRTUAL_CLK__)
Path Group: __VIRTUAL_CLK__
Path Type: max

Fanout         Cap        Slew       Delay        Time   Description
---------------------------------------------------------------------------------------------
                      0.000000    0.000000    0.000000   clock __VIRTUAL_CLK__ (rise edge)
                                  0.000000    0.000000   clock network delay (ideal)
                                  2.000000    2.000000 ^ input external delay
     1    0.003042    0.033844    0.017111    2.017111 ^ B[4] (in)
                                                         B[4] (net)
                      0.033845    0.000000    2.017111 ^ input59/A (sky130_fd_sc_hd__buf_1)
     1    0.018364    0.353354    0.335034    2.352145 ^ input59/X (sky130_fd_sc_hd__buf_1)
                                                         net59 (net)
                      0.353371    0.002061    2.354206 ^ fanout192/A (sky130_fd_sc_hd__buf_2)
     8    0.046318    0.361617    0.526256    2.880461 ^ fanout192/X (sky130_fd_sc_hd__buf_2)
                                                         net192 (net)
                      0.361622    0.002041    2.882503 ^ fanout191/A (sky130_fd_sc_hd__clkbuf_4)
    10    0.054366    0.267617    0.522460    3.404963 ^ fanout191/X (sky130_fd_sc_hd__clkbuf_4)
                                                         net191 (net)
                      0.267783    0.006136    3.411099 ^ fanout190/A (sky130_fd_sc_hd__buf_2)
    10    0.037217    0.294681    0.447740    3.858838 ^ fanout190/X (sky130_fd_sc_hd__buf_2)
                                                         net190 (net)
                      0.294687    0.001764    3.860602 ^ _1018_/A (sky130_fd_sc_hd__inv_2)
     4    0.019313    0.112425    0.203390    4.063992 v _1018_/Y (sky130_fd_sc_hd__inv_2)
                                                         _0079_ (net)
                      0.112425    0.000502    4.064494 v fanout181/A (sky130_fd_sc_hd__buf_2)
    10    0.041405    0.194296    0.385252    4.449746 v fanout181/X (sky130_fd_sc_hd__buf_2)
                                                         net181 (net)
                      0.194472    0.005268    4.455013 v _1274_/A (sky130_fd_sc_hd__nor2_2)
     2    0.022290    0.417609    0.448328    4.903341 ^ _1274_/Y (sky130_fd_sc_hd__nor2_2)
                                                         _0403_ (net)
                      0.417620    0.001779    4.905120 ^ fanout112/A (sky130_fd_sc_hd__buf_6)
    10    0.053346    0.181482    0.398063    5.303184 ^ fanout112/X (sky130_fd_sc_hd__buf_6)
                                                         net112 (net)
                      0.181502    0.002164    5.305347 ^ _1275_/C1 (sky130_fd_sc_hd__a211o_1)
     2    0.006195    0.110707    0.239197    5.544544 ^ _1275_/X (sky130_fd_sc_hd__a211o_1)
                                                         _0404_ (net)
                      0.110707    0.000214    5.544757 ^ _1277_/C (sky130_fd_sc_hd__and3_1)
     2    0.006934    0.143430    0.369547    5.914304 ^ _1277_/X (sky130_fd_sc_hd__and3_1)
                                                         _0406_ (net)
                      0.143430    0.000245    5.914549 ^ _1278_/B (sky130_fd_sc_hd__nor2_1)
     2    0.008336    0.098805    0.137879    6.052428 v _1278_/Y (sky130_fd_sc_hd__nor2_1)
                                                         _0407_ (net)
                      0.098805    0.000368    6.052796 v _1305_/A1 (sky130_fd_sc_hd__a21o_1)
     2    0.015773    0.158017    0.395528    6.448324 v _1305_/X (sky130_fd_sc_hd__a21o_1)
                                                         _0433_ (net)
                      0.158022    0.001126    6.449450 v _1339_/B2 (sky130_fd_sc_hd__a2bb2o_4)
     2    0.010535    0.072228    0.422790    6.872240 v _1339_/X (sky130_fd_sc_hd__a2bb2o_4)
                                                         _0466_ (net)
                      0.072228    0.000663    6.872903 v _1372_/B2 (sky130_fd_sc_hd__a2bb2o_4)
     2    0.011933    0.075467    0.390263    7.263165 v _1372_/X (sky130_fd_sc_hd__a2bb2o_4)
                                                         _0498_ (net)
                      0.075467    0.000834    7.263999 v _1403_/B2 (sky130_fd_sc_hd__a2bb2o_4)
     2    0.010921    0.073130    0.388446    7.652445 v _1403_/X (sky130_fd_sc_hd__a2bb2o_4)
                                                         _0528_ (net)
                      0.073161    0.000757    7.653202 v _1430_/B2 (sky130_fd_sc_hd__a2bb2o_4)
     2    0.009021    0.069076    0.381508    8.034710 v _1430_/X (sky130_fd_sc_hd__a2bb2o_4)
                                                         _0554_ (net)
                      0.069076    0.000516    8.035226 v _1458_/A2 (sky130_fd_sc_hd__a21o_1)
     2    0.005552    0.082101    0.338733    8.373959 v _1458_/X (sky130_fd_sc_hd__a21o_1)
                                                         _0581_ (net)
                      0.082101    0.000216    8.374174 v _1487_/A2 (sky130_fd_sc_hd__a21o_1)
     2    0.009980    0.116541    0.378519    8.752693 v _1487_/X (sky130_fd_sc_hd__a21o_1)
                                                         _0609_ (net)
                      0.116541    0.000509    8.753202 v _1514_/B2 (sky130_fd_sc_hd__a2bb2o_4)
     2    0.008272    0.067318    0.397893    9.151095 v _1514_/X (sky130_fd_sc_hd__a2bb2o_4)
                                                         _0635_ (net)
                      0.067445    0.000314    9.151410 v _1541_/A2 (sky130_fd_sc_hd__a21o_1)
     2    0.007975    0.100576    0.356438    9.507848 v _1541_/X (sky130_fd_sc_hd__a21o_1)
                                                         _0661_ (net)
                      0.100578    0.000595    9.508443 v _1570_/B2 (sky130_fd_sc_hd__a2bb2o_4)
     2    0.005092    0.058802    0.378643    9.887086 v _1570_/X (sky130_fd_sc_hd__a2bb2o_4)
                                                         _0689_ (net)
                      0.058802    0.000204    9.887290 v _1597_/A2 (sky130_fd_sc_hd__a21o_1)
     2    0.006171    0.086666    0.338723   10.226013 v _1597_/X (sky130_fd_sc_hd__a21o_1)
                                                         _0715_ (net)
                      0.086666    0.000389   10.226402 v _1625_/B2 (sky130_fd_sc_hd__a2bb2o_4)
     2    0.011506    0.074506    0.395098   10.621500 v _1625_/X (sky130_fd_sc_hd__a2bb2o_4)
                                                         _0742_ (net)
                      0.074513    0.001181   10.622682 v _1651_/B2 (sky130_fd_sc_hd__a2bb2o_4)
     2    0.006817    0.064402    0.375130   10.997812 v _1651_/X (sky130_fd_sc_hd__a2bb2o_4)
                                                         _0767_ (net)
                      0.064402    0.000416   10.998227 v _1677_/A2 (sky130_fd_sc_hd__a21o_1)
     2    0.005806    0.083946    0.338545   11.336773 v _1677_/X (sky130_fd_sc_hd__a21o_1)
                                                         _0792_ (net)
                      0.083946    0.000223   11.336996 v _1700_/B1 (sky130_fd_sc_hd__a32o_2)
     2    0.015649    0.125636    0.472899   11.809895 v _1700_/X (sky130_fd_sc_hd__a32o_2)
                                                         _0814_ (net)
                      0.125648    0.001272   11.811167 v _1725_/B2 (sky130_fd_sc_hd__a2bb2o_4)
     2    0.007357    0.065503    0.398900   12.210066 v _1725_/X (sky130_fd_sc_hd__a2bb2o_4)
                                                         _0838_ (net)
                      0.065503    0.000283   12.210349 v _1750_/B2 (sky130_fd_sc_hd__a2bb2o_4)
     2    0.005558    0.060139    0.365623   12.575973 v _1750_/X (sky130_fd_sc_hd__a2bb2o_4)
                                                         _0862_ (net)
                      0.060139    0.000203   12.576175 v _1774_/A2 (sky130_fd_sc_hd__a21o_1)
     2    0.009666    0.113995    0.366184   12.942359 v _1774_/X (sky130_fd_sc_hd__a21o_1)
                                                         _0885_ (net)
                      0.113995    0.000499   12.942858 v _1797_/B2 (sky130_fd_sc_hd__a2bb2o_4)
     2    0.012575    0.076962    0.410290   13.353148 v _1797_/X (sky130_fd_sc_hd__a2bb2o_4)
                                                         _0907_ (net)
                      0.076962    0.000867   13.354014 v _1824_/B2 (sky130_fd_sc_hd__a2bb2o_4)
     2    0.006050    0.061966    0.373034   13.727048 v _1824_/X (sky130_fd_sc_hd__a2bb2o_4)
                                                         _0933_ (net)
                      0.061966    0.000359   13.727407 v _1849_/A2 (sky130_fd_sc_hd__a21o_1)
     2    0.012517    0.137544    0.388662   14.116069 v _1849_/X (sky130_fd_sc_hd__a21o_1)
                                                         _0957_ (net)
                      0.137548    0.000862   14.116930 v _1876_/B2 (sky130_fd_sc_hd__a2bb2o_4)
     2    0.011334    0.074034    0.416480   14.533410 v _1876_/X (sky130_fd_sc_hd__a2bb2o_4)
                                                         _0983_ (net)
                      0.074034    0.000771   14.534182 v _1902_/B2 (sky130_fd_sc_hd__a2bb2o_4)
     2    0.011458    0.074378    0.389524   14.923705 v _1902_/X (sky130_fd_sc_hd__a2bb2o_4)
                                                         _1008_ (net)
                      0.074378    0.000824   14.924530 v _1926_/B2 (sky130_fd_sc_hd__a2bb2o_4)
     2    0.013626    0.079607    0.396478   15.321007 v _1926_/X (sky130_fd_sc_hd__a2bb2o_4)
                                                         _0015_ (net)
                      0.079675    0.001048   15.322055 v _1950_/A2 (sky130_fd_sc_hd__a21o_1)
     2    0.008729    0.106543    0.367804   15.689858 v _1950_/X (sky130_fd_sc_hd__a21o_1)
                                                         _0038_ (net)
                      0.106544    0.000572   15.690431 v _1974_/A2 (sky130_fd_sc_hd__a21o_1)
     2    0.015334    0.154622    0.427548   16.117979 v _1974_/X (sky130_fd_sc_hd__a21o_1)
                                                         _0062_ (net)
                      0.154626    0.000979   16.118958 v _1997_/A2 (sky130_fd_sc_hd__a21oi_4)
     3    0.013446    0.224092    0.324924   16.443882 ^ _1997_/Y (sky130_fd_sc_hd__a21oi_4)
                                                         _0086_ (net)
                      0.224093    0.000666   16.444548 ^ _2003_/B (sky130_fd_sc_hd__xor2_1)
     1    0.002943    0.103515    0.184032   16.628580 v _2003_/X (sky130_fd_sc_hd__xor2_1)
                                                         _0093_ (net)
                      0.103515    0.000201   16.628780 v _2004_/C1 (sky130_fd_sc_hd__a221o_1)
     1    0.004558    0.111036    0.525260   17.154041 v _2004_/X (sky130_fd_sc_hd__a221o_1)
                                                         _0094_ (net)
                      0.111036    0.000217   17.154257 v _2017_/A1 (sky130_fd_sc_hd__a211o_4)
     4    0.050229    0.176222    0.716540   17.870796 v _2017_/X (sky130_fd_sc_hd__a211o_4)
                                                         net71 (net)
                      0.176244    0.002062   17.872860 v _2018_/B (sky130_fd_sc_hd__nor2_1)
     1    0.001920    0.115306    0.164272   18.037132 ^ _2018_/Y (sky130_fd_sc_hd__nor2_1)
                                                         _0108_ (net)
                      0.115306    0.000087   18.037218 ^ _2064_/C (sky130_fd_sc_hd__and4bb_1)
     1    0.035407    0.552879    0.774541   18.811760 ^ _2064_/X (sky130_fd_sc_hd__and4bb_1)
                                                         net106 (net)
                      0.552889    0.003039   18.814798 ^ output106/A (sky130_fd_sc_hd__buf_6)
     1    0.034135    0.126537    0.406100   19.220900 ^ output106/X (sky130_fd_sc_hd__buf_6)
                                                         Z (net)
                      0.126561    0.001702   19.222601 ^ Z (out)
                                             19.222601   data arrival time

                      0.000000   10.000000   10.000000   clock __VIRTUAL_CLK__ (rise edge)
                                  0.000000   10.000000   clock network delay (ideal)
                                 -0.250000    9.750000   clock uncertainty
                                  0.000000    9.750000   clock reconvergence pessimism
                                 -2.000000    7.750000   output external delay
                                              7.750000   data required time
---------------------------------------------------------------------------------------------
                                              7.750000   data required time
                                            -19.222601   data arrival time
---------------------------------------------------------------------------------------------
                                            -11.472601   slack (VIOLATED)




===========================================================================
 report_check_types -max_slew -max_cap -max_fanout -violators
============================================================================
======================= max_ss_100C_1v60 Corner ===================================

max slew

Pin                                        Limit        Slew       Slack
------------------------------------------------------------------------
fanout167/A                             0.750000    1.278216   -0.528216 (VIOLATED)
_1052_/Y                                0.750000    1.278207   -0.528207 (VIOLATED)
fanout166/A                             0.750000    1.278207   -0.528207 (VIOLATED)
fanout145/A                             0.750000    1.106413   -0.356413 (VIOLATED)
_1066_/Y                                0.750000    1.106410   -0.356410 (VIOLATED)
fanout143/A                             0.750000    1.106410   -0.356410 (VIOLATED)
_2017_/A2                               0.750000    0.927249   -0.177249 (VIOLATED)
_1959_/B1                               0.750000    0.927242   -0.177242 (VIOLATED)
fanout124/A                             0.750000    0.927225   -0.177225 (VIOLATED)
_1281_/Y                                0.750000    0.927210   -0.177210 (VIOLATED)
_1130_/A1_N                             0.750000    0.911030   -0.161030 (VIOLATED)
_1180_/A1_N                             0.750000    0.911028   -0.161028 (VIOLATED)
_1273_/A2                               0.750000    0.911026   -0.161026 (VIOLATED)
_1237_/A                                0.750000    0.911009   -0.161009 (VIOLATED)
_2001_/A2                               0.750000    0.911003   -0.161004 (VIOLATED)
_1821_/B1                               0.750000    0.910988   -0.160988 (VIOLATED)
_1700_/A2                               0.750000    0.910960   -0.160961 (VIOLATED)
_1047_/Y                                0.750000    0.910953   -0.160953 (VIOLATED)
_2006_/A                                0.750000    0.844883   -0.094883 (VIOLATED)
_1169_/A                                0.750000    0.844879   -0.094879 (VIOLATED)
_1669_/A1                               0.750000    0.844877   -0.094877 (VIOLATED)
_1356_/B2                               0.750000    0.844859   -0.094859 (VIOLATED)
_1257_/A1                               0.750000    0.844845   -0.094845 (VIOLATED)
_1382_/B2                               0.750000    0.844845   -0.094845 (VIOLATED)
_1293_/A                                0.750000    0.844831   -0.094831 (VIOLATED)
_1325_/A1                               0.750000    0.844820   -0.094820 (VIOLATED)
_1207_/C1                               0.750000    0.844820   -0.094820 (VIOLATED)
_1104_/Y                                0.750000    0.844817   -0.094817 (VIOLATED)
_1115_/A                                0.750000    0.819309   -0.069309 (VIOLATED)
_1016_/A                                0.750000    0.819302   -0.069302 (VIOLATED)
_1047_/A                                0.750000    0.819302   -0.069302 (VIOLATED)
_1427_/A1                               0.750000    0.819286   -0.069286 (VIOLATED)
_1474_/B1                               0.750000    0.819285   -0.069285 (VIOLATED)
clone2/X                                0.750000    0.819281   -0.069281 (VIOLATED)
_1978_/B                                0.750000    0.753455   -0.003455 (VIOLATED)
fanout157/A                             0.750000    0.753450   -0.003450 (VIOLATED)
fanout156/A                             0.750000    0.753437   -0.003437 (VIOLATED)
fanout153/A                             0.750000    0.753428   -0.003428 (VIOLATED)
_1059_/Y                                0.750000    0.753421   -0.003421 (VIOLATED)



===========================================================================
report_parasitic_annotation -report_unannotated
============================================================================
Found 0 unannotated drivers.
Found 0 partially unannotated drivers.

===========================================================================
max slew violation count 39
max fanout violation count 0
max cap violation count 0
============================================================================

===========================================================================
check_setup -verbose -unconstrained_endpoints -multiple_clock -no_clock -no_input_delay -loops -generated_clocks
===========================================================================
