
===========================================================================
report_checks -unconstrained
===========================================================================
======================= min_ss_100C_1v60 Corner ===================================

Startpoint: B[4] (input port clocked by __VIRTUAL_CLK__)
Endpoint: Z (output port clocked by __VIRTUAL_CLK__)
Path Group: __VIRTUAL_CLK__
Path Type: max

Fanout         Cap        Slew       Delay        Time   Description
---------------------------------------------------------------------------------------------
                      0.000000    0.000000    0.000000   clock __VIRTUAL_CLK__ (rise edge)
                                  0.000000    0.000000   clock network delay (ideal)
                                  2.000000    2.000000 ^ input external delay
     1    0.002921    0.033058    0.016416    2.016416 ^ B[4] (in)
                                                         B[4] (net)
                      0.033058    0.000000    2.016416 ^ input59/A (sky130_fd_sc_hd__buf_1)
     1    0.015015    0.292122    0.292102    2.308518 ^ input59/X (sky130_fd_sc_hd__buf_1)
                                                         net59 (net)
                      0.292126    0.000828    2.309346 ^ fanout192/A (sky130_fd_sc_hd__buf_2)
     8    0.040380    0.318248    0.473955    2.783301 ^ fanout192/X (sky130_fd_sc_hd__buf_2)
                                                         net192 (net)
                      0.318248    0.000282    2.783582 ^ fanout191/A (sky130_fd_sc_hd__clkbuf_4)
    10    0.047509    0.237939    0.483798    3.267380 ^ fanout191/X (sky130_fd_sc_hd__clkbuf_4)
                                                         net191 (net)
                      0.237941    0.001285    3.268665 ^ fanout190/A (sky130_fd_sc_hd__buf_2)
    10    0.034797    0.276333    0.424122    3.692787 ^ fanout190/X (sky130_fd_sc_hd__buf_2)
                                                         net190 (net)
                      0.276333    0.000362    3.693149 ^ _1018_/A (sky130_fd_sc_hd__inv_2)
     4    0.016771    0.107427    0.185770    3.878919 v _1018_/Y (sky130_fd_sc_hd__inv_2)
                                                         _0079_ (net)
                      0.107427    0.000043    3.878962 v fanout181/A (sky130_fd_sc_hd__buf_2)
    10    0.037611    0.179279    0.372792    4.251754 v fanout181/X (sky130_fd_sc_hd__buf_2)
                                                         net181 (net)
                      0.179287    0.001419    4.253172 v _1274_/A (sky130_fd_sc_hd__nor2_2)
     2    0.019038    0.363240    0.403418    4.656591 ^ _1274_/Y (sky130_fd_sc_hd__nor2_2)
                                                         _0403_ (net)
                      0.363240    0.000232    4.656823 ^ fanout112/A (sky130_fd_sc_hd__buf_6)
    10    0.047254    0.162807    0.368613    5.025436 ^ fanout112/X (sky130_fd_sc_hd__buf_6)
                                                         net112 (net)
                      0.162807    0.000194    5.025630 ^ _1275_/C1 (sky130_fd_sc_hd__a211o_1)
     2    0.005802    0.105665    0.227263    5.252892 ^ _1275_/X (sky130_fd_sc_hd__a211o_1)
                                                         _0404_ (net)
                      0.105665    0.000044    5.252937 ^ _1277_/C (sky130_fd_sc_hd__and3_1)
     2    0.006539    0.142508    0.363463    5.616399 ^ _1277_/X (sky130_fd_sc_hd__and3_1)
                                                         _0406_ (net)
                      0.142508    0.000026    5.616425 ^ _1278_/B (sky130_fd_sc_hd__nor2_1)
     2    0.008016    0.096041    0.135433    5.751858 v _1278_/Y (sky130_fd_sc_hd__nor2_1)
                                                         _0407_ (net)
                      0.096041    0.000053    5.751911 v _1305_/A1 (sky130_fd_sc_hd__a21o_1)
     2    0.014385    0.147306    0.386188    6.138099 v _1305_/X (sky130_fd_sc_hd__a21o_1)
                                                         _0433_ (net)
                      0.147306    0.000355    6.138454 v _1339_/B2 (sky130_fd_sc_hd__a2bb2o_4)
     2    0.010145    0.071370    0.417147    6.555601 v _1339_/X (sky130_fd_sc_hd__a2bb2o_4)
                                                         _0466_ (net)
                      0.071370    0.000128    6.555729 v _1372_/B2 (sky130_fd_sc_hd__a2bb2o_4)
     2    0.011340    0.074021    0.388247    6.943976 v _1372_/X (sky130_fd_sc_hd__a2bb2o_4)
                                                         _0498_ (net)
                      0.074021    0.000190    6.944165 v _1403_/B2 (sky130_fd_sc_hd__a2bb2o_4)
     2    0.010516    0.072217    0.386791    7.330956 v _1403_/X (sky130_fd_sc_hd__a2bb2o_4)
                                                         _0528_ (net)
                      0.072217    0.000134    7.331090 v _1430_/B2 (sky130_fd_sc_hd__a2bb2o_4)
     2    0.008588    0.068120    0.379845    7.710935 v _1430_/X (sky130_fd_sc_hd__a2bb2o_4)
                                                         _0554_ (net)
                      0.068120    0.000107    7.711042 v _1458_/A2 (sky130_fd_sc_hd__a21o_1)
     2    0.005247    0.079877    0.336017    8.047058 v _1458_/X (sky130_fd_sc_hd__a21o_1)
                                                         _0581_ (net)
                      0.079877    0.000044    8.047102 v _1487_/A2 (sky130_fd_sc_hd__a21o_1)
     2    0.009735    0.114412    0.375946    8.423047 v _1487_/X (sky130_fd_sc_hd__a21o_1)
                                                         _0609_ (net)
                      0.114412    0.000076    8.423123 v _1514_/B2 (sky130_fd_sc_hd__a2bb2o_4)
     2    0.008005    0.066861    0.396206    8.819329 v _1514_/X (sky130_fd_sc_hd__a2bb2o_4)
                                                         _0635_ (net)
                      0.066861    0.000071    8.819401 v _1541_/A2 (sky130_fd_sc_hd__a21o_1)
     2    0.007565    0.097234    0.353285    9.172685 v _1541_/X (sky130_fd_sc_hd__a21o_1)
                                                         _0661_ (net)
                      0.097234    0.000101    9.172787 v _1570_/B2 (sky130_fd_sc_hd__a2bb2o_4)
     2    0.004880    0.058196    0.376232    9.549019 v _1570_/X (sky130_fd_sc_hd__a2bb2o_4)
                                                         _0689_ (net)
                      0.058196    0.000043    9.549062 v _1597_/A2 (sky130_fd_sc_hd__a21o_1)
     2    0.006100    0.086080    0.338056    9.887117 v _1597_/X (sky130_fd_sc_hd__a21o_1)
                                                         _0715_ (net)
                      0.086080    0.000046    9.887163 v _1625_/B2 (sky130_fd_sc_hd__a2bb2o_4)
     2    0.010291    0.071740    0.391283   10.278446 v _1625_/X (sky130_fd_sc_hd__a2bb2o_4)
                                                         _0742_ (net)
                      0.071740    0.000302   10.278748 v _1651_/B2 (sky130_fd_sc_hd__a2bb2o_4)
     2    0.006241    0.062767    0.371736   10.650483 v _1651_/X (sky130_fd_sc_hd__a2bb2o_4)
                                                         _0767_ (net)
                      0.062767    0.000081   10.650564 v _1677_/A2 (sky130_fd_sc_hd__a21o_1)
     2    0.005410    0.081038    0.334825   10.985389 v _1677_/X (sky130_fd_sc_hd__a21o_1)
                                                         _0792_ (net)
                      0.081038    0.000039   10.985428 v _1700_/B1 (sky130_fd_sc_hd__a32o_2)
     2    0.014135    0.117747    0.464220   11.449648 v _1700_/X (sky130_fd_sc_hd__a32o_2)
                                                         _0814_ (net)
                      0.117747    0.000408   11.450055 v _1725_/B2 (sky130_fd_sc_hd__a2bb2o_4)
     2    0.007051    0.064842    0.394597   11.844653 v _1725_/X (sky130_fd_sc_hd__a2bb2o_4)
                                                         _0838_ (net)
                      0.064842    0.000031   11.844684 v _1750_/B2 (sky130_fd_sc_hd__a2bb2o_4)
     2    0.005240    0.059169    0.363856   12.208539 v _1750_/X (sky130_fd_sc_hd__a2bb2o_4)
                                                         _0862_ (net)
                      0.059169    0.000031   12.208570 v _1774_/A2 (sky130_fd_sc_hd__a21o_1)
     2    0.009473    0.112300    0.364492   12.573063 v _1774_/X (sky130_fd_sc_hd__a21o_1)
                                                         _0885_ (net)
                      0.112300    0.000075   12.573137 v _1797_/B2 (sky130_fd_sc_hd__a2bb2o_4)
     2    0.011727    0.074868    0.407153   12.980291 v _1797_/X (sky130_fd_sc_hd__a2bb2o_4)
                                                         _0907_ (net)
                      0.074868    0.000193   12.980484 v _1824_/B2 (sky130_fd_sc_hd__a2bb2o_4)
     2    0.005586    0.060179    0.369964   13.350448 v _1824_/X (sky130_fd_sc_hd__a2bb2o_4)
                                                         _0933_ (net)
                      0.060179    0.000063   13.350511 v _1849_/A2 (sky130_fd_sc_hd__a21o_1)
     2    0.011629    0.129883    0.381489   13.731999 v _1849_/X (sky130_fd_sc_hd__a21o_1)
                                                         _0957_ (net)
                      0.129883    0.000188   13.732187 v _1876_/B2 (sky130_fd_sc_hd__a2bb2o_4)
     2    0.010791    0.072755    0.411720   14.143908 v _1876_/X (sky130_fd_sc_hd__a2bb2o_4)
                                                         _0983_ (net)
                      0.072755    0.000135   14.144043 v _1902_/B2 (sky130_fd_sc_hd__a2bb2o_4)
     2    0.010856    0.072946    0.387311   14.531353 v _1902_/X (sky130_fd_sc_hd__a2bb2o_4)
                                                         _1008_ (net)
                      0.072946    0.000163   14.531516 v _1926_/B2 (sky130_fd_sc_hd__a2bb2o_4)
     2    0.011990    0.075527    0.390957   14.922473 v _1926_/X (sky130_fd_sc_hd__a2bb2o_4)
                                                         _0015_ (net)
                      0.075527    0.000330   14.922803 v _1950_/A2 (sky130_fd_sc_hd__a21o_1)
     2    0.008273    0.102774    0.362686   15.285489 v _1950_/X (sky130_fd_sc_hd__a21o_1)
                                                         _0038_ (net)
                      0.102774    0.000110   15.285599 v _1974_/A2 (sky130_fd_sc_hd__a21o_1)
     2    0.014910    0.151230    0.423812   15.709411 v _1974_/X (sky130_fd_sc_hd__a21o_1)
                                                         _0062_ (net)
                      0.151230    0.000133   15.709544 v _1997_/A2 (sky130_fd_sc_hd__a21oi_4)
     3    0.013070    0.220663    0.320746   16.030291 ^ _1997_/Y (sky130_fd_sc_hd__a21oi_4)
                                                         _0086_ (net)
                      0.220663    0.000123   16.030413 ^ _2003_/B (sky130_fd_sc_hd__xor2_1)
     1    0.002785    0.101514    0.180810   16.211224 v _2003_/X (sky130_fd_sc_hd__xor2_1)
                                                         _0093_ (net)
                      0.101514    0.000028   16.211252 v _2004_/C1 (sky130_fd_sc_hd__a221o_1)
     1    0.004504    0.114066    0.524045   16.735296 v _2004_/X (sky130_fd_sc_hd__a221o_1)
                                                         _0094_ (net)
                      0.114066    0.000021   16.735317 v _2017_/A1 (sky130_fd_sc_hd__a211o_4)
     4    0.044469    0.164196    0.706288   17.441607 v _2017_/X (sky130_fd_sc_hd__a211o_4)
                                                         net71 (net)
                      0.164196    0.000298   17.441904 v _2018_/B (sky130_fd_sc_hd__nor2_1)
     1    0.001836    0.114356    0.157618   17.599522 ^ _2018_/Y (sky130_fd_sc_hd__nor2_1)
                                                         _0108_ (net)
                      0.114356    0.000009   17.599531 ^ _2064_/C (sky130_fd_sc_hd__and4bb_1)
     1    0.030570    0.483934    0.723718   18.323250 ^ _2064_/X (sky130_fd_sc_hd__and4bb_1)
                                                         net106 (net)
                      0.483934    0.000771   18.324020 ^ output106/A (sky130_fd_sc_hd__buf_6)
     1    0.034042    0.125598    0.382746   18.706766 ^ output106/X (sky130_fd_sc_hd__buf_6)
                                                         Z (net)
                      0.125598    0.000242   18.707008 ^ Z (out)
                                             18.707008   data arrival time

                      0.000000   10.000000   10.000000   clock __VIRTUAL_CLK__ (rise edge)
                                  0.000000   10.000000   clock network delay (ideal)
                                 -0.250000    9.750000   clock uncertainty
                                  0.000000    9.750000   clock reconvergence pessimism
                                 -2.000000    7.750000   output external delay
                                              7.750000   data required time
---------------------------------------------------------------------------------------------
                                              7.750000   data required time
                                            -18.707008   data arrival time
---------------------------------------------------------------------------------------------
                                            -10.957008   slack (VIOLATED)




===========================================================================
report_checks --slack_max -0.01
============================================================================
======================= min_ss_100C_1v60 Corner ===================================

Startpoint: B[4] (input port clocked by __VIRTUAL_CLK__)
Endpoint: Z (output port clocked by __VIRTUAL_CLK__)
Path Group: __VIRTUAL_CLK__
Path Type: max

Fanout         Cap        Slew       Delay        Time   Description
---------------------------------------------------------------------------------------------
                      0.000000    0.000000    0.000000   clock __VIRTUAL_CLK__ (rise edge)
                                  0.000000    0.000000   clock network delay (ideal)
                                  2.000000    2.000000 ^ input external delay
     1    0.002921    0.033058    0.016416    2.016416 ^ B[4] (in)
                                                         B[4] (net)
                      0.033058    0.000000    2.016416 ^ input59/A (sky130_fd_sc_hd__buf_1)
     1    0.015015    0.292122    0.292102    2.308518 ^ input59/X (sky130_fd_sc_hd__buf_1)
                                                         net59 (net)
                      0.292126    0.000828    2.309346 ^ fanout192/A (sky130_fd_sc_hd__buf_2)
     8    0.040380    0.318248    0.473955    2.783301 ^ fanout192/X (sky130_fd_sc_hd__buf_2)
                                                         net192 (net)
                      0.318248    0.000282    2.783582 ^ fanout191/A (sky130_fd_sc_hd__clkbuf_4)
    10    0.047509    0.237939    0.483798    3.267380 ^ fanout191/X (sky130_fd_sc_hd__clkbuf_4)
                                                         net191 (net)
                      0.237941    0.001285    3.268665 ^ fanout190/A (sky130_fd_sc_hd__buf_2)
    10    0.034797    0.276333    0.424122    3.692787 ^ fanout190/X (sky130_fd_sc_hd__buf_2)
                                                         net190 (net)
                      0.276333    0.000362    3.693149 ^ _1018_/A (sky130_fd_sc_hd__inv_2)
     4    0.016771    0.107427    0.185770    3.878919 v _1018_/Y (sky130_fd_sc_hd__inv_2)
                                                         _0079_ (net)
                      0.107427    0.000043    3.878962 v fanout181/A (sky130_fd_sc_hd__buf_2)
    10    0.037611    0.179279    0.372792    4.251754 v fanout181/X (sky130_fd_sc_hd__buf_2)
                                                         net181 (net)
                      0.179287    0.001419    4.253172 v _1274_/A (sky130_fd_sc_hd__nor2_2)
     2    0.019038    0.363240    0.403418    4.656591 ^ _1274_/Y (sky130_fd_sc_hd__nor2_2)
                                                         _0403_ (net)
                      0.363240    0.000232    4.656823 ^ fanout112/A (sky130_fd_sc_hd__buf_6)
    10    0.047254    0.162807    0.368613    5.025436 ^ fanout112/X (sky130_fd_sc_hd__buf_6)
                                                         net112 (net)
                      0.162807    0.000194    5.025630 ^ _1275_/C1 (sky130_fd_sc_hd__a211o_1)
     2    0.005802    0.105665    0.227263    5.252892 ^ _1275_/X (sky130_fd_sc_hd__a211o_1)
                                                         _0404_ (net)
                      0.105665    0.000044    5.252937 ^ _1277_/C (sky130_fd_sc_hd__and3_1)
     2    0.006539    0.142508    0.363463    5.616399 ^ _1277_/X (sky130_fd_sc_hd__and3_1)
                                                         _0406_ (net)
                      0.142508    0.000026    5.616425 ^ _1278_/B (sky130_fd_sc_hd__nor2_1)
     2    0.008016    0.096041    0.135433    5.751858 v _1278_/Y (sky130_fd_sc_hd__nor2_1)
                                                         _0407_ (net)
                      0.096041    0.000053    5.751911 v _1305_/A1 (sky130_fd_sc_hd__a21o_1)
     2    0.014385    0.147306    0.386188    6.138099 v _1305_/X (sky130_fd_sc_hd__a21o_1)
                                                         _0433_ (net)
                      0.147306    0.000355    6.138454 v _1339_/B2 (sky130_fd_sc_hd__a2bb2o_4)
     2    0.010145    0.071370    0.417147    6.555601 v _1339_/X (sky130_fd_sc_hd__a2bb2o_4)
                                                         _0466_ (net)
                      0.071370    0.000128    6.555729 v _1372_/B2 (sky130_fd_sc_hd__a2bb2o_4)
     2    0.011340    0.074021    0.388247    6.943976 v _1372_/X (sky130_fd_sc_hd__a2bb2o_4)
                                                         _0498_ (net)
                      0.074021    0.000190    6.944165 v _1403_/B2 (sky130_fd_sc_hd__a2bb2o_4)
     2    0.010516    0.072217    0.386791    7.330956 v _1403_/X (sky130_fd_sc_hd__a2bb2o_4)
                                                         _0528_ (net)
                      0.072217    0.000134    7.331090 v _1430_/B2 (sky130_fd_sc_hd__a2bb2o_4)
     2    0.008588    0.068120    0.379845    7.710935 v _1430_/X (sky130_fd_sc_hd__a2bb2o_4)
                                                         _0554_ (net)
                      0.068120    0.000107    7.711042 v _1458_/A2 (sky130_fd_sc_hd__a21o_1)
     2    0.005247    0.079877    0.336017    8.047058 v _1458_/X (sky130_fd_sc_hd__a21o_1)
                                                         _0581_ (net)
                      0.079877    0.000044    8.047102 v _1487_/A2 (sky130_fd_sc_hd__a21o_1)
     2    0.009735    0.114412    0.375946    8.423047 v _1487_/X (sky130_fd_sc_hd__a21o_1)
                                                         _0609_ (net)
                      0.114412    0.000076    8.423123 v _1514_/B2 (sky130_fd_sc_hd__a2bb2o_4)
     2    0.008005    0.066861    0.396206    8.819329 v _1514_/X (sky130_fd_sc_hd__a2bb2o_4)
                                                         _0635_ (net)
                      0.066861    0.000071    8.819401 v _1541_/A2 (sky130_fd_sc_hd__a21o_1)
     2    0.007565    0.097234    0.353285    9.172685 v _1541_/X (sky130_fd_sc_hd__a21o_1)
                                                         _0661_ (net)
                      0.097234    0.000101    9.172787 v _1570_/B2 (sky130_fd_sc_hd__a2bb2o_4)
     2    0.004880    0.058196    0.376232    9.549019 v _1570_/X (sky130_fd_sc_hd__a2bb2o_4)
                                                         _0689_ (net)
                      0.058196    0.000043    9.549062 v _1597_/A2 (sky130_fd_sc_hd__a21o_1)
     2    0.006100    0.086080    0.338056    9.887117 v _1597_/X (sky130_fd_sc_hd__a21o_1)
                                                         _0715_ (net)
                      0.086080    0.000046    9.887163 v _1625_/B2 (sky130_fd_sc_hd__a2bb2o_4)
     2    0.010291    0.071740    0.391283   10.278446 v _1625_/X (sky130_fd_sc_hd__a2bb2o_4)
                                                         _0742_ (net)
                      0.071740    0.000302   10.278748 v _1651_/B2 (sky130_fd_sc_hd__a2bb2o_4)
     2    0.006241    0.062767    0.371736   10.650483 v _1651_/X (sky130_fd_sc_hd__a2bb2o_4)
                                                         _0767_ (net)
                      0.062767    0.000081   10.650564 v _1677_/A2 (sky130_fd_sc_hd__a21o_1)
     2    0.005410    0.081038    0.334825   10.985389 v _1677_/X (sky130_fd_sc_hd__a21o_1)
                                                         _0792_ (net)
                      0.081038    0.000039   10.985428 v _1700_/B1 (sky130_fd_sc_hd__a32o_2)
     2    0.014135    0.117747    0.464220   11.449648 v _1700_/X (sky130_fd_sc_hd__a32o_2)
                                                         _0814_ (net)
                      0.117747    0.000408   11.450055 v _1725_/B2 (sky130_fd_sc_hd__a2bb2o_4)
     2    0.007051    0.064842    0.394597   11.844653 v _1725_/X (sky130_fd_sc_hd__a2bb2o_4)
                                                         _0838_ (net)
                      0.064842    0.000031   11.844684 v _1750_/B2 (sky130_fd_sc_hd__a2bb2o_4)
     2    0.005240    0.059169    0.363856   12.208539 v _1750_/X (sky130_fd_sc_hd__a2bb2o_4)
                                                         _0862_ (net)
                      0.059169    0.000031   12.208570 v _1774_/A2 (sky130_fd_sc_hd__a21o_1)
     2    0.009473    0.112300    0.364492   12.573063 v _1774_/X (sky130_fd_sc_hd__a21o_1)
                                                         _0885_ (net)
                      0.112300    0.000075   12.573137 v _1797_/B2 (sky130_fd_sc_hd__a2bb2o_4)
     2    0.011727    0.074868    0.407153   12.980291 v _1797_/X (sky130_fd_sc_hd__a2bb2o_4)
                                                         _0907_ (net)
                      0.074868    0.000193   12.980484 v _1824_/B2 (sky130_fd_sc_hd__a2bb2o_4)
     2    0.005586    0.060179    0.369964   13.350448 v _1824_/X (sky130_fd_sc_hd__a2bb2o_4)
                                                         _0933_ (net)
                      0.060179    0.000063   13.350511 v _1849_/A2 (sky130_fd_sc_hd__a21o_1)
     2    0.011629    0.129883    0.381489   13.731999 v _1849_/X (sky130_fd_sc_hd__a21o_1)
                                                         _0957_ (net)
                      0.129883    0.000188   13.732187 v _1876_/B2 (sky130_fd_sc_hd__a2bb2o_4)
     2    0.010791    0.072755    0.411720   14.143908 v _1876_/X (sky130_fd_sc_hd__a2bb2o_4)
                                                         _0983_ (net)
                      0.072755    0.000135   14.144043 v _1902_/B2 (sky130_fd_sc_hd__a2bb2o_4)
     2    0.010856    0.072946    0.387311   14.531353 v _1902_/X (sky130_fd_sc_hd__a2bb2o_4)
                                                         _1008_ (net)
                      0.072946    0.000163   14.531516 v _1926_/B2 (sky130_fd_sc_hd__a2bb2o_4)
     2    0.011990    0.075527    0.390957   14.922473 v _1926_/X (sky130_fd_sc_hd__a2bb2o_4)
                                                         _0015_ (net)
                      0.075527    0.000330   14.922803 v _1950_/A2 (sky130_fd_sc_hd__a21o_1)
     2    0.008273    0.102774    0.362686   15.285489 v _1950_/X (sky130_fd_sc_hd__a21o_1)
                                                         _0038_ (net)
                      0.102774    0.000110   15.285599 v _1974_/A2 (sky130_fd_sc_hd__a21o_1)
     2    0.014910    0.151230    0.423812   15.709411 v _1974_/X (sky130_fd_sc_hd__a21o_1)
                                                         _0062_ (net)
                      0.151230    0.000133   15.709544 v _1997_/A2 (sky130_fd_sc_hd__a21oi_4)
     3    0.013070    0.220663    0.320746   16.030291 ^ _1997_/Y (sky130_fd_sc_hd__a21oi_4)
                                                         _0086_ (net)
                      0.220663    0.000123   16.030413 ^ _2003_/B (sky130_fd_sc_hd__xor2_1)
     1    0.002785    0.101514    0.180810   16.211224 v _2003_/X (sky130_fd_sc_hd__xor2_1)
                                                         _0093_ (net)
                      0.101514    0.000028   16.211252 v _2004_/C1 (sky130_fd_sc_hd__a221o_1)
     1    0.004504    0.114066    0.524045   16.735296 v _2004_/X (sky130_fd_sc_hd__a221o_1)
                                                         _0094_ (net)
                      0.114066    0.000021   16.735317 v _2017_/A1 (sky130_fd_sc_hd__a211o_4)
     4    0.044469    0.164196    0.706288   17.441607 v _2017_/X (sky130_fd_sc_hd__a211o_4)
                                                         net71 (net)
                      0.164196    0.000298   17.441904 v _2018_/B (sky130_fd_sc_hd__nor2_1)
     1    0.001836    0.114356    0.157618   17.599522 ^ _2018_/Y (sky130_fd_sc_hd__nor2_1)
                                                         _0108_ (net)
                      0.114356    0.000009   17.599531 ^ _2064_/C (sky130_fd_sc_hd__and4bb_1)
     1    0.030570    0.483934    0.723718   18.323250 ^ _2064_/X (sky130_fd_sc_hd__and4bb_1)
                                                         net106 (net)
                      0.483934    0.000771   18.324020 ^ output106/A (sky130_fd_sc_hd__buf_6)
     1    0.034042    0.125598    0.382746   18.706766 ^ output106/X (sky130_fd_sc_hd__buf_6)
                                                         Z (net)
                      0.125598    0.000242   18.707008 ^ Z (out)
                                             18.707008   data arrival time

                      0.000000   10.000000   10.000000   clock __VIRTUAL_CLK__ (rise edge)
                                  0.000000   10.000000   clock network delay (ideal)
                                 -0.250000    9.750000   clock uncertainty
                                  0.000000    9.750000   clock reconvergence pessimism
                                 -2.000000    7.750000   output external delay
                                              7.750000   data required time
---------------------------------------------------------------------------------------------
                                              7.750000   data required time
                                            -18.707008   data arrival time
---------------------------------------------------------------------------------------------
                                            -10.957008   slack (VIOLATED)




===========================================================================
 report_check_types -max_slew -max_cap -max_fanout -violators
============================================================================
======================= min_ss_100C_1v60 Corner ===================================

max slew

Pin                                        Limit        Slew       Slack
------------------------------------------------------------------------
_1052_/Y                                0.750000    1.099054   -0.349054 (VIOLATED)
fanout166/A                             0.750000    1.099054   -0.349054 (VIOLATED)
fanout167/A                             0.750000    1.099054   -0.349054 (VIOLATED)
_1066_/Y                                0.750000    0.964422   -0.214422 (VIOLATED)
fanout143/A                             0.750000    0.964422   -0.214422 (VIOLATED)
fanout145/A                             0.750000    0.964422   -0.214422 (VIOLATED)
_2017_/A2                               0.750000    0.817096   -0.067096 (VIOLATED)
_1959_/B1                               0.750000    0.817096   -0.067096 (VIOLATED)
_1281_/Y                                0.750000    0.817094   -0.067094 (VIOLATED)
fanout124/A                             0.750000    0.817094   -0.067094 (VIOLATED)
_1047_/Y                                0.750000    0.781687   -0.031687 (VIOLATED)
_1130_/A1_N                             0.750000    0.781687   -0.031687 (VIOLATED)
_1180_/A1_N                             0.750000    0.781687   -0.031687 (VIOLATED)
_1237_/A                                0.750000    0.781687   -0.031687 (VIOLATED)
_1273_/A2                               0.750000    0.781687   -0.031687 (VIOLATED)
_1700_/A2                               0.750000    0.781687   -0.031687 (VIOLATED)
_1821_/B1                               0.750000    0.781687   -0.031687 (VIOLATED)
_2001_/A2                               0.750000    0.781687   -0.031687 (VIOLATED)



===========================================================================
report_parasitic_annotation -report_unannotated
============================================================================
Found 0 unannotated drivers.
Found 0 partially unannotated drivers.

===========================================================================
max slew violation count 18
max fanout violation count 0
max cap violation count 0
============================================================================

===========================================================================
check_setup -verbose -unconstrained_endpoints -multiple_clock -no_clock -no_input_delay -loops -generated_clocks
===========================================================================
