
===========================================================================
Violator List
============================================================================
[setup in-out] B[4] -> Z : -10.957008
[setup in-out] B[4] -> P : -10.944190
[setup in-out] B[4] -> Result[31] : -10.178443
[setup in-out] B[4] -> N : -10.081440
[setup in-out] B[4] -> Result[30] : -9.680665
[setup in-out] B[4] -> V : -9.432325
[setup in-out] B[4] -> C : -9.230044
[setup in-out] B[4] -> Result[29] : -8.820641
[setup in-out] B[4] -> Result[28] : -8.472055
[setup in-out] B[4] -> Result[27] : -8.171638
[setup in-out] B[4] -> Result[26] : -8.069334
[setup in-out] B[4] -> Result[25] : -7.551030
[setup in-out] B[4] -> Result[24] : -7.515912
[setup in-out] B[4] -> Result[18] : -7.012083
[setup in-out] B[4] -> Result[23] : -6.759896
[setup in-out] B[4] -> Result[22] : -6.501687
[setup in-out] B[4] -> Result[21] : -6.375629
[setup in-out] B[4] -> Result[20] : -6.093529
[setup in-out] B[4] -> Result[19] : -5.136205
[setup in-out] B[4] -> Result[17] : -5.062446
[setup in-out] B[4] -> Result[16] : -4.604556
[setup in-out] B[4] -> Result[15] : -4.044952
[setup in-out] B[4] -> Result[14] : -3.801945
[setup in-out] B[4] -> Result[13] : -3.444901
[setup in-out] B[4] -> Result[12] : -2.545344
[setup in-out] B[4] -> Result[10] : -2.493953
[setup in-out] B[4] -> Result[11] : -2.133167
[setup in-out] alu_opcode[0] -> Result[8] : -1.315319
[setup in-out] B[4] -> Result[9] : -1.289373
[setup in-out] alu_opcode[0] -> Result[7] : -0.887717
[setup in-out] alu_opcode[0] -> Result[6] : -0.595896
[setup in-out] alu_opcode[3] -> Result[0] : -0.558217
[setup in-out] alu_opcode[3] -> Result[3] : -0.434769
[setup in-out] alu_opcode[0] -> Result[5] : -0.419769
[setup in-out] alu_opcode[3] -> Result[1] : -0.298890
[setup in-out] alu_opcode[3] -> Result[4] : -0.293933
[setup in-out] B[1] -> Result[2] : -0.243909
