Vivado Simulator v2025.2
Copyright 1986-2022 Xilinx, Inc. All Rights Reserved.
Copyright 2022-2025 Advanced Micro Devices, Inc. All Rights Reserved.
Running: D:/Vivado/2025.2/Vivado/bin/unwrapped/win64.o/xelab.exe --incr --debug typical --relax --mt 2 -L xil_defaultlib -L unisims_ver -L unimacro_ver -L secureip --snapshot tb_alu32_behav xil_defaultlib.tb_alu32 xil_defaultlib.glbl -log elaborate.log 
Using 2 slave threads.
Starting static elaboration
Pass Through NonSizing Optimizer
Completed static elaboration
Starting simulation data flow analysis
Completed simulation data flow analysis
Time Resolution for simulation is 1ps
Compiling module xil_defaultlib.cla4
Compiling module xil_defaultlib.cla8
Compiling module xil_defaultlib.cla32
Compiling module xil_defaultlib.arithmetic_unit
Compiling module xil_defaultlib.logical_unit
Compiling module xil_defaultlib.shift_unit
Compiling module xil_defaultlib.alu32
Compiling module xil_defaultlib.tb_alu32
Compiling module xil_defaultlib.glbl
Built simulation snapshot tb_alu32_behav
