
===========================================================================
report_checks -unconstrained
===========================================================================
======================= max_ff_n40C_1v95 Corner ===================================

Startpoint: B[4] (input port clocked by __VIRTUAL_CLK__)
Endpoint: P (output port clocked by __VIRTUAL_CLK__)
Path Group: __VIRTUAL_CLK__
Path Type: max

Fanout         Cap        Slew       Delay        Time   Description
---------------------------------------------------------------------------------------------
                      0.000000    0.000000    0.000000   clock __VIRTUAL_CLK__ (rise edge)
                                  0.000000    0.000000   clock network delay (ideal)
                                  2.000000    2.000000 ^ input external delay
     1    0.003175    0.015260    0.008263    2.008263 ^ B[4] (in)
                                                         B[4] (net)
                      0.015262    0.000000    2.008263 ^ input59/A (sky130_fd_sc_hd__buf_1)
     1    0.018489    0.164979    0.138820    2.147083 ^ input59/X (sky130_fd_sc_hd__buf_1)
                                                         net59 (net)
                      0.165018    0.002086    2.149169 ^ fanout192/A (sky130_fd_sc_hd__buf_2)
     8    0.046691    0.172629    0.190928    2.340097 ^ fanout192/X (sky130_fd_sc_hd__buf_2)
                                                         net192 (net)
                      0.172664    0.002057    2.342154 ^ fanout191/A (sky130_fd_sc_hd__clkbuf_4)
    10    0.054833    0.129353    0.188702    2.530856 ^ fanout191/X (sky130_fd_sc_hd__clkbuf_4)
                                                         net191 (net)
                      0.129801    0.006183    2.537038 ^ fanout190/A (sky130_fd_sc_hd__buf_2)
    10    0.037644    0.140124    0.168346    2.705385 ^ fanout190/X (sky130_fd_sc_hd__buf_2)
                                                         net190 (net)
                      0.140157    0.001781    2.707166 ^ _1018_/A (sky130_fd_sc_hd__inv_2)
     4    0.019449    0.054612    0.051753    2.758919 v _1018_/Y (sky130_fd_sc_hd__inv_2)
                                                         _0079_ (net)
                      0.054619    0.000507    2.759426 v fanout181/A (sky130_fd_sc_hd__buf_2)
    10    0.041460    0.074719    0.133495    2.892920 v fanout181/X (sky130_fd_sc_hd__buf_2)
                                                         net181 (net)
                      0.075290    0.005212    2.898133 v _1274_/A (sky130_fd_sc_hd__nor2_2)
     2    0.022398    0.184885    0.181446    3.079579 ^ _1274_/Y (sky130_fd_sc_hd__nor2_2)
                                                         _0403_ (net)
                      0.184910    0.001788    3.081367 ^ fanout112/A (sky130_fd_sc_hd__buf_6)
    10    0.053706    0.086156    0.120509    3.201876 ^ fanout112/X (sky130_fd_sc_hd__buf_6)
                                                         net112 (net)
                      0.086235    0.002176    3.204052 ^ _1275_/C1 (sky130_fd_sc_hd__a211o_1)
     2    0.006412    0.050833    0.077226    3.281278 ^ _1275_/X (sky130_fd_sc_hd__a211o_1)
                                                         _0404_ (net)
                      0.050833    0.000225    3.281503 ^ _1277_/C (sky130_fd_sc_hd__and3_1)
     2    0.007054    0.064519    0.114178    3.395681 ^ _1277_/X (sky130_fd_sc_hd__and3_1)
                                                         _0406_ (net)
                      0.064519    0.000249    3.395930 ^ _1278_/B (sky130_fd_sc_hd__nor2_1)
     2    0.008366    0.044416    0.042521    3.438451 v _1278_/Y (sky130_fd_sc_hd__nor2_1)
                                                         _0407_ (net)
                      0.044419    0.000367    3.438818 v _1305_/A1 (sky130_fd_sc_hd__a21o_1)
     2    0.015635    0.060197    0.136208    3.575027 v _1305_/X (sky130_fd_sc_hd__a21o_1)
                                                         _0433_ (net)
                      0.060219    0.001112    3.576139 v _1339_/B2 (sky130_fd_sc_hd__a2bb2o_4)
     2    0.010397    0.031405    0.143724    3.719863 v _1339_/X (sky130_fd_sc_hd__a2bb2o_4)
                                                         _0466_ (net)
                      0.031458    0.000657    3.720520 v _1372_/B2 (sky130_fd_sc_hd__a2bb2o_4)
     2    0.011795    0.032780    0.134945    3.855465 v _1372_/X (sky130_fd_sc_hd__a2bb2o_4)
                                                         _0498_ (net)
                      0.032822    0.000823    3.856288 v _1403_/B2 (sky130_fd_sc_hd__a2bb2o_4)
     2    0.010783    0.031851    0.134026    3.990314 v _1403_/X (sky130_fd_sc_hd__a2bb2o_4)
                                                         _0528_ (net)
                      0.031885    0.000746    3.991060 v _1430_/B2 (sky130_fd_sc_hd__a2bb2o_4)
     2    0.009021    0.030176    0.131381    4.122441 v _1430_/X (sky130_fd_sc_hd__a2bb2o_4)
                                                         _0554_ (net)
                      0.030176    0.000515    4.122956 v _1458_/A2 (sky130_fd_sc_hd__a21o_1)
     2    0.005710    0.032374    0.119350    4.242307 v _1458_/X (sky130_fd_sc_hd__a21o_1)
                                                         _0581_ (net)
                      0.032374    0.000221    4.242527 v _1487_/A2 (sky130_fd_sc_hd__a21o_1)
     2    0.009812    0.045157    0.133021    4.375548 v _1487_/X (sky130_fd_sc_hd__a21o_1)
                                                         _0609_ (net)
                      0.045162    0.000501    4.376049 v _1514_/B2 (sky130_fd_sc_hd__a2bb2o_4)
     2    0.008272    0.029526    0.135356    4.511405 v _1514_/X (sky130_fd_sc_hd__a2bb2o_4)
                                                         _0635_ (net)
                      0.029526    0.000314    4.511718 v _1541_/A2 (sky130_fd_sc_hd__a21o_1)
     2    0.008090    0.039718    0.126430    4.638149 v _1541_/X (sky130_fd_sc_hd__a21o_1)
                                                         _0661_ (net)
                      0.039728    0.000599    4.638748 v _1570_/B2 (sky130_fd_sc_hd__a2bb2o_4)
     2    0.005250    0.026645    0.129023    4.767771 v _1570_/X (sky130_fd_sc_hd__a2bb2o_4)
                                                         _0689_ (net)
                      0.026645    0.000209    4.767980 v _1597_/A2 (sky130_fd_sc_hd__a21o_1)
     2    0.006286    0.034082    0.119789    4.887769 v _1597_/X (sky130_fd_sc_hd__a21o_1)
                                                         _0715_ (net)
                      0.034086    0.000388    4.888157 v _1625_/B2 (sky130_fd_sc_hd__a2bb2o_4)
     2    0.011621    0.032664    0.135565    5.023723 v _1625_/X (sky130_fd_sc_hd__a2bb2o_4)
                                                         _0742_ (net)
                      0.032737    0.001185    5.024907 v _1651_/B2 (sky130_fd_sc_hd__a2bb2o_4)
     2    0.006975    0.028383    0.128912    5.153820 v _1651_/X (sky130_fd_sc_hd__a2bb2o_4)
                                                         _0767_ (net)
                      0.028383    0.000425    5.154245 v _1677_/A2 (sky130_fd_sc_hd__a21o_1)
     2    0.006018    0.033263    0.119655    5.273900 v _1677_/X (sky130_fd_sc_hd__a21o_1)
                                                         _0792_ (net)
                      0.033264    0.000230    5.274130 v _1700_/B1 (sky130_fd_sc_hd__a32o_2)
     2    0.015481    0.045825    0.105604    5.379735 v _1700_/X (sky130_fd_sc_hd__a32o_2)
                                                         _0814_ (net)
                      0.045895    0.001256    5.380991 v _1725_/B2 (sky130_fd_sc_hd__a2bb2o_4)
     2    0.007472    0.028803    0.134530    5.515521 v _1725_/X (sky130_fd_sc_hd__a2bb2o_4)
                                                         _0838_ (net)
                      0.028803    0.000285    5.515805 v _1750_/B2 (sky130_fd_sc_hd__a2bb2o_4)
     2    0.005716    0.027259    0.125739    5.641544 v _1750_/X (sky130_fd_sc_hd__a2bb2o_4)
                                                         _0862_ (net)
                      0.027259    0.000207    5.641750 v _1774_/A2 (sky130_fd_sc_hd__a21o_1)
     2    0.009528    0.044233    0.130216    5.771966 v _1774_/X (sky130_fd_sc_hd__a21o_1)
                                                         _0885_ (net)
                      0.044238    0.000492    5.772459 v _1797_/B2 (sky130_fd_sc_hd__a2bb2o_4)
     2    0.012437    0.033501    0.140560    5.913019 v _1797_/X (sky130_fd_sc_hd__a2bb2o_4)
                                                         _0907_ (net)
                      0.033547    0.000856    5.913875 v _1824_/B2 (sky130_fd_sc_hd__a2bb2o_4)
     2    0.006208    0.027678    0.128157    6.042032 v _1824_/X (sky130_fd_sc_hd__a2bb2o_4)
                                                         _0933_ (net)
                      0.027678    0.000365    6.042397 v _1849_/A2 (sky130_fd_sc_hd__a21o_1)
     2    0.012349    0.050802    0.138146    6.180543 v _1849_/X (sky130_fd_sc_hd__a21o_1)
                                                         _0957_ (net)
                      0.050818    0.000849    6.181392 v _1876_/B2 (sky130_fd_sc_hd__a2bb2o_4)
     2    0.011196    0.032234    0.141334    6.322726 v _1876_/X (sky130_fd_sc_hd__a2bb2o_4)
                                                         _0983_ (net)
                      0.032271    0.000760    6.323485 v _1902_/B2 (sky130_fd_sc_hd__a2bb2o_4)
     2    0.011320    0.032341    0.134566    6.458052 v _1902_/X (sky130_fd_sc_hd__a2bb2o_4)
                                                         _1008_ (net)
                      0.032381    0.000813    6.458865 v _1926_/B2 (sky130_fd_sc_hd__a2bb2o_4)
     2    0.013626    0.034859    0.137672    6.596536 v _1926_/X (sky130_fd_sc_hd__a2bb2o_4)
                                                         _0015_ (net)
                      0.034899    0.001045    6.597581 v _1950_/A2 (sky130_fd_sc_hd__a21o_1)
     2    0.008729    0.041750    0.130454    6.728035 v _1950_/X (sky130_fd_sc_hd__a21o_1)
                                                         _0038_ (net)
                      0.041758    0.000570    6.728605 v _1974_/A2 (sky130_fd_sc_hd__a21o_1)
     2    0.015154    0.058642    0.150307    6.878913 v _1974_/X (sky130_fd_sc_hd__a21o_1)
                                                         _0062_ (net)
                      0.058659    0.000965    6.879878 v _1997_/A2 (sky130_fd_sc_hd__a21oi_4)
     3    0.013562    0.109002    0.133547    7.013425 ^ _1997_/Y (sky130_fd_sc_hd__a21oi_4)
                                                         _0086_ (net)
                      0.109003    0.000667    7.014092 ^ _2003_/B (sky130_fd_sc_hd__xor2_1)
     1    0.002973    0.041811    0.043822    7.057915 v _2003_/X (sky130_fd_sc_hd__xor2_1)
                                                         _0093_ (net)
                      0.041811    0.000203    7.058118 v _2004_/C1 (sky130_fd_sc_hd__a221o_1)
     1    0.004559    0.039332    0.102738    7.160856 v _2004_/X (sky130_fd_sc_hd__a221o_1)
                                                         _0094_ (net)
                      0.039332    0.000217    7.161072 v _2017_/A1 (sky130_fd_sc_hd__a211o_4)
     4    0.050164    0.082190    0.257192    7.418264 v _2017_/X (sky130_fd_sc_hd__a211o_4)
                                                         net71 (net)
                      0.082291    0.002560    7.420824 v _2019_/B (sky130_fd_sc_hd__xnor2_2)
     1    0.008342    0.054872    0.108624    7.529449 v _2019_/Y (sky130_fd_sc_hd__xnor2_2)
                                                         _0109_ (net)
                      0.054874    0.000635    7.530084 v _2055_/B (sky130_fd_sc_hd__xnor2_2)
     1    0.031485    0.313487    0.256431    7.786515 ^ _2055_/Y (sky130_fd_sc_hd__xnor2_2)
                                                         net72 (net)
                      0.313607    0.004925    7.791440 ^ output72/A (sky130_fd_sc_hd__buf_6)
     1    0.034174    0.060774    0.106083    7.897523 ^ output72/X (sky130_fd_sc_hd__buf_6)
                                                         P (net)
                      0.060883    0.001711    7.899233 ^ P (out)
                                              7.899233   data arrival time

                      0.000000   10.000000   10.000000   clock __VIRTUAL_CLK__ (rise edge)
                                  0.000000   10.000000   clock network delay (ideal)
                                 -0.250000    9.750000   clock uncertainty
                                  0.000000    9.750000   clock reconvergence pessimism
                                 -2.000000    7.750000   output external delay
                                              7.750000   data required time
---------------------------------------------------------------------------------------------
                                              7.750000   data required time
                                             -7.899233   data arrival time
---------------------------------------------------------------------------------------------
                                             -0.149234   slack (VIOLATED)




===========================================================================
report_checks --slack_max -0.01
============================================================================
======================= max_ff_n40C_1v95 Corner ===================================

Startpoint: B[4] (input port clocked by __VIRTUAL_CLK__)
Endpoint: P (output port clocked by __VIRTUAL_CLK__)
Path Group: __VIRTUAL_CLK__
Path Type: max

Fanout         Cap        Slew       Delay        Time   Description
---------------------------------------------------------------------------------------------
                      0.000000    0.000000    0.000000   clock __VIRTUAL_CLK__ (rise edge)
                                  0.000000    0.000000   clock network delay (ideal)
                                  2.000000    2.000000 ^ input external delay
     1    0.003175    0.015260    0.008263    2.008263 ^ B[4] (in)
                                                         B[4] (net)
                      0.015262    0.000000    2.008263 ^ input59/A (sky130_fd_sc_hd__buf_1)
     1    0.018489    0.164979    0.138820    2.147083 ^ input59/X (sky130_fd_sc_hd__buf_1)
                                                         net59 (net)
                      0.165018    0.002086    2.149169 ^ fanout192/A (sky130_fd_sc_hd__buf_2)
     8    0.046691    0.172629    0.190928    2.340097 ^ fanout192/X (sky130_fd_sc_hd__buf_2)
                                                         net192 (net)
                      0.172664    0.002057    2.342154 ^ fanout191/A (sky130_fd_sc_hd__clkbuf_4)
    10    0.054833    0.129353    0.188702    2.530856 ^ fanout191/X (sky130_fd_sc_hd__clkbuf_4)
                                                         net191 (net)
                      0.129801    0.006183    2.537038 ^ fanout190/A (sky130_fd_sc_hd__buf_2)
    10    0.037644    0.140124    0.168346    2.705385 ^ fanout190/X (sky130_fd_sc_hd__buf_2)
                                                         net190 (net)
                      0.140157    0.001781    2.707166 ^ _1018_/A (sky130_fd_sc_hd__inv_2)
     4    0.019449    0.054612    0.051753    2.758919 v _1018_/Y (sky130_fd_sc_hd__inv_2)
                                                         _0079_ (net)
                      0.054619    0.000507    2.759426 v fanout181/A (sky130_fd_sc_hd__buf_2)
    10    0.041460    0.074719    0.133495    2.892920 v fanout181/X (sky130_fd_sc_hd__buf_2)
                                                         net181 (net)
                      0.075290    0.005212    2.898133 v _1274_/A (sky130_fd_sc_hd__nor2_2)
     2    0.022398    0.184885    0.181446    3.079579 ^ _1274_/Y (sky130_fd_sc_hd__nor2_2)
                                                         _0403_ (net)
                      0.184910    0.001788    3.081367 ^ fanout112/A (sky130_fd_sc_hd__buf_6)
    10    0.053706    0.086156    0.120509    3.201876 ^ fanout112/X (sky130_fd_sc_hd__buf_6)
                                                         net112 (net)
                      0.086235    0.002176    3.204052 ^ _1275_/C1 (sky130_fd_sc_hd__a211o_1)
     2    0.006412    0.050833    0.077226    3.281278 ^ _1275_/X (sky130_fd_sc_hd__a211o_1)
                                                         _0404_ (net)
                      0.050833    0.000225    3.281503 ^ _1277_/C (sky130_fd_sc_hd__and3_1)
     2    0.007054    0.064519    0.114178    3.395681 ^ _1277_/X (sky130_fd_sc_hd__and3_1)
                                                         _0406_ (net)
                      0.064519    0.000249    3.395930 ^ _1278_/B (sky130_fd_sc_hd__nor2_1)
     2    0.008366    0.044416    0.042521    3.438451 v _1278_/Y (sky130_fd_sc_hd__nor2_1)
                                                         _0407_ (net)
                      0.044419    0.000367    3.438818 v _1305_/A1 (sky130_fd_sc_hd__a21o_1)
     2    0.015635    0.060197    0.136208    3.575027 v _1305_/X (sky130_fd_sc_hd__a21o_1)
                                                         _0433_ (net)
                      0.060219    0.001112    3.576139 v _1339_/B2 (sky130_fd_sc_hd__a2bb2o_4)
     2    0.010397    0.031405    0.143724    3.719863 v _1339_/X (sky130_fd_sc_hd__a2bb2o_4)
                                                         _0466_ (net)
                      0.031458    0.000657    3.720520 v _1372_/B2 (sky130_fd_sc_hd__a2bb2o_4)
     2    0.011795    0.032780    0.134945    3.855465 v _1372_/X (sky130_fd_sc_hd__a2bb2o_4)
                                                         _0498_ (net)
                      0.032822    0.000823    3.856288 v _1403_/B2 (sky130_fd_sc_hd__a2bb2o_4)
     2    0.010783    0.031851    0.134026    3.990314 v _1403_/X (sky130_fd_sc_hd__a2bb2o_4)
                                                         _0528_ (net)
                      0.031885    0.000746    3.991060 v _1430_/B2 (sky130_fd_sc_hd__a2bb2o_4)
     2    0.009021    0.030176    0.131381    4.122441 v _1430_/X (sky130_fd_sc_hd__a2bb2o_4)
                                                         _0554_ (net)
                      0.030176    0.000515    4.122956 v _1458_/A2 (sky130_fd_sc_hd__a21o_1)
     2    0.005710    0.032374    0.119350    4.242307 v _1458_/X (sky130_fd_sc_hd__a21o_1)
                                                         _0581_ (net)
                      0.032374    0.000221    4.242527 v _1487_/A2 (sky130_fd_sc_hd__a21o_1)
     2    0.009812    0.045157    0.133021    4.375548 v _1487_/X (sky130_fd_sc_hd__a21o_1)
                                                         _0609_ (net)
                      0.045162    0.000501    4.376049 v _1514_/B2 (sky130_fd_sc_hd__a2bb2o_4)
     2    0.008272    0.029526    0.135356    4.511405 v _1514_/X (sky130_fd_sc_hd__a2bb2o_4)
                                                         _0635_ (net)
                      0.029526    0.000314    4.511718 v _1541_/A2 (sky130_fd_sc_hd__a21o_1)
     2    0.008090    0.039718    0.126430    4.638149 v _1541_/X (sky130_fd_sc_hd__a21o_1)
                                                         _0661_ (net)
                      0.039728    0.000599    4.638748 v _1570_/B2 (sky130_fd_sc_hd__a2bb2o_4)
     2    0.005250    0.026645    0.129023    4.767771 v _1570_/X (sky130_fd_sc_hd__a2bb2o_4)
                                                         _0689_ (net)
                      0.026645    0.000209    4.767980 v _1597_/A2 (sky130_fd_sc_hd__a21o_1)
     2    0.006286    0.034082    0.119789    4.887769 v _1597_/X (sky130_fd_sc_hd__a21o_1)
                                                         _0715_ (net)
                      0.034086    0.000388    4.888157 v _1625_/B2 (sky130_fd_sc_hd__a2bb2o_4)
     2    0.011621    0.032664    0.135565    5.023723 v _1625_/X (sky130_fd_sc_hd__a2bb2o_4)
                                                         _0742_ (net)
                      0.032737    0.001185    5.024907 v _1651_/B2 (sky130_fd_sc_hd__a2bb2o_4)
     2    0.006975    0.028383    0.128912    5.153820 v _1651_/X (sky130_fd_sc_hd__a2bb2o_4)
                                                         _0767_ (net)
                      0.028383    0.000425    5.154245 v _1677_/A2 (sky130_fd_sc_hd__a21o_1)
     2    0.006018    0.033263    0.119655    5.273900 v _1677_/X (sky130_fd_sc_hd__a21o_1)
                                                         _0792_ (net)
                      0.033264    0.000230    5.274130 v _1700_/B1 (sky130_fd_sc_hd__a32o_2)
     2    0.015481    0.045825    0.105604    5.379735 v _1700_/X (sky130_fd_sc_hd__a32o_2)
                                                         _0814_ (net)
                      0.045895    0.001256    5.380991 v _1725_/B2 (sky130_fd_sc_hd__a2bb2o_4)
     2    0.007472    0.028803    0.134530    5.515521 v _1725_/X (sky130_fd_sc_hd__a2bb2o_4)
                                                         _0838_ (net)
                      0.028803    0.000285    5.515805 v _1750_/B2 (sky130_fd_sc_hd__a2bb2o_4)
     2    0.005716    0.027259    0.125739    5.641544 v _1750_/X (sky130_fd_sc_hd__a2bb2o_4)
                                                         _0862_ (net)
                      0.027259    0.000207    5.641750 v _1774_/A2 (sky130_fd_sc_hd__a21o_1)
     2    0.009528    0.044233    0.130216    5.771966 v _1774_/X (sky130_fd_sc_hd__a21o_1)
                                                         _0885_ (net)
                      0.044238    0.000492    5.772459 v _1797_/B2 (sky130_fd_sc_hd__a2bb2o_4)
     2    0.012437    0.033501    0.140560    5.913019 v _1797_/X (sky130_fd_sc_hd__a2bb2o_4)
                                                         _0907_ (net)
                      0.033547    0.000856    5.913875 v _1824_/B2 (sky130_fd_sc_hd__a2bb2o_4)
     2    0.006208    0.027678    0.128157    6.042032 v _1824_/X (sky130_fd_sc_hd__a2bb2o_4)
                                                         _0933_ (net)
                      0.027678    0.000365    6.042397 v _1849_/A2 (sky130_fd_sc_hd__a21o_1)
     2    0.012349    0.050802    0.138146    6.180543 v _1849_/X (sky130_fd_sc_hd__a21o_1)
                                                         _0957_ (net)
                      0.050818    0.000849    6.181392 v _1876_/B2 (sky130_fd_sc_hd__a2bb2o_4)
     2    0.011196    0.032234    0.141334    6.322726 v _1876_/X (sky130_fd_sc_hd__a2bb2o_4)
                                                         _0983_ (net)
                      0.032271    0.000760    6.323485 v _1902_/B2 (sky130_fd_sc_hd__a2bb2o_4)
     2    0.011320    0.032341    0.134566    6.458052 v _1902_/X (sky130_fd_sc_hd__a2bb2o_4)
                                                         _1008_ (net)
                      0.032381    0.000813    6.458865 v _1926_/B2 (sky130_fd_sc_hd__a2bb2o_4)
     2    0.013626    0.034859    0.137672    6.596536 v _1926_/X (sky130_fd_sc_hd__a2bb2o_4)
                                                         _0015_ (net)
                      0.034899    0.001045    6.597581 v _1950_/A2 (sky130_fd_sc_hd__a21o_1)
     2    0.008729    0.041750    0.130454    6.728035 v _1950_/X (sky130_fd_sc_hd__a21o_1)
                                                         _0038_ (net)
                      0.041758    0.000570    6.728605 v _1974_/A2 (sky130_fd_sc_hd__a21o_1)
     2    0.015154    0.058642    0.150307    6.878913 v _1974_/X (sky130_fd_sc_hd__a21o_1)
                                                         _0062_ (net)
                      0.058659    0.000965    6.879878 v _1997_/A2 (sky130_fd_sc_hd__a21oi_4)
     3    0.013562    0.109002    0.133547    7.013425 ^ _1997_/Y (sky130_fd_sc_hd__a21oi_4)
                                                         _0086_ (net)
                      0.109003    0.000667    7.014092 ^ _2003_/B (sky130_fd_sc_hd__xor2_1)
     1    0.002973    0.041811    0.043822    7.057915 v _2003_/X (sky130_fd_sc_hd__xor2_1)
                                                         _0093_ (net)
                      0.041811    0.000203    7.058118 v _2004_/C1 (sky130_fd_sc_hd__a221o_1)
     1    0.004559    0.039332    0.102738    7.160856 v _2004_/X (sky130_fd_sc_hd__a221o_1)
                                                         _0094_ (net)
                      0.039332    0.000217    7.161072 v _2017_/A1 (sky130_fd_sc_hd__a211o_4)
     4    0.050164    0.082190    0.257192    7.418264 v _2017_/X (sky130_fd_sc_hd__a211o_4)
                                                         net71 (net)
                      0.082291    0.002560    7.420824 v _2019_/B (sky130_fd_sc_hd__xnor2_2)
     1    0.008342    0.054872    0.108624    7.529449 v _2019_/Y (sky130_fd_sc_hd__xnor2_2)
                                                         _0109_ (net)
                      0.054874    0.000635    7.530084 v _2055_/B (sky130_fd_sc_hd__xnor2_2)
     1    0.031485    0.313487    0.256431    7.786515 ^ _2055_/Y (sky130_fd_sc_hd__xnor2_2)
                                                         net72 (net)
                      0.313607    0.004925    7.791440 ^ output72/A (sky130_fd_sc_hd__buf_6)
     1    0.034174    0.060774    0.106083    7.897523 ^ output72/X (sky130_fd_sc_hd__buf_6)
                                                         P (net)
                      0.060883    0.001711    7.899233 ^ P (out)
                                              7.899233   data arrival time

                      0.000000   10.000000   10.000000   clock __VIRTUAL_CLK__ (rise edge)
                                  0.000000   10.000000   clock network delay (ideal)
                                 -0.250000    9.750000   clock uncertainty
                                  0.000000    9.750000   clock reconvergence pessimism
                                 -2.000000    7.750000   output external delay
                                              7.750000   data required time
---------------------------------------------------------------------------------------------
                                              7.750000   data required time
                                             -7.899233   data arrival time
---------------------------------------------------------------------------------------------
                                             -0.149234   slack (VIOLATED)




===========================================================================
 report_check_types -max_slew -max_cap -max_fanout -violators
============================================================================
======================= max_ff_n40C_1v95 Corner ===================================



===========================================================================
report_parasitic_annotation -report_unannotated
============================================================================
Found 0 unannotated drivers.
Found 0 partially unannotated drivers.

===========================================================================
max slew violation count 0
max fanout violation count 0
max cap violation count 0
============================================================================

===========================================================================
check_setup -verbose -unconstrained_endpoints -multiple_clock -no_clock -no_input_delay -loops -generated_clocks
===========================================================================
