Reading OpenROAD database at '/mnt/d/GitHUB/32-bit_ALU/ASIC_OpenLane/runs/RUN_2026-06-28_15-44-43/41-openroad-repairantennas/1-diodeinsertion/alu32.odb'…
Reading library file at '/home/lalith_kishore/.volare/volare/sky130/versions/0fe599b2afb6708d281543108caf8310912f54af/sky130A/libs.ref/sky130_fd_sc_hd/lib/sky130_fd_sc_hd__tt_025C_1v80.lib'…
Reading design constraints file at '/nix/store/ss2cw3sxbrwwx9jl0rrppbw4kgcmgi2n-python3-3.11.9-env/lib/python3.11/site-packages/openlane/scripts/base.sdc'…
[WARNING STA-0366] port '__VIRTUAL_CLK__' not found.
[INFO] Using clock __VIRTUAL_CLK__…
[INFO] Setting output delay to: 2.0
[INFO] Setting input delay to: 2.0
[WARNING STA-0366] port '__VIRTUAL_CLK__' not found.
[INFO] Setting load to: 0.033442
[INFO] Setting clock uncertainty to: 0.25
[INFO] Setting clock transition to: 0.1499999999999999944488848768742172978818416595458984375
[WARNING STA-0419] transition time can not be specified for virtual clocks.
[INFO] Setting timing derate to: 5%
[WARNING STA-0450] virtual clock __VIRTUAL_CLK__ can not be propagated.
[INFO ORD-0030] Using 16 thread(s).
[INFO DRT-0149] Reading tech and libs.
[WARNING DRT-0349] LEF58_ENCLOSURE with no CUTCLASS is not supported. Skipping for layer mcon
[WARNING DRT-0349] LEF58_ENCLOSURE with no CUTCLASS is not supported. Skipping for layer mcon
[WARNING DRT-0349] LEF58_ENCLOSURE with no CUTCLASS is not supported. Skipping for layer via
[WARNING DRT-0349] LEF58_ENCLOSURE with no CUTCLASS is not supported. Skipping for layer via
[WARNING DRT-0349] LEF58_ENCLOSURE with no CUTCLASS is not supported. Skipping for layer via2
[WARNING DRT-0349] LEF58_ENCLOSURE with no CUTCLASS is not supported. Skipping for layer via2
[WARNING DRT-0349] LEF58_ENCLOSURE with no CUTCLASS is not supported. Skipping for layer via3
[WARNING DRT-0349] LEF58_ENCLOSURE with no CUTCLASS is not supported. Skipping for layer via3
[WARNING DRT-0349] LEF58_ENCLOSURE with no CUTCLASS is not supported. Skipping for layer via4
[WARNING DRT-0349] LEF58_ENCLOSURE with no CUTCLASS is not supported. Skipping for layer via4

Units:                1000
Number of layers:     13
Number of macros:     441
Number of vias:       28
Number of viarulegen: 25

[INFO DRT-0150] Reading design.

Design:                   alu32
Die area:                 ( 0 0 ) ( 160610 171330 )
Number of track patterns: 12
Number of DEF vias:       0
Number of components:     1748
Number of terminals:      108
Number of snets:          2
Number of nets:           1399

[INFO DRT-0167] List of default vias:
  Layer via
    default via: M1M2_PR
  Layer via2
    default via: M2M3_PR
  Layer via3
    default via: M3M4_PR
  Layer via4
    default via: M4M5_PR
[INFO DRT-0162] Library cell analysis.
[INFO DRT-0163] Instance analysis.
[INFO DRT-0164] Number of unique instances = 261.
[INFO DRT-0168] Init region query.
[INFO DRT-0024]   Complete FR_MASTERSLICE.
[INFO DRT-0024]   Complete licon.
[INFO DRT-0024]   Complete li1.
[INFO DRT-0024]   Complete mcon.
[INFO DRT-0024]   Complete met1.
[INFO DRT-0024]   Complete via.
[INFO DRT-0024]   Complete met2.
[INFO DRT-0024]   Complete via2.
[INFO DRT-0024]   Complete met3.
[INFO DRT-0024]   Complete via3.
[INFO DRT-0024]   Complete met4.
[INFO DRT-0024]   Complete via4.
[INFO DRT-0024]   Complete met5.
[INFO DRT-0033] FR_MASTERSLICE shape region query size = 0.
[INFO DRT-0033] licon shape region query size = 0.
[INFO DRT-0033] li1 shape region query size = 37112.
[INFO DRT-0033] mcon shape region query size = 0.
[INFO DRT-0033] met1 shape region query size = 4103.
[INFO DRT-0033] via shape region query size = 275.
[INFO DRT-0033] met2 shape region query size = 229.
[INFO DRT-0033] via2 shape region query size = 220.
[INFO DRT-0033] met3 shape region query size = 207.
[INFO DRT-0033] via3 shape region query size = 220.
[INFO DRT-0033] met4 shape region query size = 59.
[INFO DRT-0033] via4 shape region query size = 0.
[INFO DRT-0033] met5 shape region query size = 0.
[INFO DRT-0165] Start pin access.
[INFO DRT-0076]   Complete 1000 pins.
[INFO DRT-0078]   Complete 1001 pins.
[INFO DRT-0079]   Complete 100 unique inst patterns.
[INFO DRT-0079]   Complete 200 unique inst patterns.
[INFO DRT-0081]   Complete 255 unique inst patterns.
[INFO DRT-0084]   Complete 811 groups.
#scanned instances     = 1748
#unique  instances     = 261
#stdCellGenAp          = 7402
#stdCellValidPlanarAp  = 28
#stdCellValidViaAp     = 5776
#stdCellPinNoAp        = 0
#stdCellPinCnt         = 4801
#instTermValidViaApCnt = 0
#macroGenAp            = 0
#macroValidPlanarAp    = 0
#macroValidViaAp       = 0
#macroNoAp             = 0
[INFO DRT-0166] Complete pin access.
[INFO DRT-0267] cpu time = 00:00:44, elapsed time = 00:00:02, memory = 151.41 (MB), peak = 149.85 (MB)

[INFO DRT-0157] Number of guides:     10969

[INFO DRT-0169] Post process guides.
[INFO DRT-0176] GCELLGRID X 0 DO 23 STEP 6900 ;
[INFO DRT-0177] GCELLGRID Y 0 DO 24 STEP 6900 ;
[INFO DRT-0028]   Complete FR_MASTERSLICE.
[INFO DRT-0028]   Complete licon.
[INFO DRT-0028]   Complete li1.
[INFO DRT-0028]   Complete mcon.
[INFO DRT-0028]   Complete met1.
[INFO DRT-0028]   Complete via.
[INFO DRT-0028]   Complete met2.
[INFO DRT-0028]   Complete via2.
[INFO DRT-0028]   Complete met3.
[INFO DRT-0028]   Complete via3.
[INFO DRT-0028]   Complete met4.
[INFO DRT-0028]   Complete via4.
[INFO DRT-0028]   Complete met5.
[INFO DRT-0178] Init guide query.
[INFO DRT-0035]   Complete FR_MASTERSLICE (guide).
[INFO DRT-0035]   Complete licon (guide).
[INFO DRT-0035]   Complete li1 (guide).
[INFO DRT-0035]   Complete mcon (guide).
[INFO DRT-0035]   Complete met1 (guide).
[INFO DRT-0035]   Complete via (guide).
[INFO DRT-0035]   Complete met2 (guide).
[INFO DRT-0035]   Complete via2 (guide).
[INFO DRT-0035]   Complete met3 (guide).
[INFO DRT-0035]   Complete via3 (guide).
[INFO DRT-0035]   Complete met4 (guide).
[INFO DRT-0035]   Complete via4 (guide).
[INFO DRT-0035]   Complete met5 (guide).
[INFO DRT-0036] FR_MASTERSLICE guide region query size = 0.
[INFO DRT-0036] licon guide region query size = 0.
[INFO DRT-0036] li1 guide region query size = 3819.
[INFO DRT-0036] mcon guide region query size = 0.
[INFO DRT-0036] met1 guide region query size = 2990.
[INFO DRT-0036] via guide region query size = 0.
[INFO DRT-0036] met2 guide region query size = 1682.
[INFO DRT-0036] via2 guide region query size = 0.
[INFO DRT-0036] met3 guide region query size = 228.
[INFO DRT-0036] via3 guide region query size = 0.
[INFO DRT-0036] met4 guide region query size = 70.
[INFO DRT-0036] via4 guide region query size = 0.
[INFO DRT-0036] met5 guide region query size = 0.
[INFO DRT-0179] Init gr pin query.
[INFO DRT-0245] skipped writing guide updates to database.
[INFO DRT-0185] Post process initialize RPin region query.
[INFO DRT-0181] Start track assignment.
[INFO DRT-0184] Done with 5571 vertical wires in 1 frboxes and 3218 horizontal wires in 1 frboxes.
[INFO DRT-0186] Done with 670 vertical wires in 1 frboxes and 1157 horizontal wires in 1 frboxes.
[INFO DRT-0182] Complete track assignment.
[INFO DRT-0267] cpu time = 00:00:05, elapsed time = 00:00:00, memory = 175.97 (MB), peak = 174.45 (MB)
[INFO DRT-0187] Start routing data preparation.
[INFO DRT-0267] cpu time = 00:00:00, elapsed time = 00:00:00, memory = 177.38 (MB), peak = 175.82 (MB)
[INFO DRT-0194] Start detail routing.
[INFO DRT-0195] Start 0th optimization iteration.
    Completing 10% with 0 violations.
    elapsed time = 00:00:01, memory = 260.69 (MB).
    Completing 20% with 0 violations.
    elapsed time = 00:00:03, memory = 217.39 (MB).
    Completing 30% with 130 violations.
    elapsed time = 00:00:03, memory = 288.44 (MB).
    Completing 40% with 130 violations.
    elapsed time = 00:00:06, memory = 316.53 (MB).
    Completing 50% with 130 violations.
    elapsed time = 00:00:13, memory = 286.98 (MB).
    Completing 60% with 290 violations.
    elapsed time = 00:00:13, memory = 356.89 (MB).
    Completing 70% with 290 violations.
    elapsed time = 00:00:22, memory = 298.73 (MB).
    Completing 80% with 483 violations.
    elapsed time = 00:00:22, memory = 302.32 (MB).
    Completing 90% with 483 violations.
    elapsed time = 00:00:23, memory = 366.29 (MB).
    Completing 100% with 685 violations.
    elapsed time = 00:00:32, memory = 342.20 (MB).
[INFO DRT-0199]   Number of violations = 785.
Viol/Layer         li1   mcon   met1   met2   met3   met4
Cut Spacing          0      1      0      0      0      0
Metal Spacing       12      0    107     23     10      0
Min Hole             0      0      1      0      0      0
Recheck              2      0     62     31      4      1
Short                0      1    502     28      0      0
[INFO DRT-0267] cpu time = 00:01:05, elapsed time = 00:00:33, memory = 705.21 (MB), peak = 703.80 (MB)
Total wire length = 45450 um.
Total wire length on LAYER li1 = 0 um.
Total wire length on LAYER met1 = 18325 um.
Total wire length on LAYER met2 = 20638 um.
Total wire length on LAYER met3 = 4065 um.
Total wire length on LAYER met4 = 2420 um.
Total wire length on LAYER met5 = 0 um.
Total number of vias = 10544.
Up-via summary (total 10544):

------------------------
 FR_MASTERSLICE        0
            li1     4805
           met1     5267
           met2      346
           met3      126
           met4        0
------------------------
                   10544


[INFO DRT-0195] Start 1st optimization iteration.
    Completing 10% with 785 violations.
    elapsed time = 00:00:00, memory = 772.69 (MB).
    Completing 20% with 785 violations.
    elapsed time = 00:00:05, memory = 743.61 (MB).
    Completing 30% with 695 violations.
    elapsed time = 00:00:06, memory = 811.71 (MB).
    Completing 40% with 695 violations.
    elapsed time = 00:00:07, memory = 817.44 (MB).
    Completing 50% with 695 violations.
    elapsed time = 00:00:17, memory = 769.19 (MB).
    Completing 60% with 622 violations.
    elapsed time = 00:00:18, memory = 820.03 (MB).
    Completing 70% with 622 violations.
    elapsed time = 00:00:24, memory = 784.70 (MB).
    Completing 80% with 560 violations.
    elapsed time = 00:00:24, memory = 845.95 (MB).
    Completing 90% with 560 violations.
    elapsed time = 00:00:25, memory = 858.47 (MB).
    Completing 100% with 476 violations.
    elapsed time = 00:00:38, memory = 834.55 (MB).
[INFO DRT-0199]   Number of violations = 476.
Viol/Layer        met1   met2   met3
Metal Spacing       74     11      3
Short              373     15      0
[INFO DRT-0267] cpu time = 00:01:03, elapsed time = 00:00:38, memory = 837.55 (MB), peak = 879.43 (MB)
Total wire length = 45136 um.
Total wire length on LAYER li1 = 0 um.
Total wire length on LAYER met1 = 18086 um.
Total wire length on LAYER met2 = 20593 um.
Total wire length on LAYER met3 = 4085 um.
Total wire length on LAYER met4 = 2370 um.
Total wire length on LAYER met5 = 0 um.
Total number of vias = 10408.
Up-via summary (total 10408):

------------------------
 FR_MASTERSLICE        0
            li1     4801
           met1     5142
           met2      349
           met3      116
           met4        0
------------------------
                   10408


[INFO DRT-0195] Start 2nd optimization iteration.
    Completing 10% with 476 violations.
    elapsed time = 00:00:00, memory = 837.55 (MB).
    Completing 20% with 476 violations.
    elapsed time = 00:00:00, memory = 837.55 (MB).
    Completing 30% with 499 violations.
    elapsed time = 00:00:12, memory = 837.55 (MB).
    Completing 40% with 499 violations.
    elapsed time = 00:00:12, memory = 852.32 (MB).
    Completing 50% with 499 violations.
    elapsed time = 00:00:20, memory = 875.55 (MB).
    Completing 60% with 502 violations.
    elapsed time = 00:00:20, memory = 875.55 (MB).
    Completing 70% with 502 violations.
    elapsed time = 00:00:20, memory = 876.36 (MB).
    Completing 80% with 502 violations.
    elapsed time = 00:00:26, memory = 899.52 (MB).
    Completing 90% with 476 violations.
    elapsed time = 00:00:29, memory = 959.21 (MB).
    Completing 100% with 476 violations.
    elapsed time = 00:00:30, memory = 926.82 (MB).
[INFO DRT-0199]   Number of violations = 476.
Viol/Layer        met1   met2
Metal Spacing       72     13
Short              364     27
[INFO DRT-0267] cpu time = 00:01:05, elapsed time = 00:00:31, memory = 926.82 (MB), peak = 957.98 (MB)
Total wire length = 45103 um.
Total wire length on LAYER li1 = 0 um.
Total wire length on LAYER met1 = 18135 um.
Total wire length on LAYER met2 = 20537 um.
Total wire length on LAYER met3 = 4057 um.
Total wire length on LAYER met4 = 2373 um.
Total wire length on LAYER met5 = 0 um.
Total number of vias = 10413.
Up-via summary (total 10413):

------------------------
 FR_MASTERSLICE        0
            li1     4801
           met1     5151
           met2      341
           met3      120
           met4        0
------------------------
                   10413


[INFO DRT-0195] Start 3rd optimization iteration.
    Completing 10% with 476 violations.
    elapsed time = 00:00:01, memory = 1008.89 (MB).
    Completing 20% with 476 violations.
    elapsed time = 00:00:02, memory = 976.86 (MB).
    Completing 30% with 396 violations.
    elapsed time = 00:00:02, memory = 976.86 (MB).
    Completing 40% with 396 violations.
    elapsed time = 00:00:08, memory = 984.43 (MB).
    Completing 50% with 396 violations.
    elapsed time = 00:00:10, memory = 985.36 (MB).
    Completing 60% with 356 violations.
    elapsed time = 00:00:10, memory = 985.36 (MB).
    Completing 70% with 356 violations.
    elapsed time = 00:00:26, memory = 1003.37 (MB).
    Completing 80% with 285 violations.
    elapsed time = 00:00:27, memory = 1003.37 (MB).
    Completing 90% with 285 violations.
    elapsed time = 00:00:27, memory = 1050.27 (MB).
    Completing 100% with 132 violations.
    elapsed time = 00:00:31, memory = 1003.37 (MB).
[INFO DRT-0199]   Number of violations = 132.
Viol/Layer        met1   met2
Metal Spacing       32      8
Short               76     16
[INFO DRT-0267] cpu time = 00:01:00, elapsed time = 00:00:32, memory = 1003.37 (MB), peak = 1049.00 (MB)
Total wire length = 45023 um.
Total wire length on LAYER li1 = 0 um.
Total wire length on LAYER met1 = 16781 um.
Total wire length on LAYER met2 = 20586 um.
Total wire length on LAYER met3 = 5279 um.
Total wire length on LAYER met4 = 2375 um.
Total wire length on LAYER met5 = 0 um.
Total number of vias = 10619.
Up-via summary (total 10619):

------------------------
 FR_MASTERSLICE        0
            li1     4801
           met1     5168
           met2      534
           met3      116
           met4        0
------------------------
                   10619


[INFO DRT-0195] Start 4th optimization iteration.
    Completing 10% with 132 violations.
    elapsed time = 00:00:00, memory = 1003.37 (MB).
    Completing 20% with 132 violations.
    elapsed time = 00:00:07, memory = 1003.37 (MB).
    Completing 30% with 85 violations.
    elapsed time = 00:00:07, memory = 1003.37 (MB).
    Completing 40% with 85 violations.
    elapsed time = 00:00:08, memory = 1003.39 (MB).
    Completing 50% with 85 violations.
    elapsed time = 00:00:11, memory = 1003.45 (MB).
    Completing 60% with 84 violations.
    elapsed time = 00:00:11, memory = 1003.45 (MB).
    Completing 70% with 84 violations.
    elapsed time = 00:00:23, memory = 1010.73 (MB).
    Completing 80% with 73 violations.
    elapsed time = 00:00:23, memory = 1010.73 (MB).
    Completing 90% with 73 violations.
    elapsed time = 00:00:23, memory = 1057.38 (MB).
    Completing 100% with 72 violations.
    elapsed time = 00:00:35, memory = 1010.73 (MB).
[INFO DRT-0199]   Number of violations = 72.
Viol/Layer        mcon   met1   met2
Cut Spacing          1      0      0
Metal Spacing        0     19      6
Min Hole             0      1      0
Short                0     40      5
[INFO DRT-0267] cpu time = 00:00:53, elapsed time = 00:00:35, memory = 1010.73 (MB), peak = 1056.19 (MB)
Total wire length = 45048 um.
Total wire length on LAYER li1 = 0 um.
Total wire length on LAYER met1 = 16724 um.
Total wire length on LAYER met2 = 20585 um.
Total wire length on LAYER met3 = 5329 um.
Total wire length on LAYER met4 = 2408 um.
Total wire length on LAYER met5 = 0 um.
Total number of vias = 10655.
Up-via summary (total 10655):

------------------------
 FR_MASTERSLICE        0
            li1     4801
           met1     5182
           met2      546
           met3      126
           met4        0
------------------------
                   10655


[INFO DRT-0195] Start 5th optimization iteration.
    Completing 10% with 72 violations.
    elapsed time = 00:00:00, memory = 1010.73 (MB).
    Completing 20% with 72 violations.
    elapsed time = 00:00:00, memory = 1010.73 (MB).
    Completing 30% with 45 violations.
    elapsed time = 00:00:01, memory = 1010.73 (MB).
    Completing 40% with 45 violations.
    elapsed time = 00:00:01, memory = 1029.83 (MB).
    Completing 50% with 45 violations.
    elapsed time = 00:00:02, memory = 1029.83 (MB).
    Completing 60% with 44 violations.
    elapsed time = 00:00:02, memory = 1029.83 (MB).
    Completing 70% with 44 violations.
    elapsed time = 00:00:03, memory = 1029.83 (MB).
    Completing 80% with 42 violations.
    elapsed time = 00:00:03, memory = 1029.83 (MB).
    Completing 90% with 42 violations.
    elapsed time = 00:00:03, memory = 1029.83 (MB).
    Completing 100% with 42 violations.
    elapsed time = 00:00:16, memory = 1063.22 (MB).
[INFO DRT-0199]   Number of violations = 42.
Viol/Layer        met1   met2
Metal Spacing        5      4
Short               29      4
[INFO DRT-0267] cpu time = 00:00:33, elapsed time = 00:00:16, memory = 1063.22 (MB), peak = 1125.90 (MB)
Total wire length = 45045 um.
Total wire length on LAYER li1 = 0 um.
Total wire length on LAYER met1 = 16738 um.
Total wire length on LAYER met2 = 20578 um.
Total wire length on LAYER met3 = 5324 um.
Total wire length on LAYER met4 = 2404 um.
Total wire length on LAYER met5 = 0 um.
Total number of vias = 10660.
Up-via summary (total 10660):

------------------------
 FR_MASTERSLICE        0
            li1     4801
           met1     5191
           met2      544
           met3      124
           met4        0
------------------------
                   10660


[INFO DRT-0195] Start 6th optimization iteration.
    Completing 10% with 42 violations.
    elapsed time = 00:00:00, memory = 1063.22 (MB).
    Completing 20% with 42 violations.
    elapsed time = 00:00:00, memory = 1063.22 (MB).
    Completing 30% with 39 violations.
    elapsed time = 00:00:00, memory = 1063.22 (MB).
    Completing 40% with 39 violations.
    elapsed time = 00:00:00, memory = 1112.36 (MB).
    Completing 50% with 39 violations.
    elapsed time = 00:00:00, memory = 1063.22 (MB).
    Completing 60% with 36 violations.
    elapsed time = 00:00:00, memory = 1063.22 (MB).
    Completing 70% with 36 violations.
    elapsed time = 00:00:06, memory = 1069.43 (MB).
    Completing 80% with 20 violations.
    elapsed time = 00:00:06, memory = 1069.43 (MB).
    Completing 90% with 20 violations.
    elapsed time = 00:00:06, memory = 1069.43 (MB).
    Completing 100% with 7 violations.
    elapsed time = 00:00:07, memory = 1069.43 (MB).
[INFO DRT-0199]   Number of violations = 7.
Viol/Layer        met1
Metal Spacing        3
Short                4
[INFO DRT-0267] cpu time = 00:00:21, elapsed time = 00:00:08, memory = 1069.43 (MB), peak = 1125.90 (MB)
Total wire length = 45034 um.
Total wire length on LAYER li1 = 0 um.
Total wire length on LAYER met1 = 16629 um.
Total wire length on LAYER met2 = 20600 um.
Total wire length on LAYER met3 = 5429 um.
Total wire length on LAYER met4 = 2375 um.
Total wire length on LAYER met5 = 0 um.
Total number of vias = 10678.
Up-via summary (total 10678):

------------------------
 FR_MASTERSLICE        0
            li1     4801
           met1     5189
           met2      566
           met3      122
           met4        0
------------------------
                   10678


[INFO DRT-0195] Start 7th optimization iteration.
    Completing 10% with 7 violations.
    elapsed time = 00:00:00, memory = 1069.43 (MB).
    Completing 20% with 7 violations.
    elapsed time = 00:00:00, memory = 1069.43 (MB).
    Completing 30% with 7 violations.
    elapsed time = 00:00:00, memory = 1069.43 (MB).
    Completing 40% with 7 violations.
    elapsed time = 00:00:00, memory = 1069.43 (MB).
    Completing 50% with 7 violations.
    elapsed time = 00:00:00, memory = 1069.43 (MB).
    Completing 60% with 7 violations.
    elapsed time = 00:00:00, memory = 1069.43 (MB).
    Completing 70% with 7 violations.
    elapsed time = 00:00:00, memory = 1069.43 (MB).
    Completing 80% with 0 violations.
    elapsed time = 00:00:00, memory = 1069.43 (MB).
    Completing 90% with 0 violations.
    elapsed time = 00:00:00, memory = 1069.43 (MB).
    Completing 100% with 0 violations.
    elapsed time = 00:00:00, memory = 1069.43 (MB).
[INFO DRT-0199]   Number of violations = 0.
[INFO DRT-0267] cpu time = 00:00:09, elapsed time = 00:00:01, memory = 1069.43 (MB), peak = 1125.90 (MB)
Total wire length = 45031 um.
Total wire length on LAYER li1 = 0 um.
Total wire length on LAYER met1 = 16611 um.
Total wire length on LAYER met2 = 20592 um.
Total wire length on LAYER met3 = 5450 um.
Total wire length on LAYER met4 = 2375 um.
Total wire length on LAYER met5 = 0 um.
Total number of vias = 10676.
Up-via summary (total 10676):

------------------------
 FR_MASTERSLICE        0
            li1     4801
           met1     5185
           met2      568
           met3      122
           met4        0
------------------------
                   10676


[INFO DRT-0198] Complete detail routing.
Total wire length = 45031 um.
Total wire length on LAYER li1 = 0 um.
Total wire length on LAYER met1 = 16611 um.
Total wire length on LAYER met2 = 20592 um.
Total wire length on LAYER met3 = 5450 um.
Total wire length on LAYER met4 = 2375 um.
Total wire length on LAYER met5 = 0 um.
Total number of vias = 10676.
Up-via summary (total 10676):

------------------------
 FR_MASTERSLICE        0
            li1     4801
           met1     5185
           met2      568
           met3      122
           met4        0
------------------------
                   10676


[INFO DRT-0267] cpu time = 00:06:13, elapsed time = 00:03:18, memory = 1069.43 (MB), peak = 1125.90 (MB)

[INFO DRT-0180] Post processing.
Setting global connections for newly added cells…
[INFO] Setting global connections...
Updating metrics…
Cell type report:                       Count       Area
  Fill cell                               108     405.39
  Tap cell                                308     385.37
  Antenna cell                              2       5.00
  Buffer                                    1       3.75
  Timing Repair Buffer                    277    1964.38
  Inverter                                 54     212.70
  Multi-Input combinational cell          998    8848.49
  Total                                  1748   11825.09
Writing OpenROAD database to '/mnt/d/GitHUB/32-bit_ALU/ASIC_OpenLane/runs/RUN_2026-06-28_15-44-43/43-openroad-detailedrouting/alu32.odb'…
Writing netlist to '/mnt/d/GitHUB/32-bit_ALU/ASIC_OpenLane/runs/RUN_2026-06-28_15-44-43/43-openroad-detailedrouting/alu32.nl.v'…
Writing powered netlist to '/mnt/d/GitHUB/32-bit_ALU/ASIC_OpenLane/runs/RUN_2026-06-28_15-44-43/43-openroad-detailedrouting/alu32.pnl.v'…
Writing layout to '/mnt/d/GitHUB/32-bit_ALU/ASIC_OpenLane/runs/RUN_2026-06-28_15-44-43/43-openroad-detailedrouting/alu32.def'…
Writing timing constraints to '/mnt/d/GitHUB/32-bit_ALU/ASIC_OpenLane/runs/RUN_2026-06-28_15-44-43/43-openroad-detailedrouting/alu32.sdc'…
