Reading OpenROAD database at '/mnt/d/GitHUB/32-bit_ALU/ASIC_OpenLane/runs/RUN_2026-06-28_15-44-43/47-odb-reportdisconnectedpins/alu32.odb'…
Reading library file at '/home/lalith_kishore/.volare/volare/sky130/versions/0fe599b2afb6708d281543108caf8310912f54af/sky130A/libs.ref/sky130_fd_sc_hd/lib/sky130_fd_sc_hd__tt_025C_1v80.lib'…
Reading design constraints file at '/nix/store/ss2cw3sxbrwwx9jl0rrppbw4kgcmgi2n-python3-3.11.9-env/lib/python3.11/site-packages/openlane/scripts/base.sdc'…
[WARNING STA-0366] port '__VIRTUAL_CLK__' not found.
[INFO] Using clock __VIRTUAL_CLK__…
[INFO] Setting output delay to: 2.0
[INFO] Setting input delay to: 2.0
[WARNING STA-0366] port '__VIRTUAL_CLK__' not found.
[INFO] Setting load to: 0.033442
[INFO] Setting clock uncertainty to: 0.25
[INFO] Setting clock transition to: 0.1499999999999999944488848768742172978818416595458984375
[WARNING STA-0419] transition time can not be specified for virtual clocks.
[INFO] Setting timing derate to: 5%
[WARNING STA-0450] virtual clock __VIRTUAL_CLK__ can not be propagated.
sky130_ef_sc_hd__decap_12 sky130_fd_sc_hd__decap_8 sky130_fd_sc_hd__decap_6 sky130_fd_sc_hd__decap_4 sky130_fd_sc_hd__decap_3 sky130_fd_sc_hd__fill*
[INFO DPL-0001] Placed 1486 filler instances.
Setting global connections for newly added cells…
[INFO] Setting global connections...
Updating metrics…
Cell type report:                       Count       Area
  Fill cell                              1594   10538.86
  Tap cell                                308     385.37
  Antenna cell                              2       5.00
  Buffer                                    1       3.75
  Timing Repair Buffer                    277    1964.38
  Inverter                                 54     212.70
  Multi-Input combinational cell          998    8848.49
  Total                                  3234   21958.56
Writing OpenROAD database to '/mnt/d/GitHUB/32-bit_ALU/ASIC_OpenLane/runs/RUN_2026-06-28_15-44-43/51-openroad-fillinsertion/alu32.odb'…
Writing netlist to '/mnt/d/GitHUB/32-bit_ALU/ASIC_OpenLane/runs/RUN_2026-06-28_15-44-43/51-openroad-fillinsertion/alu32.nl.v'…
Writing powered netlist to '/mnt/d/GitHUB/32-bit_ALU/ASIC_OpenLane/runs/RUN_2026-06-28_15-44-43/51-openroad-fillinsertion/alu32.pnl.v'…
Writing layout to '/mnt/d/GitHUB/32-bit_ALU/ASIC_OpenLane/runs/RUN_2026-06-28_15-44-43/51-openroad-fillinsertion/alu32.def'…
Writing timing constraints to '/mnt/d/GitHUB/32-bit_ALU/ASIC_OpenLane/runs/RUN_2026-06-28_15-44-43/51-openroad-fillinsertion/alu32.sdc'…
