
 /----------------------------------------------------------------------------\
 |  yosys -- Yosys Open SYnthesis Suite                                       |
 |  Copyright (C) 2012 - 2024  Claire Xenia Wolf <claire@yosyshq.com>         |
 |  Distributed under an ISC-like license, type "license" to see terms        |
 \----------------------------------------------------------------------------/
 Yosys 0.46 (git sha1 e97731b9dda91fa5fa53ed87df7c34163ba59a41, clang++ 17.0.6 -fPIC -O3)
Loaded SDC plugin

1. Executing Liberty frontend: /home/lalith_kishore/.volare/volare/sky130/versions/0fe599b2afb6708d281543108caf8310912f54af/sky130A/libs.ref/sky130_fd_sc_hd/lib/sky130_fd_sc_hd__tt_025C_1v80.lib
Imported 428 cell types from liberty file.
[INFO] Using SDC file '/mnt/d/GitHUB/32-bit_ALU/ASIC_OpenLane/runs/RUN_2026-06-28_15-44-43/06-yosys-synthesis/synthesis.abc.sdc' for ABC…

2. Executing Verilog-2005 frontend: /mnt/d/GitHUB/32-bit_ALU/ASIC_OpenLane/src/alu32.v
Parsing SystemVerilog input from `/mnt/d/GitHUB/32-bit_ALU/ASIC_OpenLane/src/alu32.v' to AST representation.
Storing AST representation for module `$abstract\alu32'.
Successfully finished Verilog frontend.

3. Executing Verilog-2005 frontend: /mnt/d/GitHUB/32-bit_ALU/ASIC_OpenLane/src/arithmetic_unit.v
Parsing SystemVerilog input from `/mnt/d/GitHUB/32-bit_ALU/ASIC_OpenLane/src/arithmetic_unit.v' to AST representation.
Storing AST representation for module `$abstract\arithmetic_unit'.
Successfully finished Verilog frontend.

4. Executing Verilog-2005 frontend: /mnt/d/GitHUB/32-bit_ALU/ASIC_OpenLane/src/cla32.v
Parsing SystemVerilog input from `/mnt/d/GitHUB/32-bit_ALU/ASIC_OpenLane/src/cla32.v' to AST representation.
Storing AST representation for module `$abstract\cla32'.
Successfully finished Verilog frontend.

5. Executing Verilog-2005 frontend: /mnt/d/GitHUB/32-bit_ALU/ASIC_OpenLane/src/cla4.v
Parsing SystemVerilog input from `/mnt/d/GitHUB/32-bit_ALU/ASIC_OpenLane/src/cla4.v' to AST representation.
Storing AST representation for module `$abstract\cla4'.
Successfully finished Verilog frontend.

6. Executing Verilog-2005 frontend: /mnt/d/GitHUB/32-bit_ALU/ASIC_OpenLane/src/cla8.v
Parsing SystemVerilog input from `/mnt/d/GitHUB/32-bit_ALU/ASIC_OpenLane/src/cla8.v' to AST representation.
Storing AST representation for module `$abstract\cla8'.
Successfully finished Verilog frontend.

7. Executing Verilog-2005 frontend: /mnt/d/GitHUB/32-bit_ALU/ASIC_OpenLane/src/logical_unit.v
Parsing SystemVerilog input from `/mnt/d/GitHUB/32-bit_ALU/ASIC_OpenLane/src/logical_unit.v' to AST representation.
Storing AST representation for module `$abstract\logical_unit'.
Successfully finished Verilog frontend.

8. Executing Verilog-2005 frontend: /mnt/d/GitHUB/32-bit_ALU/ASIC_OpenLane/src/shift_unit.v
Parsing SystemVerilog input from `/mnt/d/GitHUB/32-bit_ALU/ASIC_OpenLane/src/shift_unit.v' to AST representation.
Storing AST representation for module `$abstract\shift_unit'.
Successfully finished Verilog frontend.

9. Executing HIERARCHY pass (managing design hierarchy).

10. Executing AST frontend in derive mode using pre-parsed AST for module `\alu32'.
Generating RTLIL representation for module `\alu32'.

10.1. Analyzing design hierarchy..
Top module:  \alu32

10.2. Executing AST frontend in derive mode using pre-parsed AST for module `\shift_unit'.
Generating RTLIL representation for module `\shift_unit'.

10.3. Executing AST frontend in derive mode using pre-parsed AST for module `\logical_unit'.
Generating RTLIL representation for module `\logical_unit'.

10.4. Executing AST frontend in derive mode using pre-parsed AST for module `\arithmetic_unit'.
Generating RTLIL representation for module `\arithmetic_unit'.

10.5. Analyzing design hierarchy..
Top module:  \alu32
Used module:     \shift_unit
Used module:     \logical_unit
Used module:     \arithmetic_unit

10.6. Executing AST frontend in derive mode using pre-parsed AST for module `\cla32'.
Generating RTLIL representation for module `\cla32'.

10.7. Analyzing design hierarchy..
Top module:  \alu32
Used module:     \shift_unit
Used module:     \logical_unit
Used module:     \arithmetic_unit
Used module:         \cla32

10.8. Executing AST frontend in derive mode using pre-parsed AST for module `\cla8'.
Generating RTLIL representation for module `\cla8'.

10.9. Analyzing design hierarchy..
Top module:  \alu32
Used module:     \shift_unit
Used module:     \logical_unit
Used module:     \arithmetic_unit
Used module:         \cla32
Used module:             \cla8

10.10. Executing AST frontend in derive mode using pre-parsed AST for module `\cla4'.
Generating RTLIL representation for module `\cla4'.

10.11. Analyzing design hierarchy..
Top module:  \alu32
Used module:     \shift_unit
Used module:     \logical_unit
Used module:     \arithmetic_unit
Used module:         \cla32
Used module:             \cla8
Used module:                 \cla4

10.12. Analyzing design hierarchy..
Top module:  \alu32
Used module:     \shift_unit
Used module:     \logical_unit
Used module:     \arithmetic_unit
Used module:         \cla32
Used module:             \cla8
Used module:                 \cla4
Removing unused module `$abstract\shift_unit'.
Removing unused module `$abstract\logical_unit'.
Removing unused module `$abstract\cla8'.
Removing unused module `$abstract\cla4'.
Removing unused module `$abstract\cla32'.
Removing unused module `$abstract\arithmetic_unit'.
Removing unused module `$abstract\alu32'.
Removed 7 unused modules.
Renaming module alu32 to alu32.

11. Generating Graphviz representation of design.
Writing dot description to `/mnt/d/GitHUB/32-bit_ALU/ASIC_OpenLane/runs/RUN_2026-06-28_15-44-43/06-yosys-synthesis/hierarchy.dot'.
Dumping module alu32 to page 1.

12. Executing TRIBUF pass.

13. Executing HIERARCHY pass (managing design hierarchy).

13.1. Analyzing design hierarchy..
Top module:  \alu32
Used module:     \shift_unit
Used module:     \logical_unit
Used module:     \arithmetic_unit
Used module:         \cla32
Used module:             \cla8
Used module:                 \cla4

13.2. Analyzing design hierarchy..
Top module:  \alu32
Used module:     \shift_unit
Used module:     \logical_unit
Used module:     \arithmetic_unit
Used module:         \cla32
Used module:             \cla8
Used module:                 \cla4
Removed 0 unused modules.

14. Executing PROC_CLEAN pass (remove empty switches from decision trees).
Cleaned up 0 empty switches.

15. Executing PROC_RMDEAD pass (remove dead branches from decision trees).
Marked 1 switch rules as full_case in process $proc$/mnt/d/GitHUB/32-bit_ALU/ASIC_OpenLane/src/alu32.v:86$2 in module alu32.
Marked 1 switch rules as full_case in process $proc$/mnt/d/GitHUB/32-bit_ALU/ASIC_OpenLane/src/alu32.v:55$1 in module alu32.
Marked 2 switch rules as full_case in process $proc$/mnt/d/GitHUB/32-bit_ALU/ASIC_OpenLane/src/arithmetic_unit.v:128$30 in module arithmetic_unit.
Marked 2 switch rules as full_case in process $proc$/mnt/d/GitHUB/32-bit_ALU/ASIC_OpenLane/src/arithmetic_unit.v:50$27 in module arithmetic_unit.
Marked 2 switch rules as full_case in process $proc$/mnt/d/GitHUB/32-bit_ALU/ASIC_OpenLane/src/logical_unit.v:20$15 in module logical_unit.
Marked 2 switch rules as full_case in process $proc$/mnt/d/GitHUB/32-bit_ALU/ASIC_OpenLane/src/shift_unit.v:16$10 in module shift_unit.
Removed a total of 0 dead cases.

16. Executing PROC_PRUNE pass (remove redundant assignments in processes).
Removed 0 redundant assignments.
Promoted 13 assignments to connections.

17. Executing PROC_INIT pass (extract init attributes).

18. Executing PROC_ARST pass (detect async resets in processes).

19. Executing PROC_ROM pass (convert switches to ROMs).
Converted 0 switches.
<suppressed ~10 debug messages>

20. Executing PROC_MUX pass (convert decision trees to multiplexers).
Creating decoders for process `\alu32.$proc$/mnt/d/GitHUB/32-bit_ALU/ASIC_OpenLane/src/alu32.v:86$2'.
     1/1: $1\Result[31:0]
Creating decoders for process `\alu32.$proc$/mnt/d/GitHUB/32-bit_ALU/ASIC_OpenLane/src/alu32.v:55$1'.
     1/4: $1\arith_enable[0:0]
     2/4: $1\shift_enable[0:0]
     3/4: $1\logic_enable[0:0]
     4/4: $1\op_sel[2:0]
Creating decoders for process `\arithmetic_unit.$proc$/mnt/d/GitHUB/32-bit_ALU/ASIC_OpenLane/src/arithmetic_unit.v:128$30'.
     1/6: $2\V[0:0]
     2/6: $2\Cout[0:0]
     3/6: $2\Result[31:0]
     4/6: $1\V[0:0]
     5/6: $1\Cout[0:0]
     6/6: $1\Result[31:0]
Creating decoders for process `\arithmetic_unit.$proc$/mnt/d/GitHUB/32-bit_ALU/ASIC_OpenLane/src/arithmetic_unit.v:50$27'.
     1/6: $2\cla_Cin[0:0]
     2/6: $2\cla_B[31:0]
     3/6: $2\cla_A[31:0]
     4/6: $1\cla_Cin[0:0]
     5/6: $1\cla_B[31:0]
     6/6: $1\cla_A[31:0]
Creating decoders for process `\logical_unit.$proc$/mnt/d/GitHUB/32-bit_ALU/ASIC_OpenLane/src/logical_unit.v:20$15'.
     1/2: $2\Result[31:0]
     2/2: $1\Result[31:0]
Creating decoders for process `\shift_unit.$proc$/mnt/d/GitHUB/32-bit_ALU/ASIC_OpenLane/src/shift_unit.v:16$10'.
     1/2: $2\Result[31:0]
     2/2: $1\Result[31:0]

21. Executing PROC_DLATCH pass (convert process syncs to latches).
No latch inferred for signal `\alu32.\Result' from process `\alu32.$proc$/mnt/d/GitHUB/32-bit_ALU/ASIC_OpenLane/src/alu32.v:86$2'.
No latch inferred for signal `\alu32.\op_sel' from process `\alu32.$proc$/mnt/d/GitHUB/32-bit_ALU/ASIC_OpenLane/src/alu32.v:55$1'.
No latch inferred for signal `\alu32.\arith_enable' from process `\alu32.$proc$/mnt/d/GitHUB/32-bit_ALU/ASIC_OpenLane/src/alu32.v:55$1'.
No latch inferred for signal `\alu32.\logic_enable' from process `\alu32.$proc$/mnt/d/GitHUB/32-bit_ALU/ASIC_OpenLane/src/alu32.v:55$1'.
No latch inferred for signal `\alu32.\shift_enable' from process `\alu32.$proc$/mnt/d/GitHUB/32-bit_ALU/ASIC_OpenLane/src/alu32.v:55$1'.
No latch inferred for signal `\arithmetic_unit.\V' from process `\arithmetic_unit.$proc$/mnt/d/GitHUB/32-bit_ALU/ASIC_OpenLane/src/arithmetic_unit.v:128$30'.
No latch inferred for signal `\arithmetic_unit.\Result' from process `\arithmetic_unit.$proc$/mnt/d/GitHUB/32-bit_ALU/ASIC_OpenLane/src/arithmetic_unit.v:128$30'.
No latch inferred for signal `\arithmetic_unit.\Cout' from process `\arithmetic_unit.$proc$/mnt/d/GitHUB/32-bit_ALU/ASIC_OpenLane/src/arithmetic_unit.v:128$30'.
No latch inferred for signal `\arithmetic_unit.\cla_A' from process `\arithmetic_unit.$proc$/mnt/d/GitHUB/32-bit_ALU/ASIC_OpenLane/src/arithmetic_unit.v:50$27'.
No latch inferred for signal `\arithmetic_unit.\cla_B' from process `\arithmetic_unit.$proc$/mnt/d/GitHUB/32-bit_ALU/ASIC_OpenLane/src/arithmetic_unit.v:50$27'.
No latch inferred for signal `\arithmetic_unit.\cla_Cin' from process `\arithmetic_unit.$proc$/mnt/d/GitHUB/32-bit_ALU/ASIC_OpenLane/src/arithmetic_unit.v:50$27'.
No latch inferred for signal `\logical_unit.\Result' from process `\logical_unit.$proc$/mnt/d/GitHUB/32-bit_ALU/ASIC_OpenLane/src/logical_unit.v:20$15'.
No latch inferred for signal `\shift_unit.\Result' from process `\shift_unit.$proc$/mnt/d/GitHUB/32-bit_ALU/ASIC_OpenLane/src/shift_unit.v:16$10'.

22. Executing PROC_DFF pass (convert process syncs to FFs).

23. Executing PROC_MEMWR pass (convert process memory writes to cells).

24. Executing PROC_CLEAN pass (remove empty switches from decision trees).
Found and cleaned up 1 empty switch in `\alu32.$proc$/mnt/d/GitHUB/32-bit_ALU/ASIC_OpenLane/src/alu32.v:86$2'.
Removing empty process `alu32.$proc$/mnt/d/GitHUB/32-bit_ALU/ASIC_OpenLane/src/alu32.v:86$2'.
Found and cleaned up 1 empty switch in `\alu32.$proc$/mnt/d/GitHUB/32-bit_ALU/ASIC_OpenLane/src/alu32.v:55$1'.
Removing empty process `alu32.$proc$/mnt/d/GitHUB/32-bit_ALU/ASIC_OpenLane/src/alu32.v:55$1'.
Found and cleaned up 2 empty switches in `\arithmetic_unit.$proc$/mnt/d/GitHUB/32-bit_ALU/ASIC_OpenLane/src/arithmetic_unit.v:128$30'.
Removing empty process `arithmetic_unit.$proc$/mnt/d/GitHUB/32-bit_ALU/ASIC_OpenLane/src/arithmetic_unit.v:128$30'.
Found and cleaned up 2 empty switches in `\arithmetic_unit.$proc$/mnt/d/GitHUB/32-bit_ALU/ASIC_OpenLane/src/arithmetic_unit.v:50$27'.
Removing empty process `arithmetic_unit.$proc$/mnt/d/GitHUB/32-bit_ALU/ASIC_OpenLane/src/arithmetic_unit.v:50$27'.
Found and cleaned up 2 empty switches in `\logical_unit.$proc$/mnt/d/GitHUB/32-bit_ALU/ASIC_OpenLane/src/logical_unit.v:20$15'.
Removing empty process `logical_unit.$proc$/mnt/d/GitHUB/32-bit_ALU/ASIC_OpenLane/src/logical_unit.v:20$15'.
Found and cleaned up 2 empty switches in `\shift_unit.$proc$/mnt/d/GitHUB/32-bit_ALU/ASIC_OpenLane/src/shift_unit.v:16$10'.
Removing empty process `shift_unit.$proc$/mnt/d/GitHUB/32-bit_ALU/ASIC_OpenLane/src/shift_unit.v:16$10'.
Cleaned up 10 empty switches.

25. Executing CHECK pass (checking for obvious problems).
Checking module alu32...
Checking module cla8...
Checking module cla32...
Checking module arithmetic_unit...
Checking module logical_unit...
Checking module shift_unit...
Checking module cla4...
Found and reported 0 problems.

26. Executing OPT_EXPR pass (perform const folding).
Optimizing module alu32.
<suppressed ~6 debug messages>
Optimizing module cla8.
Optimizing module cla32.
Optimizing module arithmetic_unit.
<suppressed ~17 debug messages>
Optimizing module logical_unit.
<suppressed ~3 debug messages>
Optimizing module shift_unit.
<suppressed ~3 debug messages>
Optimizing module cla4.

27. Executing FLATTEN pass (flatten design).
Deleting now unused module cla8.
Deleting now unused module cla32.
Deleting now unused module arithmetic_unit.
Deleting now unused module logical_unit.
Deleting now unused module shift_unit.
Deleting now unused module cla4.
<suppressed ~10 debug messages>

28. Executing OPT_EXPR pass (perform const folding).
Optimizing module alu32.

29. Executing OPT_CLEAN pass (remove unused cells and wires).
Finding unused cells or wires in module \alu32..
Removed 4 unused cells and 127 unused wires.
<suppressed ~5 debug messages>

30. Executing OPT_EXPR pass (perform const folding).
Optimizing module alu32.

31. Executing OPT_MERGE pass (detect identical cells).
Finding identical cells in module `\alu32'.
<suppressed ~405 debug messages>
Removed a total of 135 cells.

32. Executing OPT_MUXTREE pass (detect dead branches in mux trees).
Running muxtree optimizer on module \alu32..
  Creating internal representation of mux trees.
  Evaluating internal representation of mux trees.
  Analyzing evaluation results.
    dead port 2/2 on $mux $flatten\AU.$procmux$94.
    dead port 2/2 on $mux $flatten\AU.$procmux$142.
    dead port 2/2 on $mux $flatten\AU.$procmux$121.
    dead port 2/2 on $mux $flatten\AU.$procmux$86.
    dead port 2/2 on $mux $flatten\AU.$procmux$102.
    dead port 2/2 on $mux $flatten\LU.$procmux$163.
    dead port 2/2 on $mux $flatten\AU.$procmux$131.
    dead port 2/2 on $mux $flatten\SU.$procmux$174.
Removed 8 multiplexer ports.
<suppressed ~11 debug messages>

33. Executing OPT_REDUCE pass (consolidate $*mux and $reduce_* inputs).
  Optimizing cells in module \alu32.
    New ctrl vector for $pmux cell $flatten\AU.$procmux$117: $auto$opt_reduce.cc:134:opt_pmux$190
    New ctrl vector for $pmux cell $flatten\AU.$procmux$136: $auto$opt_reduce.cc:134:opt_pmux$192
    New ctrl vector for $pmux cell $procmux$76: $auto$opt_reduce.cc:134:opt_pmux$194
  Optimizing cells in module \alu32.
Performed a total of 3 changes.

34. Executing OPT_MERGE pass (detect identical cells).
Finding identical cells in module `\alu32'.
<suppressed ~3 debug messages>
Removed a total of 1 cells.

35. Executing OPT_DFF pass (perform DFF optimizations).

36. Executing OPT_CLEAN pass (remove unused cells and wires).
Finding unused cells or wires in module \alu32..
Removed 0 unused cells and 138 unused wires.
<suppressed ~1 debug messages>

37. Executing OPT_EXPR pass (perform const folding).
Optimizing module alu32.

38. Rerunning OPT passes. (Maybe there is more to do…)

39. Executing OPT_MUXTREE pass (detect dead branches in mux trees).
Running muxtree optimizer on module \alu32..
  Creating internal representation of mux trees.
  Evaluating internal representation of mux trees.
  Analyzing evaluation results.
Removed 0 multiplexer ports.
<suppressed ~11 debug messages>

40. Executing OPT_REDUCE pass (consolidate $*mux and $reduce_* inputs).
  Optimizing cells in module \alu32.
Performed a total of 0 changes.

41. Executing OPT_MERGE pass (detect identical cells).
Finding identical cells in module `\alu32'.
Removed a total of 0 cells.

42. Executing OPT_DFF pass (perform DFF optimizations).

43. Executing OPT_CLEAN pass (remove unused cells and wires).
Finding unused cells or wires in module \alu32..

44. Executing OPT_EXPR pass (perform const folding).
Optimizing module alu32.

45. Executing FSM pass (extract and optimize FSM).

45.1. Executing FSM_DETECT pass (finding FSMs in design).

45.2. Executing FSM_EXTRACT pass (extracting FSM from design).

45.3. Executing FSM_OPT pass (simple optimizations of FSMs).

45.4. Executing OPT_CLEAN pass (remove unused cells and wires).
Finding unused cells or wires in module \alu32..

45.5. Executing FSM_OPT pass (simple optimizations of FSMs).

45.6. Executing FSM_RECODE pass (re-assigning FSM state encoding).

45.7. Executing FSM_INFO pass (dumping all available information on FSM cells).

45.8. Executing FSM_MAP pass (mapping FSMs to basic logic).

46. Executing OPT_EXPR pass (perform const folding).
Optimizing module alu32.

47. Executing OPT_MERGE pass (detect identical cells).
Finding identical cells in module `\alu32'.
Removed a total of 0 cells.

48. Executing OPT_MUXTREE pass (detect dead branches in mux trees).
Running muxtree optimizer on module \alu32..
  Creating internal representation of mux trees.
  Evaluating internal representation of mux trees.
  Analyzing evaluation results.
Removed 0 multiplexer ports.
<suppressed ~11 debug messages>

49. Executing OPT_REDUCE pass (consolidate $*mux and $reduce_* inputs).
  Optimizing cells in module \alu32.
Performed a total of 0 changes.

50. Executing OPT_MERGE pass (detect identical cells).
Finding identical cells in module `\alu32'.
Removed a total of 0 cells.

51. Executing OPT_DFF pass (perform DFF optimizations).

52. Executing OPT_CLEAN pass (remove unused cells and wires).
Finding unused cells or wires in module \alu32..

53. Executing OPT_EXPR pass (perform const folding).
Optimizing module alu32.

54. Executing WREDUCE pass (reducing word size of cells).
Removed top 1 bits (of 2) from port B of cell alu32.$procmux$61_CMP0 ($eq).
Removed top 1 bits (of 3) from port B of cell alu32.$flatten\AU.$procmux$100_CMP3 ($eq).
Removed top 1 bits (of 3) from port B of cell alu32.$flatten\AU.$procmux$100_CMP2 ($eq).
Removed top 2 bits (of 3) from port B of cell alu32.$flatten\AU.$procmux$100_CMP1 ($eq).

55. Executing PEEPOPT pass (run peephole optimizers).

56. Executing OPT_CLEAN pass (remove unused cells and wires).
Finding unused cells or wires in module \alu32..

57. Executing ALUMACC pass (create $alu and $macc cells).
Extracting $alu and $macc cells in module alu32:
  created 0 $alu and 0 $macc cells.

58. Executing SHARE pass (SAT-based resource sharing).
Found 3 cells in module alu32 that may be considered for resource sharing.
  Analyzing resource sharing options for $flatten\SU.$sshr$/mnt/d/GitHUB/32-bit_ALU/ASIC_OpenLane/src/shift_unit.v:35$14 ($sshr):
    Found 1 activation_patterns using ctrl signal { \SU.shift_enable $flatten\AU.$procmux$100_CMP [2] $procmux$60_CMP }.
    No candidates found.
  Analyzing resource sharing options for $flatten\SU.$shr$/mnt/d/GitHUB/32-bit_ALU/ASIC_OpenLane/src/shift_unit.v:30$13 ($shr):
    Found 1 activation_patterns using ctrl signal { \SU.shift_enable $flatten\AU.$procmux$100_CMP [1] $procmux$60_CMP }.
    No candidates found.
  Analyzing resource sharing options for $flatten\SU.$shl$/mnt/d/GitHUB/32-bit_ALU/ASIC_OpenLane/src/shift_unit.v:25$12 ($shl):
    Found 1 activation_patterns using ctrl signal { \SU.shift_enable $flatten\AU.$procmux$100_CMP [0] $procmux$60_CMP }.
    No candidates found.

59. Executing OPT_EXPR pass (perform const folding).
Optimizing module alu32.

60. Executing OPT_MERGE pass (detect identical cells).
Finding identical cells in module `\alu32'.
Removed a total of 0 cells.

61. Executing OPT_MUXTREE pass (detect dead branches in mux trees).
Running muxtree optimizer on module \alu32..
  Creating internal representation of mux trees.
  Evaluating internal representation of mux trees.
  Analyzing evaluation results.
Removed 0 multiplexer ports.
<suppressed ~11 debug messages>

62. Executing OPT_REDUCE pass (consolidate $*mux and $reduce_* inputs).
  Optimizing cells in module \alu32.
Performed a total of 0 changes.

63. Executing OPT_MERGE pass (detect identical cells).
Finding identical cells in module `\alu32'.
Removed a total of 0 cells.

64. Executing OPT_DFF pass (perform DFF optimizations).

65. Executing OPT_CLEAN pass (remove unused cells and wires).
Finding unused cells or wires in module \alu32..

66. Executing OPT_EXPR pass (perform const folding).
Optimizing module alu32.

67. Executing MEMORY pass.

67.1. Executing OPT_MEM pass (optimize memories).
Performed a total of 0 transformations.

67.2. Executing OPT_MEM_PRIORITY pass (removing unnecessary memory write priority relations).
Performed a total of 0 transformations.

67.3. Executing OPT_MEM_FEEDBACK pass (finding memory read-to-write feedback paths).

67.4. Executing MEMORY_BMUX2ROM pass (converting muxes to ROMs).

67.5. Executing MEMORY_DFF pass (merging $dff cells to $memrd).

67.6. Executing OPT_CLEAN pass (remove unused cells and wires).
Finding unused cells or wires in module \alu32..

67.7. Executing MEMORY_SHARE pass (consolidating $memrd/$memwr cells).

67.8. Executing OPT_MEM_WIDEN pass (optimize memories where all ports are wide).
Performed a total of 0 transformations.

67.9. Executing OPT_CLEAN pass (remove unused cells and wires).
Finding unused cells or wires in module \alu32..

67.10. Executing MEMORY_COLLECT pass (generating $mem cells).

68. Executing OPT_CLEAN pass (remove unused cells and wires).
Finding unused cells or wires in module \alu32..

69. Executing OPT_EXPR pass (perform const folding).
Optimizing module alu32.
<suppressed ~12 debug messages>

70. Executing OPT_MERGE pass (detect identical cells).
Finding identical cells in module `\alu32'.
Removed a total of 0 cells.

71. Executing OPT_DFF pass (perform DFF optimizations).

72. Executing OPT_CLEAN pass (remove unused cells and wires).
Finding unused cells or wires in module \alu32..
Removed 0 unused cells and 5 unused wires.
<suppressed ~1 debug messages>

73. Executing MEMORY_MAP pass (converting memories to logic and flip-flops).

74. Executing OPT_EXPR pass (perform const folding).
Optimizing module alu32.

75. Executing OPT_MERGE pass (detect identical cells).
Finding identical cells in module `\alu32'.
Removed a total of 0 cells.

76. Executing OPT_MUXTREE pass (detect dead branches in mux trees).
Running muxtree optimizer on module \alu32..
  Creating internal representation of mux trees.
  Evaluating internal representation of mux trees.
  Analyzing evaluation results.
    dead port 2/2 on $mux $flatten\AU.$procmux$111.
    dead port 2/2 on $mux $flatten\LU.$procmux$166.
    dead port 2/2 on $mux $flatten\SU.$procmux$177.
Removed 3 multiplexer ports.
<suppressed ~4 debug messages>

77. Executing OPT_REDUCE pass (consolidate $*mux and $reduce_* inputs).
  Optimizing cells in module \alu32.
Performed a total of 0 changes.

78. Executing OPT_MERGE pass (detect identical cells).
Finding identical cells in module `\alu32'.
Removed a total of 0 cells.

79. Executing OPT_SHARE pass.

80. Executing OPT_DFF pass (perform DFF optimizations).

81. Executing OPT_CLEAN pass (remove unused cells and wires).
Finding unused cells or wires in module \alu32..
Removed 0 unused cells and 3 unused wires.
<suppressed ~1 debug messages>

82. Executing OPT_EXPR pass (perform const folding).
Optimizing module alu32.

83. Rerunning OPT passes. (Maybe there is more to do…)

84. Executing OPT_MUXTREE pass (detect dead branches in mux trees).
Running muxtree optimizer on module \alu32..
  Creating internal representation of mux trees.
  Evaluating internal representation of mux trees.
  Analyzing evaluation results.
Removed 0 multiplexer ports.
<suppressed ~4 debug messages>

85. Executing OPT_REDUCE pass (consolidate $*mux and $reduce_* inputs).
  Optimizing cells in module \alu32.
Performed a total of 0 changes.

86. Executing OPT_MERGE pass (detect identical cells).
Finding identical cells in module `\alu32'.
Removed a total of 0 cells.

87. Executing OPT_SHARE pass.

88. Executing OPT_DFF pass (perform DFF optimizations).

89. Executing OPT_CLEAN pass (remove unused cells and wires).
Finding unused cells or wires in module \alu32..

90. Executing OPT_EXPR pass (perform const folding).
Optimizing module alu32.

91. Executing TECHMAP pass (map to technology primitives).

91.1. Executing Verilog-2005 frontend: /nix/store/9r0bh7sp051dpm8km8bqlb028anpd3v3-yosys/bin/../share/yosys/techmap.v
Parsing Verilog input from `/nix/store/9r0bh7sp051dpm8km8bqlb028anpd3v3-yosys/bin/../share/yosys/techmap.v' to AST representation.
Generating RTLIL representation for module `\_90_simplemap_bool_ops'.
Generating RTLIL representation for module `\_90_simplemap_reduce_ops'.
Generating RTLIL representation for module `\_90_simplemap_logic_ops'.
Generating RTLIL representation for module `\_90_simplemap_compare_ops'.
Generating RTLIL representation for module `\_90_simplemap_various'.
Generating RTLIL representation for module `\_90_simplemap_registers'.
Generating RTLIL representation for module `\_90_shift_ops_shr_shl_sshl_sshr'.
Generating RTLIL representation for module `\_90_shift_shiftx'.
Generating RTLIL representation for module `\_90_fa'.
Generating RTLIL representation for module `\_90_lcu_brent_kung'.
Generating RTLIL representation for module `\_90_alu'.
Generating RTLIL representation for module `\_90_macc'.
Generating RTLIL representation for module `\_90_alumacc'.
Generating RTLIL representation for module `\$__div_mod_u'.
Generating RTLIL representation for module `\$__div_mod_trunc'.
Generating RTLIL representation for module `\_90_div'.
Generating RTLIL representation for module `\_90_mod'.
Generating RTLIL representation for module `\$__div_mod_floor'.
Generating RTLIL representation for module `\_90_divfloor'.
Generating RTLIL representation for module `\_90_modfloor'.
Generating RTLIL representation for module `\_90_pow'.
Generating RTLIL representation for module `\_90_pmux'.
Generating RTLIL representation for module `\_90_demux'.
Generating RTLIL representation for module `\_90_lut'.
Successfully finished Verilog frontend.

91.2. Continuing TECHMAP pass.
Using extmapper simplemap for cells of type $eq.
Using template $paramod$54d740639e1393b22262823179ff783ea9f17a35\_90_pmux for cells of type $pmux.
Using template $paramod$49f1dc3dcd6d2c748486fe94c6744a34a19bbafe\_90_pmux for cells of type $pmux.
Using template $paramod$constmap:4621fcf06a436d1e2a4080e2ed9866a7d07a6e07$paramod$e765c459d3029c22a22a27989e94858fd9ebfa9c\_90_shift_ops_shr_shl_sshl_sshr for cells of type $sshr.
Using template $paramod$constmap:4621fcf06a436d1e2a4080e2ed9866a7d07a6e07$paramod$feecc7a0dbd012970970f2858f15e786e251f677\_90_shift_ops_shr_shl_sshl_sshr for cells of type $shr.
Using template $paramod$constmap:4621fcf06a436d1e2a4080e2ed9866a7d07a6e07$paramod$335cfd09f1afa8139c4aafcbbe5f361887b79c5e\_90_shift_ops_shr_shl_sshl_sshr for cells of type $shl.
Using extmapper simplemap for cells of type $logic_not.
Using extmapper simplemap for cells of type $and.
Using extmapper simplemap for cells of type $reduce_xnor.
Using extmapper simplemap for cells of type $xor.
Using extmapper simplemap for cells of type $or.
Using extmapper simplemap for cells of type $reduce_or.
Using extmapper simplemap for cells of type $logic_and.
Using extmapper simplemap for cells of type $ne.
Using extmapper simplemap for cells of type $not.
No more expansions possible.
<suppressed ~1637 debug messages>

92. Executing OPT_EXPR pass (perform const folding).
Optimizing module alu32.
<suppressed ~118 debug messages>

93. Executing OPT_MERGE pass (detect identical cells).
Finding identical cells in module `\alu32'.
<suppressed ~348 debug messages>
Removed a total of 116 cells.

94. Executing OPT_DFF pass (perform DFF optimizations).

95. Executing OPT_CLEAN pass (remove unused cells and wires).
Finding unused cells or wires in module \alu32..
Removed 0 unused cells and 590 unused wires.
<suppressed ~1 debug messages>

96. Executing OPT_EXPR pass (perform const folding).
Optimizing module alu32.

97. Executing OPT_MERGE pass (detect identical cells).
Finding identical cells in module `\alu32'.
Removed a total of 0 cells.

98. Executing OPT_DFF pass (perform DFF optimizations).

99. Executing OPT_CLEAN pass (remove unused cells and wires).
Finding unused cells or wires in module \alu32..

100. Executing ABC pass (technology mapping using ABC).

100.1. Extracting gate netlist of module `\alu32' to `<abc-temp-dir>/input.blif'..
Extracted 2191 gates and 2261 wires to a netlist network with 69 inputs and 36 outputs.

100.1.1. Executing ABC.
Running ABC command: "/nix/store/6l3aj1gi4lja8z5s4lan2k2cfz9mqkrz-yosys-abc/bin/abc" -s -f <abc-temp-dir>/abc.script 2>&1
ABC: ABC command line: "source <abc-temp-dir>/abc.script".
ABC: 
ABC: + read_blif <abc-temp-dir>/input.blif 
ABC: + read_library <abc-temp-dir>/stdcells.genlib 
ABC: Entered genlib library with 13 gates from file "<abc-temp-dir>/stdcells.genlib".
ABC: + strash 
ABC: + dretime 
ABC: + map 
ABC: + write_blif <abc-temp-dir>/output.blif 

100.1.2. Re-integrating ABC results.
ABC RESULTS:               MUX cells:      310
ABC RESULTS:             ORNOT cells:       71
ABC RESULTS:               NOR cells:       38
ABC RESULTS:               AND cells:       65
ABC RESULTS:               NOT cells:       41
ABC RESULTS:              XNOR cells:       42
ABC RESULTS:              NAND cells:       96
ABC RESULTS:               XOR cells:       86
ABC RESULTS:                OR cells:      327
ABC RESULTS:            ANDNOT cells:      973
ABC RESULTS:        internal signals:     2156
ABC RESULTS:           input signals:       69
ABC RESULTS:          output signals:       36
Removing temp directory.

101. Executing OPT pass (performing simple optimizations).

101.1. Executing OPT_EXPR pass (perform const folding).
Optimizing module alu32.
<suppressed ~120 debug messages>

101.2. Executing OPT_MERGE pass (detect identical cells).
Finding identical cells in module `\alu32'.
<suppressed ~3 debug messages>
Removed a total of 1 cells.

101.3. Executing OPT_DFF pass (perform DFF optimizations).

101.4. Executing OPT_CLEAN pass (remove unused cells and wires).
Finding unused cells or wires in module \alu32..
Removed 3 unused cells and 532 unused wires.
<suppressed ~125 debug messages>

101.5. Finished fast OPT passes.

102. Executing HIERARCHY pass (managing design hierarchy).

102.1. Analyzing design hierarchy..
Top module:  \alu32

102.2. Analyzing design hierarchy..
Top module:  \alu32
Removed 0 unused modules.

103. Executing CHECK pass (checking for obvious problems).
Checking module alu32...
Found and reported 0 problems.

104. Printing statistics.

=== alu32 ===

   Number of wires:               2024
   Number of wire bits:           2280
   Number of public wires:          15
   Number of public wire bits:     271
   Number of ports:                  9
   Number of port bits:            106
   Number of memories:               0
   Number of memory bits:            0
   Number of processes:              0
   Number of cells:               2061
     $_ANDNOT_                     972
     $_AND_                         65
     $_MUX_                        310
     $_NAND_                        96
     $_NOR_                         38
     $_NOT_                         38
     $_ORNOT_                       71
     $_OR_                         327
     $_XNOR_                        42
     $_XOR_                         86
     $scopeinfo                     16

105. Generating Graphviz representation of design.
Writing dot description to `/mnt/d/GitHUB/32-bit_ALU/ASIC_OpenLane/runs/RUN_2026-06-28_15-44-43/06-yosys-synthesis/primitive_techmap.dot'.
Dumping module alu32 to page 1.

106. Executing OPT pass (performing simple optimizations).

106.1. Executing OPT_EXPR pass (perform const folding).
Optimizing module alu32.

106.2. Executing OPT_MERGE pass (detect identical cells).
Finding identical cells in module `\alu32'.
Removed a total of 0 cells.

106.3. Executing OPT_MUXTREE pass (detect dead branches in mux trees).
Running muxtree optimizer on module \alu32..
  Creating internal representation of mux trees.
  No muxes found in this module.
Removed 0 multiplexer ports.

106.4. Executing OPT_REDUCE pass (consolidate $*mux and $reduce_* inputs).
  Optimizing cells in module \alu32.
Performed a total of 0 changes.

106.5. Executing OPT_MERGE pass (detect identical cells).
Finding identical cells in module `\alu32'.
Removed a total of 0 cells.

106.6. Executing OPT_DFF pass (perform DFF optimizations).

106.7. Executing OPT_CLEAN pass (remove unused cells and wires).
Finding unused cells or wires in module \alu32..

106.8. Executing OPT_EXPR pass (perform const folding).
Optimizing module alu32.

106.9. Finished OPT passes. (There is nothing left to do.)

107. Executing OPT_CLEAN pass (remove unused cells and wires).
Finding unused cells or wires in module \alu32..
Removed 16 unused cells and 6 unused wires.
<suppressed ~22 debug messages>
{
   "creator": "Yosys 0.46 (git sha1 e97731b9dda91fa5fa53ed87df7c34163ba59a41, clang++ 17.0.6 -fPIC -O3)",
   "invocation": "stat -json -liberty /mnt/d/GitHUB/32-bit_ALU/ASIC_OpenLane/runs/RUN_2026-06-28_15-44-43/tmp/6e62ef49dfa34e29a324a6fca8801351.lib ",
   "modules": {
      "\\alu32": {
         "num_wires":         2018,
         "num_wire_bits":     2115,
         "num_pub_wires":     9,
         "num_pub_wire_bits": 106,
         "num_ports":         9,
         "num_port_bits":     106,
         "num_memories":      0,
         "num_memory_bits":   0,
         "num_processes":     0,
         "num_cells":         2045,
         "num_cells_by_type": {
            "$_ANDNOT_": 972,
            "$_AND_": 65,
            "$_MUX_": 310,
            "$_NAND_": 96,
            "$_NOR_": 38,
            "$_NOT_": 38,
            "$_ORNOT_": 71,
            "$_OR_": 327,
            "$_XNOR_": 42,
            "$_XOR_": 86
         }
      }
   },
      "design": {
         "num_wires":         2018,
         "num_wire_bits":     2115,
         "num_pub_wires":     9,
         "num_pub_wire_bits": 106,
         "num_ports":         9,
         "num_port_bits":     106,
         "num_memories":      0,
         "num_memory_bits":   0,
         "num_processes":     0,
         "num_cells":         2045,
         "num_cells_by_type": {
            "$_ANDNOT_": 972,
            "$_AND_": 65,
            "$_MUX_": 310,
            "$_NAND_": 96,
            "$_NOR_": 38,
            "$_NOT_": 38,
            "$_ORNOT_": 71,
            "$_OR_": 327,
            "$_XNOR_": 42,
            "$_XOR_": 86
         }
      }
}

108. Printing statistics.

=== alu32 ===

   Number of wires:               2018
   Number of wire bits:           2115
   Number of public wires:           9
   Number of public wire bits:     106
   Number of ports:                  9
   Number of port bits:            106
   Number of memories:               0
   Number of memory bits:            0
   Number of processes:              0
   Number of cells:               2045
     $_ANDNOT_                     972
     $_AND_                         65
     $_MUX_                        310
     $_NAND_                        96
     $_NOR_                         38
     $_NOT_                         38
     $_ORNOT_                       71
     $_OR_                         327
     $_XNOR_                        42
     $_XOR_                         86

   Area for cell type $_NOT_ is unknown!
   Area for cell type $_AND_ is unknown!
   Area for cell type $_NAND_ is unknown!
   Area for cell type $_OR_ is unknown!
   Area for cell type $_NOR_ is unknown!
   Area for cell type $_XOR_ is unknown!
   Area for cell type $_XNOR_ is unknown!
   Area for cell type $_ANDNOT_ is unknown!
   Area for cell type $_ORNOT_ is unknown!
   Area for cell type $_MUX_ is unknown!

[INFO] Applying tri-state buffer mapping from '/home/lalith_kishore/.volare/volare/sky130/versions/0fe599b2afb6708d281543108caf8310912f54af/sky130A/libs.tech/openlane/sky130_fd_sc_hd/tribuff_map.v'…

109. Executing TECHMAP pass (map to technology primitives).

109.1. Executing Verilog-2005 frontend: /home/lalith_kishore/.volare/volare/sky130/versions/0fe599b2afb6708d281543108caf8310912f54af/sky130A/libs.tech/openlane/sky130_fd_sc_hd/tribuff_map.v
Parsing Verilog input from `/home/lalith_kishore/.volare/volare/sky130/versions/0fe599b2afb6708d281543108caf8310912f54af/sky130A/libs.tech/openlane/sky130_fd_sc_hd/tribuff_map.v' to AST representation.
Generating RTLIL representation for module `\$_TBUF_'.
Successfully finished Verilog frontend.

109.2. Continuing TECHMAP pass.
No more expansions possible.
<suppressed ~3 debug messages>

110. Executing SIMPLEMAP pass (map simple cells to gate primitives).
[INFO] Applying latch mapping from '/home/lalith_kishore/.volare/volare/sky130/versions/0fe599b2afb6708d281543108caf8310912f54af/sky130A/libs.tech/openlane/sky130_fd_sc_hd/latch_map.v'…

111. Executing TECHMAP pass (map to technology primitives).

111.1. Executing Verilog-2005 frontend: /home/lalith_kishore/.volare/volare/sky130/versions/0fe599b2afb6708d281543108caf8310912f54af/sky130A/libs.tech/openlane/sky130_fd_sc_hd/latch_map.v
Parsing Verilog input from `/home/lalith_kishore/.volare/volare/sky130/versions/0fe599b2afb6708d281543108caf8310912f54af/sky130A/libs.tech/openlane/sky130_fd_sc_hd/latch_map.v' to AST representation.
Generating RTLIL representation for module `\$_DLATCH_P_'.
Generating RTLIL representation for module `\$_DLATCH_N_'.
Successfully finished Verilog frontend.

111.2. Continuing TECHMAP pass.
No more expansions possible.
<suppressed ~4 debug messages>

112. Executing SIMPLEMAP pass (map simple cells to gate primitives).

113. Executing DFFLIBMAP pass (mapping DFF cells to sequential cells from liberty file).
  cell sky130_fd_sc_hd__dfxtp_2 (noninv, pins=3, area=21.27) is a direct match for cell type $_DFF_P_.
  cell sky130_fd_sc_hd__dfrtp_2 (noninv, pins=4, area=26.28) is a direct match for cell type $_DFF_PN0_.
  cell sky130_fd_sc_hd__dfstp_2 (noninv, pins=4, area=26.28) is a direct match for cell type $_DFF_PN1_.
  cell sky130_fd_sc_hd__dfbbn_2 (noninv, pins=6, area=35.03) is a direct match for cell type $_DFFSR_NNN_.
  final dff cell mappings:
    unmapped dff cell: $_DFF_N_
    \sky130_fd_sc_hd__dfxtp_2 _DFF_P_ (.CLK( C), .D( D), .Q( Q));
    unmapped dff cell: $_DFF_NN0_
    unmapped dff cell: $_DFF_NN1_
    unmapped dff cell: $_DFF_NP0_
    unmapped dff cell: $_DFF_NP1_
    \sky130_fd_sc_hd__dfrtp_2 _DFF_PN0_ (.CLK( C), .D( D), .Q( Q), .RESET_B( R));
    \sky130_fd_sc_hd__dfstp_2 _DFF_PN1_ (.CLK( C), .D( D), .Q( Q), .SET_B( R));
    unmapped dff cell: $_DFF_PP0_
    unmapped dff cell: $_DFF_PP1_
    \sky130_fd_sc_hd__dfbbn_2 _DFFSR_NNN_ (.CLK_N( C), .D( D), .Q( Q), .Q_N(~Q), .RESET_B( R), .SET_B( S));
    unmapped dff cell: $_DFFSR_NNP_
    unmapped dff cell: $_DFFSR_NPN_
    unmapped dff cell: $_DFFSR_NPP_
    unmapped dff cell: $_DFFSR_PNN_
    unmapped dff cell: $_DFFSR_PNP_
    unmapped dff cell: $_DFFSR_PPN_
    unmapped dff cell: $_DFFSR_PPP_

113.1. Executing DFFLEGALIZE pass (convert FFs to types supported by the target).
Mapping DFF cells in module `\alu32':
{
   "creator": "Yosys 0.46 (git sha1 e97731b9dda91fa5fa53ed87df7c34163ba59a41, clang++ 17.0.6 -fPIC -O3)",
   "invocation": "stat -json -liberty /mnt/d/GitHUB/32-bit_ALU/ASIC_OpenLane/runs/RUN_2026-06-28_15-44-43/tmp/6e62ef49dfa34e29a324a6fca8801351.lib ",
   "modules": {
      "\\alu32": {
         "num_wires":         2018,
         "num_wire_bits":     2115,
         "num_pub_wires":     9,
         "num_pub_wire_bits": 106,
         "num_ports":         9,
         "num_port_bits":     106,
         "num_memories":      0,
         "num_memory_bits":   0,
         "num_processes":     0,
         "num_cells":         2045,
         "num_cells_by_type": {
            "$_ANDNOT_": 972,
            "$_AND_": 65,
            "$_MUX_": 310,
            "$_NAND_": 96,
            "$_NOR_": 38,
            "$_NOT_": 38,
            "$_ORNOT_": 71,
            "$_OR_": 327,
            "$_XNOR_": 42,
            "$_XOR_": 86
         }
      }
   },
      "design": {
         "num_wires":         2018,
         "num_wire_bits":     2115,
         "num_pub_wires":     9,
         "num_pub_wire_bits": 106,
         "num_ports":         9,
         "num_port_bits":     106,
         "num_memories":      0,
         "num_memory_bits":   0,
         "num_processes":     0,
         "num_cells":         2045,
         "num_cells_by_type": {
            "$_ANDNOT_": 972,
            "$_AND_": 65,
            "$_MUX_": 310,
            "$_NAND_": 96,
            "$_NOR_": 38,
            "$_NOT_": 38,
            "$_ORNOT_": 71,
            "$_OR_": 327,
            "$_XNOR_": 42,
            "$_XOR_": 86
         }
      }
}

114. Printing statistics.

=== alu32 ===

   Number of wires:               2018
   Number of wire bits:           2115
   Number of public wires:           9
   Number of public wire bits:     106
   Number of ports:                  9
   Number of port bits:            106
   Number of memories:               0
   Number of memory bits:            0
   Number of processes:              0
   Number of cells:               2045
     $_ANDNOT_                     972
     $_AND_                         65
     $_MUX_                        310
     $_NAND_                        96
     $_NOR_                         38
     $_NOT_                         38
     $_ORNOT_                       71
     $_OR_                         327
     $_XNOR_                        42
     $_XOR_                         86

   Area for cell type $_NOT_ is unknown!
   Area for cell type $_AND_ is unknown!
   Area for cell type $_NAND_ is unknown!
   Area for cell type $_OR_ is unknown!
   Area for cell type $_NOR_ is unknown!
   Area for cell type $_XOR_ is unknown!
   Area for cell type $_XNOR_ is unknown!
   Area for cell type $_ANDNOT_ is unknown!
   Area for cell type $_ORNOT_ is unknown!
   Area for cell type $_MUX_ is unknown!

[INFO] Using generated ABC script '/mnt/d/GitHUB/32-bit_ALU/ASIC_OpenLane/runs/RUN_2026-06-28_15-44-43/06-yosys-synthesis/AREA_0.abc'…

115. Executing ABC pass (technology mapping using ABC).

115.1. Extracting gate netlist of module `\alu32' to `/tmp/yosys-abc-GjRAD5/input.blif'..
Extracted 2045 gates and 2114 wires to a netlist network with 69 inputs and 36 outputs.

115.1.1. Executing ABC.
Running ABC command: "/nix/store/6l3aj1gi4lja8z5s4lan2k2cfz9mqkrz-yosys-abc/bin/abc" -s -f /tmp/yosys-abc-GjRAD5/abc.script 2>&1
ABC: ABC command line: "source /tmp/yosys-abc-GjRAD5/abc.script".
ABC: 
ABC: + read_blif /tmp/yosys-abc-GjRAD5/input.blif 
ABC: + read_lib -w /mnt/d/GitHUB/32-bit_ALU/ASIC_OpenLane/runs/RUN_2026-06-28_15-44-43/tmp/6e62ef49dfa34e29a324a6fca8801351.lib 
ABC: Parsing finished successfully.  Parsing time =     0.09 sec
ABC: Scl_LibertyReadGenlib() skipped sequential cell "sky130_fd_sc_hd__dfbbn_2".
ABC: Scl_LibertyReadGenlib() skipped sequential cell "sky130_fd_sc_hd__dfrbp_2".
ABC: Scl_LibertyReadGenlib() skipped sequential cell "sky130_fd_sc_hd__dfrtp_2".
ABC: Scl_LibertyReadGenlib() skipped sequential cell "sky130_fd_sc_hd__dfrtp_4".
ABC: Scl_LibertyReadGenlib() skipped sequential cell "sky130_fd_sc_hd__dfsbp_2".
ABC: Scl_LibertyReadGenlib() skipped sequential cell "sky130_fd_sc_hd__dfstp_2".
ABC: Scl_LibertyReadGenlib() skipped sequential cell "sky130_fd_sc_hd__dfstp_4".
ABC: Scl_LibertyReadGenlib() skipped sequential cell "sky130_fd_sc_hd__dfxbp_2".
ABC: Scl_LibertyReadGenlib() skipped sequential cell "sky130_fd_sc_hd__dfxtp_2".
ABC: Scl_LibertyReadGenlib() skipped sequential cell "sky130_fd_sc_hd__dfxtp_4".
ABC: Scl_LibertyReadGenlib() skipped sequential cell "sky130_fd_sc_hd__dlxtn_1".
ABC: Scl_LibertyReadGenlib() skipped sequential cell "sky130_fd_sc_hd__dlxtn_2".
ABC: Scl_LibertyReadGenlib() skipped sequential cell "sky130_fd_sc_hd__dlxtn_4".
ABC: Scl_LibertyReadGenlib() skipped sequential cell "sky130_fd_sc_hd__dlxtp_1".
ABC: Scl_LibertyReadGenlib() skipped three-state cell "sky130_fd_sc_hd__ebufn_2".
ABC: Scl_LibertyReadGenlib() skipped three-state cell "sky130_fd_sc_hd__ebufn_4".
ABC: Scl_LibertyReadGenlib() skipped three-state cell "sky130_fd_sc_hd__ebufn_8".
ABC: Library "sky130_fd_sc_hd__tt_025C_1v80" from "/mnt/d/GitHUB/32-bit_ALU/ASIC_OpenLane/runs/RUN_2026-06-28_15-44-43/tmp/6e62ef49dfa34e29a324a6fca8801351.lib" has 175 cells (17 skipped: 14 seq; 3 tri-state; 0 no func; 0 dont_use).  Time =     0.11 sec
ABC: Memory =    9.54 MB. Time =     0.11 sec
ABC: Warning: Detected 2 multi-output gates (for example, "sky130_fd_sc_hd__fa_1").
ABC: + read_constr -v /mnt/d/GitHUB/32-bit_ALU/ASIC_OpenLane/runs/RUN_2026-06-28_15-44-43/06-yosys-synthesis/synthesis.abc.sdc 
ABC: Setting driving cell to be "sky130_fd_sc_hd__inv_2/Y".
ABC: Setting output load to be 33.442001.
ABC: + source /mnt/d/GitHUB/32-bit_ALU/ASIC_OpenLane/runs/RUN_2026-06-28_15-44-43/06-yosys-synthesis/AREA_0.abc 
ABC: Error: The network is combinational.
ABC: Cannot find the default PI driving cell (sky130_fd_sc_hd__inv_2/Y) in the library.
ABC: WireLoad = "none"  Gates =   1052 (  5.1 %)   Cap =  9.5 ff (  5.5 %)   Area =    10062.15 ( 78.7 %)   Delay = 10301.25 ps  (  6.5 %)               
ABC: Path  0 --       1 : 0   14 pi                        A =   0.00  Df =   0.0   -0.0 ps  S =   0.0 ps  Cin =  0.0 ff  Cout =  47.7 ff  Cmax =   0.0 ff  G =    0  
ABC: Path  1 --     138 : 2    7 sky130_fd_sc_hd__or2_2    A =   6.26  Df = 349.8 -181.6 ps  S = 149.5 ps  Cin =  1.5 ff  Cout =  27.5 ff  Cmax = 299.4 ff  G = 1786  
ABC: Path  2 --     149 : 2   63 sky130_fd_sc_hd__nor2_2   A =   6.26  Df =1909.4-1366.6 ps  S =2071.0 ps  Cin =  4.4 ff  Cout = 201.1 ff  Cmax = 141.9 ff  G = 4414  
ABC: Path  3 --     367 : 3    2 sky130_fd_sc_hd__and3_2   A =   7.51  Df =2362.9-1233.1 ps  S = 101.2 ps  Cin =  1.5 ff  Cout =   7.3 ff  Cmax = 309.5 ff  G =  459  
ABC: Path  4 --     368 : 2    2 sky130_fd_sc_hd__nor2_2   A =   6.26  Df =2422.2 -178.3 ps  S = 152.4 ps  Cin =  4.4 ff  Cout =  10.9 ff  Cmax = 141.9 ff  G =  239  
ABC: Path  5 --     395 : 3    2 sky130_fd_sc_hd__a21o_2   A =   8.76  Df =2946.0 -292.7 ps  S =  69.2 ps  Cin =  2.4 ff  Cout =  11.2 ff  Cmax = 309.5 ff  G =  458  
ABC: Path  6 --     429 : 4    2 sky130_fd_sc_hd__a2bb2o_2 A =  11.26  Df =3130.2 -216.4 ps  S =  76.1 ps  Cin =  1.7 ff  Cout =  11.2 ff  Cmax = 300.3 ff  G =  625  
ABC: Path  7 --     462 : 4    2 sky130_fd_sc_hd__a2bb2o_2 A =  11.26  Df =3316.8 -137.9 ps  S =  76.1 ps  Cin =  1.7 ff  Cout =  11.2 ff  Cmax = 300.3 ff  G =  625  
ABC: Path  8 --     493 : 4    2 sky130_fd_sc_hd__a2bb2o_2 A =  11.26  Df =3503.4  -59.4 ps  S =  76.1 ps  Cin =  1.7 ff  Cout =  11.2 ff  Cmax = 300.3 ff  G =  625  
ABC: Path  9 --     520 : 4    2 sky130_fd_sc_hd__a2bb2o_2 A =  11.26  Df =3710.0  -19.0 ps  S =  77.3 ps  Cin =  1.7 ff  Cout =  11.5 ff  Cmax = 300.3 ff  G =  641  
ABC: Path 10 --     548 : 3    2 sky130_fd_sc_hd__a21o_2   A =   8.76  Df =3926.0  -84.3 ps  S =  70.1 ps  Cin =  2.4 ff  Cout =  11.5 ff  Cmax = 309.5 ff  G =  469  
ABC: Path 11 --     577 : 3    2 sky130_fd_sc_hd__a21o_2   A =   8.76  Df =4136.4 -147.5 ps  S =  68.9 ps  Cin =  2.4 ff  Cout =  11.2 ff  Cmax = 309.5 ff  G =  458  
ABC: Path 12 --     604 : 4    2 sky130_fd_sc_hd__a2bb2o_2 A =  11.26  Df =4397.8 -223.8 ps  S =  77.3 ps  Cin =  1.7 ff  Cout =  11.5 ff  Cmax = 300.3 ff  G =  641  
ABC: Path 13 --     631 : 3    2 sky130_fd_sc_hd__a21o_2   A =   8.76  Df =4613.0 -289.3 ps  S =  69.2 ps  Cin =  2.4 ff  Cout =  11.2 ff  Cmax = 309.5 ff  G =  458  
ABC: Path 14 --     660 : 4    2 sky130_fd_sc_hd__a2bb2o_2 A =  11.26  Df =4874.4 -365.4 ps  S =  77.3 ps  Cin =  1.7 ff  Cout =  11.5 ff  Cmax = 300.3 ff  G =  641  
ABC: Path 15 --     687 : 3    2 sky130_fd_sc_hd__a21o_2   A =   8.76  Df =5089.6 -430.9 ps  S =  69.2 ps  Cin =  2.4 ff  Cout =  11.2 ff  Cmax = 309.5 ff  G =  458  
ABC: Path 16 --     715 : 4    2 sky130_fd_sc_hd__a2bb2o_2 A =  11.26  Df =5350.0 -507.2 ps  S =  76.1 ps  Cin =  1.7 ff  Cout =  11.2 ff  Cmax = 300.3 ff  G =  625  
ABC: Path 17 --     741 : 4    2 sky130_fd_sc_hd__a2bb2o_2 A =  11.26  Df =5616.1 -585.5 ps  S =  77.3 ps  Cin =  1.7 ff  Cout =  11.5 ff  Cmax = 300.3 ff  G =  641  
ABC: Path 18 --     767 : 3    2 sky130_fd_sc_hd__a21o_2   A =   8.76  Df =5832.1 -650.1 ps  S =  71.0 ps  Cin =  2.4 ff  Cout =  11.7 ff  Cmax = 309.5 ff  G =  473  
ABC: Path 19 --     790 : 5    2 sky130_fd_sc_hd__a32o_2   A =  11.26  Df =6088.2 -746.0 ps  S =  89.7 ps  Cin =  2.3 ff  Cout =  11.2 ff  Cmax = 264.6 ff  G =  461  
ABC: Path 20 --     815 : 4    2 sky130_fd_sc_hd__a2bb2o_2 A =  11.26  Df =6350.9 -817.4 ps  S =  76.1 ps  Cin =  1.7 ff  Cout =  11.2 ff  Cmax = 300.3 ff  G =  625  
ABC: Path 21 --     840 : 4    2 sky130_fd_sc_hd__a2bb2o_2 A =  11.26  Df =6617.0 -895.7 ps  S =  77.3 ps  Cin =  1.7 ff  Cout =  11.5 ff  Cmax = 300.3 ff  G =  641  
ABC: Path 22 --     864 : 3    2 sky130_fd_sc_hd__a21o_2   A =   8.76  Df =6832.1 -961.2 ps  S =  69.2 ps  Cin =  2.4 ff  Cout =  11.2 ff  Cmax = 309.5 ff  G =  458  
ABC: Path 23 --     887 : 4    2 sky130_fd_sc_hd__a2bb2o_2 A =  11.26  Df =7092.6-1037.5 ps  S =  76.1 ps  Cin =  1.7 ff  Cout =  11.2 ff  Cmax = 300.3 ff  G =  625  
ABC: Path 24 --     914 : 4    2 sky130_fd_sc_hd__a2bb2o_2 A =  11.26  Df =7358.6-1115.9 ps  S =  77.3 ps  Cin =  1.7 ff  Cout =  11.5 ff  Cmax = 300.3 ff  G =  641  
ABC: Path 25 --     939 : 3    2 sky130_fd_sc_hd__a21o_2   A =   8.76  Df =7573.8-1181.3 ps  S =  68.9 ps  Cin =  2.4 ff  Cout =  11.2 ff  Cmax = 309.5 ff  G =  458  
ABC: Path 26 --     966 : 4    2 sky130_fd_sc_hd__a2bb2o_2 A =  11.26  Df =7834.2-1257.7 ps  S =  76.1 ps  Cin =  1.7 ff  Cout =  11.2 ff  Cmax = 300.3 ff  G =  625  
ABC: Path 27 --     992 : 4    2 sky130_fd_sc_hd__a2bb2o_2 A =  11.26  Df =8099.3-1336.2 ps  S =  76.1 ps  Cin =  1.7 ff  Cout =  11.2 ff  Cmax = 300.3 ff  G =  625  
ABC: Path 28 --    1016 : 4    2 sky130_fd_sc_hd__a2bb2o_2 A =  11.26  Df =8365.4-1414.6 ps  S =  77.3 ps  Cin =  1.7 ff  Cout =  11.5 ff  Cmax = 300.3 ff  G =  641  
ABC: Path 29 --    1040 : 3    2 sky130_fd_sc_hd__a21o_2   A =   8.76  Df =8581.4-1480.0 ps  S =  70.1 ps  Cin =  2.4 ff  Cout =  11.5 ff  Cmax = 309.5 ff  G =  469  
ABC: Path 30 --    1064 : 3    2 sky130_fd_sc_hd__a21o_2   A =   8.76  Df =8799.5-1541.0 ps  S =  81.7 ps  Cin =  2.4 ff  Cout =  14.0 ff  Cmax = 309.5 ff  G =  570  
ABC: Path 31 --    1087 : 3    3 sky130_fd_sc_hd__a21oi_2  A =   8.76  Df =9076.3-1717.0 ps  S = 293.3 ps  Cin =  4.6 ff  Cout =  22.4 ff  Cmax = 128.2 ff  G =  474  
ABC: Path 32 --    1093 : 2    1 sky130_fd_sc_hd__xor2_2   A =  16.27  Df =9298.1-1760.8 ps  S = 101.1 ps  Cin =  8.6 ff  Cout =   2.4 ff  Cmax = 130.0 ff  G =   26  
ABC: Path 33 --    1094 : 5    1 sky130_fd_sc_hd__a221o_2  A =  11.26  Df =9410.9-1589.2 ps  S =  50.9 ps  Cin =  2.3 ff  Cout =   2.5 ff  Cmax = 299.4 ff  G =  102  
ABC: Path 34 --    1107 : 4    3 sky130_fd_sc_hd__a211o_2  A =  10.01  Df =9673.0-1402.4 ps  S = 226.4 ps  Cin =  2.4 ff  Cout =  46.6 ff  Cmax = 325.0 ff  G = 1961  
ABC: Path 35 --    1109 : 2    1 sky130_fd_sc_hd__xnor2_2  A =  16.27  Df =9896.2  -12.8 ps  S = 176.9 ps  Cin =  8.5 ff  Cout =   9.0 ff  Cmax = 121.8 ff  G =  102  
ABC: Path 36 --    1145 : 2    1 sky130_fd_sc_hd__xnor2_2  A =  16.27  Df =10301.2 -125.1 ps  S = 452.9 ps  Cin =  8.5 ff  Cout =  33.4 ff  Cmax = 121.8 ff  G =  394  
ABC: Start-point = pi0 (\alu_opcode [3]).  End-point = po32 (\P).
ABC: netlist                       : i/o =   69/   36  lat =    0  nd =  1052  edge =   3193  area =10063.32  delay =39.00  lev = 39
ABC: + write_blif /tmp/yosys-abc-GjRAD5/output.blif 

115.1.2. Re-integrating ABC results.
ABC RESULTS:   sky130_fd_sc_hd__and3b_2 cells:        1
ABC RESULTS:   sky130_fd_sc_hd__o32ai_2 cells:        1
ABC RESULTS:   sky130_fd_sc_hd__and2b_2 cells:        3
ABC RESULTS:   sky130_fd_sc_hd__a21boi_2 cells:        2
ABC RESULTS:   sky130_fd_sc_hd__nor3_2 cells:        3
ABC RESULTS:   sky130_fd_sc_hd__a211oi_2 cells:        1
ABC RESULTS:   sky130_fd_sc_hd__o2bb2ai_2 cells:        2
ABC RESULTS:   sky130_fd_sc_hd__a311o_2 cells:        1
ABC RESULTS:   sky130_fd_sc_hd__a311oi_2 cells:        1
ABC RESULTS:   sky130_fd_sc_hd__and4b_2 cells:        1
ABC RESULTS:   sky130_fd_sc_hd__o22ai_2 cells:        1
ABC RESULTS:   sky130_fd_sc_hd__or4b_2 cells:        2
ABC RESULTS:   sky130_fd_sc_hd__mux4_2 cells:       32
ABC RESULTS:   sky130_fd_sc_hd__a2bb2oi_2 cells:        1
ABC RESULTS:   sky130_fd_sc_hd__o32a_2 cells:        2
ABC RESULTS:   sky130_fd_sc_hd__o2111a_2 cells:        1
ABC RESULTS:   sky130_fd_sc_hd__nand2b_2 cells:        4
ABC RESULTS:   sky130_fd_sc_hd__a32o_2 cells:        3
ABC RESULTS:   sky130_fd_sc_hd__o21bai_2 cells:        2
ABC RESULTS:   sky130_fd_sc_hd__a31oi_2 cells:        2
ABC RESULTS:   sky130_fd_sc_hd__and2_2 cells:       25
ABC RESULTS:   sky130_fd_sc_hd__o31a_2 cells:        6
ABC RESULTS:   sky130_fd_sc_hd__o211a_2 cells:       28
ABC RESULTS:   sky130_fd_sc_hd__inv_2 cells:       54
ABC RESULTS:   sky130_fd_sc_hd__nand3_2 cells:        1
ABC RESULTS:   sky130_fd_sc_hd__o311a_2 cells:        7
ABC RESULTS:   sky130_fd_sc_hd__a21o_2 cells:       53
ABC RESULTS:   sky130_fd_sc_hd__o211ai_2 cells:       11
ABC RESULTS:   sky130_fd_sc_hd__a22o_2 cells:       25
ABC RESULTS:   sky130_fd_sc_hd__a2bb2o_2 cells:       23
ABC RESULTS:   sky130_fd_sc_hd__a22oi_2 cells:        9
ABC RESULTS:   sky130_fd_sc_hd__o2bb2a_2 cells:       30
ABC RESULTS:   sky130_fd_sc_hd__xor2_2 cells:       18
ABC RESULTS:   sky130_fd_sc_hd__a221o_2 cells:       20
ABC RESULTS:   sky130_fd_sc_hd__and4_2 cells:        1
ABC RESULTS:   sky130_fd_sc_hd__o22a_2 cells:       10
ABC RESULTS:   sky130_fd_sc_hd__or3b_2 cells:       10
ABC RESULTS:   sky130_fd_sc_hd__a221oi_2 cells:        3
ABC RESULTS:   sky130_fd_sc_hd__o221a_2 cells:       27
ABC RESULTS:   sky130_fd_sc_hd__a21oi_2 cells:       32
ABC RESULTS:   sky130_fd_sc_hd__a211o_2 cells:       38
ABC RESULTS:   sky130_fd_sc_hd__a21bo_2 cells:        6
ABC RESULTS:   sky130_fd_sc_hd__nor2_2 cells:       96
ABC RESULTS:   sky130_fd_sc_hd__nand2_2 cells:      100
ABC RESULTS:   sky130_fd_sc_hd__o21ai_2 cells:       41
ABC RESULTS:   sky130_fd_sc_hd__mux2_1 cells:      134
ABC RESULTS:   sky130_fd_sc_hd__or2_2 cells:       35
ABC RESULTS:   sky130_fd_sc_hd__o21a_2 cells:       41
ABC RESULTS:   sky130_fd_sc_hd__or3_2 cells:       12
ABC RESULTS:   sky130_fd_sc_hd__or4_2 cells:        6
ABC RESULTS:   sky130_fd_sc_hd__nor4b_2 cells:        1
ABC RESULTS:   sky130_fd_sc_hd__and4bb_2 cells:        2
ABC RESULTS:   sky130_fd_sc_hd__a31o_2 cells:       31
ABC RESULTS:   sky130_fd_sc_hd__xnor2_2 cells:       33
ABC RESULTS:   sky130_fd_sc_hd__and3_2 cells:       17
ABC RESULTS:        internal signals:     2009
ABC RESULTS:           input signals:       69
ABC RESULTS:          output signals:       36
Removing temp directory.

116. Executing SETUNDEF pass (replace undef values with defined constants).

117. Executing HILOMAP pass (mapping to constant drivers).

118. Executing SPLITNETS pass (splitting up multi-bit signals).

119. Executing OPT_CLEAN pass (remove unused cells and wires).
Finding unused cells or wires in module \alu32..
Removed 0 unused cells and 2114 unused wires.
<suppressed ~1 debug messages>

120. Executing INSBUF pass (insert buffer cells for connected wires).
Add alu32/$auto$insbuf.cc:97:execute$7204: \N -> \Result [31]

121. Executing CHECK pass (checking for obvious problems).
Checking module alu32...
Found and reported 0 problems.
{
   "creator": "Yosys 0.46 (git sha1 e97731b9dda91fa5fa53ed87df7c34163ba59a41, clang++ 17.0.6 -fPIC -O3)",
   "invocation": "stat -json -liberty /mnt/d/GitHUB/32-bit_ALU/ASIC_OpenLane/runs/RUN_2026-06-28_15-44-43/tmp/6e62ef49dfa34e29a324a6fca8801351.lib ",
   "modules": {
      "\\alu32": {
         "num_wires":         1025,
         "num_wire_bits":     1122,
         "num_pub_wires":     9,
         "num_pub_wire_bits": 106,
         "num_ports":         9,
         "num_port_bits":     106,
         "num_memories":      0,
         "num_memory_bits":   0,
         "num_processes":     0,
         "num_cells":         1053,
         "area":              10067.155200,
         "num_cells_by_type": {
            "sky130_fd_sc_hd__a211o_2": 38,
            "sky130_fd_sc_hd__a211oi_2": 1,
            "sky130_fd_sc_hd__a21bo_2": 6,
            "sky130_fd_sc_hd__a21boi_2": 2,
            "sky130_fd_sc_hd__a21o_2": 53,
            "sky130_fd_sc_hd__a21oi_2": 32,
            "sky130_fd_sc_hd__a221o_2": 20,
            "sky130_fd_sc_hd__a221oi_2": 3,
            "sky130_fd_sc_hd__a22o_2": 25,
            "sky130_fd_sc_hd__a22oi_2": 9,
            "sky130_fd_sc_hd__a2bb2o_2": 23,
            "sky130_fd_sc_hd__a2bb2oi_2": 1,
            "sky130_fd_sc_hd__a311o_2": 1,
            "sky130_fd_sc_hd__a311oi_2": 1,
            "sky130_fd_sc_hd__a31o_2": 31,
            "sky130_fd_sc_hd__a31oi_2": 2,
            "sky130_fd_sc_hd__a32o_2": 3,
            "sky130_fd_sc_hd__and2_2": 25,
            "sky130_fd_sc_hd__and2b_2": 3,
            "sky130_fd_sc_hd__and3_2": 17,
            "sky130_fd_sc_hd__and3b_2": 1,
            "sky130_fd_sc_hd__and4_2": 1,
            "sky130_fd_sc_hd__and4b_2": 1,
            "sky130_fd_sc_hd__and4bb_2": 2,
            "sky130_fd_sc_hd__buf_2": 1,
            "sky130_fd_sc_hd__inv_2": 54,
            "sky130_fd_sc_hd__mux2_1": 134,
            "sky130_fd_sc_hd__mux4_2": 32,
            "sky130_fd_sc_hd__nand2_2": 100,
            "sky130_fd_sc_hd__nand2b_2": 4,
            "sky130_fd_sc_hd__nand3_2": 1,
            "sky130_fd_sc_hd__nor2_2": 96,
            "sky130_fd_sc_hd__nor3_2": 3,
            "sky130_fd_sc_hd__nor4b_2": 1,
            "sky130_fd_sc_hd__o2111a_2": 1,
            "sky130_fd_sc_hd__o211a_2": 28,
            "sky130_fd_sc_hd__o211ai_2": 11,
            "sky130_fd_sc_hd__o21a_2": 41,
            "sky130_fd_sc_hd__o21ai_2": 41,
            "sky130_fd_sc_hd__o21bai_2": 2,
            "sky130_fd_sc_hd__o221a_2": 27,
            "sky130_fd_sc_hd__o22a_2": 10,
            "sky130_fd_sc_hd__o22ai_2": 1,
            "sky130_fd_sc_hd__o2bb2a_2": 30,
            "sky130_fd_sc_hd__o2bb2ai_2": 2,
            "sky130_fd_sc_hd__o311a_2": 7,
            "sky130_fd_sc_hd__o31a_2": 6,
            "sky130_fd_sc_hd__o32a_2": 2,
            "sky130_fd_sc_hd__o32ai_2": 1,
            "sky130_fd_sc_hd__or2_2": 35,
            "sky130_fd_sc_hd__or3_2": 12,
            "sky130_fd_sc_hd__or3b_2": 10,
            "sky130_fd_sc_hd__or4_2": 6,
            "sky130_fd_sc_hd__or4b_2": 2,
            "sky130_fd_sc_hd__xnor2_2": 33,
            "sky130_fd_sc_hd__xor2_2": 18
         }
      }
   },
      "design": {
         "num_wires":         1025,
         "num_wire_bits":     1122,
         "num_pub_wires":     9,
         "num_pub_wire_bits": 106,
         "num_ports":         9,
         "num_port_bits":     106,
         "num_memories":      0,
         "num_memory_bits":   0,
         "num_processes":     0,
         "num_cells":         1053,
         "area":              10067.155200,
         "num_cells_by_type": {
            "sky130_fd_sc_hd__a211o_2": 38,
            "sky130_fd_sc_hd__a211oi_2": 1,
            "sky130_fd_sc_hd__a21bo_2": 6,
            "sky130_fd_sc_hd__a21boi_2": 2,
            "sky130_fd_sc_hd__a21o_2": 53,
            "sky130_fd_sc_hd__a21oi_2": 32,
            "sky130_fd_sc_hd__a221o_2": 20,
            "sky130_fd_sc_hd__a221oi_2": 3,
            "sky130_fd_sc_hd__a22o_2": 25,
            "sky130_fd_sc_hd__a22oi_2": 9,
            "sky130_fd_sc_hd__a2bb2o_2": 23,
            "sky130_fd_sc_hd__a2bb2oi_2": 1,
            "sky130_fd_sc_hd__a311o_2": 1,
            "sky130_fd_sc_hd__a311oi_2": 1,
            "sky130_fd_sc_hd__a31o_2": 31,
            "sky130_fd_sc_hd__a31oi_2": 2,
            "sky130_fd_sc_hd__a32o_2": 3,
            "sky130_fd_sc_hd__and2_2": 25,
            "sky130_fd_sc_hd__and2b_2": 3,
            "sky130_fd_sc_hd__and3_2": 17,
            "sky130_fd_sc_hd__and3b_2": 1,
            "sky130_fd_sc_hd__and4_2": 1,
            "sky130_fd_sc_hd__and4b_2": 1,
            "sky130_fd_sc_hd__and4bb_2": 2,
            "sky130_fd_sc_hd__buf_2": 1,
            "sky130_fd_sc_hd__inv_2": 54,
            "sky130_fd_sc_hd__mux2_1": 134,
            "sky130_fd_sc_hd__mux4_2": 32,
            "sky130_fd_sc_hd__nand2_2": 100,
            "sky130_fd_sc_hd__nand2b_2": 4,
            "sky130_fd_sc_hd__nand3_2": 1,
            "sky130_fd_sc_hd__nor2_2": 96,
            "sky130_fd_sc_hd__nor3_2": 3,
            "sky130_fd_sc_hd__nor4b_2": 1,
            "sky130_fd_sc_hd__o2111a_2": 1,
            "sky130_fd_sc_hd__o211a_2": 28,
            "sky130_fd_sc_hd__o211ai_2": 11,
            "sky130_fd_sc_hd__o21a_2": 41,
            "sky130_fd_sc_hd__o21ai_2": 41,
            "sky130_fd_sc_hd__o21bai_2": 2,
            "sky130_fd_sc_hd__o221a_2": 27,
            "sky130_fd_sc_hd__o22a_2": 10,
            "sky130_fd_sc_hd__o22ai_2": 1,
            "sky130_fd_sc_hd__o2bb2a_2": 30,
            "sky130_fd_sc_hd__o2bb2ai_2": 2,
            "sky130_fd_sc_hd__o311a_2": 7,
            "sky130_fd_sc_hd__o31a_2": 6,
            "sky130_fd_sc_hd__o32a_2": 2,
            "sky130_fd_sc_hd__o32ai_2": 1,
            "sky130_fd_sc_hd__or2_2": 35,
            "sky130_fd_sc_hd__or3_2": 12,
            "sky130_fd_sc_hd__or3b_2": 10,
            "sky130_fd_sc_hd__or4_2": 6,
            "sky130_fd_sc_hd__or4b_2": 2,
            "sky130_fd_sc_hd__xnor2_2": 33,
            "sky130_fd_sc_hd__xor2_2": 18
         }
      }
}

122. Printing statistics.

=== alu32 ===

   Number of wires:               1025
   Number of wire bits:           1122
   Number of public wires:           9
   Number of public wire bits:     106
   Number of ports:                  9
   Number of port bits:            106
   Number of memories:               0
   Number of memory bits:            0
   Number of processes:              0
   Number of cells:               1053
     sky130_fd_sc_hd__a211o_2       38
     sky130_fd_sc_hd__a211oi_2       1
     sky130_fd_sc_hd__a21bo_2        6
     sky130_fd_sc_hd__a21boi_2       2
     sky130_fd_sc_hd__a21o_2        53
     sky130_fd_sc_hd__a21oi_2       32
     sky130_fd_sc_hd__a221o_2       20
     sky130_fd_sc_hd__a221oi_2       3
     sky130_fd_sc_hd__a22o_2        25
     sky130_fd_sc_hd__a22oi_2        9
     sky130_fd_sc_hd__a2bb2o_2      23
     sky130_fd_sc_hd__a2bb2oi_2      1
     sky130_fd_sc_hd__a311o_2        1
     sky130_fd_sc_hd__a311oi_2       1
     sky130_fd_sc_hd__a31o_2        31
     sky130_fd_sc_hd__a31oi_2        2
     sky130_fd_sc_hd__a32o_2         3
     sky130_fd_sc_hd__and2_2        25
     sky130_fd_sc_hd__and2b_2        3
     sky130_fd_sc_hd__and3_2        17
     sky130_fd_sc_hd__and3b_2        1
     sky130_fd_sc_hd__and4_2         1
     sky130_fd_sc_hd__and4b_2        1
     sky130_fd_sc_hd__and4bb_2       2
     sky130_fd_sc_hd__buf_2          1
     sky130_fd_sc_hd__inv_2         54
     sky130_fd_sc_hd__mux2_1       134
     sky130_fd_sc_hd__mux4_2        32
     sky130_fd_sc_hd__nand2_2      100
     sky130_fd_sc_hd__nand2b_2       4
     sky130_fd_sc_hd__nand3_2        1
     sky130_fd_sc_hd__nor2_2        96
     sky130_fd_sc_hd__nor3_2         3
     sky130_fd_sc_hd__nor4b_2        1
     sky130_fd_sc_hd__o2111a_2       1
     sky130_fd_sc_hd__o211a_2       28
     sky130_fd_sc_hd__o211ai_2      11
     sky130_fd_sc_hd__o21a_2        41
     sky130_fd_sc_hd__o21ai_2       41
     sky130_fd_sc_hd__o21bai_2       2
     sky130_fd_sc_hd__o221a_2       27
     sky130_fd_sc_hd__o22a_2        10
     sky130_fd_sc_hd__o22ai_2        1
     sky130_fd_sc_hd__o2bb2a_2      30
     sky130_fd_sc_hd__o2bb2ai_2      2
     sky130_fd_sc_hd__o311a_2        7
     sky130_fd_sc_hd__o31a_2         6
     sky130_fd_sc_hd__o32a_2         2
     sky130_fd_sc_hd__o32ai_2        1
     sky130_fd_sc_hd__or2_2         35
     sky130_fd_sc_hd__or3_2         12
     sky130_fd_sc_hd__or3b_2        10
     sky130_fd_sc_hd__or4_2          6
     sky130_fd_sc_hd__or4b_2         2
     sky130_fd_sc_hd__xnor2_2       33
     sky130_fd_sc_hd__xor2_2        18

   Chip area for module '\alu32': 10067.155200
     of which used for sequential elements: 0.000000 (0.00%)

123. Executing Verilog backend.
Dumping module `\alu32'.

124. Executing JSON backend.
