
===========================================================================
report_checks -unconstrained
===========================================================================
======================= nom_tt_025C_1v80 Corner ===================================

Startpoint: B[4] (input port clocked by __VIRTUAL_CLK__)
Endpoint: P (output port clocked by __VIRTUAL_CLK__)
Path Group: __VIRTUAL_CLK__
Path Type: max

Fanout         Cap        Slew       Delay        Time   Description
---------------------------------------------------------------------------------------------
                      0.000000    0.000000    0.000000   clock __VIRTUAL_CLK__ (rise edge)
                                  0.000000    0.000000   clock network delay (ideal)
                                  2.000000    2.000000 ^ input external delay
     1    0.003046    0.020792    0.011183    2.011183 ^ B[4] (in)
                                                         B[4] (net)
                      0.020792    0.000000    2.011183 ^ input59/A (sky130_fd_sc_hd__buf_1)
     1    0.016489    0.198448    0.179789    2.190972 ^ input59/X (sky130_fd_sc_hd__buf_1)
                                                         net59 (net)
                      0.198460    0.001274    2.192245 ^ fanout192/A (sky130_fd_sc_hd__buf_2)
     8    0.043353    0.213280    0.275677    2.467922 ^ fanout192/X (sky130_fd_sc_hd__buf_2)
                                                         net192 (net)
                      0.213280    0.000792    2.468714 ^ fanout191/A (sky130_fd_sc_hd__clkbuf_4)
    10    0.050889    0.158133    0.277985    2.746699 ^ fanout191/X (sky130_fd_sc_hd__clkbuf_4)
                                                         net191 (net)
                      0.158179    0.002599    2.749298 ^ fanout190/A (sky130_fd_sc_hd__buf_2)
    10    0.036147    0.179247    0.242535    2.991833 ^ fanout190/X (sky130_fd_sc_hd__buf_2)
                                                         net190 (net)
                      0.179248    0.000811    2.992644 ^ _1018_/A (sky130_fd_sc_hd__inv_2)
     4    0.017933    0.066807    0.089423    3.082067 v _1018_/Y (sky130_fd_sc_hd__inv_2)
                                                         _0079_ (net)
                      0.066834    0.000199    3.082266 v fanout181/A (sky130_fd_sc_hd__buf_2)
    10    0.039431    0.097634    0.198153    3.280419 v fanout181/X (sky130_fd_sc_hd__buf_2)
                                                         net181 (net)
                      0.097707    0.002434    3.282852 v _1274_/A (sky130_fd_sc_hd__nor2_2)
     2    0.020754    0.240764    0.247361    3.530213 ^ _1274_/Y (sky130_fd_sc_hd__nor2_2)
                                                         _0403_ (net)
                      0.240766    0.000689    3.530903 ^ fanout112/A (sky130_fd_sc_hd__buf_6)
    10    0.050308    0.107702    0.197127    3.728029 ^ fanout112/X (sky130_fd_sc_hd__buf_6)
                                                         net112 (net)
                      0.107704    0.000752    3.728781 ^ _1275_/C1 (sky130_fd_sc_hd__a211o_1)
     2    0.006131    0.066620    0.125446    3.854227 ^ _1275_/X (sky130_fd_sc_hd__a211o_1)
                                                         _0404_ (net)
                      0.066620    0.000109    3.854337 ^ _1277_/C (sky130_fd_sc_hd__and3_1)
     2    0.006784    0.085628    0.181500    4.035836 ^ _1277_/X (sky130_fd_sc_hd__and3_1)
                                                         _0406_ (net)
                      0.085628    0.000104    4.035941 ^ _1278_/B (sky130_fd_sc_hd__nor2_1)
     2    0.008230    0.057215    0.067994    4.103935 v _1278_/Y (sky130_fd_sc_hd__nor2_1)
                                                         _0407_ (net)
                      0.057215    0.000158    4.104093 v _1305_/A1 (sky130_fd_sc_hd__a21o_1)
     2    0.014996    0.082739    0.205461    4.309555 v _1305_/X (sky130_fd_sc_hd__a21o_1)
                                                         _0433_ (net)
                      0.082742    0.000609    4.310164 v _1339_/B2 (sky130_fd_sc_hd__a2bb2o_4)
     2    0.010175    0.041631    0.223529    4.533693 v _1339_/X (sky130_fd_sc_hd__a2bb2o_4)
                                                         _0466_ (net)
                      0.041631    0.000287    4.533979 v _1372_/B2 (sky130_fd_sc_hd__a2bb2o_4)
     2    0.011537    0.043520    0.209778    4.743758 v _1372_/X (sky130_fd_sc_hd__a2bb2o_4)
                                                         _0498_ (net)
                      0.043554    0.000381    4.744139 v _1403_/B2 (sky130_fd_sc_hd__a2bb2o_4)
     2    0.010578    0.042174    0.208579    4.952717 v _1403_/X (sky130_fd_sc_hd__a2bb2o_4)
                                                         _0528_ (net)
                      0.042174    0.000309    4.953026 v _1430_/B2 (sky130_fd_sc_hd__a2bb2o_4)
     2    0.008845    0.039959    0.204496    5.157522 v _1430_/X (sky130_fd_sc_hd__a2bb2o_4)
                                                         _0554_ (net)
                      0.039959    0.000233    5.157754 v _1458_/A2 (sky130_fd_sc_hd__a21o_1)
     2    0.005446    0.044164    0.181984    5.339738 v _1458_/X (sky130_fd_sc_hd__a21o_1)
                                                         _0581_ (net)
                      0.044164    0.000107    5.339845 v _1487_/A2 (sky130_fd_sc_hd__a21o_1)
     2    0.009692    0.061270    0.203315    5.543160 v _1487_/X (sky130_fd_sc_hd__a21o_1)
                                                         _0609_ (net)
                      0.061270    0.000212    5.543372 v _1514_/B2 (sky130_fd_sc_hd__a2bb2o_4)
     2    0.008165    0.039153    0.210820    5.754192 v _1514_/X (sky130_fd_sc_hd__a2bb2o_4)
                                                         _0635_ (net)
                      0.039153    0.000161    5.754354 v _1541_/A2 (sky130_fd_sc_hd__a21o_1)
     2    0.007735    0.054460    0.192265    5.946619 v _1541_/X (sky130_fd_sc_hd__a21o_1)
                                                         _0661_ (net)
                      0.054460    0.000246    5.946865 v _1570_/B2 (sky130_fd_sc_hd__a2bb2o_4)
     2    0.005022    0.035404    0.201611    6.148475 v _1570_/X (sky130_fd_sc_hd__a2bb2o_4)
                                                         _0689_ (net)
                      0.035404    0.000103    6.148578 v _1597_/A2 (sky130_fd_sc_hd__a21o_1)
     2    0.006112    0.047081    0.183180    6.331758 v _1597_/X (sky130_fd_sc_hd__a21o_1)
                                                         _0715_ (net)
                      0.047081    0.000150    6.331908 v _1625_/B2 (sky130_fd_sc_hd__a2bb2o_4)
     2    0.010767    0.042439    0.210347    6.542254 v _1625_/X (sky130_fd_sc_hd__a2bb2o_4)
                                                         _0742_ (net)
                      0.042439    0.000546    6.542801 v _1651_/B2 (sky130_fd_sc_hd__a2bb2o_4)
     2    0.006630    0.037339    0.200043    6.742844 v _1651_/X (sky130_fd_sc_hd__a2bb2o_4)
                                                         _0767_ (net)
                      0.037339    0.000187    6.743031 v _1677_/A2 (sky130_fd_sc_hd__a21o_1)
     2    0.005638    0.044978    0.181791    6.924821 v _1677_/X (sky130_fd_sc_hd__a21o_1)
                                                         _0792_ (net)
                      0.044978    0.000106    6.924927 v _1700_/B1 (sky130_fd_sc_hd__a32o_2)
     2    0.014620    0.066572    0.249727    7.174654 v _1700_/X (sky130_fd_sc_hd__a32o_2)
                                                         _0814_ (net)
                      0.066572    0.000676    7.175330 v _1725_/B2 (sky130_fd_sc_hd__a2bb2o_4)
     2    0.007185    0.037942    0.210936    7.386266 v _1725_/X (sky130_fd_sc_hd__a2bb2o_4)
                                                         _0838_ (net)
                      0.037942    0.000120    7.386386 v _1750_/B2 (sky130_fd_sc_hd__a2bb2o_4)
     2    0.005433    0.035917    0.195763    7.582150 v _1750_/X (sky130_fd_sc_hd__a2bb2o_4)
                                                         _0862_ (net)
                      0.035917    0.000093    7.582242 v _1774_/A2 (sky130_fd_sc_hd__a21o_1)
     2    0.009428    0.060239    0.198851    7.781093 v _1774_/X (sky130_fd_sc_hd__a21o_1)
                                                         _0885_ (net)
                      0.060239    0.000208    7.781301 v _1797_/B2 (sky130_fd_sc_hd__a2bb2o_4)
     2    0.011968    0.044178    0.218154    7.999454 v _1797_/X (sky130_fd_sc_hd__a2bb2o_4)
                                                         _0907_ (net)
                      0.044180    0.000389    7.999844 v _1824_/B2 (sky130_fd_sc_hd__a2bb2o_4)
     2    0.005834    0.036385    0.199112    8.198956 v _1824_/X (sky130_fd_sc_hd__a2bb2o_4)
                                                         _0933_ (net)
                      0.036385    0.000153    8.199108 v _1849_/A2 (sky130_fd_sc_hd__a21o_1)
     2    0.011859    0.069929    0.207841    8.406949 v _1849_/X (sky130_fd_sc_hd__a21o_1)
                                                         _0957_ (net)
                      0.069930    0.000383    8.407332 v _1876_/B2 (sky130_fd_sc_hd__a2bb2o_4)
     2    0.010894    0.042584    0.219847    8.627179 v _1876_/X (sky130_fd_sc_hd__a2bb2o_4)
                                                         _0983_ (net)
                      0.042584    0.000317    8.627497 v _1902_/B2 (sky130_fd_sc_hd__a2bb2o_4)
     2    0.010994    0.042723    0.209042    8.836538 v _1902_/X (sky130_fd_sc_hd__a2bb2o_4)
                                                         _1008_ (net)
                      0.042723    0.000349    8.836887 v _1926_/B2 (sky130_fd_sc_hd__a2bb2o_4)
     2    0.012616    0.045236    0.212349    9.049236 v _1926_/X (sky130_fd_sc_hd__a2bb2o_4)
                                                         _0015_ (net)
                      0.045242    0.000544    9.049781 v _1950_/A2 (sky130_fd_sc_hd__a21o_1)
     2    0.008477    0.057785    0.198272    9.248053 v _1950_/X (sky130_fd_sc_hd__a21o_1)
                                                         _0038_ (net)
                      0.057785    0.000249    9.248302 v _1974_/A2 (sky130_fd_sc_hd__a21o_1)
     2    0.014961    0.082529    0.228036    9.476337 v _1974_/X (sky130_fd_sc_hd__a21o_1)
                                                         _0062_ (net)
                      0.082530    0.000381    9.476718 v _1997_/A2 (sky130_fd_sc_hd__a21oi_4)
     3    0.013408    0.144123    0.190136    9.666854 ^ _1997_/Y (sky130_fd_sc_hd__a21oi_4)
                                                         _0086_ (net)
                      0.144124    0.000305    9.667159 ^ _2003_/B (sky130_fd_sc_hd__xor2_1)
     1    0.002788    0.056935    0.082633    9.749792 v _2003_/X (sky130_fd_sc_hd__xor2_1)
                                                         _0093_ (net)
                      0.056935    0.000083    9.749876 v _2004_/C1 (sky130_fd_sc_hd__a221o_1)
     1    0.004513    0.060289    0.270836   10.020712 v _2004_/X (sky130_fd_sc_hd__a221o_1)
                                                         _0094_ (net)
                      0.060319    0.000091   10.020803 v _2017_/A1 (sky130_fd_sc_hd__a211o_4)
     4    0.047398    0.112212    0.401648   10.422451 v _2017_/X (sky130_fd_sc_hd__a211o_4)
                                                         net71 (net)
                      0.112222    0.001084   10.423534 v _2019_/B (sky130_fd_sc_hd__xnor2_2)
     1    0.008375    0.074493    0.167328   10.590862 v _2019_/Y (sky130_fd_sc_hd__xnor2_2)
                                                         _0109_ (net)
                      0.074493    0.000245   10.591108 v _2055_/B (sky130_fd_sc_hd__xnor2_2)
     1    0.029996    0.402949    0.345497   10.936604 ^ _2055_/Y (sky130_fd_sc_hd__xnor2_2)
                                                         net72 (net)
                      0.402986    0.003162   10.939767 ^ output72/A (sky130_fd_sc_hd__buf_6)
     1    0.034125    0.080464    0.198185   11.137951 ^ output72/X (sky130_fd_sc_hd__buf_6)
                                                         P (net)
                      0.080469    0.000716   11.138667 ^ P (out)
                                             11.138667   data arrival time

                      0.000000   10.000000   10.000000   clock __VIRTUAL_CLK__ (rise edge)
                                  0.000000   10.000000   clock network delay (ideal)
                                 -0.250000    9.750000   clock uncertainty
                                  0.000000    9.750000   clock reconvergence pessimism
                                 -2.000000    7.750000   output external delay
                                              7.750000   data required time
---------------------------------------------------------------------------------------------
                                              7.750000   data required time
                                            -11.138667   data arrival time
---------------------------------------------------------------------------------------------
                                             -3.388667   slack (VIOLATED)




===========================================================================
report_checks --slack_max -0.01
============================================================================
======================= nom_tt_025C_1v80 Corner ===================================

Startpoint: B[4] (input port clocked by __VIRTUAL_CLK__)
Endpoint: P (output port clocked by __VIRTUAL_CLK__)
Path Group: __VIRTUAL_CLK__
Path Type: max

Fanout         Cap        Slew       Delay        Time   Description
---------------------------------------------------------------------------------------------
                      0.000000    0.000000    0.000000   clock __VIRTUAL_CLK__ (rise edge)
                                  0.000000    0.000000   clock network delay (ideal)
                                  2.000000    2.000000 ^ input external delay
     1    0.003046    0.020792    0.011183    2.011183 ^ B[4] (in)
                                                         B[4] (net)
                      0.020792    0.000000    2.011183 ^ input59/A (sky130_fd_sc_hd__buf_1)
     1    0.016489    0.198448    0.179789    2.190972 ^ input59/X (sky130_fd_sc_hd__buf_1)
                                                         net59 (net)
                      0.198460    0.001274    2.192245 ^ fanout192/A (sky130_fd_sc_hd__buf_2)
     8    0.043353    0.213280    0.275677    2.467922 ^ fanout192/X (sky130_fd_sc_hd__buf_2)
                                                         net192 (net)
                      0.213280    0.000792    2.468714 ^ fanout191/A (sky130_fd_sc_hd__clkbuf_4)
    10    0.050889    0.158133    0.277985    2.746699 ^ fanout191/X (sky130_fd_sc_hd__clkbuf_4)
                                                         net191 (net)
                      0.158179    0.002599    2.749298 ^ fanout190/A (sky130_fd_sc_hd__buf_2)
    10    0.036147    0.179247    0.242535    2.991833 ^ fanout190/X (sky130_fd_sc_hd__buf_2)
                                                         net190 (net)
                      0.179248    0.000811    2.992644 ^ _1018_/A (sky130_fd_sc_hd__inv_2)
     4    0.017933    0.066807    0.089423    3.082067 v _1018_/Y (sky130_fd_sc_hd__inv_2)
                                                         _0079_ (net)
                      0.066834    0.000199    3.082266 v fanout181/A (sky130_fd_sc_hd__buf_2)
    10    0.039431    0.097634    0.198153    3.280419 v fanout181/X (sky130_fd_sc_hd__buf_2)
                                                         net181 (net)
                      0.097707    0.002434    3.282852 v _1274_/A (sky130_fd_sc_hd__nor2_2)
     2    0.020754    0.240764    0.247361    3.530213 ^ _1274_/Y (sky130_fd_sc_hd__nor2_2)
                                                         _0403_ (net)
                      0.240766    0.000689    3.530903 ^ fanout112/A (sky130_fd_sc_hd__buf_6)
    10    0.050308    0.107702    0.197127    3.728029 ^ fanout112/X (sky130_fd_sc_hd__buf_6)
                                                         net112 (net)
                      0.107704    0.000752    3.728781 ^ _1275_/C1 (sky130_fd_sc_hd__a211o_1)
     2    0.006131    0.066620    0.125446    3.854227 ^ _1275_/X (sky130_fd_sc_hd__a211o_1)
                                                         _0404_ (net)
                      0.066620    0.000109    3.854337 ^ _1277_/C (sky130_fd_sc_hd__and3_1)
     2    0.006784    0.085628    0.181500    4.035836 ^ _1277_/X (sky130_fd_sc_hd__and3_1)
                                                         _0406_ (net)
                      0.085628    0.000104    4.035941 ^ _1278_/B (sky130_fd_sc_hd__nor2_1)
     2    0.008230    0.057215    0.067994    4.103935 v _1278_/Y (sky130_fd_sc_hd__nor2_1)
                                                         _0407_ (net)
                      0.057215    0.000158    4.104093 v _1305_/A1 (sky130_fd_sc_hd__a21o_1)
     2    0.014996    0.082739    0.205461    4.309555 v _1305_/X (sky130_fd_sc_hd__a21o_1)
                                                         _0433_ (net)
                      0.082742    0.000609    4.310164 v _1339_/B2 (sky130_fd_sc_hd__a2bb2o_4)
     2    0.010175    0.041631    0.223529    4.533693 v _1339_/X (sky130_fd_sc_hd__a2bb2o_4)
                                                         _0466_ (net)
                      0.041631    0.000287    4.533979 v _1372_/B2 (sky130_fd_sc_hd__a2bb2o_4)
     2    0.011537    0.043520    0.209778    4.743758 v _1372_/X (sky130_fd_sc_hd__a2bb2o_4)
                                                         _0498_ (net)
                      0.043554    0.000381    4.744139 v _1403_/B2 (sky130_fd_sc_hd__a2bb2o_4)
     2    0.010578    0.042174    0.208579    4.952717 v _1403_/X (sky130_fd_sc_hd__a2bb2o_4)
                                                         _0528_ (net)
                      0.042174    0.000309    4.953026 v _1430_/B2 (sky130_fd_sc_hd__a2bb2o_4)
     2    0.008845    0.039959    0.204496    5.157522 v _1430_/X (sky130_fd_sc_hd__a2bb2o_4)
                                                         _0554_ (net)
                      0.039959    0.000233    5.157754 v _1458_/A2 (sky130_fd_sc_hd__a21o_1)
     2    0.005446    0.044164    0.181984    5.339738 v _1458_/X (sky130_fd_sc_hd__a21o_1)
                                                         _0581_ (net)
                      0.044164    0.000107    5.339845 v _1487_/A2 (sky130_fd_sc_hd__a21o_1)
     2    0.009692    0.061270    0.203315    5.543160 v _1487_/X (sky130_fd_sc_hd__a21o_1)
                                                         _0609_ (net)
                      0.061270    0.000212    5.543372 v _1514_/B2 (sky130_fd_sc_hd__a2bb2o_4)
     2    0.008165    0.039153    0.210820    5.754192 v _1514_/X (sky130_fd_sc_hd__a2bb2o_4)
                                                         _0635_ (net)
                      0.039153    0.000161    5.754354 v _1541_/A2 (sky130_fd_sc_hd__a21o_1)
     2    0.007735    0.054460    0.192265    5.946619 v _1541_/X (sky130_fd_sc_hd__a21o_1)
                                                         _0661_ (net)
                      0.054460    0.000246    5.946865 v _1570_/B2 (sky130_fd_sc_hd__a2bb2o_4)
     2    0.005022    0.035404    0.201611    6.148475 v _1570_/X (sky130_fd_sc_hd__a2bb2o_4)
                                                         _0689_ (net)
                      0.035404    0.000103    6.148578 v _1597_/A2 (sky130_fd_sc_hd__a21o_1)
     2    0.006112    0.047081    0.183180    6.331758 v _1597_/X (sky130_fd_sc_hd__a21o_1)
                                                         _0715_ (net)
                      0.047081    0.000150    6.331908 v _1625_/B2 (sky130_fd_sc_hd__a2bb2o_4)
     2    0.010767    0.042439    0.210347    6.542254 v _1625_/X (sky130_fd_sc_hd__a2bb2o_4)
                                                         _0742_ (net)
                      0.042439    0.000546    6.542801 v _1651_/B2 (sky130_fd_sc_hd__a2bb2o_4)
     2    0.006630    0.037339    0.200043    6.742844 v _1651_/X (sky130_fd_sc_hd__a2bb2o_4)
                                                         _0767_ (net)
                      0.037339    0.000187    6.743031 v _1677_/A2 (sky130_fd_sc_hd__a21o_1)
     2    0.005638    0.044978    0.181791    6.924821 v _1677_/X (sky130_fd_sc_hd__a21o_1)
                                                         _0792_ (net)
                      0.044978    0.000106    6.924927 v _1700_/B1 (sky130_fd_sc_hd__a32o_2)
     2    0.014620    0.066572    0.249727    7.174654 v _1700_/X (sky130_fd_sc_hd__a32o_2)
                                                         _0814_ (net)
                      0.066572    0.000676    7.175330 v _1725_/B2 (sky130_fd_sc_hd__a2bb2o_4)
     2    0.007185    0.037942    0.210936    7.386266 v _1725_/X (sky130_fd_sc_hd__a2bb2o_4)
                                                         _0838_ (net)
                      0.037942    0.000120    7.386386 v _1750_/B2 (sky130_fd_sc_hd__a2bb2o_4)
     2    0.005433    0.035917    0.195763    7.582150 v _1750_/X (sky130_fd_sc_hd__a2bb2o_4)
                                                         _0862_ (net)
                      0.035917    0.000093    7.582242 v _1774_/A2 (sky130_fd_sc_hd__a21o_1)
     2    0.009428    0.060239    0.198851    7.781093 v _1774_/X (sky130_fd_sc_hd__a21o_1)
                                                         _0885_ (net)
                      0.060239    0.000208    7.781301 v _1797_/B2 (sky130_fd_sc_hd__a2bb2o_4)
     2    0.011968    0.044178    0.218154    7.999454 v _1797_/X (sky130_fd_sc_hd__a2bb2o_4)
                                                         _0907_ (net)
                      0.044180    0.000389    7.999844 v _1824_/B2 (sky130_fd_sc_hd__a2bb2o_4)
     2    0.005834    0.036385    0.199112    8.198956 v _1824_/X (sky130_fd_sc_hd__a2bb2o_4)
                                                         _0933_ (net)
                      0.036385    0.000153    8.199108 v _1849_/A2 (sky130_fd_sc_hd__a21o_1)
     2    0.011859    0.069929    0.207841    8.406949 v _1849_/X (sky130_fd_sc_hd__a21o_1)
                                                         _0957_ (net)
                      0.069930    0.000383    8.407332 v _1876_/B2 (sky130_fd_sc_hd__a2bb2o_4)
     2    0.010894    0.042584    0.219847    8.627179 v _1876_/X (sky130_fd_sc_hd__a2bb2o_4)
                                                         _0983_ (net)
                      0.042584    0.000317    8.627497 v _1902_/B2 (sky130_fd_sc_hd__a2bb2o_4)
     2    0.010994    0.042723    0.209042    8.836538 v _1902_/X (sky130_fd_sc_hd__a2bb2o_4)
                                                         _1008_ (net)
                      0.042723    0.000349    8.836887 v _1926_/B2 (sky130_fd_sc_hd__a2bb2o_4)
     2    0.012616    0.045236    0.212349    9.049236 v _1926_/X (sky130_fd_sc_hd__a2bb2o_4)
                                                         _0015_ (net)
                      0.045242    0.000544    9.049781 v _1950_/A2 (sky130_fd_sc_hd__a21o_1)
     2    0.008477    0.057785    0.198272    9.248053 v _1950_/X (sky130_fd_sc_hd__a21o_1)
                                                         _0038_ (net)
                      0.057785    0.000249    9.248302 v _1974_/A2 (sky130_fd_sc_hd__a21o_1)
     2    0.014961    0.082529    0.228036    9.476337 v _1974_/X (sky130_fd_sc_hd__a21o_1)
                                                         _0062_ (net)
                      0.082530    0.000381    9.476718 v _1997_/A2 (sky130_fd_sc_hd__a21oi_4)
     3    0.013408    0.144123    0.190136    9.666854 ^ _1997_/Y (sky130_fd_sc_hd__a21oi_4)
                                                         _0086_ (net)
                      0.144124    0.000305    9.667159 ^ _2003_/B (sky130_fd_sc_hd__xor2_1)
     1    0.002788    0.056935    0.082633    9.749792 v _2003_/X (sky130_fd_sc_hd__xor2_1)
                                                         _0093_ (net)
                      0.056935    0.000083    9.749876 v _2004_/C1 (sky130_fd_sc_hd__a221o_1)
     1    0.004513    0.060289    0.270836   10.020712 v _2004_/X (sky130_fd_sc_hd__a221o_1)
                                                         _0094_ (net)
                      0.060319    0.000091   10.020803 v _2017_/A1 (sky130_fd_sc_hd__a211o_4)
     4    0.047398    0.112212    0.401648   10.422451 v _2017_/X (sky130_fd_sc_hd__a211o_4)
                                                         net71 (net)
                      0.112222    0.001084   10.423534 v _2019_/B (sky130_fd_sc_hd__xnor2_2)
     1    0.008375    0.074493    0.167328   10.590862 v _2019_/Y (sky130_fd_sc_hd__xnor2_2)
                                                         _0109_ (net)
                      0.074493    0.000245   10.591108 v _2055_/B (sky130_fd_sc_hd__xnor2_2)
     1    0.029996    0.402949    0.345497   10.936604 ^ _2055_/Y (sky130_fd_sc_hd__xnor2_2)
                                                         net72 (net)
                      0.402986    0.003162   10.939767 ^ output72/A (sky130_fd_sc_hd__buf_6)
     1    0.034125    0.080464    0.198185   11.137951 ^ output72/X (sky130_fd_sc_hd__buf_6)
                                                         P (net)
                      0.080469    0.000716   11.138667 ^ P (out)
                                             11.138667   data arrival time

                      0.000000   10.000000   10.000000   clock __VIRTUAL_CLK__ (rise edge)
                                  0.000000   10.000000   clock network delay (ideal)
                                 -0.250000    9.750000   clock uncertainty
                                  0.000000    9.750000   clock reconvergence pessimism
                                 -2.000000    7.750000   output external delay
                                              7.750000   data required time
---------------------------------------------------------------------------------------------
                                              7.750000   data required time
                                            -11.138667   data arrival time
---------------------------------------------------------------------------------------------
                                             -3.388667   slack (VIOLATED)




===========================================================================
 report_check_types -max_slew -max_cap -max_fanout -violators
============================================================================
======================= nom_tt_025C_1v80 Corner ===================================



===========================================================================
report_parasitic_annotation -report_unannotated
============================================================================
Found 0 unannotated drivers.
Found 0 partially unannotated drivers.

===========================================================================
max slew violation count 0
max fanout violation count 0
max cap violation count 0
============================================================================

===========================================================================
check_setup -verbose -unconstrained_endpoints -multiple_clock -no_clock -no_input_delay -loops -generated_clocks
===========================================================================
