
===========================================================================
Violator List
============================================================================
[setup in-out] B[4] -> P : -3.388667
[setup in-out] B[4] -> Z : -3.362840
[setup in-out] B[4] -> Result[31] : -2.943097
[setup in-out] B[4] -> N : -2.884273
[setup in-out] B[4] -> Result[30] : -2.629243
[setup in-out] B[4] -> V : -2.537205
[setup in-out] B[4] -> C : -2.432264
[setup in-out] B[4] -> Result[29] : -2.181582
[setup in-out] B[4] -> Result[28] : -1.988260
[setup in-out] B[4] -> Result[27] : -1.842120
[setup in-out] B[4] -> Result[26] : -1.778680
[setup in-out] B[4] -> Result[25] : -1.516837
[setup in-out] B[4] -> Result[24] : -1.467042
[setup in-out] B[4] -> Result[23] : -1.071141
[setup in-out] B[4] -> Result[18] : -1.067821
[setup in-out] B[4] -> Result[22] : -0.936009
[setup in-out] B[4] -> Result[21] : -0.828744
[setup in-out] B[4] -> Result[20] : -0.702674
[setup in-out] B[4] -> Result[19] : -0.205234
[setup in-out] B[4] -> Result[17] : -0.117331
