
===========================================================================
Violator List
============================================================================
[setup in-out] B[4] -> P : -3.538630
[setup in-out] B[4] -> Z : -3.515520
[setup in-out] B[4] -> Result[31] : -3.079125
[setup in-out] B[4] -> N : -3.018293
[setup in-out] B[4] -> Result[30] : -2.761445
[setup in-out] B[4] -> V : -2.675241
[setup in-out] B[4] -> C : -2.568946
[setup in-out] B[4] -> Result[29] : -2.316955
[setup in-out] B[4] -> Result[28] : -2.117471
[setup in-out] B[4] -> Result[27] : -1.971512
[setup in-out] B[4] -> Result[26] : -1.908587
[setup in-out] B[4] -> Result[25] : -1.648354
[setup in-out] B[4] -> Result[24] : -1.588003
[setup in-out] B[4] -> Result[23] : -1.198248
[setup in-out] B[4] -> Result[18] : -1.193621
[setup in-out] B[4] -> Result[22] : -1.061748
[setup in-out] B[4] -> Result[21] : -0.964317
[setup in-out] B[4] -> Result[20] : -0.828132
[setup in-out] B[4] -> Result[19] : -0.324551
[setup in-out] B[4] -> Result[17] : -0.239785
[setup in-out] B[4] -> Result[16] : -0.012274
