
===========================================================================
report_checks -unconstrained
===========================================================================
======================= nom_ss_100C_1v60 Corner ===================================

Startpoint: B[4] (input port clocked by __VIRTUAL_CLK__)
Endpoint: P (output port clocked by __VIRTUAL_CLK__)
Path Group: __VIRTUAL_CLK__
Path Type: max

Fanout         Cap        Slew       Delay        Time   Description
---------------------------------------------------------------------------------------------
                      0.000000    0.000000    0.000000   clock __VIRTUAL_CLK__ (rise edge)
                                  0.000000    0.000000   clock network delay (ideal)
                                  2.000000    2.000000 ^ input external delay
     1    0.002980    0.033443    0.016744    2.016744 ^ B[4] (in)
                                                         B[4] (net)
                      0.033443    0.000000    2.016744 ^ input59/A (sky130_fd_sc_hd__buf_1)
     1    0.016435    0.318070    0.310376    2.327120 ^ input59/X (sky130_fd_sc_hd__buf_1)
                                                         net59 (net)
                      0.318077    0.001267    2.328387 ^ fanout192/A (sky130_fd_sc_hd__buf_2)
     8    0.043214    0.339576    0.498235    2.826622 ^ fanout192/X (sky130_fd_sc_hd__buf_2)
                                                         net192 (net)
                      0.339576    0.000789    2.827411 ^ fanout191/A (sky130_fd_sc_hd__clkbuf_4)
    10    0.050719    0.252242    0.502839    3.330251 ^ fanout191/X (sky130_fd_sc_hd__clkbuf_4)
                                                         net191 (net)
                      0.252266    0.002590    3.332840 ^ fanout190/A (sky130_fd_sc_hd__buf_2)
    10    0.035991    0.285347    0.435757    3.768597 ^ fanout190/X (sky130_fd_sc_hd__buf_2)
                                                         net190 (net)
                      0.285347    0.000807    3.769404 ^ _1018_/A (sky130_fd_sc_hd__inv_2)
     4    0.017937    0.112389    0.194263    3.963668 v _1018_/Y (sky130_fd_sc_hd__inv_2)
                                                         _0079_ (net)
                      0.112389    0.000199    3.963866 v fanout181/A (sky130_fd_sc_hd__buf_2)
    10    0.039594    0.187414    0.380926    4.344792 v fanout181/X (sky130_fd_sc_hd__buf_2)
                                                         net181 (net)
                      0.187447    0.002454    4.347246 v _1274_/A (sky130_fd_sc_hd__nor2_2)
     2    0.020720    0.391274    0.427097    4.774343 ^ _1274_/Y (sky130_fd_sc_hd__nor2_2)
                                                         _0403_ (net)
                      0.391275    0.000688    4.775032 ^ fanout112/A (sky130_fd_sc_hd__buf_6)
    10    0.050220    0.171344    0.384004    5.159036 ^ fanout112/X (sky130_fd_sc_hd__buf_6)
                                                         net112 (net)
                      0.171344    0.000751    5.159787 ^ _1275_/C1 (sky130_fd_sc_hd__a211o_1)
     2    0.006031    0.108589    0.233194    5.392981 ^ _1275_/X (sky130_fd_sc_hd__a211o_1)
                                                         _0404_ (net)
                      0.108589    0.000107    5.393087 ^ _1277_/C (sky130_fd_sc_hd__and3_1)
     2    0.006730    0.140432    0.366576    5.759663 ^ _1277_/X (sky130_fd_sc_hd__and3_1)
                                                         _0406_ (net)
                      0.140432    0.000103    5.759767 ^ _1278_/B (sky130_fd_sc_hd__nor2_1)
     2    0.008190    0.097407    0.135611    5.895377 v _1278_/Y (sky130_fd_sc_hd__nor2_1)
                                                         _0407_ (net)
                      0.097407    0.000158    5.895535 v _1305_/A1 (sky130_fd_sc_hd__a21o_1)
     2    0.015131    0.153037    0.391232    6.286767 v _1305_/X (sky130_fd_sc_hd__a21o_1)
                                                         _0433_ (net)
                      0.153037    0.000616    6.287383 v _1339_/B2 (sky130_fd_sc_hd__a2bb2o_4)
     2    0.010310    0.071728    0.420073    6.707456 v _1339_/X (sky130_fd_sc_hd__a2bb2o_4)
                                                         _0466_ (net)
                      0.071728    0.000291    6.707747 v _1372_/B2 (sky130_fd_sc_hd__a2bb2o_4)
     2    0.011672    0.074799    0.389391    7.097138 v _1372_/X (sky130_fd_sc_hd__a2bb2o_4)
                                                         _0498_ (net)
                      0.074799    0.000386    7.097525 v _1403_/B2 (sky130_fd_sc_hd__a2bb2o_4)
     2    0.010713    0.072651    0.387687    7.485212 v _1403_/X (sky130_fd_sc_hd__a2bb2o_4)
                                                         _0528_ (net)
                      0.072651    0.000313    7.485524 v _1430_/B2 (sky130_fd_sc_hd__a2bb2o_4)
     2    0.008833    0.068652    0.380780    7.866304 v _1430_/X (sky130_fd_sc_hd__a2bb2o_4)
                                                         _0554_ (net)
                      0.068652    0.000233    7.866537 v _1458_/A2 (sky130_fd_sc_hd__a21o_1)
     2    0.005408    0.081042    0.337477    8.204014 v _1458_/X (sky130_fd_sc_hd__a21o_1)
                                                         _0581_ (net)
                      0.081042    0.000107    8.204121 v _1487_/A2 (sky130_fd_sc_hd__a21o_1)
     2    0.009847    0.115369    0.377215    8.581335 v _1487_/X (sky130_fd_sc_hd__a21o_1)
                                                         _0609_ (net)
                      0.115369    0.000215    8.581550 v _1514_/B2 (sky130_fd_sc_hd__a2bb2o_4)
     2    0.008153    0.067147    0.397060    8.978610 v _1514_/X (sky130_fd_sc_hd__a2bb2o_4)
                                                         _0635_ (net)
                      0.067147    0.000162    8.978772 v _1541_/A2 (sky130_fd_sc_hd__a21o_1)
     2    0.007752    0.098728    0.354775    9.333547 v _1541_/X (sky130_fd_sc_hd__a21o_1)
                                                         _0661_ (net)
                      0.098728    0.000248    9.333795 v _1570_/B2 (sky130_fd_sc_hd__a2bb2o_4)
     2    0.004984    0.058346    0.377359    9.711154 v _1570_/X (sky130_fd_sc_hd__a2bb2o_4)
                                                         _0689_ (net)
                      0.058346    0.000102    9.711256 v _1597_/A2 (sky130_fd_sc_hd__a21o_1)
     2    0.006129    0.086315    0.338299   10.049555 v _1597_/X (sky130_fd_sc_hd__a21o_1)
                                                         _0715_ (net)
                      0.086315    0.000152   10.049707 v _1625_/B2 (sky130_fd_sc_hd__a2bb2o_4)
     2    0.010784    0.072802    0.392877   10.442584 v _1625_/X (sky130_fd_sc_hd__a2bb2o_4)
                                                         _0742_ (net)
                      0.072807    0.000549   10.443132 v _1651_/B2 (sky130_fd_sc_hd__a2bb2o_4)
     2    0.006592    0.063930    0.373702   10.816834 v _1651_/X (sky130_fd_sc_hd__a2bb2o_4)
                                                         _0767_ (net)
                      0.063930    0.000186   10.817020 v _1677_/A2 (sky130_fd_sc_hd__a21o_1)
     2    0.005641    0.082719    0.337108   11.154129 v _1677_/X (sky130_fd_sc_hd__a21o_1)
                                                         _0792_ (net)
                      0.082719    0.000107   11.154235 v _1700_/B1 (sky130_fd_sc_hd__a32o_2)
     2    0.014775    0.121005    0.468141   11.622376 v _1700_/X (sky130_fd_sc_hd__a32o_2)
                                                         _0814_ (net)
                      0.121007    0.000685   11.623061 v _1725_/B2 (sky130_fd_sc_hd__a2bb2o_4)
     2    0.007202    0.065161    0.396454   12.019515 v _1725_/X (sky130_fd_sc_hd__a2bb2o_4)
                                                         _0838_ (net)
                      0.065161    0.000122   12.019637 v _1750_/B2 (sky130_fd_sc_hd__a2bb2o_4)
     2    0.005395    0.059577    0.364726   12.384363 v _1750_/X (sky130_fd_sc_hd__a2bb2o_4)
                                                         _0862_ (net)
                      0.059640    0.000093   12.384457 v _1774_/A2 (sky130_fd_sc_hd__a21o_1)
     2    0.009563    0.113070    0.365317   12.749773 v _1774_/X (sky130_fd_sc_hd__a21o_1)
                                                         _0885_ (net)
                      0.113070    0.000211   12.749985 v _1797_/B2 (sky130_fd_sc_hd__a2bb2o_4)
     2    0.012103    0.075764    0.408598   13.158582 v _1797_/X (sky130_fd_sc_hd__a2bb2o_4)
                                                         _0907_ (net)
                      0.075764    0.000394   13.158977 v _1824_/B2 (sky130_fd_sc_hd__a2bb2o_4)
     2    0.005796    0.060976    0.371347   13.530324 v _1824_/X (sky130_fd_sc_hd__a2bb2o_4)
                                                         _0933_ (net)
                      0.060976    0.000153   13.530477 v _1849_/A2 (sky130_fd_sc_hd__a21o_1)
     2    0.012014    0.133161    0.384686   13.915163 v _1849_/X (sky130_fd_sc_hd__a21o_1)
                                                         _0957_ (net)
                      0.133161    0.000388   13.915551 v _1876_/B2 (sky130_fd_sc_hd__a2bb2o_4)
     2    0.011029    0.073297    0.413809   14.329360 v _1876_/X (sky130_fd_sc_hd__a2bb2o_4)
                                                         _0983_ (net)
                      0.073297    0.000322   14.329681 v _1902_/B2 (sky130_fd_sc_hd__a2bb2o_4)
     2    0.011129    0.073572    0.388346   14.718028 v _1902_/X (sky130_fd_sc_hd__a2bb2o_4)
                                                         _1008_ (net)
                      0.073572    0.000354   14.718383 v _1926_/B2 (sky130_fd_sc_hd__a2bb2o_4)
     2    0.012604    0.077006    0.393107   15.111489 v _1926_/X (sky130_fd_sc_hd__a2bb2o_4)
                                                         _0015_ (net)
                      0.077006    0.000544   15.112033 v _1950_/A2 (sky130_fd_sc_hd__a21o_1)
     2    0.008465    0.104339    0.364754   15.476787 v _1950_/X (sky130_fd_sc_hd__a21o_1)
                                                         _0038_ (net)
                      0.104339    0.000249   15.477036 v _1974_/A2 (sky130_fd_sc_hd__a21o_1)
     2    0.015128    0.152938    0.425679   15.902715 v _1974_/X (sky130_fd_sc_hd__a21o_1)
                                                         _0062_ (net)
                      0.152938    0.000385   15.903100 v _1997_/A2 (sky130_fd_sc_hd__a21oi_4)
     3    0.013258    0.222385    0.322864   16.225964 ^ _1997_/Y (sky130_fd_sc_hd__a21oi_4)
                                                         _0086_ (net)
                      0.222385    0.000302   16.226265 ^ _2003_/B (sky130_fd_sc_hd__xor2_1)
     1    0.002859    0.102444    0.182398   16.408663 v _2003_/X (sky130_fd_sc_hd__xor2_1)
                                                         _0093_ (net)
                      0.102444    0.000087   16.408751 v _2004_/C1 (sky130_fd_sc_hd__a221o_1)
     1    0.004540    0.110892    0.524727   16.933477 v _2004_/X (sky130_fd_sc_hd__a221o_1)
                                                         _0094_ (net)
                      0.110892    0.000092   16.933569 v _2017_/A1 (sky130_fd_sc_hd__a211o_4)
     4    0.047520    0.170398    0.711237   17.644808 v _2017_/X (sky130_fd_sc_hd__a211o_4)
                                                         net71 (net)
                      0.170402    0.001091   17.645897 v _2019_/B (sky130_fd_sc_hd__xnor2_2)
     1    0.008517    0.137653    0.304130   17.950027 v _2019_/Y (sky130_fd_sc_hd__xnor2_2)
                                                         _0109_ (net)
                      0.137653    0.000249   17.950277 v _2055_/B (sky130_fd_sc_hd__xnor2_2)
     1    0.029959    0.632437    0.569139   18.519417 ^ _2055_/Y (sky130_fd_sc_hd__xnor2_2)
                                                         net72 (net)
                      0.632460    0.003157   18.522572 ^ output72/A (sky130_fd_sc_hd__buf_6)
     1    0.034125    0.127704    0.433930   18.956503 ^ output72/X (sky130_fd_sc_hd__buf_6)
                                                         P (net)
                      0.127706    0.000716   18.957218 ^ P (out)
                                             18.957218   data arrival time

                      0.000000   10.000000   10.000000   clock __VIRTUAL_CLK__ (rise edge)
                                  0.000000   10.000000   clock network delay (ideal)
                                 -0.250000    9.750000   clock uncertainty
                                  0.000000    9.750000   clock reconvergence pessimism
                                 -2.000000    7.750000   output external delay
                                              7.750000   data required time
---------------------------------------------------------------------------------------------
                                              7.750000   data required time
                                            -18.957218   data arrival time
---------------------------------------------------------------------------------------------
                                            -11.207218   slack (VIOLATED)




===========================================================================
report_checks --slack_max -0.01
============================================================================
======================= nom_ss_100C_1v60 Corner ===================================

Startpoint: B[4] (input port clocked by __VIRTUAL_CLK__)
Endpoint: P (output port clocked by __VIRTUAL_CLK__)
Path Group: __VIRTUAL_CLK__
Path Type: max

Fanout         Cap        Slew       Delay        Time   Description
---------------------------------------------------------------------------------------------
                      0.000000    0.000000    0.000000   clock __VIRTUAL_CLK__ (rise edge)
                                  0.000000    0.000000   clock network delay (ideal)
                                  2.000000    2.000000 ^ input external delay
     1    0.002980    0.033443    0.016744    2.016744 ^ B[4] (in)
                                                         B[4] (net)
                      0.033443    0.000000    2.016744 ^ input59/A (sky130_fd_sc_hd__buf_1)
     1    0.016435    0.318070    0.310376    2.327120 ^ input59/X (sky130_fd_sc_hd__buf_1)
                                                         net59 (net)
                      0.318077    0.001267    2.328387 ^ fanout192/A (sky130_fd_sc_hd__buf_2)
     8    0.043214    0.339576    0.498235    2.826622 ^ fanout192/X (sky130_fd_sc_hd__buf_2)
                                                         net192 (net)
                      0.339576    0.000789    2.827411 ^ fanout191/A (sky130_fd_sc_hd__clkbuf_4)
    10    0.050719    0.252242    0.502839    3.330251 ^ fanout191/X (sky130_fd_sc_hd__clkbuf_4)
                                                         net191 (net)
                      0.252266    0.002590    3.332840 ^ fanout190/A (sky130_fd_sc_hd__buf_2)
    10    0.035991    0.285347    0.435757    3.768597 ^ fanout190/X (sky130_fd_sc_hd__buf_2)
                                                         net190 (net)
                      0.285347    0.000807    3.769404 ^ _1018_/A (sky130_fd_sc_hd__inv_2)
     4    0.017937    0.112389    0.194263    3.963668 v _1018_/Y (sky130_fd_sc_hd__inv_2)
                                                         _0079_ (net)
                      0.112389    0.000199    3.963866 v fanout181/A (sky130_fd_sc_hd__buf_2)
    10    0.039594    0.187414    0.380926    4.344792 v fanout181/X (sky130_fd_sc_hd__buf_2)
                                                         net181 (net)
                      0.187447    0.002454    4.347246 v _1274_/A (sky130_fd_sc_hd__nor2_2)
     2    0.020720    0.391274    0.427097    4.774343 ^ _1274_/Y (sky130_fd_sc_hd__nor2_2)
                                                         _0403_ (net)
                      0.391275    0.000688    4.775032 ^ fanout112/A (sky130_fd_sc_hd__buf_6)
    10    0.050220    0.171344    0.384004    5.159036 ^ fanout112/X (sky130_fd_sc_hd__buf_6)
                                                         net112 (net)
                      0.171344    0.000751    5.159787 ^ _1275_/C1 (sky130_fd_sc_hd__a211o_1)
     2    0.006031    0.108589    0.233194    5.392981 ^ _1275_/X (sky130_fd_sc_hd__a211o_1)
                                                         _0404_ (net)
                      0.108589    0.000107    5.393087 ^ _1277_/C (sky130_fd_sc_hd__and3_1)
     2    0.006730    0.140432    0.366576    5.759663 ^ _1277_/X (sky130_fd_sc_hd__and3_1)
                                                         _0406_ (net)
                      0.140432    0.000103    5.759767 ^ _1278_/B (sky130_fd_sc_hd__nor2_1)
     2    0.008190    0.097407    0.135611    5.895377 v _1278_/Y (sky130_fd_sc_hd__nor2_1)
                                                         _0407_ (net)
                      0.097407    0.000158    5.895535 v _1305_/A1 (sky130_fd_sc_hd__a21o_1)
     2    0.015131    0.153037    0.391232    6.286767 v _1305_/X (sky130_fd_sc_hd__a21o_1)
                                                         _0433_ (net)
                      0.153037    0.000616    6.287383 v _1339_/B2 (sky130_fd_sc_hd__a2bb2o_4)
     2    0.010310    0.071728    0.420073    6.707456 v _1339_/X (sky130_fd_sc_hd__a2bb2o_4)
                                                         _0466_ (net)
                      0.071728    0.000291    6.707747 v _1372_/B2 (sky130_fd_sc_hd__a2bb2o_4)
     2    0.011672    0.074799    0.389391    7.097138 v _1372_/X (sky130_fd_sc_hd__a2bb2o_4)
                                                         _0498_ (net)
                      0.074799    0.000386    7.097525 v _1403_/B2 (sky130_fd_sc_hd__a2bb2o_4)
     2    0.010713    0.072651    0.387687    7.485212 v _1403_/X (sky130_fd_sc_hd__a2bb2o_4)
                                                         _0528_ (net)
                      0.072651    0.000313    7.485524 v _1430_/B2 (sky130_fd_sc_hd__a2bb2o_4)
     2    0.008833    0.068652    0.380780    7.866304 v _1430_/X (sky130_fd_sc_hd__a2bb2o_4)
                                                         _0554_ (net)
                      0.068652    0.000233    7.866537 v _1458_/A2 (sky130_fd_sc_hd__a21o_1)
     2    0.005408    0.081042    0.337477    8.204014 v _1458_/X (sky130_fd_sc_hd__a21o_1)
                                                         _0581_ (net)
                      0.081042    0.000107    8.204121 v _1487_/A2 (sky130_fd_sc_hd__a21o_1)
     2    0.009847    0.115369    0.377215    8.581335 v _1487_/X (sky130_fd_sc_hd__a21o_1)
                                                         _0609_ (net)
                      0.115369    0.000215    8.581550 v _1514_/B2 (sky130_fd_sc_hd__a2bb2o_4)
     2    0.008153    0.067147    0.397060    8.978610 v _1514_/X (sky130_fd_sc_hd__a2bb2o_4)
                                                         _0635_ (net)
                      0.067147    0.000162    8.978772 v _1541_/A2 (sky130_fd_sc_hd__a21o_1)
     2    0.007752    0.098728    0.354775    9.333547 v _1541_/X (sky130_fd_sc_hd__a21o_1)
                                                         _0661_ (net)
                      0.098728    0.000248    9.333795 v _1570_/B2 (sky130_fd_sc_hd__a2bb2o_4)
     2    0.004984    0.058346    0.377359    9.711154 v _1570_/X (sky130_fd_sc_hd__a2bb2o_4)
                                                         _0689_ (net)
                      0.058346    0.000102    9.711256 v _1597_/A2 (sky130_fd_sc_hd__a21o_1)
     2    0.006129    0.086315    0.338299   10.049555 v _1597_/X (sky130_fd_sc_hd__a21o_1)
                                                         _0715_ (net)
                      0.086315    0.000152   10.049707 v _1625_/B2 (sky130_fd_sc_hd__a2bb2o_4)
     2    0.010784    0.072802    0.392877   10.442584 v _1625_/X (sky130_fd_sc_hd__a2bb2o_4)
                                                         _0742_ (net)
                      0.072807    0.000549   10.443132 v _1651_/B2 (sky130_fd_sc_hd__a2bb2o_4)
     2    0.006592    0.063930    0.373702   10.816834 v _1651_/X (sky130_fd_sc_hd__a2bb2o_4)
                                                         _0767_ (net)
                      0.063930    0.000186   10.817020 v _1677_/A2 (sky130_fd_sc_hd__a21o_1)
     2    0.005641    0.082719    0.337108   11.154129 v _1677_/X (sky130_fd_sc_hd__a21o_1)
                                                         _0792_ (net)
                      0.082719    0.000107   11.154235 v _1700_/B1 (sky130_fd_sc_hd__a32o_2)
     2    0.014775    0.121005    0.468141   11.622376 v _1700_/X (sky130_fd_sc_hd__a32o_2)
                                                         _0814_ (net)
                      0.121007    0.000685   11.623061 v _1725_/B2 (sky130_fd_sc_hd__a2bb2o_4)
     2    0.007202    0.065161    0.396454   12.019515 v _1725_/X (sky130_fd_sc_hd__a2bb2o_4)
                                                         _0838_ (net)
                      0.065161    0.000122   12.019637 v _1750_/B2 (sky130_fd_sc_hd__a2bb2o_4)
     2    0.005395    0.059577    0.364726   12.384363 v _1750_/X (sky130_fd_sc_hd__a2bb2o_4)
                                                         _0862_ (net)
                      0.059640    0.000093   12.384457 v _1774_/A2 (sky130_fd_sc_hd__a21o_1)
     2    0.009563    0.113070    0.365317   12.749773 v _1774_/X (sky130_fd_sc_hd__a21o_1)
                                                         _0885_ (net)
                      0.113070    0.000211   12.749985 v _1797_/B2 (sky130_fd_sc_hd__a2bb2o_4)
     2    0.012103    0.075764    0.408598   13.158582 v _1797_/X (sky130_fd_sc_hd__a2bb2o_4)
                                                         _0907_ (net)
                      0.075764    0.000394   13.158977 v _1824_/B2 (sky130_fd_sc_hd__a2bb2o_4)
     2    0.005796    0.060976    0.371347   13.530324 v _1824_/X (sky130_fd_sc_hd__a2bb2o_4)
                                                         _0933_ (net)
                      0.060976    0.000153   13.530477 v _1849_/A2 (sky130_fd_sc_hd__a21o_1)
     2    0.012014    0.133161    0.384686   13.915163 v _1849_/X (sky130_fd_sc_hd__a21o_1)
                                                         _0957_ (net)
                      0.133161    0.000388   13.915551 v _1876_/B2 (sky130_fd_sc_hd__a2bb2o_4)
     2    0.011029    0.073297    0.413809   14.329360 v _1876_/X (sky130_fd_sc_hd__a2bb2o_4)
                                                         _0983_ (net)
                      0.073297    0.000322   14.329681 v _1902_/B2 (sky130_fd_sc_hd__a2bb2o_4)
     2    0.011129    0.073572    0.388346   14.718028 v _1902_/X (sky130_fd_sc_hd__a2bb2o_4)
                                                         _1008_ (net)
                      0.073572    0.000354   14.718383 v _1926_/B2 (sky130_fd_sc_hd__a2bb2o_4)
     2    0.012604    0.077006    0.393107   15.111489 v _1926_/X (sky130_fd_sc_hd__a2bb2o_4)
                                                         _0015_ (net)
                      0.077006    0.000544   15.112033 v _1950_/A2 (sky130_fd_sc_hd__a21o_1)
     2    0.008465    0.104339    0.364754   15.476787 v _1950_/X (sky130_fd_sc_hd__a21o_1)
                                                         _0038_ (net)
                      0.104339    0.000249   15.477036 v _1974_/A2 (sky130_fd_sc_hd__a21o_1)
     2    0.015128    0.152938    0.425679   15.902715 v _1974_/X (sky130_fd_sc_hd__a21o_1)
                                                         _0062_ (net)
                      0.152938    0.000385   15.903100 v _1997_/A2 (sky130_fd_sc_hd__a21oi_4)
     3    0.013258    0.222385    0.322864   16.225964 ^ _1997_/Y (sky130_fd_sc_hd__a21oi_4)
                                                         _0086_ (net)
                      0.222385    0.000302   16.226265 ^ _2003_/B (sky130_fd_sc_hd__xor2_1)
     1    0.002859    0.102444    0.182398   16.408663 v _2003_/X (sky130_fd_sc_hd__xor2_1)
                                                         _0093_ (net)
                      0.102444    0.000087   16.408751 v _2004_/C1 (sky130_fd_sc_hd__a221o_1)
     1    0.004540    0.110892    0.524727   16.933477 v _2004_/X (sky130_fd_sc_hd__a221o_1)
                                                         _0094_ (net)
                      0.110892    0.000092   16.933569 v _2017_/A1 (sky130_fd_sc_hd__a211o_4)
     4    0.047520    0.170398    0.711237   17.644808 v _2017_/X (sky130_fd_sc_hd__a211o_4)
                                                         net71 (net)
                      0.170402    0.001091   17.645897 v _2019_/B (sky130_fd_sc_hd__xnor2_2)
     1    0.008517    0.137653    0.304130   17.950027 v _2019_/Y (sky130_fd_sc_hd__xnor2_2)
                                                         _0109_ (net)
                      0.137653    0.000249   17.950277 v _2055_/B (sky130_fd_sc_hd__xnor2_2)
     1    0.029959    0.632437    0.569139   18.519417 ^ _2055_/Y (sky130_fd_sc_hd__xnor2_2)
                                                         net72 (net)
                      0.632460    0.003157   18.522572 ^ output72/A (sky130_fd_sc_hd__buf_6)
     1    0.034125    0.127704    0.433930   18.956503 ^ output72/X (sky130_fd_sc_hd__buf_6)
                                                         P (net)
                      0.127706    0.000716   18.957218 ^ P (out)
                                             18.957218   data arrival time

                      0.000000   10.000000   10.000000   clock __VIRTUAL_CLK__ (rise edge)
                                  0.000000   10.000000   clock network delay (ideal)
                                 -0.250000    9.750000   clock uncertainty
                                  0.000000    9.750000   clock reconvergence pessimism
                                 -2.000000    7.750000   output external delay
                                              7.750000   data required time
---------------------------------------------------------------------------------------------
                                              7.750000   data required time
                                            -18.957218   data arrival time
---------------------------------------------------------------------------------------------
                                            -11.207218   slack (VIOLATED)




===========================================================================
 report_check_types -max_slew -max_cap -max_fanout -violators
============================================================================
======================= nom_ss_100C_1v60 Corner ===================================

max slew

Pin                                        Limit        Slew       Slack
------------------------------------------------------------------------
fanout167/A                             0.750000    1.197412   -0.447412 (VIOLATED)
_1052_/Y                                0.750000    1.197410   -0.447410 (VIOLATED)
fanout166/A                             0.750000    1.197410   -0.447410 (VIOLATED)
_1066_/Y                                0.750000    1.041621   -0.291621 (VIOLATED)
fanout143/A                             0.750000    1.041621   -0.291621 (VIOLATED)
fanout145/A                             0.750000    1.041621   -0.291621 (VIOLATED)
_2017_/A2                               0.750000    0.885544   -0.135544 (VIOLATED)
_1959_/B1                               0.750000    0.885542   -0.135542 (VIOLATED)
fanout124/A                             0.750000    0.885536   -0.135536 (VIOLATED)
_1281_/Y                                0.750000    0.885534   -0.135534 (VIOLATED)
_1130_/A1_N                             0.750000    0.849228   -0.099228 (VIOLATED)
_1180_/A1_N                             0.750000    0.849227   -0.099228 (VIOLATED)
_1273_/A2                               0.750000    0.849227   -0.099227 (VIOLATED)
_1237_/A                                0.750000    0.849223   -0.099223 (VIOLATED)
_2001_/A2                               0.750000    0.849223   -0.099223 (VIOLATED)
_1821_/B1                               0.750000    0.849218   -0.099218 (VIOLATED)
_1047_/Y                                0.750000    0.849011   -0.099011 (VIOLATED)
_1700_/A2                               0.750000    0.849011   -0.099011 (VIOLATED)
_2006_/A                                0.750000    0.796799   -0.046799 (VIOLATED)
_1169_/A                                0.750000    0.796797   -0.046797 (VIOLATED)
_1669_/A1                               0.750000    0.796796   -0.046796 (VIOLATED)
_1356_/B2                               0.750000    0.796790   -0.046790 (VIOLATED)
_1257_/A1                               0.750000    0.796788   -0.046788 (VIOLATED)
_1382_/B2                               0.750000    0.796788   -0.046788 (VIOLATED)
_1293_/A                                0.750000    0.796784   -0.046784 (VIOLATED)
_1104_/Y                                0.750000    0.796782   -0.046782 (VIOLATED)
_1207_/C1                               0.750000    0.796782   -0.046782 (VIOLATED)
_1325_/A1                               0.750000    0.796782   -0.046782 (VIOLATED)
_1115_/A                                0.750000    0.785725   -0.035725 (VIOLATED)
_1016_/A                                0.750000    0.785724   -0.035724 (VIOLATED)
_1047_/A                                0.750000    0.785724   -0.035724 (VIOLATED)
_1427_/A1                               0.750000    0.785720   -0.035720 (VIOLATED)
_1474_/B1                               0.750000    0.785720   -0.035720 (VIOLATED)
clone2/X                                0.750000    0.785720   -0.035720 (VIOLATED)



===========================================================================
report_parasitic_annotation -report_unannotated
============================================================================
Found 0 unannotated drivers.
Found 0 partially unannotated drivers.

===========================================================================
max slew violation count 34
max fanout violation count 0
max cap violation count 0
============================================================================

===========================================================================
check_setup -verbose -unconstrained_endpoints -multiple_clock -no_clock -no_input_delay -loops -generated_clocks
===========================================================================
