
===========================================================================
Violator List
============================================================================
[setup in-out] B[4] -> P : -11.207218
[setup in-out] B[4] -> Z : -11.205449
[setup in-out] B[4] -> Result[31] : -10.387604
[setup in-out] B[4] -> N : -10.288579
[setup in-out] B[4] -> Result[30] : -9.884939
[setup in-out] B[4] -> V : -9.654638
[setup in-out] B[4] -> C : -9.452287
[setup in-out] B[4] -> Result[29] : -9.019168
[setup in-out] B[4] -> Result[28] : -8.669147
[setup in-out] B[4] -> Result[27] : -8.369856
[setup in-out] B[4] -> Result[26] : -8.271542
[setup in-out] B[4] -> Result[25] : -7.754752
[setup in-out] B[4] -> Result[24] : -7.707966
[setup in-out] B[4] -> Result[18] : -7.212938
[setup in-out] B[4] -> Result[23] : -6.962005
[setup in-out] B[4] -> Result[22] : -6.702120
[setup in-out] B[4] -> Result[21] : -6.580153
[setup in-out] B[4] -> Result[20] : -6.290228
[setup in-out] B[4] -> Result[19] : -5.321541
[setup in-out] B[4] -> Result[17] : -5.256480
[setup in-out] B[4] -> Result[16] : -4.802091
[setup in-out] B[4] -> Result[15] : -4.223414
[setup in-out] B[4] -> Result[14] : -3.984718
[setup in-out] B[4] -> Result[13] : -3.642256
[setup in-out] B[4] -> Result[12] : -2.739936
[setup in-out] B[4] -> Result[10] : -2.682603
[setup in-out] B[4] -> Result[11] : -2.311319
[setup in-out] alu_opcode[0] -> Result[8] : -1.511872
[setup in-out] B[4] -> Result[9] : -1.462497
[setup in-out] alu_opcode[0] -> Result[7] : -1.082112
[setup in-out] alu_opcode[0] -> Result[6] : -0.794553
[setup in-out] alu_opcode[3] -> Result[0] : -0.711055
[setup in-out] alu_opcode[0] -> Result[5] : -0.626540
[setup in-out] alu_opcode[3] -> Result[3] : -0.578086
[setup in-out] alu_opcode[3] -> Result[4] : -0.509702
[setup in-out] alu_opcode[3] -> Result[1] : -0.465945
[setup in-out] B[1] -> Result[2] : -0.341526
