
===========================================================================
report_checks -unconstrained
===========================================================================
======================= nom_tt_025C_1v80 Corner ===================================

Startpoint: alu_opcode[3] (input port clocked by __VIRTUAL_CLK__)
Endpoint: P (output port clocked by __VIRTUAL_CLK__)
Path Group: __VIRTUAL_CLK__
Path Type: max

Fanout         Cap        Slew       Delay        Time   Description
---------------------------------------------------------------------------------------------
                      0.000000    0.000000    0.000000   clock __VIRTUAL_CLK__ (rise edge)
                                  0.000000    0.000000   clock network delay (ideal)
                                  2.000000    2.000000 ^ input external delay
     1    0.002822    0.020547    0.010372    2.010372 ^ alu_opcode[3] (in)
                                                         alu_opcode[3] (net)
                      0.020547    0.000000    2.010372 ^ input68/A (sky130_fd_sc_hd__clkbuf_2)
     5    0.022290    0.126442    0.154766    2.165139 ^ input68/X (sky130_fd_sc_hd__clkbuf_2)
                                                         net68 (net)
                      0.126442    0.000168    2.165307 ^ fanout186/A (sky130_fd_sc_hd__clkbuf_4)
    10    0.045369    0.143540    0.238143    2.403450 ^ fanout186/X (sky130_fd_sc_hd__clkbuf_4)
                                                         net186 (net)
                      0.143540    0.000266    2.403716 ^ _1051_/A1 (sky130_fd_sc_hd__a21bo_1)
     8    0.019787    0.170725    0.223918    2.627634 ^ _1051_/X (sky130_fd_sc_hd__a21bo_1)
                                                         _0184_ (net)
                      0.170725    0.000107    2.627741 ^ _1052_/C (sky130_fd_sc_hd__nor3_1)
     1    0.002398    0.048968    0.062117    2.689858 v _1052_/Y (sky130_fd_sc_hd__nor3_1)
                                                         _0185_ (net)
                      0.048968    0.000004    2.689861 v wire168/A (sky130_fd_sc_hd__buf_1)
     2    0.009630    0.062409    0.120451    2.810313 v wire168/X (sky130_fd_sc_hd__buf_1)
                                                         net168 (net)
                      0.062409    0.000043    2.810356 v fanout166/A (sky130_fd_sc_hd__buf_2)
    10    0.029492    0.079004    0.179354    2.989709 v fanout166/X (sky130_fd_sc_hd__buf_2)
                                                         net166 (net)
                      0.079004    0.000139    2.989848 v _1056_/A (sky130_fd_sc_hd__nor2_1)
     5    0.014715    0.273311    0.255814    3.245661 ^ _1056_/Y (sky130_fd_sc_hd__nor2_1)
                                                         _0189_ (net)
                      0.273311    0.000031    3.245692 ^ fanout117/A (sky130_fd_sc_hd__clkbuf_4)
    10    0.037210    0.121852    0.270750    3.516443 ^ fanout117/X (sky130_fd_sc_hd__clkbuf_4)
                                                         net117 (net)
                      0.121852    0.000097    3.516540 ^ _1132_/A2 (sky130_fd_sc_hd__o32ai_2)
     2    0.006552    0.071637    0.109257    3.625797 v _1132_/Y (sky130_fd_sc_hd__o32ai_2)
                                                         _0264_ (net)
                      0.071637    0.000018    3.625814 v _1182_/B2 (sky130_fd_sc_hd__a2bb2o_1)
     2    0.006624    0.068598    0.273371    3.899185 v _1182_/X (sky130_fd_sc_hd__a2bb2o_1)
                                                         _0313_ (net)
                      0.068598    0.000030    3.899216 v _1226_/B2 (sky130_fd_sc_hd__a2bb2o_1)
     2    0.009105    0.079021    0.286983    4.186199 v _1226_/X (sky130_fd_sc_hd__a2bb2o_1)
                                                         _0356_ (net)
                      0.079021    0.000075    4.186273 v _1273_/B2 (sky130_fd_sc_hd__a32o_1)
     2    0.007677    0.063070    0.247421    4.433694 v _1273_/X (sky130_fd_sc_hd__a32o_1)
                                                         _0402_ (net)
                      0.063070    0.000037    4.433731 v _1305_/A1 (sky130_fd_sc_hd__a21o_1)
     2    0.008620    0.058032    0.184538    4.618269 v _1305_/X (sky130_fd_sc_hd__a21o_1)
                                                         _0433_ (net)
                      0.058032    0.000097    4.618366 v _1339_/B2 (sky130_fd_sc_hd__a2bb2o_1)
     2    0.006588    0.070428    0.267776    4.886142 v _1339_/X (sky130_fd_sc_hd__a2bb2o_1)
                                                         _0466_ (net)
                      0.070428    0.000028    4.886170 v _1372_/B2 (sky130_fd_sc_hd__a2bb2o_1)
     2    0.006898    0.070052    0.274570    5.160740 v _1372_/X (sky130_fd_sc_hd__a2bb2o_1)
                                                         _0498_ (net)
                      0.070052    0.000035    5.160776 v _1403_/B2 (sky130_fd_sc_hd__a2bb2o_1)
     2    0.006834    0.071568    0.274031    5.434806 v _1403_/X (sky130_fd_sc_hd__a2bb2o_1)
                                                         _0528_ (net)
                      0.071568    0.000028    5.434835 v _1430_/B2 (sky130_fd_sc_hd__a2bb2o_1)
     2    0.007650    0.075342    0.279638    5.714473 v _1430_/X (sky130_fd_sc_hd__a2bb2o_1)
                                                         _0554_ (net)
                      0.075342    0.000031    5.714504 v _1458_/A1 (sky130_fd_sc_hd__a21o_1)
     2    0.007685    0.054120    0.185378    5.899882 v _1458_/X (sky130_fd_sc_hd__a21o_1)
                                                         _0581_ (net)
                      0.054120    0.000022    5.899903 v _1487_/A1 (sky130_fd_sc_hd__a21o_1)
     2    0.006575    0.050334    0.171589    6.071492 v _1487_/X (sky130_fd_sc_hd__a21o_1)
                                                         _0609_ (net)
                      0.050334    0.000017    6.071510 v _1514_/B2 (sky130_fd_sc_hd__a2bb2o_1)
     2    0.007696    0.075515    0.271586    6.343096 v _1514_/X (sky130_fd_sc_hd__a2bb2o_1)
                                                         _0635_ (net)
                      0.075515    0.000025    6.343121 v _1541_/A1 (sky130_fd_sc_hd__a21o_1)
     2    0.006587    0.050408    0.180458    6.523579 v _1541_/X (sky130_fd_sc_hd__a21o_1)
                                                         _0661_ (net)
                      0.050408    0.000020    6.523599 v _1570_/B2 (sky130_fd_sc_hd__a2bb2o_1)
     2    0.007615    0.075194    0.271124    6.794723 v _1570_/X (sky130_fd_sc_hd__a2bb2o_1)
                                                         _0689_ (net)
                      0.075194    0.000019    6.794742 v _1597_/A1 (sky130_fd_sc_hd__a21o_1)
     2    0.006617    0.049289    0.180449    6.975191 v _1597_/X (sky130_fd_sc_hd__a21o_1)
                                                         _0715_ (net)
                      0.049289    0.000022    6.975213 v _1625_/B2 (sky130_fd_sc_hd__a2bb2o_1)
     2    0.008192    0.075945    0.274178    7.249391 v _1625_/X (sky130_fd_sc_hd__a2bb2o_1)
                                                         _0742_ (net)
                      0.075945    0.000099    7.249489 v _1651_/B2 (sky130_fd_sc_hd__a2bb2o_1)
     2    0.007431    0.074265    0.280037    7.529527 v _1651_/X (sky130_fd_sc_hd__a2bb2o_1)
                                                         _0767_ (net)
                      0.074265    0.000017    7.529543 v _1677_/A1 (sky130_fd_sc_hd__a21o_1)
     2    0.006784    0.051207    0.180841    7.710384 v _1677_/X (sky130_fd_sc_hd__a21o_1)
                                                         _0792_ (net)
                      0.051207    0.000005    7.710390 v _1700_/B2 (sky130_fd_sc_hd__a32o_1)
     2    0.008759    0.066785    0.242289    7.952679 v _1700_/X (sky130_fd_sc_hd__a32o_1)
                                                         _0814_ (net)
                      0.066785    0.000122    7.952800 v _1725_/B2 (sky130_fd_sc_hd__a2bb2o_1)
     2    0.006968    0.070415    0.273559    8.226359 v _1725_/X (sky130_fd_sc_hd__a2bb2o_1)
                                                         _0838_ (net)
                      0.070415    0.000020    8.226379 v _1750_/B2 (sky130_fd_sc_hd__a2bb2o_1)
     2    0.007466    0.074515    0.278059    8.504438 v _1750_/X (sky130_fd_sc_hd__a2bb2o_1)
                                                         _0862_ (net)
                      0.074515    0.000016    8.504455 v _1774_/A1 (sky130_fd_sc_hd__a21o_1)
     2    0.006648    0.049430    0.180314    8.684768 v _1774_/X (sky130_fd_sc_hd__a21o_1)
                                                         _0885_ (net)
                      0.049430    0.000022    8.684790 v _1797_/B2 (sky130_fd_sc_hd__a2bb2o_1)
     2    0.007252    0.071910    0.268514    8.953304 v _1797_/X (sky130_fd_sc_hd__a2bb2o_1)
                                                         _0907_ (net)
                      0.071910    0.000057    8.953361 v _1824_/B2 (sky130_fd_sc_hd__a2bb2o_1)
     2    0.008096    0.075726    0.282480    9.235841 v _1824_/X (sky130_fd_sc_hd__a2bb2o_1)
                                                         _0933_ (net)
                      0.075726    0.000036    9.235876 v _1849_/A1 (sky130_fd_sc_hd__a21o_1)
     2    0.007214    0.051972    0.183373    9.419250 v _1849_/X (sky130_fd_sc_hd__a21o_1)
                                                         _0957_ (net)
                      0.051972    0.000049    9.419298 v _1876_/B2 (sky130_fd_sc_hd__a2bb2o_1)
     2    0.006826    0.069684    0.266862    9.686161 v _1876_/X (sky130_fd_sc_hd__a2bb2o_1)
                                                         _0983_ (net)
                      0.069684    0.000029    9.686190 v _1902_/B2 (sky130_fd_sc_hd__a2bb2o_1)
     2    0.006777    0.069439    0.273533    9.959723 v _1902_/X (sky130_fd_sc_hd__a2bb2o_1)
                                                         _1008_ (net)
                      0.069439    0.000036    9.959760 v _1926_/B2 (sky130_fd_sc_hd__a2bb2o_1)
     2    0.009500    0.080651    0.289050   10.248809 v _1926_/X (sky130_fd_sc_hd__a2bb2o_1)
                                                         _0015_ (net)
                      0.080651    0.000145   10.248954 v _1950_/A1 (sky130_fd_sc_hd__a21o_1)
     2    0.007527    0.053421    0.186841   10.435795 v _1950_/X (sky130_fd_sc_hd__a21o_1)
                                                         _0038_ (net)
                      0.053421    0.000034   10.435828 v _1974_/A1 (sky130_fd_sc_hd__a21o_1)
     2    0.009310    0.059824    0.183752   10.619580 v _1974_/X (sky130_fd_sc_hd__a21o_1)
                                                         _0062_ (net)
                      0.059824    0.000023   10.619603 v _1997_/A1 (sky130_fd_sc_hd__a21oi_2)
     3    0.013011    0.188747    0.197238   10.816841 ^ _1997_/Y (sky130_fd_sc_hd__a21oi_2)
                                                         _0086_ (net)
                      0.188747    0.000055   10.816896 ^ _2003_/A (sky130_fd_sc_hd__xor2_1)
     1    0.002418    0.055795    0.089342   10.906238 v _2003_/X (sky130_fd_sc_hd__xor2_1)
                                                         _0093_ (net)
                      0.055795    0.000004   10.906242 v _2004_/C1 (sky130_fd_sc_hd__a221o_1)
     1    0.002433    0.051098    0.254285   11.160527 v _2004_/X (sky130_fd_sc_hd__a221o_1)
                                                         _0094_ (net)
                      0.051098    0.000002   11.160529 v _2017_/A2 (sky130_fd_sc_hd__a211o_2)
     4    0.025518    0.102690    0.401127   11.561656 v _2017_/X (sky130_fd_sc_hd__a211o_2)
                                                         net71 (net)
                      0.102690    0.000253   11.561909 v _2019_/B (sky130_fd_sc_hd__xnor2_1)
     1    0.009478    0.253844    0.250025   11.811934 ^ _2019_/Y (sky130_fd_sc_hd__xnor2_1)
                                                         _0109_ (net)
                      0.253844    0.000022   11.811956 ^ _2055_/A (sky130_fd_sc_hd__xnor2_2)
     1    0.014349    0.225288    0.185130   11.997087 ^ _2055_/Y (sky130_fd_sc_hd__xnor2_2)
                                                         net72 (net)
                      0.225288    0.000450   11.997537 ^ output72/A (sky130_fd_sc_hd__buf_2)
     1    0.034041    0.169563    0.254085   12.251621 ^ output72/X (sky130_fd_sc_hd__buf_2)
                                                         P (net)
                      0.169563    0.000095   12.251717 ^ P (out)
                                             12.251717   data arrival time

                      0.000000   10.000000   10.000000   clock __VIRTUAL_CLK__ (rise edge)
                                  0.000000   10.000000   clock network delay (ideal)
                                 -0.250000    9.750000   clock uncertainty
                                  0.000000    9.750000   clock reconvergence pessimism
                                 -2.000000    7.750000   output external delay
                                              7.750000   data required time
---------------------------------------------------------------------------------------------
                                              7.750000   data required time
                                            -12.251717   data arrival time
---------------------------------------------------------------------------------------------
                                             -4.501717   slack (VIOLATED)




===========================================================================
report_checks --slack_max -0.01
============================================================================
======================= nom_tt_025C_1v80 Corner ===================================

Startpoint: alu_opcode[3] (input port clocked by __VIRTUAL_CLK__)
Endpoint: P (output port clocked by __VIRTUAL_CLK__)
Path Group: __VIRTUAL_CLK__
Path Type: max

Fanout         Cap        Slew       Delay        Time   Description
---------------------------------------------------------------------------------------------
                      0.000000    0.000000    0.000000   clock __VIRTUAL_CLK__ (rise edge)
                                  0.000000    0.000000   clock network delay (ideal)
                                  2.000000    2.000000 ^ input external delay
     1    0.002822    0.020547    0.010372    2.010372 ^ alu_opcode[3] (in)
                                                         alu_opcode[3] (net)
                      0.020547    0.000000    2.010372 ^ input68/A (sky130_fd_sc_hd__clkbuf_2)
     5    0.022290    0.126442    0.154766    2.165139 ^ input68/X (sky130_fd_sc_hd__clkbuf_2)
                                                         net68 (net)
                      0.126442    0.000168    2.165307 ^ fanout186/A (sky130_fd_sc_hd__clkbuf_4)
    10    0.045369    0.143540    0.238143    2.403450 ^ fanout186/X (sky130_fd_sc_hd__clkbuf_4)
                                                         net186 (net)
                      0.143540    0.000266    2.403716 ^ _1051_/A1 (sky130_fd_sc_hd__a21bo_1)
     8    0.019787    0.170725    0.223918    2.627634 ^ _1051_/X (sky130_fd_sc_hd__a21bo_1)
                                                         _0184_ (net)
                      0.170725    0.000107    2.627741 ^ _1052_/C (sky130_fd_sc_hd__nor3_1)
     1    0.002398    0.048968    0.062117    2.689858 v _1052_/Y (sky130_fd_sc_hd__nor3_1)
                                                         _0185_ (net)
                      0.048968    0.000004    2.689861 v wire168/A (sky130_fd_sc_hd__buf_1)
     2    0.009630    0.062409    0.120451    2.810313 v wire168/X (sky130_fd_sc_hd__buf_1)
                                                         net168 (net)
                      0.062409    0.000043    2.810356 v fanout166/A (sky130_fd_sc_hd__buf_2)
    10    0.029492    0.079004    0.179354    2.989709 v fanout166/X (sky130_fd_sc_hd__buf_2)
                                                         net166 (net)
                      0.079004    0.000139    2.989848 v _1056_/A (sky130_fd_sc_hd__nor2_1)
     5    0.014715    0.273311    0.255814    3.245661 ^ _1056_/Y (sky130_fd_sc_hd__nor2_1)
                                                         _0189_ (net)
                      0.273311    0.000031    3.245692 ^ fanout117/A (sky130_fd_sc_hd__clkbuf_4)
    10    0.037210    0.121852    0.270750    3.516443 ^ fanout117/X (sky130_fd_sc_hd__clkbuf_4)
                                                         net117 (net)
                      0.121852    0.000097    3.516540 ^ _1132_/A2 (sky130_fd_sc_hd__o32ai_2)
     2    0.006552    0.071637    0.109257    3.625797 v _1132_/Y (sky130_fd_sc_hd__o32ai_2)
                                                         _0264_ (net)
                      0.071637    0.000018    3.625814 v _1182_/B2 (sky130_fd_sc_hd__a2bb2o_1)
     2    0.006624    0.068598    0.273371    3.899185 v _1182_/X (sky130_fd_sc_hd__a2bb2o_1)
                                                         _0313_ (net)
                      0.068598    0.000030    3.899216 v _1226_/B2 (sky130_fd_sc_hd__a2bb2o_1)
     2    0.009105    0.079021    0.286983    4.186199 v _1226_/X (sky130_fd_sc_hd__a2bb2o_1)
                                                         _0356_ (net)
                      0.079021    0.000075    4.186273 v _1273_/B2 (sky130_fd_sc_hd__a32o_1)
     2    0.007677    0.063070    0.247421    4.433694 v _1273_/X (sky130_fd_sc_hd__a32o_1)
                                                         _0402_ (net)
                      0.063070    0.000037    4.433731 v _1305_/A1 (sky130_fd_sc_hd__a21o_1)
     2    0.008620    0.058032    0.184538    4.618269 v _1305_/X (sky130_fd_sc_hd__a21o_1)
                                                         _0433_ (net)
                      0.058032    0.000097    4.618366 v _1339_/B2 (sky130_fd_sc_hd__a2bb2o_1)
     2    0.006588    0.070428    0.267776    4.886142 v _1339_/X (sky130_fd_sc_hd__a2bb2o_1)
                                                         _0466_ (net)
                      0.070428    0.000028    4.886170 v _1372_/B2 (sky130_fd_sc_hd__a2bb2o_1)
     2    0.006898    0.070052    0.274570    5.160740 v _1372_/X (sky130_fd_sc_hd__a2bb2o_1)
                                                         _0498_ (net)
                      0.070052    0.000035    5.160776 v _1403_/B2 (sky130_fd_sc_hd__a2bb2o_1)
     2    0.006834    0.071568    0.274031    5.434806 v _1403_/X (sky130_fd_sc_hd__a2bb2o_1)
                                                         _0528_ (net)
                      0.071568    0.000028    5.434835 v _1430_/B2 (sky130_fd_sc_hd__a2bb2o_1)
     2    0.007650    0.075342    0.279638    5.714473 v _1430_/X (sky130_fd_sc_hd__a2bb2o_1)
                                                         _0554_ (net)
                      0.075342    0.000031    5.714504 v _1458_/A1 (sky130_fd_sc_hd__a21o_1)
     2    0.007685    0.054120    0.185378    5.899882 v _1458_/X (sky130_fd_sc_hd__a21o_1)
                                                         _0581_ (net)
                      0.054120    0.000022    5.899903 v _1487_/A1 (sky130_fd_sc_hd__a21o_1)
     2    0.006575    0.050334    0.171589    6.071492 v _1487_/X (sky130_fd_sc_hd__a21o_1)
                                                         _0609_ (net)
                      0.050334    0.000017    6.071510 v _1514_/B2 (sky130_fd_sc_hd__a2bb2o_1)
     2    0.007696    0.075515    0.271586    6.343096 v _1514_/X (sky130_fd_sc_hd__a2bb2o_1)
                                                         _0635_ (net)
                      0.075515    0.000025    6.343121 v _1541_/A1 (sky130_fd_sc_hd__a21o_1)
     2    0.006587    0.050408    0.180458    6.523579 v _1541_/X (sky130_fd_sc_hd__a21o_1)
                                                         _0661_ (net)
                      0.050408    0.000020    6.523599 v _1570_/B2 (sky130_fd_sc_hd__a2bb2o_1)
     2    0.007615    0.075194    0.271124    6.794723 v _1570_/X (sky130_fd_sc_hd__a2bb2o_1)
                                                         _0689_ (net)
                      0.075194    0.000019    6.794742 v _1597_/A1 (sky130_fd_sc_hd__a21o_1)
     2    0.006617    0.049289    0.180449    6.975191 v _1597_/X (sky130_fd_sc_hd__a21o_1)
                                                         _0715_ (net)
                      0.049289    0.000022    6.975213 v _1625_/B2 (sky130_fd_sc_hd__a2bb2o_1)
     2    0.008192    0.075945    0.274178    7.249391 v _1625_/X (sky130_fd_sc_hd__a2bb2o_1)
                                                         _0742_ (net)
                      0.075945    0.000099    7.249489 v _1651_/B2 (sky130_fd_sc_hd__a2bb2o_1)
     2    0.007431    0.074265    0.280037    7.529527 v _1651_/X (sky130_fd_sc_hd__a2bb2o_1)
                                                         _0767_ (net)
                      0.074265    0.000017    7.529543 v _1677_/A1 (sky130_fd_sc_hd__a21o_1)
     2    0.006784    0.051207    0.180841    7.710384 v _1677_/X (sky130_fd_sc_hd__a21o_1)
                                                         _0792_ (net)
                      0.051207    0.000005    7.710390 v _1700_/B2 (sky130_fd_sc_hd__a32o_1)
     2    0.008759    0.066785    0.242289    7.952679 v _1700_/X (sky130_fd_sc_hd__a32o_1)
                                                         _0814_ (net)
                      0.066785    0.000122    7.952800 v _1725_/B2 (sky130_fd_sc_hd__a2bb2o_1)
     2    0.006968    0.070415    0.273559    8.226359 v _1725_/X (sky130_fd_sc_hd__a2bb2o_1)
                                                         _0838_ (net)
                      0.070415    0.000020    8.226379 v _1750_/B2 (sky130_fd_sc_hd__a2bb2o_1)
     2    0.007466    0.074515    0.278059    8.504438 v _1750_/X (sky130_fd_sc_hd__a2bb2o_1)
                                                         _0862_ (net)
                      0.074515    0.000016    8.504455 v _1774_/A1 (sky130_fd_sc_hd__a21o_1)
     2    0.006648    0.049430    0.180314    8.684768 v _1774_/X (sky130_fd_sc_hd__a21o_1)
                                                         _0885_ (net)
                      0.049430    0.000022    8.684790 v _1797_/B2 (sky130_fd_sc_hd__a2bb2o_1)
     2    0.007252    0.071910    0.268514    8.953304 v _1797_/X (sky130_fd_sc_hd__a2bb2o_1)
                                                         _0907_ (net)
                      0.071910    0.000057    8.953361 v _1824_/B2 (sky130_fd_sc_hd__a2bb2o_1)
     2    0.008096    0.075726    0.282480    9.235841 v _1824_/X (sky130_fd_sc_hd__a2bb2o_1)
                                                         _0933_ (net)
                      0.075726    0.000036    9.235876 v _1849_/A1 (sky130_fd_sc_hd__a21o_1)
     2    0.007214    0.051972    0.183373    9.419250 v _1849_/X (sky130_fd_sc_hd__a21o_1)
                                                         _0957_ (net)
                      0.051972    0.000049    9.419298 v _1876_/B2 (sky130_fd_sc_hd__a2bb2o_1)
     2    0.006826    0.069684    0.266862    9.686161 v _1876_/X (sky130_fd_sc_hd__a2bb2o_1)
                                                         _0983_ (net)
                      0.069684    0.000029    9.686190 v _1902_/B2 (sky130_fd_sc_hd__a2bb2o_1)
     2    0.006777    0.069439    0.273533    9.959723 v _1902_/X (sky130_fd_sc_hd__a2bb2o_1)
                                                         _1008_ (net)
                      0.069439    0.000036    9.959760 v _1926_/B2 (sky130_fd_sc_hd__a2bb2o_1)
     2    0.009500    0.080651    0.289050   10.248809 v _1926_/X (sky130_fd_sc_hd__a2bb2o_1)
                                                         _0015_ (net)
                      0.080651    0.000145   10.248954 v _1950_/A1 (sky130_fd_sc_hd__a21o_1)
     2    0.007527    0.053421    0.186841   10.435795 v _1950_/X (sky130_fd_sc_hd__a21o_1)
                                                         _0038_ (net)
                      0.053421    0.000034   10.435828 v _1974_/A1 (sky130_fd_sc_hd__a21o_1)
     2    0.009310    0.059824    0.183752   10.619580 v _1974_/X (sky130_fd_sc_hd__a21o_1)
                                                         _0062_ (net)
                      0.059824    0.000023   10.619603 v _1997_/A1 (sky130_fd_sc_hd__a21oi_2)
     3    0.013011    0.188747    0.197238   10.816841 ^ _1997_/Y (sky130_fd_sc_hd__a21oi_2)
                                                         _0086_ (net)
                      0.188747    0.000055   10.816896 ^ _2003_/A (sky130_fd_sc_hd__xor2_1)
     1    0.002418    0.055795    0.089342   10.906238 v _2003_/X (sky130_fd_sc_hd__xor2_1)
                                                         _0093_ (net)
                      0.055795    0.000004   10.906242 v _2004_/C1 (sky130_fd_sc_hd__a221o_1)
     1    0.002433    0.051098    0.254285   11.160527 v _2004_/X (sky130_fd_sc_hd__a221o_1)
                                                         _0094_ (net)
                      0.051098    0.000002   11.160529 v _2017_/A2 (sky130_fd_sc_hd__a211o_2)
     4    0.025518    0.102690    0.401127   11.561656 v _2017_/X (sky130_fd_sc_hd__a211o_2)
                                                         net71 (net)
                      0.102690    0.000253   11.561909 v _2019_/B (sky130_fd_sc_hd__xnor2_1)
     1    0.009478    0.253844    0.250025   11.811934 ^ _2019_/Y (sky130_fd_sc_hd__xnor2_1)
                                                         _0109_ (net)
                      0.253844    0.000022   11.811956 ^ _2055_/A (sky130_fd_sc_hd__xnor2_2)
     1    0.014349    0.225288    0.185130   11.997087 ^ _2055_/Y (sky130_fd_sc_hd__xnor2_2)
                                                         net72 (net)
                      0.225288    0.000450   11.997537 ^ output72/A (sky130_fd_sc_hd__buf_2)
     1    0.034041    0.169563    0.254085   12.251621 ^ output72/X (sky130_fd_sc_hd__buf_2)
                                                         P (net)
                      0.169563    0.000095   12.251717 ^ P (out)
                                             12.251717   data arrival time

                      0.000000   10.000000   10.000000   clock __VIRTUAL_CLK__ (rise edge)
                                  0.000000   10.000000   clock network delay (ideal)
                                 -0.250000    9.750000   clock uncertainty
                                  0.000000    9.750000   clock reconvergence pessimism
                                 -2.000000    7.750000   output external delay
                                              7.750000   data required time
---------------------------------------------------------------------------------------------
                                              7.750000   data required time
                                            -12.251717   data arrival time
---------------------------------------------------------------------------------------------
                                             -4.501717   slack (VIOLATED)




===========================================================================
 report_check_types -max_slew -max_cap -max_fanout -violators
============================================================================
======================= nom_tt_025C_1v80 Corner ===================================



===========================================================================
report_parasitic_annotation -report_unannotated
============================================================================
Found 0 unannotated drivers.
Found 0 partially unannotated drivers.

===========================================================================
max slew violation count 0
Writing metric design__max_slew_violation__count__corner:nom_tt_025C_1v80: 0
max fanout violation count 0
Writing metric design__max_fanout_violation__count__corner:nom_tt_025C_1v80: 0
max cap violation count 0
Writing metric design__max_cap_violation__count__corner:nom_tt_025C_1v80: 0
============================================================================

===========================================================================
check_setup -verbose -unconstrained_endpoints -multiple_clock -no_clock -no_input_delay -loops -generated_clocks
===========================================================================
