
===========================================================================
Violator List
============================================================================
[setup in-out] alu_opcode[3] -> P : -4.501717
[setup in-out] alu_opcode[3] -> Z : -4.422019
[setup in-out] alu_opcode[3] -> Result[31] : -4.098865
[setup in-out] alu_opcode[3] -> N : -4.018144
[setup in-out] alu_opcode[3] -> Result[30] : -3.822101
[setup in-out] alu_opcode[3] -> V : -3.661441
[setup in-out] alu_opcode[3] -> C : -3.554224
[setup in-out] alu_opcode[3] -> Result[29] : -3.459344
[setup in-out] alu_opcode[3] -> Result[28] : -3.235878
[setup in-out] alu_opcode[3] -> Result[27] : -3.043085
[setup in-out] alu_opcode[3] -> Result[26] : -2.889483
[setup in-out] alu_opcode[3] -> Result[25] : -2.574155
[setup in-out] alu_opcode[3] -> Result[24] : -2.249307
[setup in-out] alu_opcode[3] -> Result[23] : -2.043827
[setup in-out] alu_opcode[3] -> Result[22] : -1.801000
[setup in-out] alu_opcode[3] -> Result[21] : -1.588504
[setup in-out] alu_opcode[3] -> Result[20] : -1.272245
[setup in-out] alu_opcode[3] -> Result[19] : -1.067253
[setup in-out] alu_opcode[3] -> Result[18] : -0.752211
[setup in-out] alu_opcode[3] -> Result[17] : -0.671430
[setup in-out] alu_opcode[3] -> Result[16] : -0.318940
[setup in-out] alu_opcode[3] -> Result[15] : -0.050357
Writing metric timing__hold_vio__count__corner:nom_tt_025C_1v80: 0
Writing metric timing__hold_r2r__ws__corner:nom_tt_025C_1v80: 1e30
Writing metric timing__hold_r2r_vio__count__corner:nom_tt_025C_1v80: 0
Writing metric timing__setup_vio__count__corner:nom_tt_025C_1v80: 22
Writing metric timing__setup_r2r__ws__corner:nom_tt_025C_1v80: 1e30
Writing metric timing__setup_r2r_vio__count__corner:nom_tt_025C_1v80: 0
