114. Printing statistics.

=== alu32 ===

   Number of wires:               2018
   Number of wire bits:           2115
   Number of public wires:           9
   Number of public wire bits:     106
   Number of ports:                  9
   Number of port bits:            106
   Number of memories:               0
   Number of memory bits:            0
   Number of processes:              0
   Number of cells:               2045
     $_ANDNOT_                     972
     $_AND_                         65
     $_MUX_                        310
     $_NAND_                        96
     $_NOR_                         38
     $_NOT_                         38
     $_ORNOT_                       71
     $_OR_                         327
     $_XNOR_                        42
     $_XOR_                         86

   Area for cell type $_NOT_ is unknown!
   Area for cell type $_AND_ is unknown!
   Area for cell type $_NAND_ is unknown!
   Area for cell type $_OR_ is unknown!
   Area for cell type $_NOR_ is unknown!
   Area for cell type $_XOR_ is unknown!
   Area for cell type $_XNOR_ is unknown!
   Area for cell type $_ANDNOT_ is unknown!
   Area for cell type $_ORNOT_ is unknown!
   Area for cell type $_MUX_ is unknown!

