
===========================================================================
report_checks -unconstrained
===========================================================================
======================= nom_ff_n40C_1v95 Corner ===================================

Startpoint: alu_opcode[4] (input port clocked by __VIRTUAL_CLK__)
Endpoint: P (output port clocked by __VIRTUAL_CLK__)
Path Group: __VIRTUAL_CLK__
Path Type: max

Fanout         Cap        Slew       Delay        Time   Description
---------------------------------------------------------------------------------------------
                      0.000000    0.000000    0.000000   clock __VIRTUAL_CLK__ (rise edge)
                                  0.000000    0.000000   clock network delay (ideal)
                                  2.000000    2.000000 v input external delay
    19    0.061652    0.093601    0.067492    2.067492 v alu_opcode[4] (in)
                                                         alu_opcode[4] (net)
                      0.093601    0.000000    2.067492 v _1048_/B (sky130_fd_sc_hd__or2_2)
     7    0.024729    0.077161    0.228796    2.296288 v _1048_/X (sky130_fd_sc_hd__or2_2)
                                                         _0181_ (net)
                      0.077161    0.000000    2.296288 v _1059_/B (sky130_fd_sc_hd__nor2_2)
    63    0.205465    1.543408    1.137042    3.433330 ^ _1059_/Y (sky130_fd_sc_hd__nor2_2)
                                                         _0192_ (net)
                      1.543408    0.000000    3.433330 ^ _1277_/B (sky130_fd_sc_hd__and3_2)
     2    0.007389    0.071187    0.147225    3.580555 ^ _1277_/X (sky130_fd_sc_hd__and3_2)
                                                         _0406_ (net)
                      0.071187    0.000000    3.580555 ^ _1278_/B (sky130_fd_sc_hd__nor2_2)
     2    0.010209    0.034093    0.033531    3.614086 v _1278_/Y (sky130_fd_sc_hd__nor2_2)
                                                         _0407_ (net)
                      0.034093    0.000000    3.614086 v _1305_/A2 (sky130_fd_sc_hd__a21o_2)
     2    0.010362    0.039384    0.148329    3.762414 v _1305_/X (sky130_fd_sc_hd__a21o_2)
                                                         _0433_ (net)
                      0.039384    0.000000    3.762414 v _1339_/B2 (sky130_fd_sc_hd__a2bb2o_2)
     2    0.010362    0.046332    0.159160    3.921575 v _1339_/X (sky130_fd_sc_hd__a2bb2o_2)
                                                         _0466_ (net)
                      0.046332    0.000000    3.921575 v _1372_/B2 (sky130_fd_sc_hd__a2bb2o_2)
     2    0.010362    0.046332    0.161647    4.083222 v _1372_/X (sky130_fd_sc_hd__a2bb2o_2)
                                                         _0498_ (net)
                      0.046332    0.000000    4.083222 v _1403_/B2 (sky130_fd_sc_hd__a2bb2o_2)
     2    0.010362    0.046332    0.161647    4.244869 v _1403_/X (sky130_fd_sc_hd__a2bb2o_2)
                                                         _0528_ (net)
                      0.046332    0.000000    4.244869 v _1430_/B2 (sky130_fd_sc_hd__a2bb2o_2)
     2    0.010555    0.046698    0.162112    4.406981 v _1430_/X (sky130_fd_sc_hd__a2bb2o_2)
                                                         _0554_ (net)
                      0.046698    0.000000    4.406981 v _1458_/A1 (sky130_fd_sc_hd__a21o_2)
     2    0.010555    0.039707    0.137054    4.544034 v _1458_/X (sky130_fd_sc_hd__a21o_2)
                                                         _0581_ (net)
                      0.039707    0.000000    4.544034 v _1487_/A1 (sky130_fd_sc_hd__a21o_2)
     2    0.010362    0.039369    0.134003    4.678038 v _1487_/X (sky130_fd_sc_hd__a21o_2)
                                                         _0609_ (net)
                      0.039369    0.000000    4.678038 v _1514_/B2 (sky130_fd_sc_hd__a2bb2o_2)
     2    0.010555    0.046698    0.159619    4.837657 v _1514_/X (sky130_fd_sc_hd__a2bb2o_2)
                                                         _0635_ (net)
                      0.046698    0.000000    4.837657 v _1541_/A1 (sky130_fd_sc_hd__a21o_2)
     2    0.010362    0.039384    0.136637    4.974295 v _1541_/X (sky130_fd_sc_hd__a21o_2)
                                                         _0661_ (net)
                      0.039384    0.000000    4.974295 v _1570_/B2 (sky130_fd_sc_hd__a2bb2o_2)
     2    0.010555    0.046698    0.159624    5.133919 v _1570_/X (sky130_fd_sc_hd__a2bb2o_2)
                                                         _0689_ (net)
                      0.046698    0.000000    5.133919 v _1597_/A1 (sky130_fd_sc_hd__a21o_2)
     2    0.010362    0.039385    0.136637    5.270556 v _1597_/X (sky130_fd_sc_hd__a21o_2)
                                                         _0715_ (net)
                      0.039385    0.000000    5.270556 v _1625_/B2 (sky130_fd_sc_hd__a2bb2o_2)
     2    0.010362    0.046332    0.159161    5.429717 v _1625_/X (sky130_fd_sc_hd__a2bb2o_2)
                                                         _0742_ (net)
                      0.046332    0.000000    5.429717 v _1651_/B2 (sky130_fd_sc_hd__a2bb2o_2)
     2    0.010555    0.046698    0.162112    5.591828 v _1651_/X (sky130_fd_sc_hd__a2bb2o_2)
                                                         _0767_ (net)
                      0.046698    0.000000    5.591828 v _1677_/A1 (sky130_fd_sc_hd__a21o_2)
     2    0.010644    0.039862    0.137246    5.729074 v _1677_/X (sky130_fd_sc_hd__a21o_2)
                                                         _0792_ (net)
                      0.039862    0.000000    5.729074 v _1700_/B2 (sky130_fd_sc_hd__a32o_2)
     2    0.010362    0.038952    0.110647    5.839722 v _1700_/X (sky130_fd_sc_hd__a32o_2)
                                                         _0814_ (net)
                      0.038952    0.000000    5.839722 v _1725_/B2 (sky130_fd_sc_hd__a2bb2o_2)
     2    0.010362    0.046332    0.159006    5.998728 v _1725_/X (sky130_fd_sc_hd__a2bb2o_2)
                                                         _0838_ (net)
                      0.046332    0.000000    5.998728 v _1750_/B2 (sky130_fd_sc_hd__a2bb2o_2)
     2    0.010555    0.046698    0.162112    6.160840 v _1750_/X (sky130_fd_sc_hd__a2bb2o_2)
                                                         _0862_ (net)
                      0.046698    0.000000    6.160840 v _1774_/A1 (sky130_fd_sc_hd__a21o_2)
     2    0.010362    0.039384    0.136637    6.297477 v _1774_/X (sky130_fd_sc_hd__a21o_2)
                                                         _0885_ (net)
                      0.039384    0.000000    6.297477 v _1797_/B2 (sky130_fd_sc_hd__a2bb2o_2)
     2    0.010362    0.046332    0.159160    6.456637 v _1797_/X (sky130_fd_sc_hd__a2bb2o_2)
                                                         _0907_ (net)
                      0.046332    0.000000    6.456637 v _1824_/B2 (sky130_fd_sc_hd__a2bb2o_2)
     2    0.010555    0.046698    0.162112    6.618749 v _1824_/X (sky130_fd_sc_hd__a2bb2o_2)
                                                         _0933_ (net)
                      0.046698    0.000000    6.618749 v _1849_/A1 (sky130_fd_sc_hd__a21o_2)
     2    0.010362    0.039369    0.136637    6.755386 v _1849_/X (sky130_fd_sc_hd__a21o_2)
                                                         _0957_ (net)
                      0.039369    0.000000    6.755386 v _1876_/B2 (sky130_fd_sc_hd__a2bb2o_2)
     2    0.010362    0.046332    0.159155    6.914541 v _1876_/X (sky130_fd_sc_hd__a2bb2o_2)
                                                         _0983_ (net)
                      0.046332    0.000000    6.914541 v _1902_/B2 (sky130_fd_sc_hd__a2bb2o_2)
     2    0.010362    0.046332    0.161647    7.076188 v _1902_/X (sky130_fd_sc_hd__a2bb2o_2)
                                                         _1008_ (net)
                      0.046332    0.000000    7.076188 v _1926_/B2 (sky130_fd_sc_hd__a2bb2o_2)
     2    0.010555    0.046698    0.162112    7.238300 v _1926_/X (sky130_fd_sc_hd__a2bb2o_2)
                                                         _0015_ (net)
                      0.046698    0.000000    7.238300 v _1950_/A1 (sky130_fd_sc_hd__a21o_2)
     2    0.010555    0.039718    0.137054    7.375354 v _1950_/X (sky130_fd_sc_hd__a21o_2)
                                                         _0038_ (net)
                      0.039718    0.000000    7.375354 v _1974_/A1 (sky130_fd_sc_hd__a21o_2)
     2    0.012844    0.043729    0.139372    7.514726 v _1974_/X (sky130_fd_sc_hd__a21o_2)
                                                         _0062_ (net)
                      0.043729    0.000000    7.514726 v _1997_/A1 (sky130_fd_sc_hd__a21oi_2)
     3    0.022366    0.213597    0.194698    7.709424 ^ _1997_/Y (sky130_fd_sc_hd__a21oi_2)
                                                         _0086_ (net)
                      0.213597    0.000000    7.709424 ^ _2003_/A (sky130_fd_sc_hd__xor2_2)
     1    0.002154    0.047155    0.043688    7.753112 v _2003_/X (sky130_fd_sc_hd__xor2_2)
                                                         _0093_ (net)
                      0.047155    0.000000    7.753112 v _2004_/C1 (sky130_fd_sc_hd__a221o_2)
     1    0.002248    0.030646    0.108216    7.861328 v _2004_/X (sky130_fd_sc_hd__a221o_2)
                                                         _0094_ (net)
                      0.030646    0.000000    7.861328 v _2017_/A2 (sky130_fd_sc_hd__a211o_2)
     4    0.047308    0.106571    0.288498    8.149826 v _2017_/X (sky130_fd_sc_hd__a211o_2)
                                                         N (net)
                      0.106571    0.000000    8.149826 v _2019_/B (sky130_fd_sc_hd__xnor2_2)
     1    0.008271    0.085771    0.118305    8.268131 v _2019_/Y (sky130_fd_sc_hd__xnor2_2)
                                                         _0109_ (net)
                      0.085771    0.000000    8.268131 v _2055_/A (sky130_fd_sc_hd__xnor2_2)
     1    0.033442    0.339990    0.299914    8.568046 ^ _2055_/Y (sky130_fd_sc_hd__xnor2_2)
                                                         P (net)
                      0.339990    0.000000    8.568046 ^ P (out)
                                              8.568046   data arrival time

                      0.000000   10.000000   10.000000   clock __VIRTUAL_CLK__ (rise edge)
                                  0.000000   10.000000   clock network delay (ideal)
                                 -0.250000    9.750000   clock uncertainty
                                  0.000000    9.750000   clock reconvergence pessimism
                                 -2.000000    7.750000   output external delay
                                              7.750000   data required time
---------------------------------------------------------------------------------------------
                                              7.750000   data required time
                                             -8.568046   data arrival time
---------------------------------------------------------------------------------------------
                                             -0.818045   slack (VIOLATED)




===========================================================================
report_checks --slack_max -0.01
============================================================================
======================= nom_ff_n40C_1v95 Corner ===================================

Startpoint: alu_opcode[4] (input port clocked by __VIRTUAL_CLK__)
Endpoint: P (output port clocked by __VIRTUAL_CLK__)
Path Group: __VIRTUAL_CLK__
Path Type: max

Fanout         Cap        Slew       Delay        Time   Description
---------------------------------------------------------------------------------------------
                      0.000000    0.000000    0.000000   clock __VIRTUAL_CLK__ (rise edge)
                                  0.000000    0.000000   clock network delay (ideal)
                                  2.000000    2.000000 v input external delay
    19    0.061652    0.093601    0.067492    2.067492 v alu_opcode[4] (in)
                                                         alu_opcode[4] (net)
                      0.093601    0.000000    2.067492 v _1048_/B (sky130_fd_sc_hd__or2_2)
     7    0.024729    0.077161    0.228796    2.296288 v _1048_/X (sky130_fd_sc_hd__or2_2)
                                                         _0181_ (net)
                      0.077161    0.000000    2.296288 v _1059_/B (sky130_fd_sc_hd__nor2_2)
    63    0.205465    1.543408    1.137042    3.433330 ^ _1059_/Y (sky130_fd_sc_hd__nor2_2)
                                                         _0192_ (net)
                      1.543408    0.000000    3.433330 ^ _1277_/B (sky130_fd_sc_hd__and3_2)
     2    0.007389    0.071187    0.147225    3.580555 ^ _1277_/X (sky130_fd_sc_hd__and3_2)
                                                         _0406_ (net)
                      0.071187    0.000000    3.580555 ^ _1278_/B (sky130_fd_sc_hd__nor2_2)
     2    0.010209    0.034093    0.033531    3.614086 v _1278_/Y (sky130_fd_sc_hd__nor2_2)
                                                         _0407_ (net)
                      0.034093    0.000000    3.614086 v _1305_/A2 (sky130_fd_sc_hd__a21o_2)
     2    0.010362    0.039384    0.148329    3.762414 v _1305_/X (sky130_fd_sc_hd__a21o_2)
                                                         _0433_ (net)
                      0.039384    0.000000    3.762414 v _1339_/B2 (sky130_fd_sc_hd__a2bb2o_2)
     2    0.010362    0.046332    0.159160    3.921575 v _1339_/X (sky130_fd_sc_hd__a2bb2o_2)
                                                         _0466_ (net)
                      0.046332    0.000000    3.921575 v _1372_/B2 (sky130_fd_sc_hd__a2bb2o_2)
     2    0.010362    0.046332    0.161647    4.083222 v _1372_/X (sky130_fd_sc_hd__a2bb2o_2)
                                                         _0498_ (net)
                      0.046332    0.000000    4.083222 v _1403_/B2 (sky130_fd_sc_hd__a2bb2o_2)
     2    0.010362    0.046332    0.161647    4.244869 v _1403_/X (sky130_fd_sc_hd__a2bb2o_2)
                                                         _0528_ (net)
                      0.046332    0.000000    4.244869 v _1430_/B2 (sky130_fd_sc_hd__a2bb2o_2)
     2    0.010555    0.046698    0.162112    4.406981 v _1430_/X (sky130_fd_sc_hd__a2bb2o_2)
                                                         _0554_ (net)
                      0.046698    0.000000    4.406981 v _1458_/A1 (sky130_fd_sc_hd__a21o_2)
     2    0.010555    0.039707    0.137054    4.544034 v _1458_/X (sky130_fd_sc_hd__a21o_2)
                                                         _0581_ (net)
                      0.039707    0.000000    4.544034 v _1487_/A1 (sky130_fd_sc_hd__a21o_2)
     2    0.010362    0.039369    0.134003    4.678038 v _1487_/X (sky130_fd_sc_hd__a21o_2)
                                                         _0609_ (net)
                      0.039369    0.000000    4.678038 v _1514_/B2 (sky130_fd_sc_hd__a2bb2o_2)
     2    0.010555    0.046698    0.159619    4.837657 v _1514_/X (sky130_fd_sc_hd__a2bb2o_2)
                                                         _0635_ (net)
                      0.046698    0.000000    4.837657 v _1541_/A1 (sky130_fd_sc_hd__a21o_2)
     2    0.010362    0.039384    0.136637    4.974295 v _1541_/X (sky130_fd_sc_hd__a21o_2)
                                                         _0661_ (net)
                      0.039384    0.000000    4.974295 v _1570_/B2 (sky130_fd_sc_hd__a2bb2o_2)
     2    0.010555    0.046698    0.159624    5.133919 v _1570_/X (sky130_fd_sc_hd__a2bb2o_2)
                                                         _0689_ (net)
                      0.046698    0.000000    5.133919 v _1597_/A1 (sky130_fd_sc_hd__a21o_2)
     2    0.010362    0.039385    0.136637    5.270556 v _1597_/X (sky130_fd_sc_hd__a21o_2)
                                                         _0715_ (net)
                      0.039385    0.000000    5.270556 v _1625_/B2 (sky130_fd_sc_hd__a2bb2o_2)
     2    0.010362    0.046332    0.159161    5.429717 v _1625_/X (sky130_fd_sc_hd__a2bb2o_2)
                                                         _0742_ (net)
                      0.046332    0.000000    5.429717 v _1651_/B2 (sky130_fd_sc_hd__a2bb2o_2)
     2    0.010555    0.046698    0.162112    5.591828 v _1651_/X (sky130_fd_sc_hd__a2bb2o_2)
                                                         _0767_ (net)
                      0.046698    0.000000    5.591828 v _1677_/A1 (sky130_fd_sc_hd__a21o_2)
     2    0.010644    0.039862    0.137246    5.729074 v _1677_/X (sky130_fd_sc_hd__a21o_2)
                                                         _0792_ (net)
                      0.039862    0.000000    5.729074 v _1700_/B2 (sky130_fd_sc_hd__a32o_2)
     2    0.010362    0.038952    0.110647    5.839722 v _1700_/X (sky130_fd_sc_hd__a32o_2)
                                                         _0814_ (net)
                      0.038952    0.000000    5.839722 v _1725_/B2 (sky130_fd_sc_hd__a2bb2o_2)
     2    0.010362    0.046332    0.159006    5.998728 v _1725_/X (sky130_fd_sc_hd__a2bb2o_2)
                                                         _0838_ (net)
                      0.046332    0.000000    5.998728 v _1750_/B2 (sky130_fd_sc_hd__a2bb2o_2)
     2    0.010555    0.046698    0.162112    6.160840 v _1750_/X (sky130_fd_sc_hd__a2bb2o_2)
                                                         _0862_ (net)
                      0.046698    0.000000    6.160840 v _1774_/A1 (sky130_fd_sc_hd__a21o_2)
     2    0.010362    0.039384    0.136637    6.297477 v _1774_/X (sky130_fd_sc_hd__a21o_2)
                                                         _0885_ (net)
                      0.039384    0.000000    6.297477 v _1797_/B2 (sky130_fd_sc_hd__a2bb2o_2)
     2    0.010362    0.046332    0.159160    6.456637 v _1797_/X (sky130_fd_sc_hd__a2bb2o_2)
                                                         _0907_ (net)
                      0.046332    0.000000    6.456637 v _1824_/B2 (sky130_fd_sc_hd__a2bb2o_2)
     2    0.010555    0.046698    0.162112    6.618749 v _1824_/X (sky130_fd_sc_hd__a2bb2o_2)
                                                         _0933_ (net)
                      0.046698    0.000000    6.618749 v _1849_/A1 (sky130_fd_sc_hd__a21o_2)
     2    0.010362    0.039369    0.136637    6.755386 v _1849_/X (sky130_fd_sc_hd__a21o_2)
                                                         _0957_ (net)
                      0.039369    0.000000    6.755386 v _1876_/B2 (sky130_fd_sc_hd__a2bb2o_2)
     2    0.010362    0.046332    0.159155    6.914541 v _1876_/X (sky130_fd_sc_hd__a2bb2o_2)
                                                         _0983_ (net)
                      0.046332    0.000000    6.914541 v _1902_/B2 (sky130_fd_sc_hd__a2bb2o_2)
     2    0.010362    0.046332    0.161647    7.076188 v _1902_/X (sky130_fd_sc_hd__a2bb2o_2)
                                                         _1008_ (net)
                      0.046332    0.000000    7.076188 v _1926_/B2 (sky130_fd_sc_hd__a2bb2o_2)
     2    0.010555    0.046698    0.162112    7.238300 v _1926_/X (sky130_fd_sc_hd__a2bb2o_2)
                                                         _0015_ (net)
                      0.046698    0.000000    7.238300 v _1950_/A1 (sky130_fd_sc_hd__a21o_2)
     2    0.010555    0.039718    0.137054    7.375354 v _1950_/X (sky130_fd_sc_hd__a21o_2)
                                                         _0038_ (net)
                      0.039718    0.000000    7.375354 v _1974_/A1 (sky130_fd_sc_hd__a21o_2)
     2    0.012844    0.043729    0.139372    7.514726 v _1974_/X (sky130_fd_sc_hd__a21o_2)
                                                         _0062_ (net)
                      0.043729    0.000000    7.514726 v _1997_/A1 (sky130_fd_sc_hd__a21oi_2)
     3    0.022366    0.213597    0.194698    7.709424 ^ _1997_/Y (sky130_fd_sc_hd__a21oi_2)
                                                         _0086_ (net)
                      0.213597    0.000000    7.709424 ^ _2003_/A (sky130_fd_sc_hd__xor2_2)
     1    0.002154    0.047155    0.043688    7.753112 v _2003_/X (sky130_fd_sc_hd__xor2_2)
                                                         _0093_ (net)
                      0.047155    0.000000    7.753112 v _2004_/C1 (sky130_fd_sc_hd__a221o_2)
     1    0.002248    0.030646    0.108216    7.861328 v _2004_/X (sky130_fd_sc_hd__a221o_2)
                                                         _0094_ (net)
                      0.030646    0.000000    7.861328 v _2017_/A2 (sky130_fd_sc_hd__a211o_2)
     4    0.047308    0.106571    0.288498    8.149826 v _2017_/X (sky130_fd_sc_hd__a211o_2)
                                                         N (net)
                      0.106571    0.000000    8.149826 v _2019_/B (sky130_fd_sc_hd__xnor2_2)
     1    0.008271    0.085771    0.118305    8.268131 v _2019_/Y (sky130_fd_sc_hd__xnor2_2)
                                                         _0109_ (net)
                      0.085771    0.000000    8.268131 v _2055_/A (sky130_fd_sc_hd__xnor2_2)
     1    0.033442    0.339990    0.299914    8.568046 ^ _2055_/Y (sky130_fd_sc_hd__xnor2_2)
                                                         P (net)
                      0.339990    0.000000    8.568046 ^ P (out)
                                              8.568046   data arrival time

                      0.000000   10.000000   10.000000   clock __VIRTUAL_CLK__ (rise edge)
                                  0.000000   10.000000   clock network delay (ideal)
                                 -0.250000    9.750000   clock uncertainty
                                  0.000000    9.750000   clock reconvergence pessimism
                                 -2.000000    7.750000   output external delay
                                              7.750000   data required time
---------------------------------------------------------------------------------------------
                                              7.750000   data required time
                                             -8.568046   data arrival time
---------------------------------------------------------------------------------------------
                                             -0.818045   slack (VIOLATED)




===========================================================================
 report_check_types -max_slew -max_cap -max_fanout -violators
============================================================================
======================= nom_ff_n40C_1v95 Corner ===================================

max slew

Pin                                        Limit        Slew       Slack
------------------------------------------------------------------------
_1059_/Y                                0.750000    1.543408   -0.793408 (VIOLATED)
_1135_/A                                0.750000    1.543408   -0.793408 (VIOLATED)
_1136_/B1                               0.750000    1.543408   -0.793408 (VIOLATED)
_1185_/A                                0.750000    1.543408   -0.793408 (VIOLATED)
_1186_/B1                               0.750000    1.543408   -0.793408 (VIOLATED)
_1227_/B                                0.750000    1.543408   -0.793408 (VIOLATED)
_1232_/A                                0.750000    1.543408   -0.793408 (VIOLATED)
_1276_/B1                               0.750000    1.543408   -0.793408 (VIOLATED)
_1277_/B                                0.750000    1.543408   -0.793408 (VIOLATED)
_1308_/A                                0.750000    1.543408   -0.793408 (VIOLATED)
_1309_/B1                               0.750000    1.543408   -0.793408 (VIOLATED)
_1342_/A                                0.750000    1.543408   -0.793408 (VIOLATED)
_1343_/B1                               0.750000    1.543408   -0.793408 (VIOLATED)
_1375_/A                                0.750000    1.543408   -0.793408 (VIOLATED)
_1376_/B1                               0.750000    1.543408   -0.793408 (VIOLATED)
_1406_/A                                0.750000    1.543408   -0.793408 (VIOLATED)
_1407_/B1                               0.750000    1.543408   -0.793408 (VIOLATED)
_1433_/B1                               0.750000    1.543408   -0.793408 (VIOLATED)
_1434_/B                                0.750000    1.543408   -0.793408 (VIOLATED)
_1461_/B1                               0.750000    1.543408   -0.793408 (VIOLATED)
_1462_/B                                0.750000    1.543408   -0.793408 (VIOLATED)
_1490_/A                                0.750000    1.543408   -0.793408 (VIOLATED)
_1491_/B1                               0.750000    1.543408   -0.793408 (VIOLATED)
_1517_/B1                               0.750000    1.543408   -0.793408 (VIOLATED)
_1518_/B                                0.750000    1.543408   -0.793408 (VIOLATED)
_1544_/A                                0.750000    1.543408   -0.793408 (VIOLATED)
_1545_/B1                               0.750000    1.543408   -0.793408 (VIOLATED)
_1573_/B1                               0.750000    1.543408   -0.793408 (VIOLATED)
_1574_/B                                0.750000    1.543408   -0.793408 (VIOLATED)
_1600_/A                                0.750000    1.543408   -0.793408 (VIOLATED)
_1601_/B1                               0.750000    1.543408   -0.793408 (VIOLATED)
_1628_/A                                0.750000    1.543408   -0.793408 (VIOLATED)
_1629_/B1                               0.750000    1.543408   -0.793408 (VIOLATED)
_1654_/B1                               0.750000    1.543408   -0.793408 (VIOLATED)
_1655_/B                                0.750000    1.543408   -0.793408 (VIOLATED)
_1678_/B                                0.750000    1.543408   -0.793408 (VIOLATED)
_1681_/A                                0.750000    1.543408   -0.793408 (VIOLATED)
_1703_/A                                0.750000    1.543408   -0.793408 (VIOLATED)
_1704_/B1                               0.750000    1.543408   -0.793408 (VIOLATED)
_1728_/A                                0.750000    1.543408   -0.793408 (VIOLATED)
_1729_/B1                               0.750000    1.543408   -0.793408 (VIOLATED)
_1753_/B1                               0.750000    1.543408   -0.793408 (VIOLATED)
_1754_/B                                0.750000    1.543408   -0.793408 (VIOLATED)
_1777_/A                                0.750000    1.543408   -0.793408 (VIOLATED)
_1778_/B1                               0.750000    1.543408   -0.793408 (VIOLATED)
_1800_/A                                0.750000    1.543408   -0.793408 (VIOLATED)
_1801_/B1                               0.750000    1.543408   -0.793408 (VIOLATED)
_1827_/B1                               0.750000    1.543408   -0.793408 (VIOLATED)
_1828_/B                                0.750000    1.543408   -0.793408 (VIOLATED)
_1852_/A                                0.750000    1.543408   -0.793408 (VIOLATED)
_1853_/B1                               0.750000    1.543408   -0.793408 (VIOLATED)
_1879_/A                                0.750000    1.543408   -0.793408 (VIOLATED)
_1880_/B1                               0.750000    1.543408   -0.793408 (VIOLATED)
_1905_/A                                0.750000    1.543408   -0.793408 (VIOLATED)
_1906_/B1                               0.750000    1.543408   -0.793408 (VIOLATED)
_1929_/B1                               0.750000    1.543408   -0.793408 (VIOLATED)
_1931_/B                                0.750000    1.543408   -0.793408 (VIOLATED)
_1953_/B1                               0.750000    1.543408   -0.793408 (VIOLATED)
_1954_/B                                0.750000    1.543408   -0.793408 (VIOLATED)
_1977_/B1                               0.750000    1.543408   -0.793408 (VIOLATED)
_1978_/B                                0.750000    1.543408   -0.793408 (VIOLATED)
_2000_/B1                               0.750000    1.543408   -0.793408 (VIOLATED)
_2065_/A2                               0.750000    1.543408   -0.793408 (VIOLATED)
_2067_/A                                0.750000    1.543408   -0.793408 (VIOLATED)
B[0]                                    0.750000    1.164665   -0.414665 (VIOLATED)
_1021_/A                                0.750000    1.164665   -0.414665 (VIOLATED)
_1068_/A1                               0.750000    1.164665   -0.414665 (VIOLATED)
_1077_/A1                               0.750000    1.164665   -0.414665 (VIOLATED)
_1078_/S                                0.750000    1.164665   -0.414665 (VIOLATED)
_1079_/S                                0.750000    1.164665   -0.414665 (VIOLATED)
_1081_/S                                0.750000    1.164665   -0.414665 (VIOLATED)
_1082_/S0                               0.750000    1.164665   -0.414665 (VIOLATED)
_1084_/S0                               0.750000    1.164665   -0.414665 (VIOLATED)
_1086_/A1                               0.750000    1.164665   -0.414665 (VIOLATED)
_1087_/S0                               0.750000    1.164665   -0.414665 (VIOLATED)
_1094_/S0                               0.750000    1.164665   -0.414665 (VIOLATED)
_1095_/S                                0.750000    1.164665   -0.414665 (VIOLATED)
_1096_/S0                               0.750000    1.164665   -0.414665 (VIOLATED)
_1099_/B                                0.750000    1.164665   -0.414665 (VIOLATED)
_1100_/B                                0.750000    1.164665   -0.414665 (VIOLATED)
_1103_/S                                0.750000    1.164665   -0.414665 (VIOLATED)
_1109_/S                                0.750000    1.164665   -0.414665 (VIOLATED)
_1110_/S0                               0.750000    1.164665   -0.414665 (VIOLATED)
_1119_/B                                0.750000    1.164665   -0.414665 (VIOLATED)
_1126_/B                                0.750000    1.164665   -0.414665 (VIOLATED)
_1147_/S                                0.750000    1.164665   -0.414665 (VIOLATED)
_1148_/S0                               0.750000    1.164665   -0.414665 (VIOLATED)
_1149_/S0                               0.750000    1.164665   -0.414665 (VIOLATED)
_1152_/S0                               0.750000    1.164665   -0.414665 (VIOLATED)
_1154_/S                                0.750000    1.164665   -0.414665 (VIOLATED)
_1159_/A                                0.750000    1.164665   -0.414665 (VIOLATED)
_1165_/A2                               0.750000    1.164665   -0.414665 (VIOLATED)
_1170_/S0                               0.750000    1.164665   -0.414665 (VIOLATED)
_1171_/S0                               0.750000    1.164665   -0.414665 (VIOLATED)
_1173_/S0                               0.750000    1.164665   -0.414665 (VIOLATED)
_1174_/S                                0.750000    1.164665   -0.414665 (VIOLATED)
_1175_/S0                               0.750000    1.164665   -0.414665 (VIOLATED)
_1192_/S0                               0.750000    1.164665   -0.414665 (VIOLATED)
_1196_/S0                               0.750000    1.164665   -0.414665 (VIOLATED)
_1202_/S0                               0.750000    1.164665   -0.414665 (VIOLATED)
_1205_/S0                               0.750000    1.164665   -0.414665 (VIOLATED)
_1209_/A1                               0.750000    1.164665   -0.414665 (VIOLATED)
_1211_/A2                               0.750000    1.164665   -0.414665 (VIOLATED)
_1241_/S0                               0.750000    1.164665   -0.414665 (VIOLATED)
_1243_/A                                0.750000    1.164665   -0.414665 (VIOLATED)
_1248_/S0                               0.750000    1.164665   -0.414665 (VIOLATED)
_1249_/S0                               0.750000    1.164665   -0.414665 (VIOLATED)
_1252_/S0                               0.750000    1.164665   -0.414665 (VIOLATED)
_1255_/S0                               0.750000    1.164665   -0.414665 (VIOLATED)
_1256_/S0                               0.750000    1.164665   -0.414665 (VIOLATED)
_1258_/S0                               0.750000    1.164665   -0.414665 (VIOLATED)
_1290_/S0                               0.750000    1.164665   -0.414665 (VIOLATED)
_1322_/S0                               0.750000    1.164665   -0.414665 (VIOLATED)
_1353_/S0                               0.750000    1.164665   -0.414665 (VIOLATED)
_1384_/S0                               0.750000    1.164665   -0.414665 (VIOLATED)
_1418_/S0                               0.750000    1.164665   -0.414665 (VIOLATED)
_1449_/S                                0.750000    1.164665   -0.414665 (VIOLATED)
_1450_/S0                               0.750000    1.164665   -0.414665 (VIOLATED)
_1478_/S                                0.750000    1.164665   -0.414665 (VIOLATED)
_1479_/S0                               0.750000    1.164665   -0.414665 (VIOLATED)
_1506_/S                                0.750000    1.164665   -0.414665 (VIOLATED)
_1533_/S                                0.750000    1.164665   -0.414665 (VIOLATED)
_1562_/S                                0.750000    1.164665   -0.414665 (VIOLATED)
_1578_/S                                0.750000    1.164665   -0.414665 (VIOLATED)
_1615_/S                                0.750000    1.164665   -0.414665 (VIOLATED)
_1642_/S                                0.750000    1.164665   -0.414665 (VIOLATED)
_1661_/S                                0.750000    1.164665   -0.414665 (VIOLATED)
_1686_/S                                0.750000    1.164665   -0.414665 (VIOLATED)
_1710_/S                                0.750000    1.164665   -0.414665 (VIOLATED)
_1742_/S                                0.750000    1.164665   -0.414665 (VIOLATED)
_1759_/S                                0.750000    1.164665   -0.414665 (VIOLATED)
_1783_/S                                0.750000    1.164665   -0.414665 (VIOLATED)
_1807_/S                                0.750000    1.164665   -0.414665 (VIOLATED)
_1841_/S                                0.750000    1.164665   -0.414665 (VIOLATED)
_1867_/S                                0.750000    1.164665   -0.414665 (VIOLATED)
_1893_/S                                0.750000    1.164665   -0.414665 (VIOLATED)
_1917_/S                                0.750000    1.164665   -0.414665 (VIOLATED)
_1943_/S                                0.750000    1.164665   -0.414665 (VIOLATED)
_1966_/S                                0.750000    1.164665   -0.414665 (VIOLATED)
_1990_/A1                               0.750000    1.164665   -0.414665 (VIOLATED)
_1066_/Y                                0.750000    1.130690   -0.380690 (VIOLATED)
_1120_/A                                0.750000    1.130690   -0.380690 (VIOLATED)
_1231_/A                                0.750000    1.130690   -0.380690 (VIOLATED)
_1275_/B1                               0.750000    1.130690   -0.380690 (VIOLATED)
_1300_/A1                               0.750000    1.130690   -0.380690 (VIOLATED)
_1334_/B2                               0.750000    1.130690   -0.380690 (VIOLATED)
_1398_/B2                               0.750000    1.130690   -0.380690 (VIOLATED)
_1405_/B1                               0.750000    1.130690   -0.380690 (VIOLATED)
_1414_/A1                               0.750000    1.130690   -0.380690 (VIOLATED)
_1432_/B1                               0.750000    1.130690   -0.380690 (VIOLATED)
_1460_/B1                               0.750000    1.130690   -0.380690 (VIOLATED)
_1471_/A1                               0.750000    1.130690   -0.380690 (VIOLATED)
_1489_/B1                               0.750000    1.130690   -0.380690 (VIOLATED)
_1516_/B1                               0.750000    1.130690   -0.380690 (VIOLATED)
_1527_/A1                               0.750000    1.130690   -0.380690 (VIOLATED)
_1599_/B1                               0.750000    1.130690   -0.380690 (VIOLATED)
_1627_/B1                               0.750000    1.130690   -0.380690 (VIOLATED)
_1636_/A1                               0.750000    1.130690   -0.380690 (VIOLATED)
_1671_/B1                               0.750000    1.130690   -0.380690 (VIOLATED)
_1680_/B1                               0.750000    1.130690   -0.380690 (VIOLATED)
_1702_/B1                               0.750000    1.130690   -0.380690 (VIOLATED)
_1738_/A1                               0.750000    1.130690   -0.380690 (VIOLATED)
_1752_/B1                               0.750000    1.130690   -0.380690 (VIOLATED)
_1776_/B1                               0.750000    1.130690   -0.380690 (VIOLATED)
_1799_/B1                               0.750000    1.130690   -0.380690 (VIOLATED)
_1826_/B1                               0.750000    1.130690   -0.380690 (VIOLATED)
_1836_/B1                               0.750000    1.130690   -0.380690 (VIOLATED)
_1851_/B1                               0.750000    1.130690   -0.380690 (VIOLATED)
_1862_/A1                               0.750000    1.130690   -0.380690 (VIOLATED)
_1904_/B1                               0.750000    1.130690   -0.380690 (VIOLATED)
_1928_/B1                               0.750000    1.130690   -0.380690 (VIOLATED)
_1939_/A1                               0.750000    1.130690   -0.380690 (VIOLATED)
_1952_/B1                               0.750000    1.130690   -0.380690 (VIOLATED)
_1985_/B1                               0.750000    1.130690   -0.380690 (VIOLATED)
_1999_/B1                               0.750000    1.130690   -0.380690 (VIOLATED)
_1063_/Y                                0.750000    0.834408   -0.084408 (VIOLATED)
_1164_/B                                0.750000    0.834408   -0.084408 (VIOLATED)
_1183_/B                                0.750000    0.834408   -0.084408 (VIOLATED)
_1214_/B                                0.750000    0.834408   -0.084408 (VIOLATED)
_1229_/B                                0.750000    0.834408   -0.084408 (VIOLATED)
_1306_/B                                0.750000    0.834408   -0.084408 (VIOLATED)
_1340_/B                                0.750000    0.834408   -0.084408 (VIOLATED)
_1373_/B                                0.750000    0.834408   -0.084408 (VIOLATED)
_1405_/A2                               0.750000    0.834408   -0.084408 (VIOLATED)
_1432_/A2                               0.750000    0.834408   -0.084408 (VIOLATED)
_1460_/A2                               0.750000    0.834408   -0.084408 (VIOLATED)
_1489_/A2                               0.750000    0.834408   -0.084408 (VIOLATED)
_1516_/A2                               0.750000    0.834408   -0.084408 (VIOLATED)
_1542_/B                                0.750000    0.834408   -0.084408 (VIOLATED)
_1571_/B                                0.750000    0.834408   -0.084408 (VIOLATED)
_1599_/A2                               0.750000    0.834408   -0.084408 (VIOLATED)
_1609_/A1_N                             0.750000    0.834408   -0.084408 (VIOLATED)
_1627_/A2                               0.750000    0.834408   -0.084408 (VIOLATED)
_1652_/B                                0.750000    0.834408   -0.084408 (VIOLATED)
_1680_/A2                               0.750000    0.834408   -0.084408 (VIOLATED)
_1702_/A2                               0.750000    0.834408   -0.084408 (VIOLATED)
_1726_/B                                0.750000    0.834408   -0.084408 (VIOLATED)
_1752_/A2                               0.750000    0.834408   -0.084408 (VIOLATED)
_1776_/A2                               0.750000    0.834408   -0.084408 (VIOLATED)
_1799_/A2                               0.750000    0.834408   -0.084408 (VIOLATED)
_1816_/A2                               0.750000    0.834408   -0.084408 (VIOLATED)
_1826_/A2                               0.750000    0.834408   -0.084408 (VIOLATED)
_1851_/A2                               0.750000    0.834408   -0.084408 (VIOLATED)
_1877_/B                                0.750000    0.834408   -0.084408 (VIOLATED)
_1904_/A2                               0.750000    0.834408   -0.084408 (VIOLATED)
_1928_/A2                               0.750000    0.834408   -0.084408 (VIOLATED)
_1952_/A2                               0.750000    0.834408   -0.084408 (VIOLATED)
_1975_/B                                0.750000    0.834408   -0.084408 (VIOLATED)
_1999_/A2                               0.750000    0.834408   -0.084408 (VIOLATED)
B[2]                                    0.750000    0.780983   -0.030983 (VIOLATED)
_1083_/S                                0.750000    0.780983   -0.030983 (VIOLATED)
_1088_/A_N                              0.750000    0.780983   -0.030983 (VIOLATED)
_1089_/A1                               0.750000    0.780983   -0.030983 (VIOLATED)
_1097_/S                                0.750000    0.780983   -0.030983 (VIOLATED)
_1104_/A                                0.750000    0.780983   -0.030983 (VIOLATED)
_1105_/A                                0.750000    0.780983   -0.030983 (VIOLATED)
_1107_/A                                0.750000    0.780983   -0.030983 (VIOLATED)
_1108_/A                                0.750000    0.780983   -0.030983 (VIOLATED)
_1112_/A                                0.750000    0.780983   -0.030983 (VIOLATED)
_1150_/S                                0.750000    0.780983   -0.030983 (VIOLATED)
_1153_/A_N                              0.750000    0.780983   -0.030983 (VIOLATED)
_1156_/A1                               0.750000    0.780983   -0.030983 (VIOLATED)
_1161_/A1                               0.750000    0.780983   -0.030983 (VIOLATED)
_1168_/A                                0.750000    0.780983   -0.030983 (VIOLATED)
_1172_/S                                0.750000    0.780983   -0.030983 (VIOLATED)
_1176_/S                                0.750000    0.780983   -0.030983 (VIOLATED)
_1183_/A                                0.750000    0.780983   -0.030983 (VIOLATED)
_1184_/A1                               0.750000    0.780983   -0.030983 (VIOLATED)
_1189_/A1_N                             0.750000    0.780983   -0.030983 (VIOLATED)
_1193_/S                                0.750000    0.780983   -0.030983 (VIOLATED)
_1197_/S                                0.750000    0.780983   -0.030983 (VIOLATED)
_1198_/A2                               0.750000    0.780983   -0.030983 (VIOLATED)
_1204_/S                                0.750000    0.780983   -0.030983 (VIOLATED)
_1212_/A                                0.750000    0.780983   -0.030983 (VIOLATED)
_1218_/B                                0.750000    0.780983   -0.030983 (VIOLATED)
_1219_/B                                0.750000    0.780983   -0.030983 (VIOLATED)
_1222_/A2                               0.750000    0.780983   -0.030983 (VIOLATED)
_1240_/A                                0.750000    0.780983   -0.030983 (VIOLATED)
_1244_/S                                0.750000    0.780983   -0.030983 (VIOLATED)
_1245_/A1                               0.750000    0.780983   -0.030983 (VIOLATED)
_1250_/S                                0.750000    0.780983   -0.030983 (VIOLATED)
_1254_/S                                0.750000    0.780983   -0.030983 (VIOLATED)
_1259_/A_N                              0.750000    0.780983   -0.030983 (VIOLATED)
_1284_/S                                0.750000    0.780983   -0.030983 (VIOLATED)
_1286_/A_N                              0.750000    0.780983   -0.030983 (VIOLATED)
_1289_/S                                0.750000    0.780983   -0.030983 (VIOLATED)
_1291_/S                                0.750000    0.780983   -0.030983 (VIOLATED)
_1314_/S                                0.750000    0.780983   -0.030983 (VIOLATED)
_1316_/A_N                              0.750000    0.780983   -0.030983 (VIOLATED)
_1318_/S                                0.750000    0.780983   -0.030983 (VIOLATED)
_1321_/S                                0.750000    0.780983   -0.030983 (VIOLATED)
_1323_/A                                0.750000    0.780983   -0.030983 (VIOLATED)
_1324_/A1                               0.750000    0.780983   -0.030983 (VIOLATED)
_1348_/S                                0.750000    0.780983   -0.030983 (VIOLATED)
_1349_/B                                0.750000    0.780983   -0.030983 (VIOLATED)
_1355_/S                                0.750000    0.780983   -0.030983 (VIOLATED)
_1357_/S                                0.750000    0.780983   -0.030983 (VIOLATED)
_1381_/S                                0.750000    0.780983   -0.030983 (VIOLATED)
_1385_/S                                0.750000    0.780983   -0.030983 (VIOLATED)
_1388_/S                                0.750000    0.780983   -0.030983 (VIOLATED)
_1390_/A1                               0.750000    0.780983   -0.030983 (VIOLATED)
_1419_/S                                0.750000    0.780983   -0.030983 (VIOLATED)
_1451_/S                                0.750000    0.780983   -0.030983 (VIOLATED)
_1480_/S                                0.750000    0.780983   -0.030983 (VIOLATED)
_1508_/S                                0.750000    0.780983   -0.030983 (VIOLATED)
_1535_/S                                0.750000    0.780983   -0.030983 (VIOLATED)
_1564_/S                                0.750000    0.780983   -0.030983 (VIOLATED)
_1565_/S1                               0.750000    0.780983   -0.030983 (VIOLATED)
_1580_/S                                0.750000    0.780983   -0.030983 (VIOLATED)
_1617_/S                                0.750000    0.780983   -0.030983 (VIOLATED)
_1644_/S                                0.750000    0.780983   -0.030983 (VIOLATED)
_1663_/S                                0.750000    0.780983   -0.030983 (VIOLATED)
_1688_/S                                0.750000    0.780983   -0.030983 (VIOLATED)
_1712_/S                                0.750000    0.780983   -0.030983 (VIOLATED)
_1744_/S                                0.750000    0.780983   -0.030983 (VIOLATED)
_1761_/S                                0.750000    0.780983   -0.030983 (VIOLATED)
_1785_/S                                0.750000    0.780983   -0.030983 (VIOLATED)
_1809_/S                                0.750000    0.780983   -0.030983 (VIOLATED)

max fanout

Pin                                   Limit Fanout  Slack
---------------------------------------------------------
B[0]                                     10     75    -65 (VIOLATED)
B[2]                                     10     68    -58 (VIOLATED)
_1059_/Y                                 10     63    -53 (VIOLATED)
_1053_/X                                 10     54    -44 (VIOLATED)
B[1]                                     10     53    -43 (VIOLATED)
_1035_/Y                                 10     41    -31 (VIOLATED)
B[3]                                     10     38    -28 (VIOLATED)
_1076_/Y                                 10     38    -28 (VIOLATED)
_1073_/X                                 10     35    -25 (VIOLATED)
_1066_/Y                                 10     34    -24 (VIOLATED)
_1063_/Y                                 10     33    -23 (VIOLATED)
_1055_/X                                 10     31    -21 (VIOLATED)
_1067_/X                                 10     28    -18 (VIOLATED)
_1023_/Y                                 10     27    -17 (VIOLATED)
B[4]                                     10     26    -16 (VIOLATED)
_1075_/X                                 10     26    -16 (VIOLATED)
_1018_/Y                                 10     22    -12 (VIOLATED)
_1118_/Y                                 10     20    -10 (VIOLATED)
_1163_/Y                                 10     20    -10 (VIOLATED)
alu_opcode[4]                            10     19     -9 (VIOLATED)
_1124_/X                                 10     19     -9 (VIOLATED)
A[31]                                    10     18     -8 (VIOLATED)
_1049_/Y                                 10     18     -8 (VIOLATED)
alu_opcode[2]                            10     16     -6 (VIOLATED)
_1125_/X                                 10     16     -6 (VIOLATED)
_1282_/X                                 10     16     -6 (VIOLATED)
A[9]                                     10     15     -5 (VIOLATED)
_1052_/Y                                 10     15     -5 (VIOLATED)
A[21]                                    10     14     -4 (VIOLATED)
A[29]                                    10     14     -4 (VIOLATED)
A[3]                                     10     14     -4 (VIOLATED)
A[4]                                     10     14     -4 (VIOLATED)
A[6]                                     10     14     -4 (VIOLATED)
alu_opcode[3]                            10     14     -4 (VIOLATED)
_1056_/Y                                 10     14     -4 (VIOLATED)
_1074_/X                                 10     14     -4 (VIOLATED)
_1127_/X                                 10     14     -4 (VIOLATED)
A[14]                                    10     13     -3 (VIOLATED)
A[18]                                    10     13     -3 (VIOLATED)
A[24]                                    10     13     -3 (VIOLATED)
A[5]                                     10     13     -3 (VIOLATED)
A[7]                                     10     13     -3 (VIOLATED)
A[8]                                     10     13     -3 (VIOLATED)
_1423_/Y                                 10     13     -3 (VIOLATED)
A[10]                                    10     12     -2 (VIOLATED)
A[11]                                    10     12     -2 (VIOLATED)
A[12]                                    10     12     -2 (VIOLATED)
A[19]                                    10     12     -2 (VIOLATED)
A[22]                                    10     12     -2 (VIOLATED)
A[27]                                    10     12     -2 (VIOLATED)
A[28]                                    10     12     -2 (VIOLATED)
_1054_/X                                 10     12     -2 (VIOLATED)
_1105_/X                                 10     12     -2 (VIOLATED)
_1281_/Y                                 10     12     -2 (VIOLATED)
A[13]                                    10     11        (VIOLATED)
A[15]                                    10     11        (VIOLATED)
A[1]                                     10     11        (VIOLATED)
A[20]                                    10     11        (VIOLATED)
A[23]                                    10     11        (VIOLATED)
A[25]                                    10     11        (VIOLATED)
A[26]                                    10     11        (VIOLATED)
A[2]                                     10     11        (VIOLATED)
A[30]                                    10     11        (VIOLATED)
_1064_/X                                 10     11        (VIOLATED)
_1098_/Y                                 10     11        (VIOLATED)
_1274_/Y                                 10     11        (VIOLATED)

max capacitance

Pin                                        Limit         Cap       Slack
------------------------------------------------------------------------
B[0]                                    0.200000    0.346587   -0.146587 (VIOLATED)
B[2]                                    0.200000    0.231823   -0.031823 (VIOLATED)
_1059_/Y                                0.195017    0.205465   -0.010448 (VIOLATED)



===========================================================================
report_parasitic_annotation -report_unannotated
============================================================================
Found 1122 unannotated drivers.
 A[0]
 A[10]
 A[11]
 A[12]
 A[13]
 A[14]
 A[15]
 A[16]
 A[17]
 A[18]
 A[19]
 A[1]
 A[20]
 A[21]
 A[22]
 A[23]
 A[24]
 A[25]
 A[26]
 A[27]
 A[28]
 A[29]
 A[2]
 A[30]
 A[31]
 A[3]
 A[4]
 A[5]
 A[6]
 A[7]
 A[8]
 A[9]
 B[0]
 B[10]
 B[11]
 B[12]
 B[13]
 B[14]
 B[15]
 B[16]
 B[17]
 B[18]
 B[19]
 B[1]
 B[20]
 B[21]
 B[22]
 B[23]
 B[24]
 B[25]
 B[26]
 B[27]
 B[28]
 B[29]
 B[2]
 B[30]
 B[31]
 B[3]
 B[4]
 B[5]
 B[6]
 B[7]
 B[8]
 B[9]
 alu_opcode[0]
 alu_opcode[1]
 alu_opcode[2]
 alu_opcode[3]
 alu_opcode[4]
 _1016_/Y
 _1017_/Y
 _1018_/Y
 _1019_/Y
 _1020_/Y
 _1021_/Y
 _1022_/Y
 _1023_/Y
 _1024_/Y
 _1025_/Y
 _1026_/Y
 _1027_/Y
 _1028_/Y
 _1029_/Y
 _1030_/Y
 _1031_/Y
 _1032_/Y
 _1033_/Y
 _1034_/Y
 _1035_/Y
 _1036_/Y
 _1037_/Y
 _1038_/Y
 _1039_/Y
 _1040_/Y
 _1041_/Y
 _1042_/Y
 _1043_/Y
 _1044_/Y
 _1045_/Y
 _1046_/Y
 _1047_/Y
 _1048_/X
 _1049_/Y
 _1050_/Y
 _1051_/X
 _1052_/Y
 _1053_/X
 _1054_/X
 _1055_/X
 _1056_/Y
 _1057_/X
 _1058_/Y
 _1059_/Y
 _1060_/X
 _1061_/X
 _1062_/Y
 _1063_/Y
 _1064_/X
 _1065_/X
 _1066_/Y
 _1067_/X
 _1068_/X
 _1069_/X
 _1070_/X
 _1071_/Y
 _1072_/Y
 _1073_/X
 _1074_/X
 _1075_/X
 _1076_/Y
 _1077_/X
 _1078_/X
 _1079_/X
 _1080_/X
 _1081_/X
 _1082_/X
 _1083_/X
 _1084_/X
 _1085_/X
 _1086_/Y
 _1087_/X
 _1088_/X
 _1089_/Y
 _1090_/Y
 _1091_/X
 _1092_/Y
 _1093_/X
 _1094_/X
 _1095_/X
 _1096_/X
 _1097_/X
 _1098_/Y
 _1099_/Y
 _1100_/X
 _1101_/Y
 _1102_/Y
 _1103_/X
 _1104_/Y
 _1105_/X
 _1106_/X
 _1107_/X
 _1108_/Y
 _1109_/X
 _1110_/X
 _1111_/X
 _1112_/Y
 _1113_/Y
 _1114_/X
 _1115_/Y
 _1116_/Y
 _1117_/X
 _1118_/Y
 _1119_/Y
 _1120_/Y
 _1121_/X
 _1122_/Y
 _1123_/X
 _1124_/X
 _1125_/X
 _1126_/X
 _1127_/X
 _1128_/Y
 _1129_/X
 _1130_/X
 _1131_/Y
 _1132_/Y
 _1133_/X
 _1134_/Y
 _1135_/Y
 _1136_/X
 _1137_/Y
 _1138_/Y
 _1139_/X
 _1140_/X
 _1141_/Y
 _1142_/X
 _1143_/X
 _1144_/X
 _1145_/X
 _1146_/X
 _1147_/X
 _1148_/X
 _1149_/X
 _1150_/X
 _1151_/Y
 _1152_/X
 _1153_/X
 _1154_/X
 _1155_/X
 _1156_/X
 _1157_/Y
 _1158_/X
 _1159_/Y
 _1160_/Y
 _1161_/X
 _1162_/Y
 _1163_/Y
 _1164_/Y
 _1165_/X
 _1166_/Y
 _1167_/X
 _1168_/Y
 _1169_/X
 _1170_/X
 _1171_/X
 _1172_/X
 _1173_/X
 _1174_/X
 _1175_/X
 _1176_/X
 _1177_/X
 _1178_/X
 _1179_/Y
 _1180_/X
 _1181_/Y
 _1182_/X
 _1183_/Y
 _1184_/Y
 _1185_/Y
 _1186_/X
 _1187_/Y
 _1188_/X
 _1189_/X
 _1190_/Y
 _1191_/X
 _1192_/X
 _1193_/X
 _1194_/X
 _1195_/Y
 _1196_/X
 _1197_/X
 _1198_/X
 _1199_/X
 _1200_/X
 _1201_/X
 _1202_/X
 _1203_/X
 _1204_/X
 _1205_/X
 _1206_/X
 _1207_/X
 _1208_/X
 _1209_/Y
 _1210_/Y
 _1211_/X
 _1212_/Y
 _1213_/Y
 _1214_/Y
 _1215_/X
 _1216_/X
 _1217_/X
 _1218_/Y
 _1219_/X
 _1220_/Y
 _1221_/X
 _1222_/X
 _1223_/X
 _1224_/X
 _1225_/X
 _1226_/X
 _1227_/Y
 _1228_/Y
 _1229_/Y
 _1230_/Y
 _1231_/X
 _1232_/Y
 _1233_/Y
 _1234_/X
 _1235_/Y
 _1236_/X
 _1237_/Y
 _1238_/X
 _1239_/Y
 _1240_/Y
 _1241_/X
 _1242_/Y
 _1243_/X
 _1244_/X
 _1245_/X
 _1246_/Y
 _1247_/X
 _1248_/X
 _1249_/X
 _1250_/X
 _1251_/Y
 _1252_/X
 _1253_/X
 _1254_/X
 _1255_/X
 _1256_/X
 _1257_/X
 _1258_/X
 _1259_/Y
 _1260_/Y
 _1261_/Y
 _1262_/X
 _1263_/X
 _1264_/Y
 _1265_/X
 _1266_/Y
 _1267_/X
 _1268_/X
 _1269_/X
 _1270_/X
 _1271_/X
 _1272_/Y
 _1273_/X
 _1274_/Y
 _1275_/X
 _1276_/Y
 _1277_/X
 _1278_/Y
 _1279_/Y
 _1280_/X
 _1281_/Y
 _1282_/X
 _1283_/Y
 _1284_/X
 _1285_/Y
 _1286_/Y
 _1287_/X
 _1288_/Y
 _1289_/X
 _1290_/X
 _1291_/X
 _1292_/X
 _1293_/X
 _1294_/X
 _1295_/X
 _1296_/X
 _1297_/Y
 _1298_/X
 _1299_/X
 _1300_/Y
 _1301_/Y
 _1302_/X
 _1303_/Y
 _1304_/Y
 _1305_/X
 _1306_/Y
 _1307_/Y
 _1308_/Y
 _1309_/X
 _1310_/Y
 _1311_/X
 _1312_/X
 _1313_/X
 _1314_/X
 _1315_/X
 _1316_/X
 _1317_/Y
 _1318_/X
 _1319_/Y
 _1320_/Y
 _1321_/X
 _1322_/X
 _1323_/Y
 _1324_/X
 _1325_/X
 _1326_/X
 _1327_/X
 _1328_/Y
 _1329_/Y
 _1330_/X
 _1331_/Y
 _1332_/X
 _1333_/X
 _1334_/Y
 _1335_/X
 _1336_/X
 _1337_/X
 _1338_/Y
 _1339_/X
 _1340_/Y
 _1341_/Y
 _1342_/Y
 _1343_/X
 _1344_/Y
 _1345_/X
 _1346_/X
 _1347_/X
 _1348_/X
 _1349_/X
 _1350_/X
 _1351_/Y
 _1352_/X
 _1353_/X
 _1354_/Y
 _1355_/X
 _1356_/X
 _1357_/X
 _1358_/Y
 _1359_/X
 _1360_/X
 _1361_/Y
 _1362_/X
 _1363_/Y
 _1364_/X
 _1365_/X
 _1366_/Y
 _1367_/X
 _1368_/X
 _1369_/X
 _1370_/X
 _1371_/Y
 _1372_/X
 _1373_/Y
 _1374_/Y
 _1375_/Y
 _1376_/X
 _1377_/Y
 _1378_/X
 _1379_/X
 _1380_/X
 _1381_/X
 _1382_/X
 _1383_/Y
 _1384_/X
 _1385_/X
 _1386_/Y
 _1387_/X
 _1388_/X
 _1389_/Y
 _1390_/X
 _1391_/X
 _1392_/Y
 _1393_/Y
 _1394_/X
 _1395_/Y
 _1396_/X
 _1397_/X
 _1398_/Y
 _1399_/X
 _1400_/X
 _1401_/X
 _1402_/Y
 _1403_/X
 _1404_/Y
 _1405_/X
 _1406_/Y
 _1407_/X
 _1408_/Y
 _1409_/X
 _1410_/X
 _1411_/Y
 _1412_/X
 _1413_/Y
 _1414_/Y
 _1415_/X
 _1416_/X
 _1417_/X
 _1418_/X
 _1419_/X
 _1420_/X
 _1421_/X
 _1422_/Y
 _1423_/Y
 _1424_/X
 _1425_/X
 _1426_/X
 _1427_/X
 _1428_/Y
 _1429_/Y
 _1430_/X
 _1431_/Y
 _1432_/X
 _1433_/X
 _1434_/X
 _1435_/Y
 _1436_/X
 _1437_/Y
 _1438_/X
 _1439_/X
 _1440_/X
 _1441_/Y
 _1442_/X
 _1443_/X
 _1444_/X
 _1445_/X
 _1446_/X
 _1447_/X
 _1448_/X
 _1449_/X
 _1450_/X
 _1451_/X
 _1452_/X
 _1453_/X
 _1454_/X
 _1455_/Y
 _1456_/X
 _1457_/Y
 _1458_/X
 _1459_/Y
 _1460_/X
 _1461_/X
 _1462_/X
 _1463_/Y
 _1464_/X
 _1465_/Y
 _1466_/X
 _1467_/Y
 _1468_/Y
 _1469_/X
 _1470_/X
 _1471_/X
 _1472_/X
 _1473_/Y
 _1474_/X
 _1475_/X
 _1476_/X
 _1477_/X
 _1478_/X
 _1479_/X
 _1480_/X
 _1481_/X
 _1482_/X
 _1483_/X
 _1484_/X
 _1485_/Y
 _1486_/Y
 _1487_/X
 _1488_/Y
 _1489_/X
 _1490_/Y
 _1491_/X
 _1492_/Y
 _1493_/X
 _1494_/X
 _1495_/X
 _1496_/X
 _1497_/Y
 _1498_/X
 _1499_/X
 _1500_/X
 _1501_/X
 _1502_/Y
 _1503_/X
 _1504_/Y
 _1505_/X
 _1506_/X
 _1507_/X
 _1508_/X
 _1509_/X
 _1510_/X
 _1511_/Y
 _1512_/X
 _1513_/Y
 _1514_/X
 _1515_/Y
 _1516_/X
 _1517_/Y
 _1518_/X
 _1519_/Y
 _1520_/Y
 _1521_/Y
 _1522_/X
 _1523_/Y
 _1524_/X
 _1525_/X
 _1526_/X
 _1527_/X
 _1528_/Y
 _1529_/X
 _1530_/X
 _1531_/Y
 _1532_/X
 _1533_/X
 _1534_/X
 _1535_/X
 _1536_/X
 _1537_/X
 _1538_/Y
 _1539_/X
 _1540_/Y
 _1541_/X
 _1542_/Y
 _1543_/Y
 _1544_/Y
 _1545_/X
 _1546_/Y
 _1547_/X
 _1548_/X
 _1549_/X
 _1550_/X
 _1551_/Y
 _1552_/Y
 _1553_/X
 _1554_/Y
 _1555_/X
 _1556_/X
 _1557_/X
 _1558_/X
 _1559_/Y
 _1560_/X
 _1561_/Y
 _1562_/X
 _1563_/X
 _1564_/X
 _1565_/X
 _1566_/X
 _1567_/Y
 _1568_/X
 _1569_/Y
 _1570_/X
 _1571_/Y
 _1572_/Y
 _1573_/Y
 _1574_/X
 _1575_/Y
 _1576_/Y
 _1577_/X
 _1578_/X
 _1579_/X
 _1580_/X
 _1581_/Y
 _1582_/X
 _1583_/Y
 _1584_/X
 _1585_/X
 _1586_/Y
 _1587_/X
 _1588_/Y
 _1589_/X
 _1590_/X
 _1591_/Y
 _1592_/X
 _1593_/X
 _1594_/X
 _1595_/X
 _1596_/Y
 _1597_/X
 _1598_/Y
 _1599_/X
 _1600_/Y
 _1601_/X
 _1602_/Y
 _1603_/X
 _1604_/X
 _1605_/X
 _1606_/X
 _1607_/Y
 _1608_/Y
 _1609_/X
 _1610_/X
 _1611_/Y
 _1612_/X
 _1613_/X
 _1614_/X
 _1615_/X
 _1616_/X
 _1617_/X
 _1618_/X
 _1619_/Y
 _1620_/X
 _1621_/X
 _1622_/Y
 _1623_/X
 _1624_/Y
 _1625_/X
 _1626_/Y
 _1627_/X
 _1628_/Y
 _1629_/X
 _1630_/Y
 _1631_/X
 _1632_/X
 _1633_/Y
 _1634_/Y
 _1635_/X
 _1636_/X
 _1637_/Y
 _1638_/X
 _1639_/Y
 _1640_/X
 _1641_/Y
 _1642_/X
 _1643_/X
 _1644_/X
 _1645_/X
 _1646_/X
 _1647_/X
 _1648_/Y
 _1649_/X
 _1650_/Y
 _1651_/X
 _1652_/Y
 _1653_/Y
 _1654_/X
 _1655_/X
 _1656_/Y
 _1657_/X
 _1658_/Y
 _1659_/X
 _1660_/X
 _1661_/X
 _1662_/X
 _1663_/X
 _1664_/X
 _1665_/Y
 _1666_/X
 _1667_/X
 _1668_/X
 _1669_/X
 _1670_/Y
 _1671_/X
 _1672_/Y
 _1673_/X
 _1674_/X
 _1675_/X
 _1676_/Y
 _1677_/X
 _1678_/Y
 _1679_/Y
 _1680_/X
 _1681_/Y
 _1682_/Y
 _1683_/X
 _1684_/Y
 _1685_/X
 _1686_/X
 _1687_/X
 _1688_/X
 _1689_/X
 _1690_/X
 _1691_/X
 _1692_/Y
 _1693_/Y
 _1694_/X
 _1695_/X
 _1696_/X
 _1697_/X
 _1698_/X
 _1699_/X
 _1700_/X
 _1701_/Y
 _1702_/X
 _1703_/Y
 _1704_/X
 _1705_/Y
 _1706_/X
 _1707_/X
 _1708_/X
 _1709_/X
 _1710_/X
 _1711_/X
 _1712_/X
 _1713_/X
 _1714_/X
 _1715_/Y
 _1716_/Y
 _1717_/X
 _1718_/Y
 _1719_/X
 _1720_/X
 _1721_/X
 _1722_/X
 _1723_/X
 _1724_/Y
 _1725_/X
 _1726_/Y
 _1727_/Y
 _1728_/Y
 _1729_/X
 _1730_/Y
 _1731_/X
 _1732_/X
 _1733_/Y
 _1734_/Y
 _1735_/X
 _1736_/X
 _1737_/X
 _1738_/X
 _1739_/Y
 _1740_/X
 _1741_/Y
 _1742_/X
 _1743_/X
 _1744_/X
 _1745_/X
 _1746_/Y
 _1747_/Y
 _1748_/X
 _1749_/X
 _1750_/X
 _1751_/Y
 _1752_/X
 _1753_/Y
 _1754_/X
 _1755_/Y
 _1756_/Y
 _1757_/Y
 _1758_/X
 _1759_/X
 _1760_/X
 _1761_/X
 _1762_/X
 _1763_/X
 _1764_/X
 _1765_/Y
 _1766_/Y
 _1767_/X
 _1768_/Y
 _1769_/X
 _1770_/X
 _1771_/X
 _1772_/X
 _1773_/Y
 _1774_/X
 _1775_/Y
 _1776_/X
 _1777_/Y
 _1778_/X
 _1779_/Y
 _1780_/X
 _1781_/X
 _1782_/Y
 _1783_/X
 _1784_/X
 _1785_/X
 _1786_/Y
 _1787_/Y
 _1788_/Y
 _1789_/Y
 _1790_/Y
 _1791_/X
 _1792_/X
 _1793_/X
 _1794_/X
 _1795_/X
 _1796_/Y
 _1797_/X
 _1798_/Y
 _1799_/X
 _1800_/Y
 _1801_/X
 _1802_/Y
 _1803_/X
 _1804_/X
 _1805_/X
 _1806_/X
 _1807_/X
 _1808_/X
 _1809_/X
 _1810_/Y
 _1811_/Y
 _1812_/X
 _1813_/X
 _1814_/Y
 _1815_/X
 _1816_/X
 _1817_/X
 _1818_/X
 _1819_/X
 _1820_/Y
 _1821_/X
 _1822_/X
 _1823_/Y
 _1824_/X
 _1825_/Y
 _1826_/X
 _1827_/X
 _1828_/X
 _1829_/Y
 _1830_/X
 _1831_/Y
 _1832_/Y
 _1833_/X
 _1834_/Y
 _1835_/X
 _1836_/Y
 _1837_/X
 _1838_/X
 _1839_/X
 _1840_/X
 _1841_/X
 _1842_/X
 _1843_/X
 _1844_/X
 _1845_/X
 _1846_/Y
 _1847_/X
 _1848_/Y
 _1849_/X
 _1850_/Y
 _1851_/X
 _1852_/Y
 _1853_/X
 _1854_/Y
 _1855_/X
 _1856_/X
 _1857_/Y
 _1858_/Y
 _1859_/X
 _1860_/X
 _1861_/X
 _1862_/X
 _1863_/Y
 _1864_/X
 _1865_/Y
 _1866_/X
 _1867_/X
 _1868_/X
 _1869_/X
 _1870_/X
 _1871_/X
 _1872_/X
 _1873_/X
 _1874_/Y
 _1875_/Y
 _1876_/X
 _1877_/Y
 _1878_/Y
 _1879_/Y
 _1880_/X
 _1881_/Y
 _1882_/X
 _1883_/X
 _1884_/Y
 _1885_/Y
 _1886_/X
 _1887_/X
 _1888_/Y
 _1889_/X
 _1890_/Y
 _1891_/X
 _1892_/X
 _1893_/X
 _1894_/X
 _1895_/X
 _1896_/X
 _1897_/X
 _1898_/X
 _1899_/X
 _1900_/X
 _1901_/X
 _1902_/X
 _1903_/Y
 _1904_/X
 _1905_/Y
 _1906_/X
 _1907_/Y
 _1908_/X
 _1909_/X
 _1910_/Y
 _1911_/X
 _1912_/Y
 _1913_/X
 _1914_/X
 _1915_/X
 _1916_/X
 _1917_/X
 _1918_/X
 _1919_/X
 _1920_/X
 _1921_/X
 _1922_/X
 _1923_/X
 _1924_/Y
 _1925_/Y
 _1926_/X
 _1927_/Y
 _1928_/X
 _1929_/X
 _1930_/Y
 _1931_/X
 _1932_/Y
 _1933_/Y
 _1934_/Y
 _1935_/Y
 _1936_/X
 _1937_/X
 _1938_/Y
 _1939_/Y
 _1940_/X
 _1941_/X
 _1942_/Y
 _1943_/X
 _1944_/X
 _1945_/X
 _1946_/X
 _1947_/X
 _1948_/X
 _1949_/X
 _1950_/X
 _1951_/Y
 _1952_/X
 _1953_/X
 _1954_/X
 _1955_/Y
 _1956_/Y
 _1957_/Y
 _1958_/X
 _1959_/Y
 _1960_/Y
 _1961_/Y
 _1962_/X
 _1963_/X
 _1964_/X
 _1965_/X
 _1966_/X
 _1967_/X
 _1968_/X
 _1969_/X
 _1970_/X
 _1971_/Y
 _1972_/X
 _1973_/Y
 _1974_/X
 _1975_/Y
 _1976_/Y
 _1977_/Y
 _1978_/X
 _1979_/Y
 _1980_/X
 _1981_/X
 _1982_/Y
 _1983_/X
 _1984_/X
 _1985_/X
 _1986_/Y
 _1987_/X
 _1988_/X
 _1989_/Y
 _1990_/Y
 _1991_/Y
 _1992_/X
 _1993_/X
 _1994_/Y
 _1995_/X
 _1996_/Y
 _1997_/Y
 _1998_/Y
 _1999_/X
 _2000_/Y
 _2001_/X
 _2002_/Y
 _2003_/X
 _2004_/X
 _2005_/Y
 _2006_/X
 _2007_/X
 _2008_/X
 _2009_/Y
 _2010_/Y
 _2011_/Y
 _2012_/X
 _2013_/Y
 _2014_/X
 _2015_/X
 _2016_/Y
 _2017_/X
 _2018_/Y
 _2019_/Y
 _2020_/X
 _2021_/X
 _2022_/Y
 _2023_/X
 _2024_/Y
 _2025_/X
 _2026_/X
 _2027_/X
 _2028_/Y
 _2029_/Y
 _2030_/X
 _2031_/X
 _2032_/X
 _2033_/X
 _2034_/X
 _2035_/X
 _2036_/X
 _2037_/Y
 _2038_/Y
 _2039_/Y
 _2040_/X
 _2041_/X
 _2042_/Y
 _2043_/Y
 _2044_/Y
 _2045_/Y
 _2046_/Y
 _2047_/Y
 _2048_/Y
 _2049_/Y
 _2050_/Y
 _2051_/Y
 _2052_/Y
 _2053_/Y
 _2054_/Y
 _2055_/Y
 _2056_/X
 _2057_/X
 _2058_/X
 _2059_/X
 _2060_/X
 _2061_/X
 _2062_/X
 _2063_/Y
 _2064_/X
 _2065_/X
 _2066_/Y
 _2067_/X
 _2068_/X
Found 0 partially unannotated drivers.

===========================================================================
max slew violation count 278
max fanout violation count 66
max cap violation count 3
============================================================================

===========================================================================
check_setup -verbose -unconstrained_endpoints -multiple_clock -no_clock -no_input_delay -loops -generated_clocks
===========================================================================
