
===========================================================================
report_checks -unconstrained
===========================================================================
======================= nom_tt_025C_1v80 Corner ===================================

Startpoint: alu_opcode[3] (input port clocked by __VIRTUAL_CLK__)
Endpoint: P (output port clocked by __VIRTUAL_CLK__)
Path Group: __VIRTUAL_CLK__
Path Type: max

Fanout         Cap        Slew       Delay        Time   Description
---------------------------------------------------------------------------------------------
                      0.000000    0.000000    0.000000   clock __VIRTUAL_CLK__ (rise edge)
                                  0.000000    0.000000   clock network delay (ideal)
                                  2.000000    2.000000 ^ input external delay
     1    0.008795    0.046067    0.030171    2.030170 ^ alu_opcode[3] (in)
                                                         alu_opcode[3] (net)
                      0.046068    0.000000    2.030170 ^ input68/A (sky130_fd_sc_hd__buf_8)
     6    0.032194    0.062507    0.113106    2.143276 ^ input68/X (sky130_fd_sc_hd__buf_8)
                                                         net68 (net)
                      0.062587    0.001401    2.144677 ^ fanout186/A (sky130_fd_sc_hd__buf_8)
     5    0.040589    0.075049    0.128655    2.273332 ^ fanout186/X (sky130_fd_sc_hd__buf_8)
                                                         net186 (net)
                      0.075162    0.001949    2.275281 ^ _1050_/B (sky130_fd_sc_hd__nand2_8)
     4    0.019182    0.043212    0.061288    2.336569 v _1050_/Y (sky130_fd_sc_hd__nand2_8)
                                                         _0183_ (net)
                      0.043212    0.000240    2.336809 v _1054_/C (sky130_fd_sc_hd__and4bb_1)
     4    0.018046    0.104587    0.249303    2.586112 v _1054_/X (sky130_fd_sc_hd__and4bb_1)
                                                         _0187_ (net)
                      0.104588    0.000521    2.586633 v fanout158/A (sky130_fd_sc_hd__buf_8)
     5    0.032497    0.039141    0.158772    2.745405 v fanout158/X (sky130_fd_sc_hd__buf_8)
                                                         net158 (net)
                      0.039255    0.001824    2.747229 v _1056_/A (sky130_fd_sc_hd__nor2_8)
     6    0.024071    0.119059    0.139090    2.886319 ^ _1056_/Y (sky130_fd_sc_hd__nor2_8)
                                                         _0189_ (net)
                      0.119059    0.000499    2.886818 ^ fanout117/A (sky130_fd_sc_hd__buf_8)
     5    0.026955    0.055423    0.128970    3.015789 ^ fanout117/X (sky130_fd_sc_hd__buf_8)
                                                         net117 (net)
                      0.055456    0.001208    3.016997 ^ _1132_/A2 (sky130_fd_sc_hd__o32ai_4)
     2    0.011157    0.084516    0.095085    3.112082 v _1132_/Y (sky130_fd_sc_hd__o32ai_4)
                                                         _0264_ (net)
                      0.084516    0.000403    3.112484 v _1182_/B1 (sky130_fd_sc_hd__a2bb2o_4)
     2    0.011138    0.043045    0.240313    3.352798 v _1182_/X (sky130_fd_sc_hd__a2bb2o_4)
                                                         _0313_ (net)
                      0.043045    0.000470    3.353267 v _1226_/B2 (sky130_fd_sc_hd__a2bb2o_4)
     2    0.009631    0.040980    0.206427    3.559694 v _1226_/X (sky130_fd_sc_hd__a2bb2o_4)
                                                         _0356_ (net)
                      0.040980    0.000347    3.560041 v _1273_/B1 (sky130_fd_sc_hd__a32o_2)
     2    0.007977    0.051689    0.229350    3.789391 v _1273_/X (sky130_fd_sc_hd__a32o_2)
                                                         _0402_ (net)
                      0.051689    0.000249    3.789639 v _1305_/A2 (sky130_fd_sc_hd__a21o_1)
     2    0.012338    0.071901    0.215923    4.005563 v _1305_/X (sky130_fd_sc_hd__a21o_1)
                                                         _0433_ (net)
                      0.071904    0.000593    4.006156 v _1339_/B2 (sky130_fd_sc_hd__a2bb2o_4)
     2    0.010474    0.042036    0.219752    4.225908 v _1339_/X (sky130_fd_sc_hd__a2bb2o_4)
                                                         _0466_ (net)
                      0.042036    0.000399    4.226306 v _1372_/B2 (sky130_fd_sc_hd__a2bb2o_4)
     2    0.010167    0.041600    0.207136    4.433442 v _1372_/X (sky130_fd_sc_hd__a2bb2o_4)
                                                         _0498_ (net)
                      0.041600    0.000322    4.433764 v _1403_/B2 (sky130_fd_sc_hd__a2bb2o_4)
     2    0.010449    0.041971    0.207576    4.641339 v _1403_/X (sky130_fd_sc_hd__a2bb2o_4)
                                                         _0528_ (net)
                      0.041971    0.000254    4.641594 v _1430_/B2 (sky130_fd_sc_hd__a2bb2o_4)
     2    0.008355    0.039372    0.203411    4.845005 v _1430_/X (sky130_fd_sc_hd__a2bb2o_4)
                                                         _0554_ (net)
                      0.039372    0.000214    4.845220 v _1458_/A2 (sky130_fd_sc_hd__a21o_1)
     2    0.006149    0.047231    0.185000    5.030220 v _1458_/X (sky130_fd_sc_hd__a21o_1)
                                                         _0581_ (net)
                      0.047231    0.000148    5.030367 v _1487_/A2 (sky130_fd_sc_hd__a21o_1)
     2    0.009736    0.061440    0.204774    5.235141 v _1487_/X (sky130_fd_sc_hd__a21o_1)
                                                         _0609_ (net)
                      0.061440    0.000169    5.235311 v _1514_/B2 (sky130_fd_sc_hd__a2bb2o_4)
     2    0.008209    0.039203    0.210974    5.446285 v _1514_/X (sky130_fd_sc_hd__a2bb2o_4)
                                                         _0635_ (net)
                      0.039203    0.000175    5.446460 v _1541_/A2 (sky130_fd_sc_hd__a21o_1)
     2    0.007400    0.052934    0.190715    5.637176 v _1541_/X (sky130_fd_sc_hd__a21o_1)
                                                         _0661_ (net)
                      0.052934    0.000262    5.637437 v _1570_/B2 (sky130_fd_sc_hd__a2bb2o_4)
     2    0.005121    0.035538    0.201197    5.838634 v _1570_/X (sky130_fd_sc_hd__a2bb2o_4)
                                                         _0689_ (net)
                      0.035538    0.000119    5.838753 v _1597_/A2 (sky130_fd_sc_hd__a21o_1)
     2    0.007466    0.053204    0.189516    6.028269 v _1597_/X (sky130_fd_sc_hd__a21o_1)
                                                         _0715_ (net)
                      0.053204    0.000234    6.028503 v _1625_/B2 (sky130_fd_sc_hd__a2bb2o_4)
     2    0.009295    0.040498    0.209827    6.238330 v _1625_/X (sky130_fd_sc_hd__a2bb2o_4)
                                                         _0742_ (net)
                      0.040503    0.000464    6.238794 v _1651_/B2 (sky130_fd_sc_hd__a2bb2o_4)
     2    0.005182    0.035620    0.196281    6.435075 v _1651_/X (sky130_fd_sc_hd__a2bb2o_4)
                                                         _0767_ (net)
                      0.035620    0.000116    6.435191 v _1677_/A2 (sky130_fd_sc_hd__a21o_1)
     2    0.006485    0.048719    0.184997    6.620188 v _1677_/X (sky130_fd_sc_hd__a21o_1)
                                                         _0792_ (net)
                      0.048719    0.000162    6.620350 v _1700_/B1 (sky130_fd_sc_hd__a32o_2)
     2    0.012382    0.061955    0.245730    6.866080 v _1700_/X (sky130_fd_sc_hd__a32o_2)
                                                         _0814_ (net)
                      0.061955    0.000562    6.866642 v _1725_/B2 (sky130_fd_sc_hd__a2bb2o_4)
     2    0.006604    0.037300    0.207884    7.074526 v _1725_/X (sky130_fd_sc_hd__a2bb2o_4)
                                                         _0838_ (net)
                      0.037300    0.000115    7.074642 v _1750_/B2 (sky130_fd_sc_hd__a2bb2o_4)
     2    0.005110    0.035527    0.194837    7.269479 v _1750_/X (sky130_fd_sc_hd__a2bb2o_4)
                                                         _0862_ (net)
                      0.035527    0.000085    7.269565 v _1774_/A2 (sky130_fd_sc_hd__a21o_1)
     2    0.009236    0.059642    0.197802    7.467367 v _1774_/X (sky130_fd_sc_hd__a21o_1)
                                                         _0885_ (net)
                      0.059642    0.000164    7.467531 v _1797_/B2 (sky130_fd_sc_hd__a2bb2o_4)
     2    0.011661    0.043685    0.217256    7.684787 v _1797_/X (sky130_fd_sc_hd__a2bb2o_4)
                                                         _0907_ (net)
                      0.043719    0.000430    7.685217 v _1824_/B2 (sky130_fd_sc_hd__a2bb2o_4)
     2    0.004939    0.035265    0.197003    7.882220 v _1824_/X (sky130_fd_sc_hd__a2bb2o_4)
                                                         _0933_ (net)
                      0.035265    0.000154    7.882374 v _1849_/A2 (sky130_fd_sc_hd__a21o_1)
     2    0.011540    0.068679    0.206152    8.088527 v _1849_/X (sky130_fd_sc_hd__a21o_1)
                                                         _0957_ (net)
                      0.068680    0.000458    8.088984 v _1876_/B2 (sky130_fd_sc_hd__a2bb2o_4)
     2    0.010598    0.042185    0.218726    8.307712 v _1876_/X (sky130_fd_sc_hd__a2bb2o_4)
                                                         _0983_ (net)
                      0.042185    0.000351    8.308062 v _1902_/B2 (sky130_fd_sc_hd__a2bb2o_4)
     2    0.010377    0.041891    0.207618    8.515680 v _1902_/X (sky130_fd_sc_hd__a2bb2o_4)
                                                         _1008_ (net)
                      0.041891    0.000316    8.515996 v _1926_/B2 (sky130_fd_sc_hd__a2bb2o_4)
     2    0.011154    0.043025    0.209006    8.725002 v _1926_/X (sky130_fd_sc_hd__a2bb2o_4)
                                                         _0015_ (net)
                      0.043059    0.000566    8.725568 v _1950_/A2 (sky130_fd_sc_hd__a21o_1)
     2    0.008446    0.057737    0.197177    8.922745 v _1950_/X (sky130_fd_sc_hd__a21o_1)
                                                         _0038_ (net)
                      0.057737    0.000290    8.923035 v _1974_/A2 (sky130_fd_sc_hd__a21o_1)
     2    0.015168    0.083453    0.228627    9.151662 v _1974_/X (sky130_fd_sc_hd__a21o_1)
                                                         _0062_ (net)
                      0.083456    0.000621    9.152283 v _1997_/A2 (sky130_fd_sc_hd__a21oi_4)
     3    0.014055    0.147958    0.193483    9.345766 ^ _1997_/Y (sky130_fd_sc_hd__a21oi_4)
                                                         _0086_ (net)
                      0.147958    0.000393    9.346160 ^ _2003_/B (sky130_fd_sc_hd__xor2_1)
     1    0.002807    0.057682    0.083428    9.429588 v _2003_/X (sky130_fd_sc_hd__xor2_1)
                                                         _0093_ (net)
                      0.057682    0.000063    9.429651 v _2004_/C1 (sky130_fd_sc_hd__a221o_1)
     1    0.004582    0.060656    0.271547    9.701199 v _2004_/X (sky130_fd_sc_hd__a221o_1)
                                                         _0094_ (net)
                      0.060656    0.000100    9.701299 v _2017_/A1 (sky130_fd_sc_hd__a211o_4)
     4    0.031160    0.087874    0.375048   10.076346 v _2017_/X (sky130_fd_sc_hd__a211o_4)
                                                         net71 (net)
                      0.087884    0.000981   10.077327 v _2019_/B (sky130_fd_sc_hd__xnor2_2)
     1    0.008827    0.073705    0.158447   10.235773 v _2019_/Y (sky130_fd_sc_hd__xnor2_2)
                                                         _0109_ (net)
                      0.073705    0.000225   10.235998 v _2055_/B (sky130_fd_sc_hd__xnor2_2)
     1    0.017432    0.260130    0.241365   10.477364 ^ _2055_/Y (sky130_fd_sc_hd__xnor2_2)
                                                         net72 (net)
                      0.260154    0.001974   10.479337 ^ output72/A (sky130_fd_sc_hd__buf_6)
     1    0.034933    0.079843    0.181275   10.660612 ^ output72/X (sky130_fd_sc_hd__buf_6)
                                                         P (net)
                      0.079855    0.000977   10.661590 ^ P (out)
                                             10.661590   data arrival time

                      0.000000   10.000000   10.000000   clock __VIRTUAL_CLK__ (rise edge)
                                  0.000000   10.000000   clock network delay (ideal)
                                 -0.250000    9.750000   clock uncertainty
                                  0.000000    9.750000   clock reconvergence pessimism
                                 -2.000000    7.750000   output external delay
                                              7.750000   data required time
---------------------------------------------------------------------------------------------
                                              7.750000   data required time
                                            -10.661590   data arrival time
---------------------------------------------------------------------------------------------
                                             -2.911589   slack (VIOLATED)




===========================================================================
report_checks --slack_max -0.01
============================================================================
======================= nom_tt_025C_1v80 Corner ===================================

Startpoint: alu_opcode[3] (input port clocked by __VIRTUAL_CLK__)
Endpoint: P (output port clocked by __VIRTUAL_CLK__)
Path Group: __VIRTUAL_CLK__
Path Type: max

Fanout         Cap        Slew       Delay        Time   Description
---------------------------------------------------------------------------------------------
                      0.000000    0.000000    0.000000   clock __VIRTUAL_CLK__ (rise edge)
                                  0.000000    0.000000   clock network delay (ideal)
                                  2.000000    2.000000 ^ input external delay
     1    0.008795    0.046067    0.030171    2.030170 ^ alu_opcode[3] (in)
                                                         alu_opcode[3] (net)
                      0.046068    0.000000    2.030170 ^ input68/A (sky130_fd_sc_hd__buf_8)
     6    0.032194    0.062507    0.113106    2.143276 ^ input68/X (sky130_fd_sc_hd__buf_8)
                                                         net68 (net)
                      0.062587    0.001401    2.144677 ^ fanout186/A (sky130_fd_sc_hd__buf_8)
     5    0.040589    0.075049    0.128655    2.273332 ^ fanout186/X (sky130_fd_sc_hd__buf_8)
                                                         net186 (net)
                      0.075162    0.001949    2.275281 ^ _1050_/B (sky130_fd_sc_hd__nand2_8)
     4    0.019182    0.043212    0.061288    2.336569 v _1050_/Y (sky130_fd_sc_hd__nand2_8)
                                                         _0183_ (net)
                      0.043212    0.000240    2.336809 v _1054_/C (sky130_fd_sc_hd__and4bb_1)
     4    0.018046    0.104587    0.249303    2.586112 v _1054_/X (sky130_fd_sc_hd__and4bb_1)
                                                         _0187_ (net)
                      0.104588    0.000521    2.586633 v fanout158/A (sky130_fd_sc_hd__buf_8)
     5    0.032497    0.039141    0.158772    2.745405 v fanout158/X (sky130_fd_sc_hd__buf_8)
                                                         net158 (net)
                      0.039255    0.001824    2.747229 v _1056_/A (sky130_fd_sc_hd__nor2_8)
     6    0.024071    0.119059    0.139090    2.886319 ^ _1056_/Y (sky130_fd_sc_hd__nor2_8)
                                                         _0189_ (net)
                      0.119059    0.000499    2.886818 ^ fanout117/A (sky130_fd_sc_hd__buf_8)
     5    0.026955    0.055423    0.128970    3.015789 ^ fanout117/X (sky130_fd_sc_hd__buf_8)
                                                         net117 (net)
                      0.055456    0.001208    3.016997 ^ _1132_/A2 (sky130_fd_sc_hd__o32ai_4)
     2    0.011157    0.084516    0.095085    3.112082 v _1132_/Y (sky130_fd_sc_hd__o32ai_4)
                                                         _0264_ (net)
                      0.084516    0.000403    3.112484 v _1182_/B1 (sky130_fd_sc_hd__a2bb2o_4)
     2    0.011138    0.043045    0.240313    3.352798 v _1182_/X (sky130_fd_sc_hd__a2bb2o_4)
                                                         _0313_ (net)
                      0.043045    0.000470    3.353267 v _1226_/B2 (sky130_fd_sc_hd__a2bb2o_4)
     2    0.009631    0.040980    0.206427    3.559694 v _1226_/X (sky130_fd_sc_hd__a2bb2o_4)
                                                         _0356_ (net)
                      0.040980    0.000347    3.560041 v _1273_/B1 (sky130_fd_sc_hd__a32o_2)
     2    0.007977    0.051689    0.229350    3.789391 v _1273_/X (sky130_fd_sc_hd__a32o_2)
                                                         _0402_ (net)
                      0.051689    0.000249    3.789639 v _1305_/A2 (sky130_fd_sc_hd__a21o_1)
     2    0.012338    0.071901    0.215923    4.005563 v _1305_/X (sky130_fd_sc_hd__a21o_1)
                                                         _0433_ (net)
                      0.071904    0.000593    4.006156 v _1339_/B2 (sky130_fd_sc_hd__a2bb2o_4)
     2    0.010474    0.042036    0.219752    4.225908 v _1339_/X (sky130_fd_sc_hd__a2bb2o_4)
                                                         _0466_ (net)
                      0.042036    0.000399    4.226306 v _1372_/B2 (sky130_fd_sc_hd__a2bb2o_4)
     2    0.010167    0.041600    0.207136    4.433442 v _1372_/X (sky130_fd_sc_hd__a2bb2o_4)
                                                         _0498_ (net)
                      0.041600    0.000322    4.433764 v _1403_/B2 (sky130_fd_sc_hd__a2bb2o_4)
     2    0.010449    0.041971    0.207576    4.641339 v _1403_/X (sky130_fd_sc_hd__a2bb2o_4)
                                                         _0528_ (net)
                      0.041971    0.000254    4.641594 v _1430_/B2 (sky130_fd_sc_hd__a2bb2o_4)
     2    0.008355    0.039372    0.203411    4.845005 v _1430_/X (sky130_fd_sc_hd__a2bb2o_4)
                                                         _0554_ (net)
                      0.039372    0.000214    4.845220 v _1458_/A2 (sky130_fd_sc_hd__a21o_1)
     2    0.006149    0.047231    0.185000    5.030220 v _1458_/X (sky130_fd_sc_hd__a21o_1)
                                                         _0581_ (net)
                      0.047231    0.000148    5.030367 v _1487_/A2 (sky130_fd_sc_hd__a21o_1)
     2    0.009736    0.061440    0.204774    5.235141 v _1487_/X (sky130_fd_sc_hd__a21o_1)
                                                         _0609_ (net)
                      0.061440    0.000169    5.235311 v _1514_/B2 (sky130_fd_sc_hd__a2bb2o_4)
     2    0.008209    0.039203    0.210974    5.446285 v _1514_/X (sky130_fd_sc_hd__a2bb2o_4)
                                                         _0635_ (net)
                      0.039203    0.000175    5.446460 v _1541_/A2 (sky130_fd_sc_hd__a21o_1)
     2    0.007400    0.052934    0.190715    5.637176 v _1541_/X (sky130_fd_sc_hd__a21o_1)
                                                         _0661_ (net)
                      0.052934    0.000262    5.637437 v _1570_/B2 (sky130_fd_sc_hd__a2bb2o_4)
     2    0.005121    0.035538    0.201197    5.838634 v _1570_/X (sky130_fd_sc_hd__a2bb2o_4)
                                                         _0689_ (net)
                      0.035538    0.000119    5.838753 v _1597_/A2 (sky130_fd_sc_hd__a21o_1)
     2    0.007466    0.053204    0.189516    6.028269 v _1597_/X (sky130_fd_sc_hd__a21o_1)
                                                         _0715_ (net)
                      0.053204    0.000234    6.028503 v _1625_/B2 (sky130_fd_sc_hd__a2bb2o_4)
     2    0.009295    0.040498    0.209827    6.238330 v _1625_/X (sky130_fd_sc_hd__a2bb2o_4)
                                                         _0742_ (net)
                      0.040503    0.000464    6.238794 v _1651_/B2 (sky130_fd_sc_hd__a2bb2o_4)
     2    0.005182    0.035620    0.196281    6.435075 v _1651_/X (sky130_fd_sc_hd__a2bb2o_4)
                                                         _0767_ (net)
                      0.035620    0.000116    6.435191 v _1677_/A2 (sky130_fd_sc_hd__a21o_1)
     2    0.006485    0.048719    0.184997    6.620188 v _1677_/X (sky130_fd_sc_hd__a21o_1)
                                                         _0792_ (net)
                      0.048719    0.000162    6.620350 v _1700_/B1 (sky130_fd_sc_hd__a32o_2)
     2    0.012382    0.061955    0.245730    6.866080 v _1700_/X (sky130_fd_sc_hd__a32o_2)
                                                         _0814_ (net)
                      0.061955    0.000562    6.866642 v _1725_/B2 (sky130_fd_sc_hd__a2bb2o_4)
     2    0.006604    0.037300    0.207884    7.074526 v _1725_/X (sky130_fd_sc_hd__a2bb2o_4)
                                                         _0838_ (net)
                      0.037300    0.000115    7.074642 v _1750_/B2 (sky130_fd_sc_hd__a2bb2o_4)
     2    0.005110    0.035527    0.194837    7.269479 v _1750_/X (sky130_fd_sc_hd__a2bb2o_4)
                                                         _0862_ (net)
                      0.035527    0.000085    7.269565 v _1774_/A2 (sky130_fd_sc_hd__a21o_1)
     2    0.009236    0.059642    0.197802    7.467367 v _1774_/X (sky130_fd_sc_hd__a21o_1)
                                                         _0885_ (net)
                      0.059642    0.000164    7.467531 v _1797_/B2 (sky130_fd_sc_hd__a2bb2o_4)
     2    0.011661    0.043685    0.217256    7.684787 v _1797_/X (sky130_fd_sc_hd__a2bb2o_4)
                                                         _0907_ (net)
                      0.043719    0.000430    7.685217 v _1824_/B2 (sky130_fd_sc_hd__a2bb2o_4)
     2    0.004939    0.035265    0.197003    7.882220 v _1824_/X (sky130_fd_sc_hd__a2bb2o_4)
                                                         _0933_ (net)
                      0.035265    0.000154    7.882374 v _1849_/A2 (sky130_fd_sc_hd__a21o_1)
     2    0.011540    0.068679    0.206152    8.088527 v _1849_/X (sky130_fd_sc_hd__a21o_1)
                                                         _0957_ (net)
                      0.068680    0.000458    8.088984 v _1876_/B2 (sky130_fd_sc_hd__a2bb2o_4)
     2    0.010598    0.042185    0.218726    8.307712 v _1876_/X (sky130_fd_sc_hd__a2bb2o_4)
                                                         _0983_ (net)
                      0.042185    0.000351    8.308062 v _1902_/B2 (sky130_fd_sc_hd__a2bb2o_4)
     2    0.010377    0.041891    0.207618    8.515680 v _1902_/X (sky130_fd_sc_hd__a2bb2o_4)
                                                         _1008_ (net)
                      0.041891    0.000316    8.515996 v _1926_/B2 (sky130_fd_sc_hd__a2bb2o_4)
     2    0.011154    0.043025    0.209006    8.725002 v _1926_/X (sky130_fd_sc_hd__a2bb2o_4)
                                                         _0015_ (net)
                      0.043059    0.000566    8.725568 v _1950_/A2 (sky130_fd_sc_hd__a21o_1)
     2    0.008446    0.057737    0.197177    8.922745 v _1950_/X (sky130_fd_sc_hd__a21o_1)
                                                         _0038_ (net)
                      0.057737    0.000290    8.923035 v _1974_/A2 (sky130_fd_sc_hd__a21o_1)
     2    0.015168    0.083453    0.228627    9.151662 v _1974_/X (sky130_fd_sc_hd__a21o_1)
                                                         _0062_ (net)
                      0.083456    0.000621    9.152283 v _1997_/A2 (sky130_fd_sc_hd__a21oi_4)
     3    0.014055    0.147958    0.193483    9.345766 ^ _1997_/Y (sky130_fd_sc_hd__a21oi_4)
                                                         _0086_ (net)
                      0.147958    0.000393    9.346160 ^ _2003_/B (sky130_fd_sc_hd__xor2_1)
     1    0.002807    0.057682    0.083428    9.429588 v _2003_/X (sky130_fd_sc_hd__xor2_1)
                                                         _0093_ (net)
                      0.057682    0.000063    9.429651 v _2004_/C1 (sky130_fd_sc_hd__a221o_1)
     1    0.004582    0.060656    0.271547    9.701199 v _2004_/X (sky130_fd_sc_hd__a221o_1)
                                                         _0094_ (net)
                      0.060656    0.000100    9.701299 v _2017_/A1 (sky130_fd_sc_hd__a211o_4)
     4    0.031160    0.087874    0.375048   10.076346 v _2017_/X (sky130_fd_sc_hd__a211o_4)
                                                         net71 (net)
                      0.087884    0.000981   10.077327 v _2019_/B (sky130_fd_sc_hd__xnor2_2)
     1    0.008827    0.073705    0.158447   10.235773 v _2019_/Y (sky130_fd_sc_hd__xnor2_2)
                                                         _0109_ (net)
                      0.073705    0.000225   10.235998 v _2055_/B (sky130_fd_sc_hd__xnor2_2)
     1    0.017432    0.260130    0.241365   10.477364 ^ _2055_/Y (sky130_fd_sc_hd__xnor2_2)
                                                         net72 (net)
                      0.260154    0.001974   10.479337 ^ output72/A (sky130_fd_sc_hd__buf_6)
     1    0.034933    0.079843    0.181275   10.660612 ^ output72/X (sky130_fd_sc_hd__buf_6)
                                                         P (net)
                      0.079855    0.000977   10.661590 ^ P (out)
                                             10.661590   data arrival time

                      0.000000   10.000000   10.000000   clock __VIRTUAL_CLK__ (rise edge)
                                  0.000000   10.000000   clock network delay (ideal)
                                 -0.250000    9.750000   clock uncertainty
                                  0.000000    9.750000   clock reconvergence pessimism
                                 -2.000000    7.750000   output external delay
                                              7.750000   data required time
---------------------------------------------------------------------------------------------
                                              7.750000   data required time
                                            -10.661590   data arrival time
---------------------------------------------------------------------------------------------
                                             -2.911589   slack (VIOLATED)




===========================================================================
 report_check_types -max_slew -max_cap -max_fanout -violators
============================================================================
======================= nom_tt_025C_1v80 Corner ===================================



===========================================================================
report_parasitic_annotation -report_unannotated
============================================================================
Found 0 unannotated drivers.
Found 0 partially unannotated drivers.

===========================================================================
max slew violation count 0
Writing metric design__max_slew_violation__count__corner:nom_tt_025C_1v80: 0
max fanout violation count 0
Writing metric design__max_fanout_violation__count__corner:nom_tt_025C_1v80: 0
max cap violation count 0
Writing metric design__max_cap_violation__count__corner:nom_tt_025C_1v80: 0
============================================================================

===========================================================================
check_setup -verbose -unconstrained_endpoints -multiple_clock -no_clock -no_input_delay -loops -generated_clocks
===========================================================================
