
===========================================================================
Violator List
============================================================================
[setup in-out] alu_opcode[3] -> P : -2.911589
[setup in-out] alu_opcode[3] -> Z : -2.901699
[setup in-out] alu_opcode[3] -> Result[31] : -2.585298
[setup in-out] alu_opcode[3] -> N : -2.528458
[setup in-out] alu_opcode[3] -> Result[30] : -2.291233
[setup in-out] alu_opcode[3] -> V : -2.149901
[setup in-out] alu_opcode[3] -> C : -2.055305
[setup in-out] alu_opcode[3] -> Result[29] : -1.849343
[setup in-out] alu_opcode[3] -> Result[28] : -1.645594
[setup in-out] alu_opcode[3] -> Result[27] : -1.513966
[setup in-out] alu_opcode[3] -> Result[26] : -1.423123
[setup in-out] alu_opcode[3] -> Result[25] : -1.179773
[setup in-out] alu_opcode[3] -> Result[24] : -1.131463
[setup in-out] alu_opcode[3] -> Result[18] : -0.725366
[setup in-out] alu_opcode[3] -> Result[23] : -0.694461
[setup in-out] alu_opcode[3] -> Result[22] : -0.555304
[setup in-out] alu_opcode[3] -> Result[21] : -0.484614
[setup in-out] alu_opcode[3] -> Result[20] : -0.342394
Writing metric timing__hold_vio__count__corner:nom_tt_025C_1v80: 0
Writing metric timing__hold_r2r__ws__corner:nom_tt_025C_1v80: 1e30
Writing metric timing__hold_r2r_vio__count__corner:nom_tt_025C_1v80: 0
Writing metric timing__setup_vio__count__corner:nom_tt_025C_1v80: 18
Writing metric timing__setup_r2r__ws__corner:nom_tt_025C_1v80: 1e30
Writing metric timing__setup_r2r_vio__count__corner:nom_tt_025C_1v80: 0
