                                                                       Cells by Function                                                                        
┏━━━━━━━━━━━━━━━━━━━━━━━━━━━━━━━━━━━━━━━━━━━━━━━━━━━━━━━━━━━━━━━━━━━━━━━━━━━━━━━━━━━━━━━━━━━━━━━━━━━━━━━━━━━━━━━━━━━━━━━━━━━━━━━━━┳━━━━━━━━━━━━━━━━━━━━━━━━━━━━┓
┃ Cell Function                                                                                                                   ┃ Count                      ┃
┡━━━━━━━━━━━━━━━━━━━━━━━━━━━━━━━━━━━━━━━━━━━━━━━━━━━━━━━━━━━━━━━━━━━━━━━━━━━━━━━━━━━━━━━━━━━━━━━━━━━━━━━━━━━━━━━━━━━━━━━━━━━━━━━━━╇━━━━━━━━━━━━━━━━━━━━━━━━━━━━┩
│ sky130_ef_sc_hd__decap                                                                                                          │ 371                        │
│ sky130_fd_sc_hd__a211o                                                                                                          │ 38                         │
│ sky130_fd_sc_hd__a211oi                                                                                                         │ 1                          │
│ sky130_fd_sc_hd__a21bo                                                                                                          │ 6                          │
│ sky130_fd_sc_hd__a21boi                                                                                                         │ 2                          │
│ sky130_fd_sc_hd__a21o                                                                                                           │ 53                         │
│ sky130_fd_sc_hd__a21oi                                                                                                          │ 32                         │
│ sky130_fd_sc_hd__a221o                                                                                                          │ 20                         │
│ sky130_fd_sc_hd__a221oi                                                                                                         │ 3                          │
│ sky130_fd_sc_hd__a22o                                                                                                           │ 25                         │
│ sky130_fd_sc_hd__a22oi                                                                                                          │ 9                          │
│ sky130_fd_sc_hd__a2bb2o                                                                                                         │ 23                         │
│ sky130_fd_sc_hd__a2bb2oi                                                                                                        │ 1                          │
│ sky130_fd_sc_hd__a311o                                                                                                          │ 1                          │
│ sky130_fd_sc_hd__a311oi                                                                                                         │ 1                          │
│ sky130_fd_sc_hd__a31o                                                                                                           │ 31                         │
│ sky130_fd_sc_hd__a31oi                                                                                                          │ 2                          │
│ sky130_fd_sc_hd__a32o                                                                                                           │ 3                          │
│ sky130_fd_sc_hd__and2                                                                                                           │ 25                         │
│ sky130_fd_sc_hd__and2b                                                                                                          │ 3                          │
│ sky130_fd_sc_hd__and3                                                                                                           │ 17                         │
│ sky130_fd_sc_hd__and3b                                                                                                          │ 1                          │
│ sky130_fd_sc_hd__and4                                                                                                           │ 1                          │
│ sky130_fd_sc_hd__and4b                                                                                                          │ 1                          │
│ sky130_fd_sc_hd__and4bb                                                                                                         │ 2                          │
│ sky130_fd_sc_hd__buf                                                                                                            │ 161                        │
│ sky130_fd_sc_hd__clkbuf                                                                                                         │ 86                         │
│ sky130_fd_sc_hd__decap                                                                                                          │ 688                        │
│ sky130_fd_sc_hd__diode                                                                                                          │ 2                          │
│ sky130_fd_sc_hd__dlygate4sd1                                                                                                    │ 17                         │
│ sky130_fd_sc_hd__dlymetal6s2s                                                                                                   │ 14                         │
│ sky130_fd_sc_hd__fill                                                                                                           │ 535                        │
│ sky130_fd_sc_hd__inv                                                                                                            │ 54                         │
│ sky130_fd_sc_hd__mux2                                                                                                           │ 134                        │
│ sky130_fd_sc_hd__mux4                                                                                                           │ 32                         │
│ sky130_fd_sc_hd__nand2                                                                                                          │ 100                        │
│ sky130_fd_sc_hd__nand2b                                                                                                         │ 4                          │
│ sky130_fd_sc_hd__nand3                                                                                                          │ 1                          │
│ sky130_fd_sc_hd__nor2                                                                                                           │ 96                         │
│ sky130_fd_sc_hd__nor3                                                                                                           │ 3                          │
│ sky130_fd_sc_hd__nor4b                                                                                                          │ 1                          │
│ sky130_fd_sc_hd__o2111a                                                                                                         │ 1                          │
│ sky130_fd_sc_hd__o211a                                                                                                          │ 28                         │
│ sky130_fd_sc_hd__o211ai                                                                                                         │ 11                         │
│ sky130_fd_sc_hd__o21a                                                                                                           │ 41                         │
│ sky130_fd_sc_hd__o21ai                                                                                                          │ 41                         │
│ sky130_fd_sc_hd__o21bai                                                                                                         │ 2                          │
│ sky130_fd_sc_hd__o221a                                                                                                          │ 27                         │
│ sky130_fd_sc_hd__o22a                                                                                                           │ 10                         │
│ sky130_fd_sc_hd__o22ai                                                                                                          │ 1                          │
│ sky130_fd_sc_hd__o2bb2a                                                                                                         │ 30                         │
│ sky130_fd_sc_hd__o2bb2ai                                                                                                        │ 2                          │
│ sky130_fd_sc_hd__o311a                                                                                                          │ 7                          │
│ sky130_fd_sc_hd__o31a                                                                                                           │ 6                          │
│ sky130_fd_sc_hd__o32a                                                                                                           │ 2                          │
│ sky130_fd_sc_hd__o32ai                                                                                                          │ 1                          │
│ sky130_fd_sc_hd__or2                                                                                                            │ 35                         │
│ sky130_fd_sc_hd__or3                                                                                                            │ 12                         │
│ sky130_fd_sc_hd__or3b                                                                                                           │ 10                         │
│ sky130_fd_sc_hd__or4                                                                                                            │ 6                          │
│ sky130_fd_sc_hd__or4b                                                                                                           │ 2                          │
│ sky130_fd_sc_hd__tapvpwrvgnd                                                                                                    │ 308                        │
│ sky130_fd_sc_hd__xnor2                                                                                                          │ 33                         │
│ sky130_fd_sc_hd__xor2                                                                                                           │ 18                         │
└─────────────────────────────────────────────────────────────────────────────────────────────────────────────────────────────────┴────────────────────────────┘
