                                                                        Cells by Master                                                                         
┏━━━━━━━━━━━━━━━━━━━━━━━━━━━━━━━━━━━━━━━━━━━━━━━━━━━━━━━━━━━━━━━━━━━━━━━━━━━━━━━━━━━━━━━━━━━━━━━━━━━━━━━━━━━━━━━━━━━━━━━━━━━━━━━━━━┳━━━━━━━━━━━━━━━━━━━━━━━━━━━┓
┃ Cell                                                                                                                             ┃ Count                     ┃
┡━━━━━━━━━━━━━━━━━━━━━━━━━━━━━━━━━━━━━━━━━━━━━━━━━━━━━━━━━━━━━━━━━━━━━━━━━━━━━━━━━━━━━━━━━━━━━━━━━━━━━━━━━━━━━━━━━━━━━━━━━━━━━━━━━━╇━━━━━━━━━━━━━━━━━━━━━━━━━━━┩
│ sky130_ef_sc_hd__decap_12                                                                                                        │ 371                       │
│ sky130_fd_sc_hd__a211o_1                                                                                                         │ 35                        │
│ sky130_fd_sc_hd__a211o_4                                                                                                         │ 3                         │
│ sky130_fd_sc_hd__a211oi_2                                                                                                        │ 1                         │
│ sky130_fd_sc_hd__a21bo_1                                                                                                         │ 5                         │
│ sky130_fd_sc_hd__a21bo_4                                                                                                         │ 1                         │
│ sky130_fd_sc_hd__a21boi_1                                                                                                        │ 1                         │
│ sky130_fd_sc_hd__a21boi_2                                                                                                        │ 1                         │
│ sky130_fd_sc_hd__a21o_1                                                                                                          │ 53                        │
│ sky130_fd_sc_hd__a21oi_1                                                                                                         │ 27                        │
│ sky130_fd_sc_hd__a21oi_2                                                                                                         │ 3                         │
│ sky130_fd_sc_hd__a21oi_4                                                                                                         │ 2                         │
│ sky130_fd_sc_hd__a221o_1                                                                                                         │ 20                        │
│ sky130_fd_sc_hd__a221oi_1                                                                                                        │ 3                         │
│ sky130_fd_sc_hd__a22o_1                                                                                                          │ 25                        │
│ sky130_fd_sc_hd__a22oi_1                                                                                                         │ 9                         │
│ sky130_fd_sc_hd__a2bb2o_1                                                                                                        │ 5                         │
│ sky130_fd_sc_hd__a2bb2o_4                                                                                                        │ 18                        │
│ sky130_fd_sc_hd__a2bb2oi_1                                                                                                       │ 1                         │
│ sky130_fd_sc_hd__a311o_1                                                                                                         │ 1                         │
│ sky130_fd_sc_hd__a311oi_4                                                                                                        │ 1                         │
│ sky130_fd_sc_hd__a31o_1                                                                                                          │ 30                        │
│ sky130_fd_sc_hd__a31o_4                                                                                                          │ 1                         │
│ sky130_fd_sc_hd__a31oi_1                                                                                                         │ 1                         │
│ sky130_fd_sc_hd__a31oi_2                                                                                                         │ 1                         │
│ sky130_fd_sc_hd__a32o_1                                                                                                          │ 1                         │
│ sky130_fd_sc_hd__a32o_2                                                                                                          │ 2                         │
│ sky130_fd_sc_hd__and2_1                                                                                                          │ 21                        │
│ sky130_fd_sc_hd__and2_2                                                                                                          │ 2                         │
│ sky130_fd_sc_hd__and2_4                                                                                                          │ 2                         │
│ sky130_fd_sc_hd__and2b_1                                                                                                         │ 3                         │
│ sky130_fd_sc_hd__and3_1                                                                                                          │ 15                        │
│ sky130_fd_sc_hd__and3_2                                                                                                          │ 1                         │
│ sky130_fd_sc_hd__and3_4                                                                                                          │ 1                         │
│ sky130_fd_sc_hd__and3b_1                                                                                                         │ 1                         │
│ sky130_fd_sc_hd__and4_1                                                                                                          │ 1                         │
│ sky130_fd_sc_hd__and4b_1                                                                                                         │ 1                         │
│ sky130_fd_sc_hd__and4bb_1                                                                                                        │ 2                         │
│ sky130_fd_sc_hd__buf_1                                                                                                           │ 35                        │
│ sky130_fd_sc_hd__buf_2                                                                                                           │ 68                        │
│ sky130_fd_sc_hd__buf_4                                                                                                           │ 10                        │
│ sky130_fd_sc_hd__buf_6                                                                                                           │ 33                        │
│ sky130_fd_sc_hd__buf_8                                                                                                           │ 15                        │
│ sky130_fd_sc_hd__clkbuf_1                                                                                                        │ 14                        │
│ sky130_fd_sc_hd__clkbuf_2                                                                                                        │ 37                        │
│ sky130_fd_sc_hd__clkbuf_4                                                                                                        │ 35                        │
│ sky130_fd_sc_hd__decap_3                                                                                                         │ 231                       │
│ sky130_fd_sc_hd__decap_4                                                                                                         │ 192                       │
│ sky130_fd_sc_hd__decap_6                                                                                                         │ 147                       │
│ sky130_fd_sc_hd__decap_8                                                                                                         │ 118                       │
│ sky130_fd_sc_hd__diode_2                                                                                                         │ 2                         │
│ sky130_fd_sc_hd__dlygate4sd1_1                                                                                                   │ 17                        │
│ sky130_fd_sc_hd__dlymetal6s2s_1                                                                                                  │ 14                        │
│ sky130_fd_sc_hd__fill_1                                                                                                          │ 386                       │
│ sky130_fd_sc_hd__fill_2                                                                                                          │ 149                       │
│ sky130_fd_sc_hd__inv_2                                                                                                           │ 50                        │
│ sky130_fd_sc_hd__inv_4                                                                                                           │ 4                         │
│ sky130_fd_sc_hd__mux2_1                                                                                                          │ 129                       │
│ sky130_fd_sc_hd__mux2_2                                                                                                          │ 5                         │
│ sky130_fd_sc_hd__mux4_1                                                                                                          │ 30                        │
│ sky130_fd_sc_hd__mux4_2                                                                                                          │ 2                         │
│ sky130_fd_sc_hd__nand2_1                                                                                                         │ 90                        │
│ sky130_fd_sc_hd__nand2_2                                                                                                         │ 6                         │
│ sky130_fd_sc_hd__nand2_4                                                                                                         │ 3                         │
│ sky130_fd_sc_hd__nand2_8                                                                                                         │ 1                         │
│ sky130_fd_sc_hd__nand2b_1                                                                                                        │ 4                         │
│ sky130_fd_sc_hd__nand3_1                                                                                                         │ 1                         │
│ sky130_fd_sc_hd__nor2_1                                                                                                          │ 79                        │
│ sky130_fd_sc_hd__nor2_2                                                                                                          │ 7                         │
│ sky130_fd_sc_hd__nor2_4                                                                                                          │ 9                         │
│ sky130_fd_sc_hd__nor2_8                                                                                                          │ 1                         │
│ sky130_fd_sc_hd__nor3_1                                                                                                          │ 3                         │
│ sky130_fd_sc_hd__nor4b_2                                                                                                         │ 1                         │
│ sky130_fd_sc_hd__o2111a_1                                                                                                        │ 1                         │
│ sky130_fd_sc_hd__o211a_1                                                                                                         │ 24                        │
│ sky130_fd_sc_hd__o211a_4                                                                                                         │ 4                         │
│ sky130_fd_sc_hd__o211ai_1                                                                                                        │ 11                        │
│ sky130_fd_sc_hd__o21a_1                                                                                                          │ 41                        │
│ sky130_fd_sc_hd__o21ai_1                                                                                                         │ 40                        │
│ sky130_fd_sc_hd__o21ai_4                                                                                                         │ 1                         │
│ sky130_fd_sc_hd__o21bai_1                                                                                                        │ 1                         │
│ sky130_fd_sc_hd__o21bai_4                                                                                                        │ 1                         │
│ sky130_fd_sc_hd__o221a_1                                                                                                         │ 24                        │
│ sky130_fd_sc_hd__o221a_4                                                                                                         │ 3                         │
│ sky130_fd_sc_hd__o22a_1                                                                                                          │ 10                        │
│ sky130_fd_sc_hd__o22ai_1                                                                                                         │ 1                         │
│ sky130_fd_sc_hd__o2bb2a_1                                                                                                        │ 28                        │
│ sky130_fd_sc_hd__o2bb2a_4                                                                                                        │ 2                         │
│ sky130_fd_sc_hd__o2bb2ai_1                                                                                                       │ 2                         │
│ sky130_fd_sc_hd__o311a_1                                                                                                         │ 7                         │
│ sky130_fd_sc_hd__o31a_1                                                                                                          │ 6                         │
│ sky130_fd_sc_hd__o32a_1                                                                                                          │ 1                         │
│ sky130_fd_sc_hd__o32a_4                                                                                                          │ 1                         │
│ sky130_fd_sc_hd__o32ai_4                                                                                                         │ 1                         │
│ sky130_fd_sc_hd__or2_1                                                                                                           │ 31                        │
│ sky130_fd_sc_hd__or2_2                                                                                                           │ 2                         │
│ sky130_fd_sc_hd__or2_4                                                                                                           │ 2                         │
│ sky130_fd_sc_hd__or3_1                                                                                                           │ 9                         │
│ sky130_fd_sc_hd__or3_2                                                                                                           │ 2                         │
│ sky130_fd_sc_hd__or3_4                                                                                                           │ 1                         │
│ sky130_fd_sc_hd__or3b_1                                                                                                          │ 8                         │
│ sky130_fd_sc_hd__or3b_4                                                                                                          │ 2                         │
│ sky130_fd_sc_hd__or4_1                                                                                                           │ 5                         │
│ sky130_fd_sc_hd__or4_4                                                                                                           │ 1                         │
│ sky130_fd_sc_hd__or4b_1                                                                                                          │ 1                         │
│ sky130_fd_sc_hd__or4b_4                                                                                                          │ 1                         │
│ sky130_fd_sc_hd__tapvpwrvgnd_1                                                                                                   │ 308                       │
│ sky130_fd_sc_hd__xnor2_1                                                                                                         │ 28                        │
│ sky130_fd_sc_hd__xnor2_2                                                                                                         │ 5                         │
│ sky130_fd_sc_hd__xor2_1                                                                                                          │ 18                        │
└──────────────────────────────────────────────────────────────────────────────────────────────────────────────────────────────────┴───────────────────────────┘
