
===========================================================================
report_checks -unconstrained
===========================================================================
======================= min_tt_025C_1v80 Corner ===================================

Startpoint: B[4] (input port clocked by __VIRTUAL_CLK__)
Endpoint: P (output port clocked by __VIRTUAL_CLK__)
Path Group: __VIRTUAL_CLK__
Path Type: max

Fanout         Cap        Slew       Delay        Time   Description
---------------------------------------------------------------------------------------------
                      0.000000    0.000000    0.000000   clock __VIRTUAL_CLK__ (rise edge)
                                  0.000000    0.000000   clock network delay (ideal)
                                  2.000000    2.000000 ^ input external delay
     1    0.002987    0.020538    0.010959    2.010959 ^ B[4] (in)
                                                         B[4] (net)
                      0.020538    0.000000    2.010959 ^ input59/A (sky130_fd_sc_hd__buf_1)
     1    0.015069    0.182255    0.168766    2.179726 ^ input59/X (sky130_fd_sc_hd__buf_1)
                                                         net59 (net)
                      0.182261    0.000833    2.180559 ^ fanout192/A (sky130_fd_sc_hd__buf_2)
     8    0.040519    0.199717    0.262820    2.443378 ^ fanout192/X (sky130_fd_sc_hd__buf_2)
                                                         net192 (net)
                      0.199717    0.000282    2.443661 ^ fanout191/A (sky130_fd_sc_hd__clkbuf_4)
    10    0.047679    0.150399    0.267375    2.711035 ^ fanout191/X (sky130_fd_sc_hd__clkbuf_4)
                                                         net191 (net)
                      0.150408    0.001291    2.712326 ^ fanout190/A (sky130_fd_sc_hd__buf_2)
    10    0.034953    0.173738    0.236746    2.949072 ^ fanout190/X (sky130_fd_sc_hd__buf_2)
                                                         net190 (net)
                      0.173738    0.000363    2.949435 ^ _1018_/A (sky130_fd_sc_hd__inv_2)
     4    0.016767    0.063594    0.085954    3.035390 v _1018_/Y (sky130_fd_sc_hd__inv_2)
                                                         _0079_ (net)
                      0.063594    0.000043    3.035432 v fanout181/A (sky130_fd_sc_hd__buf_2)
    10    0.037448    0.093667    0.193969    3.229401 v fanout181/X (sky130_fd_sc_hd__buf_2)
                                                         net181 (net)
                      0.093689    0.001407    3.230808 v _1274_/A (sky130_fd_sc_hd__nor2_2)
     2    0.019072    0.223540    0.233501    3.464309 ^ _1274_/Y (sky130_fd_sc_hd__nor2_2)
                                                         _0403_ (net)
                      0.223540    0.000232    3.464541 ^ fanout112/A (sky130_fd_sc_hd__buf_6)
    10    0.047342    0.102097    0.190201    3.654743 ^ fanout112/X (sky130_fd_sc_hd__buf_6)
                                                         net112 (net)
                      0.102097    0.000194    3.654937 ^ _1275_/C1 (sky130_fd_sc_hd__a211o_1)
     2    0.005902    0.064713    0.122320    3.777256 ^ _1275_/X (sky130_fd_sc_hd__a211o_1)
                                                         _0404_ (net)
                      0.064713    0.000045    3.777302 ^ _1277_/C (sky130_fd_sc_hd__and3_1)
     2    0.006593    0.083700    0.179698    3.957000 ^ _1277_/X (sky130_fd_sc_hd__and3_1)
                                                         _0406_ (net)
                      0.083700    0.000026    3.957026 ^ _1278_/B (sky130_fd_sc_hd__nor2_1)
     2    0.008056    0.055675    0.066815    4.023841 v _1278_/Y (sky130_fd_sc_hd__nor2_1)
                                                         _0407_ (net)
                      0.055675    0.000052    4.023894 v _1305_/A1 (sky130_fd_sc_hd__a21o_1)
     2    0.014250    0.079602    0.202311    4.226205 v _1305_/X (sky130_fd_sc_hd__a21o_1)
                                                         _0433_ (net)
                      0.079603    0.000351    4.226556 v _1339_/B2 (sky130_fd_sc_hd__a2bb2o_4)
     2    0.010010    0.041381    0.221998    4.448554 v _1339_/X (sky130_fd_sc_hd__a2bb2o_4)
                                                         _0466_ (net)
                      0.041381    0.000126    4.448679 v _1372_/B2 (sky130_fd_sc_hd__a2bb2o_4)
     2    0.011205    0.042990    0.209078    4.657757 v _1372_/X (sky130_fd_sc_hd__a2bb2o_4)
                                                         _0498_ (net)
                      0.042990    0.000187    4.657944 v _1403_/B2 (sky130_fd_sc_hd__a2bb2o_4)
     2    0.010381    0.041863    0.208031    4.865975 v _1403_/X (sky130_fd_sc_hd__a2bb2o_4)
                                                         _0528_ (net)
                      0.041863    0.000132    4.866107 v _1430_/B2 (sky130_fd_sc_hd__a2bb2o_4)
     2    0.008600    0.039651    0.203910    5.070018 v _1430_/X (sky130_fd_sc_hd__a2bb2o_4)
                                                         _0554_ (net)
                      0.039651    0.000107    5.070125 v _1458_/A2 (sky130_fd_sc_hd__a21o_1)
     2    0.005285    0.043457    0.181133    5.251258 v _1458_/X (sky130_fd_sc_hd__a21o_1)
                                                         _0581_ (net)
                      0.043457    0.000044    5.251301 v _1487_/A2 (sky130_fd_sc_hd__a21o_1)
     2    0.009580    0.060803    0.202675    5.453976 v _1487_/X (sky130_fd_sc_hd__a21o_1)
                                                         _0609_ (net)
                      0.060803    0.000075    5.454051 v _1514_/B2 (sky130_fd_sc_hd__a2bb2o_4)
     2    0.008017    0.038964    0.210361    5.664412 v _1514_/X (sky130_fd_sc_hd__a2bb2o_4)
                                                         _0635_ (net)
                      0.038964    0.000071    5.664483 v _1541_/A2 (sky130_fd_sc_hd__a21o_1)
     2    0.007548    0.053542    0.191405    5.855888 v _1541_/X (sky130_fd_sc_hd__a21o_1)
                                                         _0661_ (net)
                      0.053542    0.000101    5.855989 v _1570_/B2 (sky130_fd_sc_hd__a2bb2o_4)
     2    0.004918    0.035195    0.200960    6.056949 v _1570_/X (sky130_fd_sc_hd__a2bb2o_4)
                                                         _0689_ (net)
                      0.035195    0.000043    6.056992 v _1597_/A2 (sky130_fd_sc_hd__a21o_1)
     2    0.006083    0.046921    0.183013    6.240005 v _1597_/X (sky130_fd_sc_hd__a21o_1)
                                                         _0715_ (net)
                      0.046921    0.000045    6.240050 v _1625_/B2 (sky130_fd_sc_hd__a2bb2o_4)
     2    0.010274    0.041731    0.209357    6.449408 v _1625_/X (sky130_fd_sc_hd__a2bb2o_4)
                                                         _0742_ (net)
                      0.041731    0.000301    6.449708 v _1651_/B2 (sky130_fd_sc_hd__a2bb2o_4)
     2    0.006279    0.036917    0.199057    6.648765 v _1651_/X (sky130_fd_sc_hd__a2bb2o_4)
                                                         _0767_ (net)
                      0.036917    0.000081    6.648846 v _1677_/A2 (sky130_fd_sc_hd__a21o_1)
     2    0.005407    0.043966    0.180569    6.829415 v _1677_/X (sky130_fd_sc_hd__a21o_1)
                                                         _0792_ (net)
                      0.043966    0.000039    6.829454 v _1700_/B1 (sky130_fd_sc_hd__a32o_2)
     2    0.013980    0.065208    0.248013    7.077468 v _1700_/X (sky130_fd_sc_hd__a32o_2)
                                                         _0814_ (net)
                      0.065208    0.000402    7.077870 v _1725_/B2 (sky130_fd_sc_hd__a2bb2o_4)
     2    0.007034    0.037796    0.210104    7.287974 v _1725_/X (sky130_fd_sc_hd__a2bb2o_4)
                                                         _0838_ (net)
                      0.037796    0.000031    7.288005 v _1750_/B2 (sky130_fd_sc_hd__a2bb2o_4)
     2    0.005278    0.035728    0.195397    7.483402 v _1750_/X (sky130_fd_sc_hd__a2bb2o_4)
                                                         _0862_ (net)
                      0.035728    0.000031    7.483433 v _1774_/A2 (sky130_fd_sc_hd__a21o_1)
     2    0.009338    0.059928    0.198435    7.681868 v _1774_/X (sky130_fd_sc_hd__a21o_1)
                                                         _0885_ (net)
                      0.059928    0.000074    7.681942 v _1797_/B2 (sky130_fd_sc_hd__a2bb2o_4)
     2    0.011592    0.043534    0.217352    7.899294 v _1797_/X (sky130_fd_sc_hd__a2bb2o_4)
                                                         _0907_ (net)
                      0.043567    0.000190    7.899484 v _1824_/B2 (sky130_fd_sc_hd__a2bb2o_4)
     2    0.005624    0.036130    0.198448    8.097932 v _1824_/X (sky130_fd_sc_hd__a2bb2o_4)
                                                         _0933_ (net)
                      0.036130    0.000064    8.097997 v _1849_/A2 (sky130_fd_sc_hd__a21o_1)
     2    0.011474    0.068330    0.206436    8.304432 v _1849_/X (sky130_fd_sc_hd__a21o_1)
                                                         _0957_ (net)
                      0.068330    0.000186    8.304618 v _1876_/B2 (sky130_fd_sc_hd__a2bb2o_4)
     2    0.010656    0.042230    0.218800    8.523417 v _1876_/X (sky130_fd_sc_hd__a2bb2o_4)
                                                         _0983_ (net)
                      0.042230    0.000133    8.523551 v _1902_/B2 (sky130_fd_sc_hd__a2bb2o_4)
     2    0.010721    0.042319    0.208418    8.731969 v _1902_/X (sky130_fd_sc_hd__a2bb2o_4)
                                                         _1008_ (net)
                      0.042319    0.000161    8.732130 v _1926_/B2 (sky130_fd_sc_hd__a2bb2o_4)
     2    0.012002    0.044241    0.211025    8.943155 v _1926_/X (sky130_fd_sc_hd__a2bb2o_4)
                                                         _0015_ (net)
                      0.044243    0.000331    8.943486 v _1950_/A2 (sky130_fd_sc_hd__a21o_1)
     2    0.008285    0.056955    0.197053    9.140539 v _1950_/X (sky130_fd_sc_hd__a21o_1)
                                                         _0038_ (net)
                      0.056955    0.000111    9.140651 v _1974_/A2 (sky130_fd_sc_hd__a21o_1)
     2    0.014743    0.081549    0.227076    9.367726 v _1974_/X (sky130_fd_sc_hd__a21o_1)
                                                         _0062_ (net)
                      0.081549    0.000131    9.367857 v _1997_/A2 (sky130_fd_sc_hd__a21oi_4)
     3    0.013220    0.143041    0.188926    9.556783 ^ _1997_/Y (sky130_fd_sc_hd__a21oi_4)
                                                         _0086_ (net)
                      0.143041    0.000123    9.556907 ^ _2003_/B (sky130_fd_sc_hd__xor2_1)
     1    0.002714    0.056415    0.082005    9.638911 v _2003_/X (sky130_fd_sc_hd__xor2_1)
                                                         _0093_ (net)
                      0.056415    0.000028    9.638939 v _2004_/C1 (sky130_fd_sc_hd__a221o_1)
     1    0.004477    0.060113    0.270456    9.909394 v _2004_/X (sky130_fd_sc_hd__a221o_1)
                                                         _0094_ (net)
                      0.060113    0.000022    9.909417 v _2017_/A1 (sky130_fd_sc_hd__a211o_4)
     4    0.044347    0.107151    0.396974   10.306391 v _2017_/X (sky130_fd_sc_hd__a211o_4)
                                                         net71 (net)
                      0.107151    0.000350   10.306741 v _2019_/B (sky130_fd_sc_hd__xnor2_2)
     1    0.008346    0.073658    0.165146   10.471887 v _2019_/Y (sky130_fd_sc_hd__xnor2_2)
                                                         _0109_ (net)
                      0.073658    0.000073   10.471960 v _2055_/B (sky130_fd_sc_hd__xnor2_2)
     1    0.027204    0.370954    0.322451   10.794410 ^ _2055_/Y (sky130_fd_sc_hd__xnor2_2)
                                                         net72 (net)
                      0.370974    0.002180   10.796591 ^ output72/A (sky130_fd_sc_hd__buf_6)
     1    0.034075    0.079974    0.194879   10.991469 ^ output72/X (sky130_fd_sc_hd__buf_6)
                                                         P (net)
                      0.079974    0.000251   10.991721 ^ P (out)
                                             10.991721   data arrival time

                      0.000000   10.000000   10.000000   clock __VIRTUAL_CLK__ (rise edge)
                                  0.000000   10.000000   clock network delay (ideal)
                                 -0.250000    9.750000   clock uncertainty
                                  0.000000    9.750000   clock reconvergence pessimism
                                 -2.000000    7.750000   output external delay
                                              7.750000   data required time
---------------------------------------------------------------------------------------------
                                              7.750000   data required time
                                            -10.991721   data arrival time
---------------------------------------------------------------------------------------------
                                             -3.241721   slack (VIOLATED)




===========================================================================
report_checks --slack_max -0.01
============================================================================
======================= min_tt_025C_1v80 Corner ===================================

Startpoint: B[4] (input port clocked by __VIRTUAL_CLK__)
Endpoint: P (output port clocked by __VIRTUAL_CLK__)
Path Group: __VIRTUAL_CLK__
Path Type: max

Fanout         Cap        Slew       Delay        Time   Description
---------------------------------------------------------------------------------------------
                      0.000000    0.000000    0.000000   clock __VIRTUAL_CLK__ (rise edge)
                                  0.000000    0.000000   clock network delay (ideal)
                                  2.000000    2.000000 ^ input external delay
     1    0.002987    0.020538    0.010959    2.010959 ^ B[4] (in)
                                                         B[4] (net)
                      0.020538    0.000000    2.010959 ^ input59/A (sky130_fd_sc_hd__buf_1)
     1    0.015069    0.182255    0.168766    2.179726 ^ input59/X (sky130_fd_sc_hd__buf_1)
                                                         net59 (net)
                      0.182261    0.000833    2.180559 ^ fanout192/A (sky130_fd_sc_hd__buf_2)
     8    0.040519    0.199717    0.262820    2.443378 ^ fanout192/X (sky130_fd_sc_hd__buf_2)
                                                         net192 (net)
                      0.199717    0.000282    2.443661 ^ fanout191/A (sky130_fd_sc_hd__clkbuf_4)
    10    0.047679    0.150399    0.267375    2.711035 ^ fanout191/X (sky130_fd_sc_hd__clkbuf_4)
                                                         net191 (net)
                      0.150408    0.001291    2.712326 ^ fanout190/A (sky130_fd_sc_hd__buf_2)
    10    0.034953    0.173738    0.236746    2.949072 ^ fanout190/X (sky130_fd_sc_hd__buf_2)
                                                         net190 (net)
                      0.173738    0.000363    2.949435 ^ _1018_/A (sky130_fd_sc_hd__inv_2)
     4    0.016767    0.063594    0.085954    3.035390 v _1018_/Y (sky130_fd_sc_hd__inv_2)
                                                         _0079_ (net)
                      0.063594    0.000043    3.035432 v fanout181/A (sky130_fd_sc_hd__buf_2)
    10    0.037448    0.093667    0.193969    3.229401 v fanout181/X (sky130_fd_sc_hd__buf_2)
                                                         net181 (net)
                      0.093689    0.001407    3.230808 v _1274_/A (sky130_fd_sc_hd__nor2_2)
     2    0.019072    0.223540    0.233501    3.464309 ^ _1274_/Y (sky130_fd_sc_hd__nor2_2)
                                                         _0403_ (net)
                      0.223540    0.000232    3.464541 ^ fanout112/A (sky130_fd_sc_hd__buf_6)
    10    0.047342    0.102097    0.190201    3.654743 ^ fanout112/X (sky130_fd_sc_hd__buf_6)
                                                         net112 (net)
                      0.102097    0.000194    3.654937 ^ _1275_/C1 (sky130_fd_sc_hd__a211o_1)
     2    0.005902    0.064713    0.122320    3.777256 ^ _1275_/X (sky130_fd_sc_hd__a211o_1)
                                                         _0404_ (net)
                      0.064713    0.000045    3.777302 ^ _1277_/C (sky130_fd_sc_hd__and3_1)
     2    0.006593    0.083700    0.179698    3.957000 ^ _1277_/X (sky130_fd_sc_hd__and3_1)
                                                         _0406_ (net)
                      0.083700    0.000026    3.957026 ^ _1278_/B (sky130_fd_sc_hd__nor2_1)
     2    0.008056    0.055675    0.066815    4.023841 v _1278_/Y (sky130_fd_sc_hd__nor2_1)
                                                         _0407_ (net)
                      0.055675    0.000052    4.023894 v _1305_/A1 (sky130_fd_sc_hd__a21o_1)
     2    0.014250    0.079602    0.202311    4.226205 v _1305_/X (sky130_fd_sc_hd__a21o_1)
                                                         _0433_ (net)
                      0.079603    0.000351    4.226556 v _1339_/B2 (sky130_fd_sc_hd__a2bb2o_4)
     2    0.010010    0.041381    0.221998    4.448554 v _1339_/X (sky130_fd_sc_hd__a2bb2o_4)
                                                         _0466_ (net)
                      0.041381    0.000126    4.448679 v _1372_/B2 (sky130_fd_sc_hd__a2bb2o_4)
     2    0.011205    0.042990    0.209078    4.657757 v _1372_/X (sky130_fd_sc_hd__a2bb2o_4)
                                                         _0498_ (net)
                      0.042990    0.000187    4.657944 v _1403_/B2 (sky130_fd_sc_hd__a2bb2o_4)
     2    0.010381    0.041863    0.208031    4.865975 v _1403_/X (sky130_fd_sc_hd__a2bb2o_4)
                                                         _0528_ (net)
                      0.041863    0.000132    4.866107 v _1430_/B2 (sky130_fd_sc_hd__a2bb2o_4)
     2    0.008600    0.039651    0.203910    5.070018 v _1430_/X (sky130_fd_sc_hd__a2bb2o_4)
                                                         _0554_ (net)
                      0.039651    0.000107    5.070125 v _1458_/A2 (sky130_fd_sc_hd__a21o_1)
     2    0.005285    0.043457    0.181133    5.251258 v _1458_/X (sky130_fd_sc_hd__a21o_1)
                                                         _0581_ (net)
                      0.043457    0.000044    5.251301 v _1487_/A2 (sky130_fd_sc_hd__a21o_1)
     2    0.009580    0.060803    0.202675    5.453976 v _1487_/X (sky130_fd_sc_hd__a21o_1)
                                                         _0609_ (net)
                      0.060803    0.000075    5.454051 v _1514_/B2 (sky130_fd_sc_hd__a2bb2o_4)
     2    0.008017    0.038964    0.210361    5.664412 v _1514_/X (sky130_fd_sc_hd__a2bb2o_4)
                                                         _0635_ (net)
                      0.038964    0.000071    5.664483 v _1541_/A2 (sky130_fd_sc_hd__a21o_1)
     2    0.007548    0.053542    0.191405    5.855888 v _1541_/X (sky130_fd_sc_hd__a21o_1)
                                                         _0661_ (net)
                      0.053542    0.000101    5.855989 v _1570_/B2 (sky130_fd_sc_hd__a2bb2o_4)
     2    0.004918    0.035195    0.200960    6.056949 v _1570_/X (sky130_fd_sc_hd__a2bb2o_4)
                                                         _0689_ (net)
                      0.035195    0.000043    6.056992 v _1597_/A2 (sky130_fd_sc_hd__a21o_1)
     2    0.006083    0.046921    0.183013    6.240005 v _1597_/X (sky130_fd_sc_hd__a21o_1)
                                                         _0715_ (net)
                      0.046921    0.000045    6.240050 v _1625_/B2 (sky130_fd_sc_hd__a2bb2o_4)
     2    0.010274    0.041731    0.209357    6.449408 v _1625_/X (sky130_fd_sc_hd__a2bb2o_4)
                                                         _0742_ (net)
                      0.041731    0.000301    6.449708 v _1651_/B2 (sky130_fd_sc_hd__a2bb2o_4)
     2    0.006279    0.036917    0.199057    6.648765 v _1651_/X (sky130_fd_sc_hd__a2bb2o_4)
                                                         _0767_ (net)
                      0.036917    0.000081    6.648846 v _1677_/A2 (sky130_fd_sc_hd__a21o_1)
     2    0.005407    0.043966    0.180569    6.829415 v _1677_/X (sky130_fd_sc_hd__a21o_1)
                                                         _0792_ (net)
                      0.043966    0.000039    6.829454 v _1700_/B1 (sky130_fd_sc_hd__a32o_2)
     2    0.013980    0.065208    0.248013    7.077468 v _1700_/X (sky130_fd_sc_hd__a32o_2)
                                                         _0814_ (net)
                      0.065208    0.000402    7.077870 v _1725_/B2 (sky130_fd_sc_hd__a2bb2o_4)
     2    0.007034    0.037796    0.210104    7.287974 v _1725_/X (sky130_fd_sc_hd__a2bb2o_4)
                                                         _0838_ (net)
                      0.037796    0.000031    7.288005 v _1750_/B2 (sky130_fd_sc_hd__a2bb2o_4)
     2    0.005278    0.035728    0.195397    7.483402 v _1750_/X (sky130_fd_sc_hd__a2bb2o_4)
                                                         _0862_ (net)
                      0.035728    0.000031    7.483433 v _1774_/A2 (sky130_fd_sc_hd__a21o_1)
     2    0.009338    0.059928    0.198435    7.681868 v _1774_/X (sky130_fd_sc_hd__a21o_1)
                                                         _0885_ (net)
                      0.059928    0.000074    7.681942 v _1797_/B2 (sky130_fd_sc_hd__a2bb2o_4)
     2    0.011592    0.043534    0.217352    7.899294 v _1797_/X (sky130_fd_sc_hd__a2bb2o_4)
                                                         _0907_ (net)
                      0.043567    0.000190    7.899484 v _1824_/B2 (sky130_fd_sc_hd__a2bb2o_4)
     2    0.005624    0.036130    0.198448    8.097932 v _1824_/X (sky130_fd_sc_hd__a2bb2o_4)
                                                         _0933_ (net)
                      0.036130    0.000064    8.097997 v _1849_/A2 (sky130_fd_sc_hd__a21o_1)
     2    0.011474    0.068330    0.206436    8.304432 v _1849_/X (sky130_fd_sc_hd__a21o_1)
                                                         _0957_ (net)
                      0.068330    0.000186    8.304618 v _1876_/B2 (sky130_fd_sc_hd__a2bb2o_4)
     2    0.010656    0.042230    0.218800    8.523417 v _1876_/X (sky130_fd_sc_hd__a2bb2o_4)
                                                         _0983_ (net)
                      0.042230    0.000133    8.523551 v _1902_/B2 (sky130_fd_sc_hd__a2bb2o_4)
     2    0.010721    0.042319    0.208418    8.731969 v _1902_/X (sky130_fd_sc_hd__a2bb2o_4)
                                                         _1008_ (net)
                      0.042319    0.000161    8.732130 v _1926_/B2 (sky130_fd_sc_hd__a2bb2o_4)
     2    0.012002    0.044241    0.211025    8.943155 v _1926_/X (sky130_fd_sc_hd__a2bb2o_4)
                                                         _0015_ (net)
                      0.044243    0.000331    8.943486 v _1950_/A2 (sky130_fd_sc_hd__a21o_1)
     2    0.008285    0.056955    0.197053    9.140539 v _1950_/X (sky130_fd_sc_hd__a21o_1)
                                                         _0038_ (net)
                      0.056955    0.000111    9.140651 v _1974_/A2 (sky130_fd_sc_hd__a21o_1)
     2    0.014743    0.081549    0.227076    9.367726 v _1974_/X (sky130_fd_sc_hd__a21o_1)
                                                         _0062_ (net)
                      0.081549    0.000131    9.367857 v _1997_/A2 (sky130_fd_sc_hd__a21oi_4)
     3    0.013220    0.143041    0.188926    9.556783 ^ _1997_/Y (sky130_fd_sc_hd__a21oi_4)
                                                         _0086_ (net)
                      0.143041    0.000123    9.556907 ^ _2003_/B (sky130_fd_sc_hd__xor2_1)
     1    0.002714    0.056415    0.082005    9.638911 v _2003_/X (sky130_fd_sc_hd__xor2_1)
                                                         _0093_ (net)
                      0.056415    0.000028    9.638939 v _2004_/C1 (sky130_fd_sc_hd__a221o_1)
     1    0.004477    0.060113    0.270456    9.909394 v _2004_/X (sky130_fd_sc_hd__a221o_1)
                                                         _0094_ (net)
                      0.060113    0.000022    9.909417 v _2017_/A1 (sky130_fd_sc_hd__a211o_4)
     4    0.044347    0.107151    0.396974   10.306391 v _2017_/X (sky130_fd_sc_hd__a211o_4)
                                                         net71 (net)
                      0.107151    0.000350   10.306741 v _2019_/B (sky130_fd_sc_hd__xnor2_2)
     1    0.008346    0.073658    0.165146   10.471887 v _2019_/Y (sky130_fd_sc_hd__xnor2_2)
                                                         _0109_ (net)
                      0.073658    0.000073   10.471960 v _2055_/B (sky130_fd_sc_hd__xnor2_2)
     1    0.027204    0.370954    0.322451   10.794410 ^ _2055_/Y (sky130_fd_sc_hd__xnor2_2)
                                                         net72 (net)
                      0.370974    0.002180   10.796591 ^ output72/A (sky130_fd_sc_hd__buf_6)
     1    0.034075    0.079974    0.194879   10.991469 ^ output72/X (sky130_fd_sc_hd__buf_6)
                                                         P (net)
                      0.079974    0.000251   10.991721 ^ P (out)
                                             10.991721   data arrival time

                      0.000000   10.000000   10.000000   clock __VIRTUAL_CLK__ (rise edge)
                                  0.000000   10.000000   clock network delay (ideal)
                                 -0.250000    9.750000   clock uncertainty
                                  0.000000    9.750000   clock reconvergence pessimism
                                 -2.000000    7.750000   output external delay
                                              7.750000   data required time
---------------------------------------------------------------------------------------------
                                              7.750000   data required time
                                            -10.991721   data arrival time
---------------------------------------------------------------------------------------------
                                             -3.241721   slack (VIOLATED)




===========================================================================
 report_check_types -max_slew -max_cap -max_fanout -violators
============================================================================
======================= min_tt_025C_1v80 Corner ===================================



===========================================================================
report_parasitic_annotation -report_unannotated
============================================================================
Found 0 unannotated drivers.
Found 0 partially unannotated drivers.

===========================================================================
max slew violation count 0
max fanout violation count 0
max cap violation count 0
============================================================================

===========================================================================
check_setup -verbose -unconstrained_endpoints -multiple_clock -no_clock -no_input_delay -loops -generated_clocks
===========================================================================
