
===========================================================================
Violator List
============================================================================
[setup in-out] alu_opcode[2] -> P : -2.747118
[setup in-out] alu_opcode[2] -> Z : -2.723842
[setup in-out] alu_opcode[2] -> Result[31] : -2.424002
[setup in-out] alu_opcode[2] -> N : -2.368583
[setup in-out] alu_opcode[2] -> Result[30] : -2.137371
[setup in-out] alu_opcode[2] -> V : -1.979268
[setup in-out] alu_opcode[2] -> C : -1.898872
[setup in-out] alu_opcode[2] -> Result[29] : -1.696851
[setup in-out] alu_opcode[2] -> Result[28] : -1.504328
[setup in-out] alu_opcode[2] -> Result[27] : -1.356067
[setup in-out] alu_opcode[2] -> Result[26] : -1.285756
[setup in-out] alu_opcode[2] -> Result[25] : -1.026475
[setup in-out] alu_opcode[2] -> Result[24] : -1.004429
[setup in-out] alu_opcode[2] -> Result[18] : -0.590676
[setup in-out] alu_opcode[2] -> Result[23] : -0.563476
[setup in-out] alu_opcode[2] -> Result[22] : -0.426258
[setup in-out] alu_opcode[2] -> Result[21] : -0.351493
[setup in-out] alu_opcode[2] -> Result[20] : -0.219363
Writing metric timing__hold_vio__count__corner:nom_tt_025C_1v80: 0
Writing metric timing__hold_r2r__ws__corner:nom_tt_025C_1v80: 1e30
Writing metric timing__hold_r2r_vio__count__corner:nom_tt_025C_1v80: 0
Writing metric timing__setup_vio__count__corner:nom_tt_025C_1v80: 18
Writing metric timing__setup_r2r__ws__corner:nom_tt_025C_1v80: 1e30
Writing metric timing__setup_r2r_vio__count__corner:nom_tt_025C_1v80: 0
