Reading timing models for corner nom_tt_025C_1v80…
Reading timing library for the 'nom_tt_025C_1v80' corner at '/home/lalith_kishore/.volare/volare/sky130/versions/0fe599b2afb6708d281543108caf8310912f54af/sky130A/libs.ref/sky130_fd_sc_hd/lib/sky130_fd_sc_hd__tt_025C_1v80.lib'…
Reading timing models for corner nom_ff_n40C_1v95…
Reading timing library for the 'nom_ff_n40C_1v95' corner at '/home/lalith_kishore/.volare/volare/sky130/versions/0fe599b2afb6708d281543108caf8310912f54af/sky130A/libs.ref/sky130_fd_sc_hd/lib/sky130_fd_sc_hd__ff_n40C_1v95.lib'…
Reading timing models for corner nom_ss_100C_1v60…
Reading timing library for the 'nom_ss_100C_1v60' corner at '/home/lalith_kishore/.volare/volare/sky130/versions/0fe599b2afb6708d281543108caf8310912f54af/sky130A/libs.ref/sky130_fd_sc_hd/lib/sky130_fd_sc_hd__ss_100C_1v60.lib'…
Reading OpenROAD database at '/mnt/d/GitHUB/32-bit_ALU/ASIC_OpenLane/runs/RUN_2026-06-28_15-44-43/33-openroad-detailedplacement/alu32.odb'…
Reading design constraints file at '/nix/store/ss2cw3sxbrwwx9jl0rrppbw4kgcmgi2n-python3-3.11.9-env/lib/python3.11/site-packages/openlane/scripts/base.sdc'…
[WARNING STA-0366] port '__VIRTUAL_CLK__' not found.
[INFO] Using clock __VIRTUAL_CLK__…
[INFO] Setting output delay to: 2.0
[INFO] Setting input delay to: 2.0
[WARNING STA-0366] port '__VIRTUAL_CLK__' not found.
[INFO] Setting load to: 0.033442
[INFO] Setting clock uncertainty to: 0.25
[INFO] Setting clock transition to: 0.1499999999999999944488848768742172978818416595458984375
[WARNING STA-0419] transition time can not be specified for virtual clocks.
[INFO] Setting timing derate to: 5%
[WARNING STA-0450] virtual clock __VIRTUAL_CLK__ can not be propagated.
[WARNING STA-0450] virtual clock __VIRTUAL_CLK__ can not be propagated.
[INFO] Setting RC values…
[INFO RSZ-0094] Found 37 endpoints with setup violations.
[INFO RSZ-0099] Repairing 37 out of 37 (100.00%) violating endpoints...
   Iter   | Removed | Resized | Inserted | Cloned |  Pin  |    WNS   |   TNS      |  Viol  | Worst
          | Buffers |  Gates  | Buffers  |  Gates | Swaps |          |            | Endpts | Endpt
---------------------------------------------------------------------------------------------------
        0 |       0 |       0 |        0 |      0 |     0 |  -15.094 |     -278.8 |     37 | P
       10 |       0 |       9 |        0 |      0 |     0 |  -14.680 |     -268.6 |     37 | P
       20 |       0 |      18 |        0 |      0 |     1 |  -14.280 |     -260.7 |     37 | Z
       30 |       0 |      26 |        2 |      1 |     1 |  -13.996 |     -254.1 |     37 | Z
       40 |       0 |      36 |        2 |      1 |     1 |  -13.418 |     -240.6 |     37 | Z
       50 |       0 |      45 |        2 |      1 |     2 |  -13.041 |     -231.7 |     37 | Z
       60 |       1 |      52 |        2 |      1 |     4 |  -12.618 |     -220.7 |     37 | Z
       70 |       1 |      59 |        2 |      3 |     5 |  -12.188 |     -211.0 |     37 | Z
       80 |       1 |      68 |        2 |      3 |     6 |  -11.829 |     -207.4 |     37 | Z
       90 |       2 |      74 |        2 |      3 |     9 |  -11.782 |     -206.1 |     37 | Z
      100 |       2 |      81 |        2 |      4 |    11 |  -11.603 |     -204.9 |     37 | Z
      110 |       2 |      88 |        4 |      4 |    13 |  -10.951 |     -186.8 |     37 | Z
      120 |       2 |      92 |        8 |      4 |    17 |  -10.554 |     -180.4 |     37 | Z
      130 |       2 |     100 |        8 |      4 |    19 |  -10.381 |     -176.1 |     37 | Z
      140 |       2 |     103 |       10 |      5 |    24 |  -10.318 |     -174.8 |     37 | Z
      150 |       2 |     104 |       22 |      5 |    27 |  -10.371 |     -178.7 |     37 | Z
      160 |       2 |     108 |       24 |      5 |    32 |  -10.438 |     -180.2 |     37 | Z
      170 |       2 |     111 |       28 |      5 |    37 |  -10.475 |     -181.7 |     37 | Z
      171 |       2 |     104 |       18 |      4 |    20 |  -10.291 |     -174.0 |     37 | Z
      180 |       2 |     106 |       28 |      5 |    20 |  -10.221 |     -174.6 |     37 | Z
      190 |       2 |     112 |       36 |      5 |    20 |  -10.141 |     -174.3 |     37 | Z
      191 |       2 |     112 |       36 |      5 |    20 |  -10.141 |     -174.3 |     37 | Z
      198 |       2 |     115 |       36 |      5 |    20 |  -10.141 |     -174.3 |     37 | Z
      200 |       2 |     116 |       36 |      5 |    20 |  -10.142 |     -174.3 |     37 | Z
      204 |       2 |     118 |       36 |      5 |    20 |  -10.141 |     -174.3 |     37 | Z
      210 |       2 |     123 |       36 |      5 |    20 |  -10.141 |     -174.2 |     37 | Z
      214 |       2 |     124 |       36 |      5 |    22 |  -10.141 |     -174.2 |     37 | Z
      220 |       2 |     127 |       36 |      5 |    24 |  -10.142 |     -174.1 |     37 | Z
      221 |       2 |     127 |       36 |      5 |    23 |  -10.141 |     -174.1 |     37 | Z
      227 |       2 |     130 |       36 |      5 |    23 |  -10.141 |     -174.0 |     37 | Z
      230 |       2 |     132 |       36 |      5 |    23 |  -10.141 |     -174.0 |     37 | Z
      238 |       2 |     136 |       36 |      5 |    24 |  -10.141 |     -173.9 |     37 | Z
      240 |       2 |     137 |       36 |      5 |    24 |  -10.141 |     -173.9 |     37 | Z
      249 |       2 |     139 |       36 |      5 |    25 |  -10.141 |     -173.8 |     37 | Z
      250 |       2 |     139 |       36 |      5 |    25 |  -10.141 |     -173.8 |     37 | Z
      260 |       2 |     147 |       36 |      5 |    27 |  -10.141 |     -173.5 |     37 | Z
      264 |       2 |     147 |       36 |      5 |    25 |  -10.141 |     -173.5 |     37 | Z
      270 |       2 |     151 |       36 |      5 |    26 |  -10.144 |     -173.4 |     37 | Z
      274 |       2 |     153 |       36 |      5 |    27 |  -10.141 |     -173.2 |     37 | Z
      280 |       2 |     157 |       36 |      5 |    28 |  -10.141 |     -173.1 |     37 | Z
      289 |       2 |     159 |       38 |      5 |    32 |  -10.141 |     -173.0 |     37 | Z
      290 |       2 |     159 |       38 |      5 |    32 |  -10.141 |     -173.0 |     37 | Z
      300 |       2 |     166 |       40 |      5 |    34 |  -10.123 |     -173.3 |     37 | Z
      305 |       2 |     168 |       40 |      5 |    34 |  -10.123 |     -173.3 |     37 | Z
      310 |       2 |     172 |       40 |      5 |    34 |  -10.123 |     -173.1 |     37 | Z
      314 |       2 |     173 |       40 |      5 |    34 |  -10.123 |     -173.1 |     37 | Z
      320 |       2 |     177 |       40 |      5 |    35 |  -10.123 |     -173.0 |     37 | Z
      323 |       2 |     178 |       40 |      5 |    36 |  -10.123 |     -172.9 |     37 | Z
      330 |       2 |     184 |       40 |      5 |    36 |  -10.123 |     -172.8 |     37 | Z
      340 |       2 |     190 |       42 |      5 |    39 |  -10.123 |     -173.2 |     37 | Z
      350 |       2 |     198 |       46 |      5 |    39 |  -10.127 |     -173.3 |     37 | Z
      360 |       2 |     205 |       52 |      5 |    39 |  -10.123 |     -174.1 |     37 | Z
      370 |       2 |     213 |       56 |      5 |    39 |  -10.127 |     -174.2 |     37 | Z
      377 |       2 |     203 |       50 |      5 |    38 |  -10.123 |     -172.8 |     37 | Z
      380 |       2 |     205 |       50 |      5 |    38 |  -10.123 |     -172.8 |     37 | Z
      390 |       2 |     213 |       50 |      5 |    40 |  -10.136 |     -172.5 |     37 | Z
      400 |       2 |     220 |       56 |      5 |    40 |  -10.123 |     -173.0 |     37 | Z
      410 |       2 |     228 |       60 |      5 |    40 |  -10.136 |     -173.4 |     37 | Z
      420 |       2 |     235 |       66 |      5 |    40 |  -10.123 |     -173.9 |     37 | Z
      430 |       2 |     243 |       70 |      5 |    40 |  -10.136 |     -174.4 |     37 | Z
      435 |       2 |     231 |       62 |      5 |    40 |  -10.123 |     -172.7 |     37 | Z
      440 |       2 |     235 |       62 |      5 |    40 |  -10.123 |     -172.6 |     37 | Z
      447 |       2 |     237 |       64 |      5 |    43 |  -10.123 |     -172.5 |     37 | Z
      450 |       2 |     239 |       64 |      5 |    43 |  -10.123 |     -172.5 |     37 | Z
      460 |       2 |     245 |       68 |      5 |    45 |  -10.123 |     -172.5 |     37 | Z
      470 |       2 |     252 |       74 |      5 |    45 |  -10.134 |     -172.7 |     37 | Z
      480 |       2 |     259 |       80 |      5 |    45 |  -10.167 |     -173.3 |     37 | Z
      488 |       2 |     247 |       74 |      5 |    45 |  -10.123 |     -172.2 |     37 | Z
      490 |       2 |     248 |       74 |      5 |    45 |  -10.123 |     -172.2 |     37 | Z
      500 |       2 |     255 |       74 |      5 |    48 |  -10.127 |     -171.9 |     37 | Z
      510 |       2 |     262 |       80 |      5 |    48 |  -10.124 |     -172.7 |     37 | Z
      520 |       2 |     270 |       84 |      5 |    48 |  -10.127 |     -172.8 |     37 | Z
      530 |       2 |     277 |       90 |      5 |    48 |  -10.124 |     -173.6 |     37 | Z
      540 |       2 |     285 |       94 |      5 |    48 |  -10.127 |     -173.8 |     37 | Z
      543 |       2 |     274 |       85 |      5 |    45 |  -10.123 |     -172.1 |     37 | Z
      550 |       2 |     277 |       85 |      5 |    48 |  -10.123 |     -172.0 |     37 | Z
      555 |       2 |     279 |       85 |      5 |    48 |  -10.123 |     -172.0 |     37 | Z
      560 |       2 |     283 |       85 |      5 |    48 |  -10.123 |     -171.9 |     37 | Z
      567 |       2 |     286 |       85 |      5 |    48 |  -10.123 |     -171.8 |     37 | Z
      570 |       2 |     288 |       85 |      5 |    48 |  -10.123 |     -171.7 |     37 | Z
      580 |       2 |     295 |       87 |      5 |    50 |  -10.122 |     -171.8 |     37 | Z
      582 |       2 |     293 |       87 |      5 |    49 |  -10.107 |     -171.8 |     37 | Z
      590 |       2 |     298 |       87 |      5 |    51 |  -10.107 |     -171.6 |     37 | Z
      592 |       2 |     298 |       87 |      5 |    49 |  -10.107 |     -171.7 |     37 | Z
      600 |       2 |     303 |       87 |      5 |    51 |  -10.123 |     -171.9 |     37 | Z
      607 |       2 |     304 |       88 |      5 |    50 |  -10.107 |     -171.7 |     37 | Z
      610 |       2 |     306 |       88 |      5 |    50 |  -10.107 |     -171.6 |     37 | Z
      618 |       2 |     310 |       88 |      5 |    53 |  -10.106 |     -171.4 |     37 | Z
      620 |       2 |     311 |       88 |      5 |    53 |  -10.106 |     -171.4 |     37 | Z
      630 |       2 |     317 |       90 |      5 |    56 |  -10.074 |     -170.7 |     37 | Z
      638 |       2 |     319 |       90 |      5 |    56 |  -10.073 |     -170.8 |     37 | Z
      640 |       2 |     320 |       90 |      5 |    56 |  -10.073 |     -170.8 |     37 | Z
      650 |       2 |     329 |       90 |      5 |    57 |  -10.091 |     -170.4 |     37 | Z
      652 |       2 |     328 |       90 |      5 |    56 |  -10.073 |     -169.9 |     37 | Z
      660 |       2 |     333 |       90 |      5 |    58 |  -10.083 |     -170.1 |     37 | Z
      666 |       2 |     333 |       91 |      5 |    56 |  -10.073 |     -169.9 |     37 | Z
      670 |       2 |     336 |       91 |      5 |    56 |  -10.081 |     -170.1 |     37 | Z
      680 |       2 |     344 |       93 |      5 |    57 |  -10.087 |     -170.3 |     37 | Z
      681 |       2 |     338 |       92 |      5 |    56 |  -10.079 |     -170.0 |     37 | Z
      682 |       2 |     338 |       92 |      5 |    56 |  -10.079 |     -170.0 |     36 | Z
      686 |       2 |     339 |       94 |      5 |    57 |  -10.079 |     -170.0 |     34 | Z
      690 |       2 |     342 |       94 |      5 |    57 |  -10.079 |     -169.8 |     34 | Z
      700 |       2 |     350 |       96 |      5 |    58 |  -10.079 |     -170.0 |     34 | Z
      710 |       2 |     358 |       98 |      6 |    58 |  -10.079 |     -169.7 |     34 | Z
      720 |       2 |     367 |       98 |      6 |    59 |  -10.079 |     -169.6 |     34 | Z
      726 |       2 |     373 |       98 |      6 |    59 |  -10.079 |     -169.4 |     32 | Z
      727 |       2 |     373 |       98 |      6 |    59 |  -10.079 |     -169.4 |     31 | Z
      730 |       2 |     375 |       98 |      6 |    59 |  -10.079 |     -169.3 |     31 | Z
      740 |       2 |     385 |       98 |      6 |    59 |  -10.079 |     -168.4 |     30 | Z
      740 |       2 |     385 |       98 |      6 |    59 |  -10.079 |     -168.4 |     29 | Z
      746 |       2 |     390 |       98 |      6 |    59 |  -10.079 |     -168.3 |     27 | Z
      747 |       2 |     390 |       98 |      6 |    59 |  -10.079 |     -168.3 |     26 | Z
     748* |       2 |     390 |       98 |      6 |    59 |  -10.079 |     -168.3 |     30 | Z
     749* |       2 |     390 |       98 |      6 |    59 |  -10.079 |     -168.3 |     30 | Z
     750* |       2 |     390 |       98 |      6 |    59 |  -10.079 |     -168.3 |     30 | Z
     750* |       2 |     390 |       98 |      6 |    59 |  -10.079 |     -168.3 |     30 | Z
     751* |       2 |     390 |       98 |      6 |    59 |  -10.079 |     -168.3 |     30 | Z
     752* |       2 |     390 |       98 |      6 |    59 |  -10.079 |     -168.3 |     30 | Z
     753* |       2 |     390 |       98 |      6 |    59 |  -10.079 |     -168.3 |     30 | Z
     754* |       2 |     390 |       98 |      6 |    59 |  -10.079 |     -168.3 |     30 | Z
     755* |       2 |     390 |       98 |      6 |    59 |  -10.079 |     -168.3 |     30 | Z
     756* |       2 |     390 |       98 |      6 |    59 |  -10.079 |     -168.3 |     30 | Z
     757* |       2 |     390 |       98 |      6 |    59 |  -10.079 |     -168.3 |     30 | Z
     758* |       2 |     390 |       98 |      6 |    59 |  -10.079 |     -168.3 |     30 | Z
     759* |       2 |     390 |       98 |      6 |    59 |  -10.079 |     -168.3 |     30 | Z
     760* |       2 |     390 |       98 |      6 |    59 |  -10.079 |     -168.3 |     30 | Z
     760* |       2 |     390 |       98 |      6 |    59 |  -10.079 |     -168.3 |     30 | Z
     762* |       2 |     391 |       98 |      6 |    59 |  -10.079 |     -168.2 |     30 | Z
     763* |       2 |     391 |       98 |      6 |    59 |  -10.079 |     -168.2 |     30 | Z
     764* |       2 |     391 |       98 |      6 |    59 |  -10.079 |     -168.2 |     30 | Z
     765* |       2 |     391 |       98 |      6 |    59 |  -10.079 |     -168.2 |     30 | Z
     766* |       2 |     391 |       98 |      6 |    59 |  -10.079 |     -168.2 |     30 | Z
     767* |       2 |     391 |       98 |      6 |    59 |  -10.079 |     -168.2 |     30 | Z
     768* |       2 |     391 |       98 |      6 |    59 |  -10.079 |     -168.2 |     30 | Z
     769* |       2 |     391 |       98 |      6 |    59 |  -10.079 |     -168.2 |     30 | Z
     770* |       2 |     391 |       98 |      6 |    59 |  -10.079 |     -168.2 |     30 | Z
     770* |       2 |     391 |       98 |      6 |    59 |  -10.079 |     -168.2 |     30 | Z
     771* |       2 |     391 |       98 |      6 |    59 |  -10.079 |     -168.2 |     30 | Z
     772* |       2 |     391 |       98 |      6 |    59 |  -10.079 |     -168.2 |     30 | Z
     773* |       2 |     391 |       98 |      6 |    59 |  -10.079 |     -168.2 |     30 | Z
     774* |       2 |     391 |       98 |      6 |    59 |  -10.079 |     -168.2 |     30 | Z
     775* |       2 |     391 |       98 |      6 |    59 |  -10.079 |     -168.2 |     30 | Z
     776* |       2 |     391 |       98 |      6 |    59 |  -10.079 |     -168.2 |     30 | Z
     777* |       2 |     391 |       98 |      6 |    59 |  -10.079 |     -168.2 |     30 | Z
     778* |       2 |     391 |       98 |      6 |    59 |  -10.079 |     -168.2 |     30 | Z
    final |       2 |     391 |       98 |      6 |    59 |  -10.079 |     -168.2 |     30 | Z
---------------------------------------------------------------------------------------------------
[INFO RSZ-0059] Removed 2 buffers.
[INFO RSZ-0040] Inserted 21 buffers.
[INFO RSZ-0041] Resized 391 instances.
[INFO RSZ-0043] Swapped pins on 59 instances.
[INFO RSZ-0049] Cloned 6 instances.
[WARNING RSZ-0062] Unable to repair all setup violations.
[INFO RSZ-0033] No hold violations found.
Placement Analysis
---------------------------------
total displacement        619.9 u
average displacement        0.4 u
max displacement            9.2 u
original HPWL           38384.1 u
legalized HPWL          39554.0 u
delta HPWL                    3 %

[INFO DPL-0020] Mirrored 532 instances
[INFO DPL-0021] HPWL before           39554.0 u
[INFO DPL-0022] HPWL after            38728.8 u
[INFO DPL-0023] HPWL delta               -2.1 %
[INFO] Setting RC values…
Setting global connections for newly added cells…
[INFO] Setting global connections...
Updating metrics…
Cell type report:                       Count       Area
  Fill cell                               108     405.39
  Tap cell                                308     385.37
  Buffer                                    1       3.75
  Timing Repair Buffer                    277    1964.38
  Inverter                                 54     212.70
  Multi-Input combinational cell          998    8848.49
  Total                                  1746   11820.09
Writing OpenROAD database to '/mnt/d/GitHUB/32-bit_ALU/ASIC_OpenLane/runs/RUN_2026-06-28_15-44-43/36-openroad-resizertimingpostcts/alu32.odb'…
Writing netlist to '/mnt/d/GitHUB/32-bit_ALU/ASIC_OpenLane/runs/RUN_2026-06-28_15-44-43/36-openroad-resizertimingpostcts/alu32.nl.v'…
Writing powered netlist to '/mnt/d/GitHUB/32-bit_ALU/ASIC_OpenLane/runs/RUN_2026-06-28_15-44-43/36-openroad-resizertimingpostcts/alu32.pnl.v'…
Writing layout to '/mnt/d/GitHUB/32-bit_ALU/ASIC_OpenLane/runs/RUN_2026-06-28_15-44-43/36-openroad-resizertimingpostcts/alu32.def'…
Writing timing constraints to '/mnt/d/GitHUB/32-bit_ALU/ASIC_OpenLane/runs/RUN_2026-06-28_15-44-43/36-openroad-resizertimingpostcts/alu32.sdc'…
