Reading OpenROAD database at '/mnt/d/GitHUB/32-bit_ALU/ASIC_OpenLane/runs/RUN_2026-06-28_15-44-43/20-openroad-generatepdn/alu32.odb'…
Reading library file at '/home/lalith_kishore/.volare/volare/sky130/versions/0fe599b2afb6708d281543108caf8310912f54af/sky130A/libs.ref/sky130_fd_sc_hd/lib/sky130_fd_sc_hd__tt_025C_1v80.lib'…
Reading design constraints file at '/nix/store/ss2cw3sxbrwwx9jl0rrppbw4kgcmgi2n-python3-3.11.9-env/lib/python3.11/site-packages/openlane/scripts/base.sdc'…
[WARNING STA-0366] port '__VIRTUAL_CLK__' not found.
[INFO] Using clock __VIRTUAL_CLK__…
[INFO] Setting output delay to: 2.0
[INFO] Setting input delay to: 2.0
[WARNING STA-0366] port '__VIRTUAL_CLK__' not found.
[INFO] Setting load to: 0.033442
[INFO] Setting clock uncertainty to: 0.25
[INFO] Setting clock transition to: 0.1499999999999999944488848768742172978818416595458984375
[WARNING STA-0419] transition time can not be specified for virtual clocks.
[INFO] Setting timing derate to: 5%
[WARNING STA-0450] virtual clock __VIRTUAL_CLK__ can not be propagated.
+ global_placement -density 0.576011 -skip_io -pad_right 0 -pad_left 0 -init_wirelength_coef 0.25
[INFO GPL-0002] DBU: 1000
[INFO GPL-0003] SiteSize: (  0.460  2.720 ) um
[INFO GPL-0004] CoreBBox: (  5.520 10.880 ) ( 155.020 157.760 ) um
[INFO GPL-0006] NumInstances:              1469
[INFO GPL-0007] NumPlaceInstances:         1053
[INFO GPL-0008] NumFixedInstances:          416
[INFO GPL-0009] NumDummyInstances:            0
[INFO GPL-0010] NumNets:                   1122
[INFO GPL-0011] NumPins:                   4247
[INFO GPL-0012] DieBBox:  (  0.000  0.000 ) ( 160.610 171.330 ) um
[INFO GPL-0013] CoreBBox: (  5.520 10.880 ) ( 155.020 157.760 ) um
[INFO GPL-0016] CoreArea:             21958.560 um^2
[INFO GPL-0017] NonPlaceInstsArea:      790.758 um^2
[INFO GPL-0018] PlaceInstsArea:       10067.155 um^2
[INFO GPL-0019] Util:                    47.559 %
[INFO GPL-0020] StdInstsArea:         10067.155 um^2
[INFO GPL-0021] MacroInstsArea:           0.000 um^2
[INFO GPL-0031] FillerInit:NumGCells:      1281
[INFO GPL-0032] FillerInit:NumGNets:       1122
[INFO GPL-0033] FillerInit:NumGPins:       4247
[INFO GPL-0023] TargetDensity:            0.576
[INFO GPL-0024] AvrgPlaceInstArea:        9.560 um^2
[INFO GPL-0025] IdealBinArea:            16.598 um^2
[INFO GPL-0026] IdealBinCnt:               1322
[INFO GPL-0027] TotalBinArea:         21958.560 um^2
[INFO GPL-0028] BinCnt:        32     32
[INFO GPL-0029] BinSize: (  4.672  4.590 )
[INFO GPL-0030] NumBins: 1024
[NesterovSolve] Iter:    1 overflow: 0.994 HPWL: 2595623
[NesterovSolve] Iter:   10 overflow: 0.990 HPWL: 1763812
[NesterovSolve] Iter:   20 overflow: 0.990 HPWL: 1754223
[NesterovSolve] Iter:   30 overflow: 0.990 HPWL: 1754249
[NesterovSolve] Iter:   40 overflow: 0.990 HPWL: 1754107
[NesterovSolve] Iter:   50 overflow: 0.990 HPWL: 1753964
[NesterovSolve] Iter:   60 overflow: 0.990 HPWL: 1754201
[NesterovSolve] Iter:   70 overflow: 0.990 HPWL: 1754756
[NesterovSolve] Iter:   80 overflow: 0.990 HPWL: 1756391
[NesterovSolve] Iter:   90 overflow: 0.990 HPWL: 1759541
[NesterovSolve] Iter:  100 overflow: 0.990 HPWL: 1764659
[NesterovSolve] Iter:  110 overflow: 0.990 HPWL: 1773821
[NesterovSolve] Iter:  120 overflow: 0.989 HPWL: 1790509
[NesterovSolve] Iter:  130 overflow: 0.988 HPWL: 1830527
[NesterovSolve] Iter:  140 overflow: 0.987 HPWL: 1978729
[NesterovSolve] Iter:  150 overflow: 0.977 HPWL: 2563942
[NesterovSolve] Iter:  160 overflow: 0.966 HPWL: 3598949
[NesterovSolve] Iter:  170 overflow: 0.959 HPWL: 4307003
[NesterovSolve] Iter:  180 overflow: 0.941 HPWL: 5204475
[NesterovSolve] Iter:  190 overflow: 0.922 HPWL: 6229050
[NesterovSolve] Iter:  200 overflow: 0.897 HPWL: 7308932
[NesterovSolve] Iter:  210 overflow: 0.868 HPWL: 8417459
[NesterovSolve] Iter:  220 overflow: 0.833 HPWL: 9673318
[NesterovSolve] Iter:  230 overflow: 0.792 HPWL: 10911801
[NesterovSolve] Iter:  240 overflow: 0.750 HPWL: 12134992
[NesterovSolve] Iter:  250 overflow: 0.703 HPWL: 13338988
[NesterovSolve] Iter:  260 overflow: 0.651 HPWL: 14555367
[NesterovSolve] Iter:  270 overflow: 0.595 HPWL: 15634482
[NesterovSolve] Iter:  280 overflow: 0.531 HPWL: 16651717
[NesterovSolve] Iter:  290 overflow: 0.464 HPWL: 17875150
[NesterovSolve] Iter:  300 overflow: 0.407 HPWL: 18942221
[NesterovSolve] Iter:  310 overflow: 0.359 HPWL: 19928853
[NesterovSolve] Iter:  320 overflow: 0.324 HPWL: 20613197
[NesterovSolve] Iter:  330 overflow: 0.291 HPWL: 21068443
[NesterovSolve] Iter:  340 overflow: 0.267 HPWL: 21398876
[NesterovSolve] Iter:  350 overflow: 0.244 HPWL: 21731649
[NesterovSolve] Iter:  360 overflow: 0.222 HPWL: 21962492
[NesterovSolve] Iter:  370 overflow: 0.191 HPWL: 22098729
[NesterovSolve] Iter:  380 overflow: 0.177 HPWL: 22258663
[NesterovSolve] Iter:  390 overflow: 0.157 HPWL: 22426573
[NesterovSolve] Iter:  400 overflow: 0.137 HPWL: 22600040
[NesterovSolve] Iter:  410 overflow: 0.119 HPWL: 22715200
[NesterovSolve] Finished with Overflow: 0.097971
[INFO] Setting RC values…
Setting global connections for newly added cells…
[INFO] Setting global connections...
Updating metrics…
Cell type report:                       Count       Area
  Fill cell                               108     405.39
  Tap cell                                308     385.37
  Buffer                                    1       5.00
  Inverter                                 54     202.69
  Multi-Input combinational cell          998    9859.46
  Total                                  1469   10857.91
Writing OpenROAD database to '/mnt/d/GitHUB/32-bit_ALU/ASIC_OpenLane/runs/RUN_2026-06-28_15-44-43/23-openroad-globalplacementskipio/alu32.odb'…
Writing netlist to '/mnt/d/GitHUB/32-bit_ALU/ASIC_OpenLane/runs/RUN_2026-06-28_15-44-43/23-openroad-globalplacementskipio/alu32.nl.v'…
Writing powered netlist to '/mnt/d/GitHUB/32-bit_ALU/ASIC_OpenLane/runs/RUN_2026-06-28_15-44-43/23-openroad-globalplacementskipio/alu32.pnl.v'…
Writing layout to '/mnt/d/GitHUB/32-bit_ALU/ASIC_OpenLane/runs/RUN_2026-06-28_15-44-43/23-openroad-globalplacementskipio/alu32.def'…
Writing timing constraints to '/mnt/d/GitHUB/32-bit_ALU/ASIC_OpenLane/runs/RUN_2026-06-28_15-44-43/23-openroad-globalplacementskipio/alu32.sdc'…
