
===========================================================================
report_checks -unconstrained
===========================================================================
======================= nom_tt_025C_1v80 Corner ===================================

Startpoint: alu_opcode[4] (input port clocked by __VIRTUAL_CLK__)
Endpoint: P (output port clocked by __VIRTUAL_CLK__)
Path Group: __VIRTUAL_CLK__
Path Type: max

Fanout         Cap        Slew       Delay        Time   Description
---------------------------------------------------------------------------------------------
                      0.000000    0.000000    0.000000   clock __VIRTUAL_CLK__ (rise edge)
                                  0.000000    0.000000   clock network delay (ideal)
                                  2.000000    2.000000 v input external delay
    19    0.079947    0.176269    0.127818    2.127818 v alu_opcode[4] (in)
                                                         alu_opcode[4] (net)
                      0.176279    0.000000    2.127818 v _1048_/B (sky130_fd_sc_hd__or2_2)
     7    0.028502    0.118647    0.407168    2.534986 v _1048_/X (sky130_fd_sc_hd__or2_2)
                                                         _0181_ (net)
                      0.118647    0.000007    2.534992 v _1059_/B (sky130_fd_sc_hd__nor2_2)
    63    0.244947    2.523374    1.880937    4.415929 ^ _1059_/Y (sky130_fd_sc_hd__nor2_2)
                                                         _0192_ (net)
                      2.523374    0.001107    4.417036 ^ _1277_/B (sky130_fd_sc_hd__and3_2)
     2    0.007741    0.111863    0.499546    4.916582 ^ _1277_/X (sky130_fd_sc_hd__and3_2)
                                                         _0406_ (net)
                      0.111863    0.000004    4.916585 ^ _1278_/B (sky130_fd_sc_hd__nor2_2)
     2    0.010668    0.053269    0.062946    4.979531 v _1278_/Y (sky130_fd_sc_hd__nor2_2)
                                                         _0407_ (net)
                      0.053269    0.000012    4.979543 v _1305_/A2 (sky130_fd_sc_hd__a21o_2)
     2    0.013344    0.058691    0.241702    5.221245 v _1305_/X (sky130_fd_sc_hd__a21o_2)
                                                         _0433_ (net)
                      0.058691    0.000168    5.221413 v _1339_/B2 (sky130_fd_sc_hd__a2bb2o_2)
     2    0.011311    0.066690    0.266057    5.487470 v _1339_/X (sky130_fd_sc_hd__a2bb2o_2)
                                                         _0466_ (net)
                      0.066690    0.000049    5.487519 v _1372_/B2 (sky130_fd_sc_hd__a2bb2o_2)
     2    0.011694    0.066933    0.270654    5.758173 v _1372_/X (sky130_fd_sc_hd__a2bb2o_2)
                                                         _0498_ (net)
                      0.066933    0.000061    5.758234 v _1403_/B2 (sky130_fd_sc_hd__a2bb2o_2)
     2    0.011845    0.067192    0.271310    6.029544 v _1403_/X (sky130_fd_sc_hd__a2bb2o_2)
                                                         _0528_ (net)
                      0.067192    0.000066    6.029610 v _1430_/B2 (sky130_fd_sc_hd__a2bb2o_2)
     2    0.011965    0.067473    0.271864    6.301474 v _1430_/X (sky130_fd_sc_hd__a2bb2o_2)
                                                         _0554_ (net)
                      0.067473    0.000063    6.301537 v _1458_/A1 (sky130_fd_sc_hd__a21o_2)
     2    0.011709    0.055786    0.220082    6.521618 v _1458_/X (sky130_fd_sc_hd__a21o_2)
                                                         _0581_ (net)
                      0.055786    0.000045    6.521663 v _1487_/A1 (sky130_fd_sc_hd__a21o_2)
     2    0.011495    0.055771    0.214698    6.736362 v _1487_/X (sky130_fd_sc_hd__a21o_2)
                                                         _0609_ (net)
                      0.055771    0.000038    6.736399 v _1514_/B2 (sky130_fd_sc_hd__a2bb2o_2)
     2    0.011783    0.067027    0.266652    7.003052 v _1514_/X (sky130_fd_sc_hd__a2bb2o_2)
                                                         _0635_ (net)
                      0.067027    0.000052    7.003104 v _1541_/A1 (sky130_fd_sc_hd__a21o_2)
     2    0.010837    0.053980    0.217104    7.220207 v _1541_/X (sky130_fd_sc_hd__a21o_2)
                                                         _0661_ (net)
                      0.053980    0.000028    7.220236 v _1570_/B2 (sky130_fd_sc_hd__a2bb2o_2)
     2    0.011658    0.066910    0.265483    7.485719 v _1570_/X (sky130_fd_sc_hd__a2bb2o_2)
                                                         _0689_ (net)
                      0.066910    0.000044    7.485764 v _1597_/A1 (sky130_fd_sc_hd__a21o_2)
     2    0.011132    0.054838    0.218007    7.703770 v _1597_/X (sky130_fd_sc_hd__a21o_2)
                                                         _0715_ (net)
                      0.054838    0.000033    7.703803 v _1625_/B2 (sky130_fd_sc_hd__a2bb2o_2)
     2    0.012799    0.069471    0.269356    7.973159 v _1625_/X (sky130_fd_sc_hd__a2bb2o_2)
                                                         _0742_ (net)
                      0.069471    0.000160    7.973319 v _1651_/B2 (sky130_fd_sc_hd__a2bb2o_2)
     2    0.011611    0.066765    0.271460    8.244780 v _1651_/X (sky130_fd_sc_hd__a2bb2o_2)
                                                         _0767_ (net)
                      0.066765    0.000044    8.244823 v _1677_/A1 (sky130_fd_sc_hd__a21o_2)
     2    0.011364    0.055567    0.218694    8.463516 v _1677_/X (sky130_fd_sc_hd__a21o_2)
                                                         _0792_ (net)
                      0.055567    0.000026    8.463542 v _1700_/B2 (sky130_fd_sc_hd__a32o_2)
     2    0.013091    0.063302    0.264374    8.727917 v _1700_/X (sky130_fd_sc_hd__a32o_2)
                                                         _0814_ (net)
                      0.063302    0.000172    8.728088 v _1725_/B2 (sky130_fd_sc_hd__a2bb2o_2)
     2    0.011491    0.066729    0.268558    8.996646 v _1725_/X (sky130_fd_sc_hd__a2bb2o_2)
                                                         _0838_ (net)
                      0.066729    0.000037    8.996684 v _1750_/B2 (sky130_fd_sc_hd__a2bb2o_2)
     2    0.011676    0.066929    0.270610    9.267294 v _1750_/X (sky130_fd_sc_hd__a2bb2o_2)
                                                         _0862_ (net)
                      0.066929    0.000040    9.267334 v _1774_/A1 (sky130_fd_sc_hd__a21o_2)
     2    0.011547    0.055720    0.219346    9.486680 v _1774_/X (sky130_fd_sc_hd__a21o_2)
                                                         _0885_ (net)
                      0.055720    0.000043    9.486723 v _1797_/B2 (sky130_fd_sc_hd__a2bb2o_2)
     2    0.011754    0.067037    0.266498    9.753221 v _1797_/X (sky130_fd_sc_hd__a2bb2o_2)
                                                         _0907_ (net)
                      0.067037    0.000096    9.753317 v _1824_/B2 (sky130_fd_sc_hd__a2bb2o_2)
     2    0.012067    0.067788    0.272189   10.025505 v _1824_/X (sky130_fd_sc_hd__a2bb2o_2)
                                                         _0933_ (net)
                      0.067788    0.000053   10.025558 v _1849_/A1 (sky130_fd_sc_hd__a21o_2)
     2    0.011477    0.055794    0.219439   10.244997 v _1849_/X (sky130_fd_sc_hd__a21o_2)
                                                         _0957_ (net)
                      0.055794    0.000075   10.245072 v _1876_/B2 (sky130_fd_sc_hd__a2bb2o_2)
     2    0.011385    0.066717    0.265175   10.510247 v _1876_/X (sky130_fd_sc_hd__a2bb2o_2)
                                                         _0983_ (net)
                      0.066717    0.000058   10.510304 v _1902_/B2 (sky130_fd_sc_hd__a2bb2o_2)
     2    0.011582    0.066831    0.270234   10.780539 v _1902_/X (sky130_fd_sc_hd__a2bb2o_2)
                                                         _1008_ (net)
                      0.066831    0.000078   10.780617 v _1926_/B2 (sky130_fd_sc_hd__a2bb2o_2)
     2    0.013379    0.070527    0.275527   11.056144 v _1926_/X (sky130_fd_sc_hd__a2bb2o_2)
                                                         _0015_ (net)
                      0.070560    0.000210   11.056354 v _1950_/A1 (sky130_fd_sc_hd__a21o_2)
     2    0.011528    0.055742    0.220733   11.277086 v _1950_/X (sky130_fd_sc_hd__a21o_2)
                                                         _0038_ (net)
                      0.055742    0.000048   11.277134 v _1974_/A1 (sky130_fd_sc_hd__a21o_2)
     2    0.013506    0.059007    0.220097   11.497231 v _1974_/X (sky130_fd_sc_hd__a21o_2)
                                                         _0062_ (net)
                      0.059007    0.000036   11.497267 v _1997_/A1 (sky130_fd_sc_hd__a21oi_2)
     3    0.023722    0.307910    0.287216   11.784482 ^ _1997_/Y (sky130_fd_sc_hd__a21oi_2)
                                                         _0086_ (net)
                      0.307910    0.000106   11.784588 ^ _2003_/A (sky130_fd_sc_hd__xor2_2)
     1    0.002325    0.063686    0.103529   11.888117 v _2003_/X (sky130_fd_sc_hd__xor2_2)
                                                         _0093_ (net)
                      0.063686    0.000004   11.888120 v _2004_/C1 (sky130_fd_sc_hd__a221o_2)
     1    0.002351    0.051042    0.292816   12.180936 v _2004_/X (sky130_fd_sc_hd__a221o_2)
                                                         _0094_ (net)
                      0.051042    0.000000   12.180937 v _2017_/A2 (sky130_fd_sc_hd__a211o_2)
     4    0.063245    0.177324    0.481196   12.662132 v _2017_/X (sky130_fd_sc_hd__a211o_2)
                                                         N (net)
                      0.177324    0.000482   12.662615 v _2019_/B (sky130_fd_sc_hd__xnor2_2)
     1    0.008343    0.124234    0.192146   12.854760 v _2019_/Y (sky130_fd_sc_hd__xnor2_2)
                                                         _0109_ (net)
                      0.124234    0.000000   12.854761 v _2055_/A (sky130_fd_sc_hd__xnor2_2)
     1    0.047103    0.598772    0.532524   13.387285 ^ _2055_/Y (sky130_fd_sc_hd__xnor2_2)
                                                         P (net)
                      0.598786    0.002456   13.389741 ^ P (out)
                                             13.389741   data arrival time

                      0.000000   10.000000   10.000000   clock __VIRTUAL_CLK__ (rise edge)
                                  0.000000   10.000000   clock network delay (ideal)
                                 -0.250000    9.750000   clock uncertainty
                                  0.000000    9.750000   clock reconvergence pessimism
                                 -2.000000    7.750000   output external delay
                                              7.750000   data required time
---------------------------------------------------------------------------------------------
                                              7.750000   data required time
                                            -13.389741   data arrival time
---------------------------------------------------------------------------------------------
                                             -5.639741   slack (VIOLATED)




===========================================================================
report_checks --slack_max -0.01
============================================================================
======================= nom_tt_025C_1v80 Corner ===================================

Startpoint: alu_opcode[4] (input port clocked by __VIRTUAL_CLK__)
Endpoint: P (output port clocked by __VIRTUAL_CLK__)
Path Group: __VIRTUAL_CLK__
Path Type: max

Fanout         Cap        Slew       Delay        Time   Description
---------------------------------------------------------------------------------------------
                      0.000000    0.000000    0.000000   clock __VIRTUAL_CLK__ (rise edge)
                                  0.000000    0.000000   clock network delay (ideal)
                                  2.000000    2.000000 v input external delay
    19    0.079947    0.176269    0.127818    2.127818 v alu_opcode[4] (in)
                                                         alu_opcode[4] (net)
                      0.176279    0.000000    2.127818 v _1048_/B (sky130_fd_sc_hd__or2_2)
     7    0.028502    0.118647    0.407168    2.534986 v _1048_/X (sky130_fd_sc_hd__or2_2)
                                                         _0181_ (net)
                      0.118647    0.000007    2.534992 v _1059_/B (sky130_fd_sc_hd__nor2_2)
    63    0.244947    2.523374    1.880937    4.415929 ^ _1059_/Y (sky130_fd_sc_hd__nor2_2)
                                                         _0192_ (net)
                      2.523374    0.001107    4.417036 ^ _1277_/B (sky130_fd_sc_hd__and3_2)
     2    0.007741    0.111863    0.499546    4.916582 ^ _1277_/X (sky130_fd_sc_hd__and3_2)
                                                         _0406_ (net)
                      0.111863    0.000004    4.916585 ^ _1278_/B (sky130_fd_sc_hd__nor2_2)
     2    0.010668    0.053269    0.062946    4.979531 v _1278_/Y (sky130_fd_sc_hd__nor2_2)
                                                         _0407_ (net)
                      0.053269    0.000012    4.979543 v _1305_/A2 (sky130_fd_sc_hd__a21o_2)
     2    0.013344    0.058691    0.241702    5.221245 v _1305_/X (sky130_fd_sc_hd__a21o_2)
                                                         _0433_ (net)
                      0.058691    0.000168    5.221413 v _1339_/B2 (sky130_fd_sc_hd__a2bb2o_2)
     2    0.011311    0.066690    0.266057    5.487470 v _1339_/X (sky130_fd_sc_hd__a2bb2o_2)
                                                         _0466_ (net)
                      0.066690    0.000049    5.487519 v _1372_/B2 (sky130_fd_sc_hd__a2bb2o_2)
     2    0.011694    0.066933    0.270654    5.758173 v _1372_/X (sky130_fd_sc_hd__a2bb2o_2)
                                                         _0498_ (net)
                      0.066933    0.000061    5.758234 v _1403_/B2 (sky130_fd_sc_hd__a2bb2o_2)
     2    0.011845    0.067192    0.271310    6.029544 v _1403_/X (sky130_fd_sc_hd__a2bb2o_2)
                                                         _0528_ (net)
                      0.067192    0.000066    6.029610 v _1430_/B2 (sky130_fd_sc_hd__a2bb2o_2)
     2    0.011965    0.067473    0.271864    6.301474 v _1430_/X (sky130_fd_sc_hd__a2bb2o_2)
                                                         _0554_ (net)
                      0.067473    0.000063    6.301537 v _1458_/A1 (sky130_fd_sc_hd__a21o_2)
     2    0.011709    0.055786    0.220082    6.521618 v _1458_/X (sky130_fd_sc_hd__a21o_2)
                                                         _0581_ (net)
                      0.055786    0.000045    6.521663 v _1487_/A1 (sky130_fd_sc_hd__a21o_2)
     2    0.011495    0.055771    0.214698    6.736362 v _1487_/X (sky130_fd_sc_hd__a21o_2)
                                                         _0609_ (net)
                      0.055771    0.000038    6.736399 v _1514_/B2 (sky130_fd_sc_hd__a2bb2o_2)
     2    0.011783    0.067027    0.266652    7.003052 v _1514_/X (sky130_fd_sc_hd__a2bb2o_2)
                                                         _0635_ (net)
                      0.067027    0.000052    7.003104 v _1541_/A1 (sky130_fd_sc_hd__a21o_2)
     2    0.010837    0.053980    0.217104    7.220207 v _1541_/X (sky130_fd_sc_hd__a21o_2)
                                                         _0661_ (net)
                      0.053980    0.000028    7.220236 v _1570_/B2 (sky130_fd_sc_hd__a2bb2o_2)
     2    0.011658    0.066910    0.265483    7.485719 v _1570_/X (sky130_fd_sc_hd__a2bb2o_2)
                                                         _0689_ (net)
                      0.066910    0.000044    7.485764 v _1597_/A1 (sky130_fd_sc_hd__a21o_2)
     2    0.011132    0.054838    0.218007    7.703770 v _1597_/X (sky130_fd_sc_hd__a21o_2)
                                                         _0715_ (net)
                      0.054838    0.000033    7.703803 v _1625_/B2 (sky130_fd_sc_hd__a2bb2o_2)
     2    0.012799    0.069471    0.269356    7.973159 v _1625_/X (sky130_fd_sc_hd__a2bb2o_2)
                                                         _0742_ (net)
                      0.069471    0.000160    7.973319 v _1651_/B2 (sky130_fd_sc_hd__a2bb2o_2)
     2    0.011611    0.066765    0.271460    8.244780 v _1651_/X (sky130_fd_sc_hd__a2bb2o_2)
                                                         _0767_ (net)
                      0.066765    0.000044    8.244823 v _1677_/A1 (sky130_fd_sc_hd__a21o_2)
     2    0.011364    0.055567    0.218694    8.463516 v _1677_/X (sky130_fd_sc_hd__a21o_2)
                                                         _0792_ (net)
                      0.055567    0.000026    8.463542 v _1700_/B2 (sky130_fd_sc_hd__a32o_2)
     2    0.013091    0.063302    0.264374    8.727917 v _1700_/X (sky130_fd_sc_hd__a32o_2)
                                                         _0814_ (net)
                      0.063302    0.000172    8.728088 v _1725_/B2 (sky130_fd_sc_hd__a2bb2o_2)
     2    0.011491    0.066729    0.268558    8.996646 v _1725_/X (sky130_fd_sc_hd__a2bb2o_2)
                                                         _0838_ (net)
                      0.066729    0.000037    8.996684 v _1750_/B2 (sky130_fd_sc_hd__a2bb2o_2)
     2    0.011676    0.066929    0.270610    9.267294 v _1750_/X (sky130_fd_sc_hd__a2bb2o_2)
                                                         _0862_ (net)
                      0.066929    0.000040    9.267334 v _1774_/A1 (sky130_fd_sc_hd__a21o_2)
     2    0.011547    0.055720    0.219346    9.486680 v _1774_/X (sky130_fd_sc_hd__a21o_2)
                                                         _0885_ (net)
                      0.055720    0.000043    9.486723 v _1797_/B2 (sky130_fd_sc_hd__a2bb2o_2)
     2    0.011754    0.067037    0.266498    9.753221 v _1797_/X (sky130_fd_sc_hd__a2bb2o_2)
                                                         _0907_ (net)
                      0.067037    0.000096    9.753317 v _1824_/B2 (sky130_fd_sc_hd__a2bb2o_2)
     2    0.012067    0.067788    0.272189   10.025505 v _1824_/X (sky130_fd_sc_hd__a2bb2o_2)
                                                         _0933_ (net)
                      0.067788    0.000053   10.025558 v _1849_/A1 (sky130_fd_sc_hd__a21o_2)
     2    0.011477    0.055794    0.219439   10.244997 v _1849_/X (sky130_fd_sc_hd__a21o_2)
                                                         _0957_ (net)
                      0.055794    0.000075   10.245072 v _1876_/B2 (sky130_fd_sc_hd__a2bb2o_2)
     2    0.011385    0.066717    0.265175   10.510247 v _1876_/X (sky130_fd_sc_hd__a2bb2o_2)
                                                         _0983_ (net)
                      0.066717    0.000058   10.510304 v _1902_/B2 (sky130_fd_sc_hd__a2bb2o_2)
     2    0.011582    0.066831    0.270234   10.780539 v _1902_/X (sky130_fd_sc_hd__a2bb2o_2)
                                                         _1008_ (net)
                      0.066831    0.000078   10.780617 v _1926_/B2 (sky130_fd_sc_hd__a2bb2o_2)
     2    0.013379    0.070527    0.275527   11.056144 v _1926_/X (sky130_fd_sc_hd__a2bb2o_2)
                                                         _0015_ (net)
                      0.070560    0.000210   11.056354 v _1950_/A1 (sky130_fd_sc_hd__a21o_2)
     2    0.011528    0.055742    0.220733   11.277086 v _1950_/X (sky130_fd_sc_hd__a21o_2)
                                                         _0038_ (net)
                      0.055742    0.000048   11.277134 v _1974_/A1 (sky130_fd_sc_hd__a21o_2)
     2    0.013506    0.059007    0.220097   11.497231 v _1974_/X (sky130_fd_sc_hd__a21o_2)
                                                         _0062_ (net)
                      0.059007    0.000036   11.497267 v _1997_/A1 (sky130_fd_sc_hd__a21oi_2)
     3    0.023722    0.307910    0.287216   11.784482 ^ _1997_/Y (sky130_fd_sc_hd__a21oi_2)
                                                         _0086_ (net)
                      0.307910    0.000106   11.784588 ^ _2003_/A (sky130_fd_sc_hd__xor2_2)
     1    0.002325    0.063686    0.103529   11.888117 v _2003_/X (sky130_fd_sc_hd__xor2_2)
                                                         _0093_ (net)
                      0.063686    0.000004   11.888120 v _2004_/C1 (sky130_fd_sc_hd__a221o_2)
     1    0.002351    0.051042    0.292816   12.180936 v _2004_/X (sky130_fd_sc_hd__a221o_2)
                                                         _0094_ (net)
                      0.051042    0.000000   12.180937 v _2017_/A2 (sky130_fd_sc_hd__a211o_2)
     4    0.063245    0.177324    0.481196   12.662132 v _2017_/X (sky130_fd_sc_hd__a211o_2)
                                                         N (net)
                      0.177324    0.000482   12.662615 v _2019_/B (sky130_fd_sc_hd__xnor2_2)
     1    0.008343    0.124234    0.192146   12.854760 v _2019_/Y (sky130_fd_sc_hd__xnor2_2)
                                                         _0109_ (net)
                      0.124234    0.000000   12.854761 v _2055_/A (sky130_fd_sc_hd__xnor2_2)
     1    0.047103    0.598772    0.532524   13.387285 ^ _2055_/Y (sky130_fd_sc_hd__xnor2_2)
                                                         P (net)
                      0.598786    0.002456   13.389741 ^ P (out)
                                             13.389741   data arrival time

                      0.000000   10.000000   10.000000   clock __VIRTUAL_CLK__ (rise edge)
                                  0.000000   10.000000   clock network delay (ideal)
                                 -0.250000    9.750000   clock uncertainty
                                  0.000000    9.750000   clock reconvergence pessimism
                                 -2.000000    7.750000   output external delay
                                              7.750000   data required time
---------------------------------------------------------------------------------------------
                                              7.750000   data required time
                                            -13.389741   data arrival time
---------------------------------------------------------------------------------------------
                                             -5.639741   slack (VIOLATED)




===========================================================================
 report_check_types -max_slew -max_cap -max_fanout -violators
============================================================================
======================= nom_tt_025C_1v80 Corner ===================================

max slew

Pin                                        Limit        Slew       Slack
------------------------------------------------------------------------
_1905_/A                                0.750000    2.523415   -1.773415 (VIOLATED)
_1906_/B1                               0.750000    2.523415   -1.773415 (VIOLATED)
_1800_/A                                0.750000    2.523411   -1.773411 (VIOLATED)
_1801_/B1                               0.750000    2.523411   -1.773411 (VIOLATED)
_1827_/B1                               0.750000    2.523412   -1.773412 (VIOLATED)
_1828_/B                                0.750000    2.523412   -1.773412 (VIOLATED)
_1852_/A                                0.750000    2.523413   -1.773413 (VIOLATED)
_1853_/B1                               0.750000    2.523413   -1.773413 (VIOLATED)
_1879_/A                                0.750000    2.523414   -1.773414 (VIOLATED)
_1880_/B1                               0.750000    2.523414   -1.773414 (VIOLATED)
_1777_/A                                0.750000    2.523409   -1.773409 (VIOLATED)
_1778_/B1                               0.750000    2.523409   -1.773409 (VIOLATED)
_1728_/A                                0.750000    2.523405   -1.773405 (VIOLATED)
_1729_/B1                               0.750000    2.523405   -1.773405 (VIOLATED)
_1753_/B1                               0.750000    2.523406   -1.773406 (VIOLATED)
_1754_/B                                0.750000    2.523406   -1.773406 (VIOLATED)
_1628_/A                                0.750000    2.523402   -1.773402 (VIOLATED)
_1629_/B1                               0.750000    2.523403   -1.773403 (VIOLATED)
_1654_/B1                               0.750000    2.523403   -1.773403 (VIOLATED)
_1655_/B                                0.750000    2.523403   -1.773403 (VIOLATED)
_1678_/B                                0.750000    2.523403   -1.773403 (VIOLATED)
_1681_/A                                0.750000    2.523403   -1.773403 (VIOLATED)
_1703_/A                                0.750000    2.523403   -1.773403 (VIOLATED)
_1704_/B1                               0.750000    2.523403   -1.773403 (VIOLATED)
_1573_/B1                               0.750000    2.523400   -1.773400 (VIOLATED)
_1574_/B                                0.750000    2.523400   -1.773400 (VIOLATED)
_1600_/A                                0.750000    2.523401   -1.773401 (VIOLATED)
_1601_/B1                               0.750000    2.523401   -1.773401 (VIOLATED)
_1517_/B1                               0.750000    2.523398   -1.773398 (VIOLATED)
_1518_/B                                0.750000    2.523397   -1.773398 (VIOLATED)
_1544_/A                                0.750000    2.523399   -1.773399 (VIOLATED)
_1545_/B1                               0.750000    2.523399   -1.773399 (VIOLATED)
_1490_/A                                0.750000    2.523395   -1.773395 (VIOLATED)
_1491_/B1                               0.750000    2.523395   -1.773395 (VIOLATED)
_1461_/B1                               0.750000    2.523391   -1.773391 (VIOLATED)
_1462_/B                                0.750000    2.523391   -1.773391 (VIOLATED)
_1433_/B1                               0.750000    2.523388   -1.773388 (VIOLATED)
_1434_/B                                0.750000    2.523387   -1.773387 (VIOLATED)
_1406_/A                                0.750000    2.523384   -1.773384 (VIOLATED)
_1407_/B1                               0.750000    2.523383   -1.773383 (VIOLATED)
_1375_/A                                0.750000    2.523379   -1.773379 (VIOLATED)
_1376_/B1                               0.750000    2.523380   -1.773380 (VIOLATED)
_1059_/Y                                0.750000    2.523374   -1.773374 (VIOLATED)
_1135_/A                                0.750000    2.523374   -1.773374 (VIOLATED)
_1136_/B1                               0.750000    2.523374   -1.773374 (VIOLATED)
_1185_/A                                0.750000    2.523374   -1.773374 (VIOLATED)
_1186_/B1                               0.750000    2.523374   -1.773374 (VIOLATED)
_1227_/B                                0.750000    2.523374   -1.773374 (VIOLATED)
_1232_/A                                0.750000    2.523374   -1.773374 (VIOLATED)
_1276_/B1                               0.750000    2.523374   -1.773374 (VIOLATED)
_1277_/B                                0.750000    2.523374   -1.773374 (VIOLATED)
_1308_/A                                0.750000    2.523374   -1.773374 (VIOLATED)
_1309_/B1                               0.750000    2.523374   -1.773374 (VIOLATED)
_1342_/A                                0.750000    2.523374   -1.773374 (VIOLATED)
_1343_/B1                               0.750000    2.523374   -1.773374 (VIOLATED)
_1929_/B1                               0.750000    2.523374   -1.773374 (VIOLATED)
_1931_/B                                0.750000    2.523374   -1.773374 (VIOLATED)
_1953_/B1                               0.750000    2.523374   -1.773374 (VIOLATED)
_1954_/B                                0.750000    2.523374   -1.773374 (VIOLATED)
_1977_/B1                               0.750000    2.523374   -1.773374 (VIOLATED)
_1978_/B                                0.750000    2.523374   -1.773374 (VIOLATED)
_2000_/B1                               0.750000    2.523374   -1.773374 (VIOLATED)
_2065_/A2                               0.750000    2.523374   -1.773374 (VIOLATED)
_2067_/A                                0.750000    2.523374   -1.773374 (VIOLATED)
_1066_/Y                                0.750000    2.191115   -1.441115 (VIOLATED)
_1120_/A                                0.750000    2.191115   -1.441115 (VIOLATED)
_1231_/A                                0.750000    2.191115   -1.441115 (VIOLATED)
_1275_/B1                               0.750000    2.191115   -1.441115 (VIOLATED)
_1300_/A1                               0.750000    2.191115   -1.441115 (VIOLATED)
_1334_/B2                               0.750000    2.191115   -1.441115 (VIOLATED)
_1398_/B2                               0.750000    2.191115   -1.441115 (VIOLATED)
_1405_/B1                               0.750000    2.191115   -1.441115 (VIOLATED)
_1414_/A1                               0.750000    2.191115   -1.441115 (VIOLATED)
_1432_/B1                               0.750000    2.191115   -1.441115 (VIOLATED)
_1460_/B1                               0.750000    2.191115   -1.441115 (VIOLATED)
_1471_/A1                               0.750000    2.191115   -1.441115 (VIOLATED)
_1489_/B1                               0.750000    2.191115   -1.441115 (VIOLATED)
_1516_/B1                               0.750000    2.191115   -1.441115 (VIOLATED)
_1527_/A1                               0.750000    2.191115   -1.441115 (VIOLATED)
_1599_/B1                               0.750000    2.191115   -1.441115 (VIOLATED)
_1627_/B1                               0.750000    2.191115   -1.441115 (VIOLATED)
_1636_/A1                               0.750000    2.191115   -1.441115 (VIOLATED)
_1671_/B1                               0.750000    2.191115   -1.441115 (VIOLATED)
_1680_/B1                               0.750000    2.191115   -1.441115 (VIOLATED)
_1702_/B1                               0.750000    2.191115   -1.441115 (VIOLATED)
_1738_/A1                               0.750000    2.191115   -1.441115 (VIOLATED)
_1752_/B1                               0.750000    2.191115   -1.441115 (VIOLATED)
_1776_/B1                               0.750000    2.191115   -1.441115 (VIOLATED)
_1799_/B1                               0.750000    2.191115   -1.441115 (VIOLATED)
_1826_/B1                               0.750000    2.191115   -1.441115 (VIOLATED)
_1836_/B1                               0.750000    2.191115   -1.441115 (VIOLATED)
_1851_/B1                               0.750000    2.191115   -1.441115 (VIOLATED)
_1862_/A1                               0.750000    2.191115   -1.441115 (VIOLATED)
_1904_/B1                               0.750000    2.191115   -1.441115 (VIOLATED)
_1928_/B1                               0.750000    2.191115   -1.441115 (VIOLATED)
_1939_/A1                               0.750000    2.191115   -1.441115 (VIOLATED)
_1952_/B1                               0.750000    2.191115   -1.441115 (VIOLATED)
_1985_/B1                               0.750000    2.191115   -1.441115 (VIOLATED)
_1999_/B1                               0.750000    2.191115   -1.441115 (VIOLATED)
_1196_/S0                               0.750000    1.708136   -0.958136 (VIOLATED)
_1943_/S                                0.750000    1.708137   -0.958137 (VIOLATED)
_1966_/S                                0.750000    1.708136   -0.958136 (VIOLATED)
_1087_/S0                               0.750000    1.708133   -0.958133 (VIOLATED)
_1192_/S0                               0.750000    1.708133   -0.958133 (VIOLATED)
_1241_/S0                               0.750000    1.708133   -0.958133 (VIOLATED)
_1917_/S                                0.750000    1.708133   -0.958133 (VIOLATED)
_1249_/S0                               0.750000    1.708131   -0.958131 (VIOLATED)
_1867_/S                                0.750000    1.708131   -0.958131 (VIOLATED)
_1807_/S                                0.750000    1.708129   -0.958129 (VIOLATED)
_1841_/S                                0.750000    1.708125   -0.958125 (VIOLATED)
_1893_/S                                0.750000    1.708125   -0.958125 (VIOLATED)
_1742_/S                                0.750000    1.708123   -0.958123 (VIOLATED)
_1783_/S                                0.750000    1.708123   -0.958124 (VIOLATED)
_1759_/S                                0.750000    1.708120   -0.958120 (VIOLATED)
_1248_/S0                               0.750000    1.708112   -0.958112 (VIOLATED)
_1710_/S                                0.750000    1.708111   -0.958111 (VIOLATED)
_1147_/S                                0.750000    1.708088   -0.958088 (VIOLATED)
_1174_/S                                0.750000    1.708088   -0.958088 (VIOLATED)
_1661_/S                                0.750000    1.708086   -0.958086 (VIOLATED)
_1095_/S                                0.750000    1.708077   -0.958077 (VIOLATED)
_1615_/S                                0.750000    1.708074   -0.958074 (VIOLATED)
_1084_/S0                               0.750000    1.708071   -0.958071 (VIOLATED)
_1152_/S0                               0.750000    1.708071   -0.958071 (VIOLATED)
_1149_/S0                               0.750000    1.708069   -0.958069 (VIOLATED)
_1082_/S0                               0.750000    1.708067   -0.958067 (VIOLATED)
_1081_/S                                0.750000    1.708064   -0.958064 (VIOLATED)
_1686_/S                                0.750000    1.708062   -0.958062 (VIOLATED)
_1148_/S0                               0.750000    1.708059   -0.958059 (VIOLATED)
_1079_/S                                0.750000    1.708057   -0.958057 (VIOLATED)
_1078_/S                                0.750000    1.708053   -0.958053 (VIOLATED)
_1642_/S                                0.750000    1.708048   -0.958048 (VIOLATED)
_1175_/S0                               0.750000    1.708045   -0.958045 (VIOLATED)
_1096_/S0                               0.750000    1.708037   -0.958037 (VIOLATED)
_1578_/S                                0.750000    1.708037   -0.958037 (VIOLATED)
_1252_/S0                               0.750000    1.708033   -0.958033 (VIOLATED)
_1202_/S0                               0.750000    1.708025   -0.958025 (VIOLATED)
_1533_/S                                0.750000    1.708024   -0.958024 (VIOLATED)
_1173_/S0                               0.750000    1.708022   -0.958022 (VIOLATED)
_1094_/S0                               0.750000    1.708010   -0.958010 (VIOLATED)
_1478_/S                                0.750000    1.708005   -0.958005 (VIOLATED)
_1255_/S0                               0.750000    1.708003   -0.958003 (VIOLATED)
_1562_/S                                0.750000    1.708000   -0.958000 (VIOLATED)
_1170_/S0                               0.750000    1.707992   -0.957992 (VIOLATED)
_1506_/S                                0.750000    1.707976   -0.957976 (VIOLATED)
_1171_/S0                               0.750000    1.707970   -0.957970 (VIOLATED)
_1449_/S                                0.750000    1.707963   -0.957963 (VIOLATED)
_1110_/S0                               0.750000    1.707955   -0.957955 (VIOLATED)
_1256_/S0                               0.750000    1.707954   -0.957954 (VIOLATED)
_1205_/S0                               0.750000    1.707952   -0.957952 (VIOLATED)
_1109_/S                                0.750000    1.707951   -0.957951 (VIOLATED)
_1103_/S                                0.750000    1.707936   -0.957936 (VIOLATED)
_1418_/S0                               0.750000    1.707882   -0.957882 (VIOLATED)
_1290_/S0                               0.750000    1.707853   -0.957853 (VIOLATED)
_1384_/S0                               0.750000    1.707853   -0.957853 (VIOLATED)
_1100_/B                                0.750000    1.707801   -0.957801 (VIOLATED)
_1450_/S0                               0.750000    1.707802   -0.957802 (VIOLATED)
_1322_/S0                               0.750000    1.707793   -0.957793 (VIOLATED)
_1099_/B                                0.750000    1.707790   -0.957790 (VIOLATED)
_1209_/A1                               0.750000    1.707736   -0.957736 (VIOLATED)
_1258_/S0                               0.750000    1.707736   -0.957736 (VIOLATED)
_1211_/A2                               0.750000    1.707719   -0.957719 (VIOLATED)
_1165_/A2                               0.750000    1.707695   -0.957695 (VIOLATED)
_1119_/B                                0.750000    1.707690   -0.957690 (VIOLATED)
_1154_/S                                0.750000    1.707688   -0.957688 (VIOLATED)
_1159_/A                                0.750000    1.707688   -0.957688 (VIOLATED)
_1086_/A1                               0.750000    1.707687   -0.957686 (VIOLATED)
_1243_/A                                0.750000    1.707687   -0.957686 (VIOLATED)
_1990_/A1                               0.750000    1.707686   -0.957686 (VIOLATED)
_1479_/S0                               0.750000    1.707665   -0.957665 (VIOLATED)
_1126_/B                                0.750000    1.707661   -0.957661 (VIOLATED)
_1353_/S0                               0.750000    1.707645   -0.957645 (VIOLATED)
_1077_/A1                               0.750000    1.707636   -0.957636 (VIOLATED)
_1068_/A1                               0.750000    1.707482   -0.957482 (VIOLATED)
_1021_/A                                0.750000    1.707466   -0.957466 (VIOLATED)
B[0]                                    0.750000    1.707215   -0.957215 (VIOLATED)
_1776_/A2                               0.750000    1.592427   -0.842427 (VIOLATED)
_1726_/B                                0.750000    1.592426   -0.842426 (VIOLATED)
_1799_/A2                               0.750000    1.592427   -0.842427 (VIOLATED)
_1826_/A2                               0.750000    1.592427   -0.842427 (VIOLATED)
_1851_/A2                               0.750000    1.592427   -0.842427 (VIOLATED)
_1680_/A2                               0.750000    1.592425   -0.842425 (VIOLATED)
_1816_/A2                               0.750000    1.592425   -0.842425 (VIOLATED)
_1877_/B                                0.750000    1.592426   -0.842426 (VIOLATED)
_1904_/A2                               0.750000    1.592426   -0.842426 (VIOLATED)
_1652_/B                                0.750000    1.592424   -0.842424 (VIOLATED)
_1571_/B                                0.750000    1.592422   -0.842422 (VIOLATED)
_1609_/A1_N                             0.750000    1.592422   -0.842422 (VIOLATED)
_1627_/A2                               0.750000    1.592423   -0.842423 (VIOLATED)
_1599_/A2                               0.750000    1.592421   -0.842421 (VIOLATED)
_1702_/A2                               0.750000    1.592421   -0.842421 (VIOLATED)
_1752_/A2                               0.750000    1.592421   -0.842421 (VIOLATED)
_1405_/A2                               0.750000    1.592420   -0.842420 (VIOLATED)
_1432_/A2                               0.750000    1.592420   -0.842420 (VIOLATED)
_1460_/A2                               0.750000    1.592420   -0.842420 (VIOLATED)
_1489_/A2                               0.750000    1.592421   -0.842421 (VIOLATED)
_1516_/A2                               0.750000    1.592421   -0.842421 (VIOLATED)
_1542_/B                                0.750000    1.592421   -0.842421 (VIOLATED)
_1340_/B                                0.750000    1.592418   -0.842418 (VIOLATED)
_1373_/B                                0.750000    1.592419   -0.842419 (VIOLATED)
_1063_/Y                                0.750000    1.592416   -0.842416 (VIOLATED)
_1164_/B                                0.750000    1.592416   -0.842416 (VIOLATED)
_1183_/B                                0.750000    1.592416   -0.842416 (VIOLATED)
_1214_/B                                0.750000    1.592416   -0.842416 (VIOLATED)
_1229_/B                                0.750000    1.592416   -0.842416 (VIOLATED)
_1306_/B                                0.750000    1.592416   -0.842416 (VIOLATED)
_1928_/A2                               0.750000    1.592416   -0.842416 (VIOLATED)
_1952_/A2                               0.750000    1.592416   -0.842416 (VIOLATED)
_1975_/B                                0.750000    1.592416   -0.842416 (VIOLATED)
_1999_/A2                               0.750000    1.592416   -0.842416 (VIOLATED)
_1088_/A_N                              0.750000    1.216283   -0.466283 (VIOLATED)
_1284_/S                                0.750000    1.216283   -0.466283 (VIOLATED)
_1089_/A1                               0.750000    1.216282   -0.466282 (VIOLATED)
_1286_/A_N                              0.750000    1.216281   -0.466281 (VIOLATED)
_1388_/S                                0.750000    1.216281   -0.466281 (VIOLATED)
_1250_/S                                0.750000    1.216280   -0.466280 (VIOLATED)
_1314_/S                                0.750000    1.216279   -0.466279 (VIOLATED)
_1150_/S                                0.750000    1.216278   -0.466278 (VIOLATED)
_1153_/A_N                              0.750000    1.216279   -0.466279 (VIOLATED)
_1321_/S                                0.750000    1.216278   -0.466278 (VIOLATED)
_1381_/S                                0.750000    1.216276   -0.466276 (VIOLATED)
_1108_/A                                0.750000    1.216267   -0.466267 (VIOLATED)
_1809_/S                                0.750000    1.216267   -0.466267 (VIOLATED)
_1712_/S                                0.750000    1.216264   -0.466264 (VIOLATED)
_1761_/S                                0.750000    1.216263   -0.466263 (VIOLATED)
_1617_/S                                0.750000    1.216257   -0.466257 (VIOLATED)
_1083_/S                                0.750000    1.216249   -0.466249 (VIOLATED)
_1289_/S                                0.750000    1.216249   -0.466249 (VIOLATED)
_1348_/S                                0.750000    1.216250   -0.466250 (VIOLATED)
_1176_/S                                0.750000    1.216249   -0.466249 (VIOLATED)
_1193_/S                                0.750000    1.216246   -0.466246 (VIOLATED)
_1357_/S                                0.750000    1.216246   -0.466246 (VIOLATED)
_1254_/S                                0.750000    1.216232   -0.466232 (VIOLATED)
_1744_/S                                0.750000    1.216221   -0.466221 (VIOLATED)
_1535_/S                                0.750000    1.216216   -0.466216 (VIOLATED)
_1644_/S                                0.750000    1.216216   -0.466216 (VIOLATED)
_1688_/S                                0.750000    1.216191   -0.466191 (VIOLATED)
_1240_/A                                0.750000    1.216175   -0.466175 (VIOLATED)
_1785_/S                                0.750000    1.216175   -0.466175 (VIOLATED)
_1244_/S                                0.750000    1.216174   -0.466174 (VIOLATED)
_1245_/A1                               0.750000    1.216174   -0.466174 (VIOLATED)
_1156_/A1                               0.750000    1.216173   -0.466173 (VIOLATED)
_1316_/A_N                              0.750000    1.216173   -0.466173 (VIOLATED)
_1318_/S                                0.750000    1.216173   -0.466173 (VIOLATED)
_1161_/A1                               0.750000    1.216172   -0.466172 (VIOLATED)
_1197_/S                                0.750000    1.216171   -0.466171 (VIOLATED)
_1198_/A2                               0.750000    1.216171   -0.466171 (VIOLATED)
_1349_/B                                0.750000    1.216171   -0.466171 (VIOLATED)
_1097_/S                                0.750000    1.216163   -0.466163 (VIOLATED)
_1172_/S                                0.750000    1.216163   -0.466163 (VIOLATED)
_1104_/A                                0.750000    1.216162   -0.466162 (VIOLATED)
_1107_/A                                0.750000    1.216162   -0.466162 (VIOLATED)
_1204_/S                                0.750000    1.216163   -0.466163 (VIOLATED)
_1390_/A1                               0.750000    1.216162   -0.466162 (VIOLATED)
_1105_/A                                0.750000    1.216160   -0.466160 (VIOLATED)
_1663_/S                                0.750000    1.216160   -0.466160 (VIOLATED)
_1291_/S                                0.750000    1.216158   -0.466158 (VIOLATED)
_1419_/S                                0.750000    1.216157   -0.466157 (VIOLATED)
_1508_/S                                0.750000    1.216157   -0.466157 (VIOLATED)
_1112_/A                                0.750000    1.216154   -0.466154 (VIOLATED)
_1451_/S                                0.750000    1.216147   -0.466147 (VIOLATED)
_1565_/S1                               0.750000    1.216147   -0.466147 (VIOLATED)
_1564_/S                                0.750000    1.216146   -0.466146 (VIOLATED)
_1324_/A1                               0.750000    1.216138   -0.466138 (VIOLATED)
_1580_/S                                0.750000    1.216136   -0.466136 (VIOLATED)
_1168_/A                                0.750000    1.216135   -0.466135 (VIOLATED)
_1259_/A_N                              0.750000    1.216135   -0.466135 (VIOLATED)
_1385_/S                                0.750000    1.216135   -0.466135 (VIOLATED)
_1323_/A                                0.750000    1.216134   -0.466134 (VIOLATED)
_1355_/S                                0.750000    1.216111   -0.466111 (VIOLATED)
_1480_/S                                0.750000    1.216108   -0.466108 (VIOLATED)
_1212_/A                                0.750000    1.216079   -0.466079 (VIOLATED)
_1222_/A2                               0.750000    1.215983   -0.465983 (VIOLATED)
_1218_/B                                0.750000    1.215968   -0.465968 (VIOLATED)
_1219_/B                                0.750000    1.215960   -0.465960 (VIOLATED)
_1184_/A1                               0.750000    1.215959   -0.465959 (VIOLATED)
_1183_/A                                0.750000    1.215950   -0.465950 (VIOLATED)
_1189_/A1_N                             0.750000    1.215938   -0.465938 (VIOLATED)
B[2]                                    0.750000    1.215770   -0.465770 (VIOLATED)
_1775_/B                                0.750000    1.179503   -0.429503 (VIOLATED)
_1793_/A0                               0.750000    1.179503   -0.429503 (VIOLATED)
_1825_/B                                0.750000    1.179503   -0.429503 (VIOLATED)
_1798_/B                                0.750000    1.179503   -0.429503 (VIOLATED)
_1767_/B2                               0.750000    1.179502   -0.429502 (VIOLATED)
_1727_/A2                               0.750000    1.179502   -0.429502 (VIOLATED)
_1737_/A1                               0.750000    1.179501   -0.429501 (VIOLATED)
_1927_/B                                0.750000    1.179501   -0.429501 (VIOLATED)
_1245_/B2                               0.750000    1.179500   -0.429500 (VIOLATED)
_1951_/B                                0.750000    1.179500   -0.429500 (VIOLATED)
_1679_/B                                0.750000    1.179500   -0.429500 (VIOLATED)
_1835_/A0                               0.750000    1.179500   -0.429500 (VIOLATED)
_1965_/B2                               0.750000    1.179500   -0.429500 (VIOLATED)
_1998_/B                                0.750000    1.179500   -0.429500 (VIOLATED)
_1717_/B2                               0.750000    1.179499   -0.429499 (VIOLATED)
_1916_/B2                               0.750000    1.179500   -0.429500 (VIOLATED)
_1976_/A2                               0.750000    1.179500   -0.429500 (VIOLATED)
_2012_/A0                               0.750000    1.179500   -0.429500 (VIOLATED)
_1850_/B                                0.750000    1.179499   -0.429499 (VIOLATED)
_1903_/B                                0.750000    1.179498   -0.429498 (VIOLATED)
_1987_/A1                               0.750000    1.179499   -0.429499 (VIOLATED)
_1878_/A2                               0.750000    1.179498   -0.429498 (VIOLATED)
_1818_/A                                0.750000    1.179497   -0.429497 (VIOLATED)
_1653_/A2                               0.750000    1.179496   -0.429496 (VIOLATED)
_1696_/A0                               0.750000    1.179496   -0.429496 (VIOLATED)
_1668_/A1                               0.750000    1.179494   -0.429494 (VIOLATED)
_1390_/A2                               0.750000    1.179494   -0.429494 (VIOLATED)
_1751_/B                                0.750000    1.179494   -0.429494 (VIOLATED)
_1515_/B                                0.750000    1.179493   -0.429493 (VIOLATED)
_1598_/B                                0.750000    1.179493   -0.429493 (VIOLATED)
_1701_/B                                0.750000    1.179494   -0.429494 (VIOLATED)
_1488_/B                                0.750000    1.179492   -0.429492 (VIOLATED)
_1431_/B                                0.750000    1.179492   -0.429492 (VIOLATED)
_1459_/B                                0.750000    1.179492   -0.429492 (VIOLATED)
_1572_/A2                               0.750000    1.179491   -0.429491 (VIOLATED)
_1592_/B2                               0.750000    1.179491   -0.429491 (VIOLATED)
_1612_/B2                               0.750000    1.179491   -0.429491 (VIOLATED)
_1626_/B                                0.750000    1.179491   -0.429491 (VIOLATED)
_1269_/A0                               0.750000    1.179490   -0.429490 (VIOLATED)
_1445_/B2                               0.750000    1.179490   -0.429490 (VIOLATED)
_1501_/B2                               0.750000    1.179490   -0.429490 (VIOLATED)
_1543_/A2                               0.750000    1.179491   -0.429491 (VIOLATED)
_1399_/B2                               0.750000    1.179490   -0.429490 (VIOLATED)
_1053_/X                                0.750000    1.179488   -0.429488 (VIOLATED)
_1121_/B1                               0.750000    1.179488   -0.429488 (VIOLATED)
_1145_/B2                               0.750000    1.179488   -0.429488 (VIOLATED)
_1184_/A2                               0.750000    1.179488   -0.429488 (VIOLATED)
_1223_/A0                               0.750000    1.179488   -0.429488 (VIOLATED)
_1230_/B                                0.750000    1.179488   -0.429488 (VIOLATED)
_1307_/A2                               0.750000    1.179488   -0.429488 (VIOLATED)
_1335_/B2                               0.750000    1.179488   -0.429488 (VIOLATED)
_1341_/A2                               0.750000    1.179488   -0.429488 (VIOLATED)
_1367_/B2                               0.750000    1.179488   -0.429488 (VIOLATED)
_1374_/A2                               0.750000    1.179488   -0.429488 (VIOLATED)
_1404_/B                                0.750000    1.179488   -0.429488 (VIOLATED)
_1052_/Y                                0.750000    0.953021   -0.203021 (VIOLATED)
_1056_/A                                0.750000    0.953021   -0.203021 (VIOLATED)
_1057_/A                                0.750000    0.953021   -0.203021 (VIOLATED)
_1201_/B2                               0.750000    0.953021   -0.203021 (VIOLATED)
_1275_/A2                               0.750000    0.953021   -0.203021 (VIOLATED)
_1299_/B2                               0.750000    0.953021   -0.203021 (VIOLATED)
_1317_/B1                               0.750000    0.953021   -0.203021 (VIOLATED)
_1417_/A1                               0.750000    0.953021   -0.203021 (VIOLATED)
_1471_/B1                               0.750000    0.953021   -0.203021 (VIOLATED)
_1526_/A1_N                             0.750000    0.953021   -0.203021 (VIOLATED)
_1555_/A1_N                             0.750000    0.953021   -0.203021 (VIOLATED)
_1621_/A2                               0.750000    0.953021   -0.203021 (VIOLATED)
_1638_/B2                               0.750000    0.953021   -0.203021 (VIOLATED)
_1861_/A1_N                             0.750000    0.953021   -0.203021 (VIOLATED)
_1891_/A0                               0.750000    0.953021   -0.203021 (VIOLATED)
_1937_/A1_N                             0.750000    0.953021   -0.203021 (VIOLATED)
_1149_/S1                               0.750000    0.938213   -0.188213 (VIOLATED)
_1248_/S1                               0.750000    0.938213   -0.188213 (VIOLATED)
_1082_/S1                               0.750000    0.938212   -0.188212 (VIOLATED)
_1148_/S1                               0.750000    0.938210   -0.188210 (VIOLATED)
_1191_/S                                0.750000    0.938208   -0.188208 (VIOLATED)
_1080_/S                                0.750000    0.938206   -0.188206 (VIOLATED)
_1175_/S1                               0.750000    0.938203   -0.188203 (VIOLATED)
_1096_/S1                               0.750000    0.938199   -0.188199 (VIOLATED)
_1252_/S1                               0.750000    0.938197   -0.188197 (VIOLATED)
_1202_/S1                               0.750000    0.938193   -0.188193 (VIOLATED)
_1173_/S1                               0.750000    0.938191   -0.188191 (VIOLATED)
_1094_/S1                               0.750000    0.938185   -0.188185 (VIOLATED)
_1255_/S1                               0.750000    0.938181   -0.188181 (VIOLATED)
_1170_/S1                               0.750000    0.938175   -0.188175 (VIOLATED)
_1171_/S1                               0.750000    0.938164   -0.188164 (VIOLATED)
_1023_/A                                0.750000    0.938158   -0.188158 (VIOLATED)
_1110_/S1                               0.750000    0.938154   -0.188154 (VIOLATED)
_1256_/S1                               0.750000    0.938152   -0.188152 (VIOLATED)
_1205_/S1                               0.750000    0.938151   -0.188151 (VIOLATED)
_1206_/A                                0.750000    0.938142   -0.188142 (VIOLATED)
_1106_/A1                               0.750000    0.938137   -0.188137 (VIOLATED)
_1084_/S1                               0.750000    0.938133   -0.188133 (VIOLATED)
_1152_/S1                               0.750000    0.938133   -0.188133 (VIOLATED)
_1087_/S1                               0.750000    0.938131   -0.188131 (VIOLATED)
_1249_/S1                               0.750000    0.938131   -0.188131 (VIOLATED)
_1241_/S1                               0.750000    0.938130   -0.188131 (VIOLATED)
_1192_/S1                               0.750000    0.938127   -0.188127 (VIOLATED)
_1418_/S1                               0.750000    0.938124   -0.188124 (VIOLATED)
_1196_/S1                               0.750000    0.938124   -0.188124 (VIOLATED)
_2005_/A                                0.750000    0.938121   -0.188121 (VIOLATED)
_1290_/S1                               0.750000    0.938120   -0.188120 (VIOLATED)
_1384_/S1                               0.750000    0.938119   -0.188119 (VIOLATED)
_1992_/A1                               0.750000    0.938107   -0.188108 (VIOLATED)
_1102_/A1                               0.750000    0.938106   -0.188106 (VIOLATED)
_1991_/A                                0.750000    0.938105   -0.188105 (VIOLATED)
_1100_/C                                0.750000    0.938102   -0.188102 (VIOLATED)
_1322_/S1                               0.750000    0.938101   -0.188101 (VIOLATED)
_1243_/B                                0.750000    0.938100   -0.188100 (VIOLATED)
_1450_/S1                               0.750000    0.938094   -0.188094 (VIOLATED)
_1158_/B                                0.750000    0.938090   -0.188090 (VIOLATED)
_1195_/A                                0.750000    0.938085   -0.188085 (VIOLATED)
_1349_/A                                0.750000    0.938085   -0.188085 (VIOLATED)
_1167_/A                                0.750000    0.938071   -0.188071 (VIOLATED)
_1166_/A                                0.750000    0.938070   -0.188070 (VIOLATED)
_1198_/A1                               0.750000    0.938070   -0.188070 (VIOLATED)
_1479_/S1                               0.750000    0.938051   -0.188051 (VIOLATED)
_1142_/B                                0.750000    0.938032   -0.188032 (VIOLATED)
_1144_/A2                               0.750000    0.938022   -0.188022 (VIOLATED)
_1258_/S1                               0.750000    0.938022   -0.188022 (VIOLATED)
_1141_/B                                0.750000    0.938021   -0.188021 (VIOLATED)
_1353_/S1                               0.750000    0.938021   -0.188021 (VIOLATED)
_1139_/A1                               0.750000    0.938019   -0.188019 (VIOLATED)
_1133_/A1                               0.750000    0.937956   -0.187956 (VIOLATED)
B[1]                                    0.750000    0.937827   -0.187827 (VIOLATED)
_1925_/A                                0.750000    0.919318   -0.169318 (VIOLATED)
_1973_/A                                0.750000    0.919317   -0.169318 (VIOLATED)
_1996_/B1                               0.750000    0.919317   -0.169317 (VIOLATED)
_1823_/A                                0.750000    0.919316   -0.169316 (VIOLATED)
_1773_/A                                0.750000    0.919316   -0.169316 (VIOLATED)
_1724_/A                                0.750000    0.919315   -0.169315 (VIOLATED)
_1675_/A                                0.750000    0.919314   -0.169314 (VIOLATED)
_1624_/A                                0.750000    0.919312   -0.169312 (VIOLATED)
_1569_/A                                0.750000    0.919311   -0.169312 (VIOLATED)
_1513_/A                                0.750000    0.919310   -0.169310 (VIOLATED)
_1457_/A                                0.750000    0.919309   -0.169309 (VIOLATED)
_1304_/A                                0.750000    0.919309   -0.169309 (VIOLATED)
_1402_/A                                0.750000    0.919309   -0.169309 (VIOLATED)
_1049_/Y                                0.750000    0.919305   -0.169305 (VIOLATED)
_1055_/D                                0.750000    0.919305   -0.169305 (VIOLATED)
_1124_/C                                0.750000    0.919305   -0.169305 (VIOLATED)
_1337_/B1                               0.750000    0.919305   -0.169305 (VIOLATED)
_1649_/B1                               0.750000    0.919305   -0.169305 (VIOLATED)
_1847_/B1                               0.750000    0.919305   -0.169305 (VIOLATED)

max fanout

Pin                                   Limit Fanout  Slack
---------------------------------------------------------
B[0]                                     10     75    -65 (VIOLATED)
B[2]                                     10     68    -58 (VIOLATED)
_1059_/Y                                 10     63    -53 (VIOLATED)
_1053_/X                                 10     54    -44 (VIOLATED)
B[1]                                     10     53    -43 (VIOLATED)
_1035_/Y                                 10     41    -31 (VIOLATED)
B[3]                                     10     38    -28 (VIOLATED)
_1076_/Y                                 10     38    -28 (VIOLATED)
_1073_/X                                 10     35    -25 (VIOLATED)
_1066_/Y                                 10     34    -24 (VIOLATED)
_1063_/Y                                 10     33    -23 (VIOLATED)
_1055_/X                                 10     31    -21 (VIOLATED)
_1067_/X                                 10     28    -18 (VIOLATED)
_1023_/Y                                 10     27    -17 (VIOLATED)
B[4]                                     10     26    -16 (VIOLATED)
_1075_/X                                 10     26    -16 (VIOLATED)
_1018_/Y                                 10     22    -12 (VIOLATED)
_1118_/Y                                 10     20    -10 (VIOLATED)
_1163_/Y                                 10     20    -10 (VIOLATED)
alu_opcode[4]                            10     19     -9 (VIOLATED)
_1124_/X                                 10     19     -9 (VIOLATED)
A[31]                                    10     18     -8 (VIOLATED)
_1049_/Y                                 10     18     -8 (VIOLATED)
alu_opcode[2]                            10     16     -6 (VIOLATED)
_1125_/X                                 10     16     -6 (VIOLATED)
_1282_/X                                 10     16     -6 (VIOLATED)
A[9]                                     10     15     -5 (VIOLATED)
_1052_/Y                                 10     15     -5 (VIOLATED)
A[21]                                    10     14     -4 (VIOLATED)
A[29]                                    10     14     -4 (VIOLATED)
A[3]                                     10     14     -4 (VIOLATED)
A[4]                                     10     14     -4 (VIOLATED)
A[6]                                     10     14     -4 (VIOLATED)
alu_opcode[3]                            10     14     -4 (VIOLATED)
_1056_/Y                                 10     14     -4 (VIOLATED)
_1074_/X                                 10     14     -4 (VIOLATED)
_1127_/X                                 10     14     -4 (VIOLATED)
A[14]                                    10     13     -3 (VIOLATED)
A[18]                                    10     13     -3 (VIOLATED)
A[24]                                    10     13     -3 (VIOLATED)
A[5]                                     10     13     -3 (VIOLATED)
A[7]                                     10     13     -3 (VIOLATED)
A[8]                                     10     13     -3 (VIOLATED)
_1423_/Y                                 10     13     -3 (VIOLATED)
A[10]                                    10     12     -2 (VIOLATED)
A[11]                                    10     12     -2 (VIOLATED)
A[12]                                    10     12     -2 (VIOLATED)
A[19]                                    10     12     -2 (VIOLATED)
A[22]                                    10     12     -2 (VIOLATED)
A[27]                                    10     12     -2 (VIOLATED)
A[28]                                    10     12     -2 (VIOLATED)
_1054_/X                                 10     12     -2 (VIOLATED)
_1105_/X                                 10     12     -2 (VIOLATED)
_1281_/Y                                 10     12     -2 (VIOLATED)
A[13]                                    10     11        (VIOLATED)
A[15]                                    10     11        (VIOLATED)
A[1]                                     10     11        (VIOLATED)
A[20]                                    10     11        (VIOLATED)
A[23]                                    10     11        (VIOLATED)
A[25]                                    10     11        (VIOLATED)
A[26]                                    10     11        (VIOLATED)
A[2]                                     10     11        (VIOLATED)
A[30]                                    10     11        (VIOLATED)
_1064_/X                                 10     11        (VIOLATED)
_1098_/Y                                 10     11        (VIOLATED)
_1274_/Y                                 10     11        (VIOLATED)

max capacitance

Pin                                        Limit         Cap       Slack
------------------------------------------------------------------------
B[0]                                    0.200000    0.384441   -0.184441 (VIOLATED)
_1059_/Y                                0.141917    0.244947   -0.103030 (VIOLATED)
B[2]                                    0.200000    0.273164   -0.073164 (VIOLATED)
_1066_/Y                                0.092478    0.141214   -0.048736 (VIOLATED)
_1053_/X                                0.200000    0.245381   -0.045381 (VIOLATED)
_1063_/Y                                0.141917    0.153478   -0.011561 (VIOLATED)
B[1]                                    0.200000    0.210249   -0.010249 (VIOLATED)



===========================================================================
report_parasitic_annotation -report_unannotated
============================================================================
Found 0 unannotated drivers.
Found 0 partially unannotated drivers.

===========================================================================
max slew violation count 422
Writing metric design__max_slew_violation__count__corner:nom_tt_025C_1v80: 422
max fanout violation count 66
Writing metric design__max_fanout_violation__count__corner:nom_tt_025C_1v80: 66
max cap violation count 7
Writing metric design__max_cap_violation__count__corner:nom_tt_025C_1v80: 7
============================================================================

===========================================================================
check_setup -verbose -unconstrained_endpoints -multiple_clock -no_clock -no_input_delay -loops -generated_clocks
===========================================================================
