
===========================================================================
Violator List
============================================================================
[setup in-out] alu_opcode[4] -> P : -5.639741
[setup in-out] alu_opcode[4] -> Z : -5.432913
[setup in-out] alu_opcode[4] -> Result[31] : -5.154315
[setup in-out] alu_opcode[4] -> N : -4.913886
[setup in-out] alu_opcode[4] -> Result[30] : -4.716761
[setup in-out] alu_opcode[4] -> V : -4.513786
[setup in-out] alu_opcode[4] -> C : -4.415900
[setup in-out] alu_opcode[4] -> Result[29] : -4.262792
[setup in-out] alu_opcode[4] -> Result[28] : -3.951415
[setup in-out] alu_opcode[4] -> Result[27] : -3.794168
[setup in-out] alu_opcode[4] -> Result[26] : -3.631763
[setup in-out] alu_opcode[4] -> Result[25] : -3.294456
[setup in-out] alu_opcode[4] -> Result[24] : -2.983327
[setup in-out] alu_opcode[4] -> Result[23] : -2.862642
[setup in-out] alu_opcode[4] -> Result[22] : -2.510705
[setup in-out] alu_opcode[4] -> Result[21] : -2.354407
[setup in-out] alu_opcode[4] -> Result[20] : -1.929831
[setup in-out] alu_opcode[4] -> Result[19] : -1.870332
[setup in-out] alu_opcode[4] -> Result[18] : -1.443874
[setup in-out] alu_opcode[4] -> Result[17] : -1.394175
[setup in-out] alu_opcode[4] -> Result[16] : -0.969657
[setup in-out] alu_opcode[4] -> Result[15] : -0.786740
[setup in-out] alu_opcode[4] -> Result[14] : -0.417360
[setup in-out] alu_opcode[4] -> Result[13] : -0.293421
Writing metric timing__hold_vio__count__corner:nom_tt_025C_1v80: 0
Writing metric timing__hold_r2r__ws__corner:nom_tt_025C_1v80: 1e30
Writing metric timing__hold_r2r_vio__count__corner:nom_tt_025C_1v80: 0
Writing metric timing__setup_vio__count__corner:nom_tt_025C_1v80: 24
Writing metric timing__setup_r2r__ws__corner:nom_tt_025C_1v80: 1e30
Writing metric timing__setup_r2r_vio__count__corner:nom_tt_025C_1v80: 0
